###############################################################
#  Generated by:      Cadence Innovus 16.10-p004_1
#  OS:                Linux x86_64(Host ID eeapps02.seas.ucla.edu)
#  Generated on:      Mon Mar 13 01:19:53 2017
#  Design:            rockettile_x2_maxrule
#  Command:           reportWire ../logs/rockettile_x2/innovus_rockettile_x2_maxrule_wireReport.rpt 0
###############################################################
Report detailed wire statistics for design rockettile_x2_maxrule
ratio       wire_length    manhattan        vias  fan_in fan_out net_name
                           length
-------------------------------------------------------------------------
 1.01  Total   2227.180      2206.64  Total    7       1       2 clk
 1.00  Total   4007.350      4006.82  Total    4       1       2 reset
 1.00  Total    203.345       203.28  Total    3       1       1 tile1_io_cached_0_acquire_ready
 1.01  Total    206.040       204.70  Total    2       1       1 tile1_io_cached_0_acquire_bits_addr_block[25]
 1.01  Total    206.040       204.70  Total    2       1       1 tile1_io_cached_0_acquire_bits_addr_block[24]
 1.01  Total    206.040       204.70  Total    2       1       1 tile1_io_cached_0_acquire_bits_addr_block[23]
 1.01  Total    206.040       204.70  Total    2       1       1 tile1_io_cached_0_acquire_bits_addr_block[22]
 1.01  Total    206.040       204.70  Total    2       1       1 tile1_io_cached_0_acquire_bits_addr_block[21]
 1.07  Total    275.200       256.92  Total    6       1       1 tile1_io_cached_0_acquire_bits_addr_block[20]
 1.01  Total    206.040       204.70  Total    2       1       1 tile1_io_cached_0_acquire_bits_addr_block[19]
 1.00  Total    280.900       280.44  Total    2       1       1 tile1_io_cached_0_acquire_bits_addr_block[18]
 1.01  Total    206.040       204.70  Total    2       1       1 tile1_io_cached_0_acquire_bits_addr_block[17]
 1.01  Total    206.040       204.70  Total    2       1       1 tile1_io_cached_0_acquire_bits_addr_block[16]
 1.01  Total    206.040       204.70  Total    2       1       1 tile1_io_cached_0_acquire_bits_addr_block[15]
 1.01  Total    206.040       204.70  Total    2       1       1 tile1_io_cached_0_acquire_bits_addr_block[14]
 1.01  Total    234.460       231.72  Total    4       1       1 tile1_io_cached_0_acquire_bits_addr_block[13]
 1.01  Total    206.040       204.70  Total    2       1       1 tile1_io_cached_0_acquire_bits_addr_block[12]
 1.01  Total    206.040       204.70  Total    2       1       1 tile1_io_cached_0_acquire_bits_addr_block[11]
 1.01  Total    306.100       303.96  Total    4       1       1 tile1_io_cached_0_acquire_bits_addr_block[10]
 1.01  Total    206.040       204.70  Total    2       1       1 tile1_io_cached_0_acquire_bits_addr_block[9]
 1.01  Total    206.040       204.70  Total    2       1       1 tile1_io_cached_0_acquire_bits_addr_block[8]
 1.00  Total    204.640       204.84  Total    2       1       1 tile1_io_cached_0_acquire_bits_addr_block[7]
 1.01  Total    206.040       204.70  Total    2       1       1 tile1_io_cached_0_acquire_bits_addr_block[6]
 1.06  Total    346.420       325.80  Total    4       1       1 tile1_io_cached_0_acquire_bits_addr_block[5]
 1.01  Total    206.040       204.70  Total    2       1       1 tile1_io_cached_0_acquire_bits_addr_block[4]
 1.00  Total    350.800       349.32  Total    2       1       1 tile1_io_cached_0_acquire_bits_addr_block[3]
 1.01  Total    206.040       204.70  Total    2       1       1 tile1_io_cached_0_acquire_bits_addr_block[2]
 1.03  Total    385.060       372.84  Total    4       1       1 tile1_io_cached_0_acquire_bits_addr_block[1]
 1.01  Total    206.040       204.70  Total    2       1       1 tile1_io_cached_0_acquire_bits_addr_block[0]
 1.04  Total    242.325       232.44  Total    1       1       1 tile1_io_cached_0_acquire_bits_union[10]
 1.00  Total    394.480       394.68  Total    6       1       1 tile1_io_cached_0_acquire_bits_union[9]
 1.00  Total    231.005       231.41  Total    3       1       1 tile1_io_cached_0_acquire_bits_union[8]
 1.01  Total    206.040       204.70  Total    2       1       1 tile1_io_cached_0_acquire_bits_union[7]
 1.00  Total    205.365       205.56  Total    1       1       1 tile1_io_cached_0_acquire_bits_union[6]
 1.00  Total    419.680       419.88  Total    4       1       1 tile1_io_cached_0_acquire_bits_union[5]
 1.01  Total    206.040       204.70  Total    2       1       1 tile1_io_cached_0_acquire_bits_union[4]
 1.02  Total    452.260       443.40  Total    6       1       1 tile1_io_cached_0_acquire_bits_union[3]
 1.01  Total    257.865       254.28  Total    3       1       1 tile1_io_cached_0_acquire_bits_union[2]
 1.01  Total    206.040       204.70  Total    2       1       1 tile1_io_cached_0_acquire_bits_union[1]
 1.00  Total    274.585       274.37  Total    5       1       1 tile1_io_cached_0_acquire_bits_union[0]
 1.00  Total    203.565       203.31  Total    3       1       1 tile1_io_cached_0_probe_ready
 1.00  Total    409.180       407.70  Total    4       1       1 tile1_io_cached_0_probe_valid
 1.00  Total   1051.360      1051.56  Total    4       1       1 tile1_io_cached_0_probe_bits_addr_block[25]
 1.00  Total   1073.200      1073.40  Total    4       1       1 tile1_io_cached_0_probe_bits_addr_block[24]
 1.01  Total   1108.060      1096.92  Total   10       1       1 tile1_io_cached_0_probe_bits_addr_block[23]
 1.00  Total   1124.860      1120.44  Total    4       1       1 tile1_io_cached_0_probe_bits_addr_block[22]
 1.01  Total   1152.160      1143.96  Total    8       1       1 tile1_io_cached_0_probe_bits_addr_block[21]
 1.00  Total   1170.220      1167.48  Total   10       1       1 tile1_io_cached_0_probe_bits_addr_block[20]
 1.00  Total   1190.800      1191.00  Total    6       1       1 tile1_io_cached_0_probe_bits_addr_block[19]
 1.00  Total   1214.320      1214.52  Total    4       1       1 tile1_io_cached_0_probe_bits_addr_block[18]
 1.00  Total   1239.940      1236.36  Total    4       1       1 tile1_io_cached_0_probe_bits_addr_block[17]
 1.01  Total   1267.660      1259.88  Total    6       1       1 tile1_io_cached_0_probe_bits_addr_block[16]
 1.00  Total   1283.860      1283.40  Total    8       1       1 tile1_io_cached_0_probe_bits_addr_block[15]
 1.00  Total   1313.020      1308.60  Total    4       1       1 tile1_io_cached_0_probe_bits_addr_block[14]
 1.00  Total   1331.920      1332.12  Total    6       1       1 tile1_io_cached_0_probe_bits_addr_block[13]
 1.00  Total   1355.440      1355.64  Total    6       1       1 tile1_io_cached_0_probe_bits_addr_block[12]
 1.01  Total    206.040       204.70  Total    2       1       1 tile1_io_cached_0_probe_bits_addr_block[11]
 1.00  Total   1384.000      1382.52  Total    6       1       1 tile1_io_cached_0_probe_bits_addr_block[10]
 1.00  Total   1405.840      1406.04  Total    4       1       1 tile1_io_cached_0_probe_bits_addr_block[9]
 1.00  Total   1431.700      1429.56  Total    4       1       1 tile1_io_cached_0_probe_bits_addr_block[8]
 1.01  Total    206.040       204.70  Total    2       1       1 tile1_io_cached_0_probe_bits_addr_block[7]
 1.00  Total   1454.560      1454.76  Total    4       1       1 tile1_io_cached_0_probe_bits_addr_block[6]
 1.00  Total   2202.625      2202.93  Total    3       1       1 tile1_io_cached_0_probe_bits_addr_block[5]
 1.00  Total   2204.325      2202.95  Total    1       1       1 tile1_io_cached_0_probe_bits_addr_block[4]
 1.00  Total   2204.325      2202.95  Total    1       1       1 tile1_io_cached_0_probe_bits_addr_block[3]
 1.00  Total   2203.645      2203.03  Total    3       1       1 tile1_io_cached_0_probe_bits_addr_block[2]
 1.00  Total   2204.325      2202.95  Total    1       1       1 tile1_io_cached_0_probe_bits_addr_block[1]
 1.00  Total   2204.325      2202.95  Total    1       1       1 tile1_io_cached_0_probe_bits_addr_block[0]
 1.01  Total    219.340       217.86  Total    4       1       1 tile1_io_cached_0_probe_bits_p_type[1]
 1.05  Total    231.125       220.59  Total    5       1       1 tile1_io_cached_0_probe_bits_p_type[0]
 1.00  Total    286.845       287.05  Total    3       1       1 tile1_io_cached_0_release_ready
 1.01  Total    204.705       203.33  Total    1       1       1 tile1_io_cached_0_release_valid
 1.00  Total    221.265       221.66  Total    3       1       1 tile1_io_cached_0_release_bits_addr_beat[2]
 1.00  Total   2204.325      2204.53  Total    1       1       1 tile1_io_cached_0_release_bits_addr_beat[1]
 1.00  Total   2205.665      2206.07  Total    3       1       1 tile1_io_cached_0_release_bits_addr_beat[0]
 1.00  Total   1475.380      1474.92  Total    4       1       1 tile1_io_cached_0_release_bits_addr_block[25]
 1.00  Total   1501.000      1498.44  Total    4       1       1 tile1_io_cached_0_release_bits_addr_block[24]
 1.00  Total   1524.700      1521.96  Total    6       1       1 tile1_io_cached_0_release_bits_addr_block[23]
 1.00  Total   1546.540      1545.48  Total    4       1       1 tile1_io_cached_0_release_bits_addr_block[22]
 1.04  Total    238.660       229.62  Total    4       1       1 tile1_io_cached_0_release_bits_addr_block[21]
 1.00  Total    203.125       203.33  Total    1       1       1 tile1_io_cached_0_release_bits_addr_block[20]
 1.00  Total   1577.200      1572.36  Total    6       1       1 tile1_io_cached_0_release_bits_addr_block[19]
 1.00  Total   1594.000      1594.20  Total    4       1       1 tile1_io_cached_0_release_bits_addr_block[18]
 1.00  Total    234.245       234.03  Total    3       1       1 tile1_io_cached_0_release_bits_addr_block[17]
 1.02  Total    258.585       252.87  Total    5       1       1 tile1_io_cached_0_release_bits_addr_block[16]
 1.00  Total    252.940       253.14  Total    4       1       1 tile1_io_cached_0_release_bits_addr_block[15]
 1.01  Total    204.385       203.34  Total    3       1       1 tile1_io_cached_0_release_bits_addr_block[14]
 1.00  Total   1625.920      1619.40  Total    4       1       1 tile1_io_cached_0_release_bits_addr_block[13]
 1.00  Total    203.125       203.33  Total    1       1       1 tile1_io_cached_0_release_bits_addr_block[12]
 1.04  Total    268.505       257.55  Total    5       1       1 tile1_io_cached_0_release_bits_addr_block[11]
 1.00  Total   1647.760      1642.92  Total    8       1       1 tile1_io_cached_0_release_bits_addr_block[10]
 1.00  Total   1674.040      1668.12  Total    8       1       1 tile1_io_cached_0_release_bits_addr_block[9]
 1.02  Total    280.900       276.66  Total    4       1       1 tile1_io_cached_0_release_bits_addr_block[8]
 1.01  Total    204.705       203.33  Total    1       1       1 tile1_io_cached_0_release_bits_addr_block[7]
 1.00  Total   1698.160      1691.64  Total    4       1       1 tile1_io_cached_0_release_bits_addr_block[6]
 1.00  Total   2203.525      2202.91  Total    3       1       1 tile1_io_cached_0_release_bits_addr_block[5]
 1.00  Total    290.945       291.14  Total    3       1       1 tile1_io_cached_0_release_bits_addr_block[4]
 1.00  Total   2204.325      2202.95  Total    1       1       1 tile1_io_cached_0_release_bits_addr_block[3]
 1.05  Total    325.065       309.26  Total    9       1       1 tile1_io_cached_0_release_bits_addr_block[2]
 1.00  Total   2216.645      2216.85  Total    3       1       1 tile1_io_cached_0_release_bits_addr_block[1]
 1.01  Total    204.505       203.33  Total    3       1       1 tile1_io_cached_0_release_bits_addr_block[0]
 1.00  Total    203.265       203.34  Total    3       1       1 tile1_io_cached_0_release_bits_client_xact_id
 1.01  Total    204.705       203.33  Total    1       1       1 tile1_io_cached_0_release_bits_voluntary
 1.01  Total    204.705       203.33  Total    1       1       1 tile1_io_cached_0_release_bits_r_type[2]
 1.00  Total    388.385       386.91  Total    3       1       1 tile1_io_cached_0_release_bits_r_type[1]
 1.00  Total   2416.775      2415.30  Total    1       1       1 tile1_io_cached_0_release_bits_r_type[0]
 1.01  Total    204.705       203.33  Total    1       1       1 tile1_io_cached_0_release_bits_data[63]
 1.00  Total    203.265       203.34  Total    3       1       1 tile1_io_cached_0_release_bits_data[62]
 1.01  Total    311.665       309.73  Total    3       1       1 tile1_io_cached_0_release_bits_data[61]
 1.01  Total    204.705       203.33  Total    1       1       1 tile1_io_cached_0_release_bits_data[60]
 1.01  Total    331.665       329.08  Total    7       1       1 tile1_io_cached_0_release_bits_data[59]
 1.00  Total    204.985       204.72  Total    1       1       1 tile1_io_cached_0_release_bits_data[58]
 1.01  Total    205.725       203.33  Total    3       1       1 tile1_io_cached_0_release_bits_data[57]
 1.01  Total    204.705       203.33  Total    1       1       1 tile1_io_cached_0_release_bits_data[56]
 1.00  Total    203.785       203.38  Total    3       1       1 tile1_io_cached_0_release_bits_data[55]
 1.00  Total   2203.405      2203.01  Total    3       1       1 tile1_io_cached_0_release_bits_data[54]
 1.00  Total   2205.825      2204.80  Total    1       1       1 tile1_io_cached_0_release_bits_data[53]
 1.00  Total    203.125       203.33  Total    1       1       1 tile1_io_cached_0_release_bits_data[52]
 1.00  Total   2204.605      2204.35  Total    1       1       1 tile1_io_cached_0_release_bits_data[51]
 1.00  Total   2204.325      2202.95  Total    1       1       1 tile1_io_cached_0_release_bits_data[50]
 1.00  Total   2203.405      2203.01  Total    3       1       1 tile1_io_cached_0_release_bits_data[49]
 1.01  Total    328.465       326.53  Total    5       1       1 tile1_io_cached_0_release_bits_data[48]
 1.01  Total    204.705       203.33  Total    1       1       1 tile1_io_cached_0_release_bits_data[47]
 1.00  Total    317.440       316.98  Total    4       1       1 tile1_io_cached_0_release_bits_data[46]
 1.00  Total    203.125       203.33  Total    1       1       1 tile1_io_cached_0_release_bits_data[45]
 1.01  Total    204.705       203.33  Total    1       1       1 tile1_io_cached_0_release_bits_data[44]
 1.00  Total    203.385       203.33  Total    3       1       1 tile1_io_cached_0_release_bits_data[43]
 1.01  Total    204.705       203.33  Total    1       1       1 tile1_io_cached_0_release_bits_data[42]
 1.01  Total    204.705       203.33  Total    1       1       1 tile1_io_cached_0_release_bits_data[41]
 1.00  Total    319.925       319.70  Total    5       1       1 tile1_io_cached_0_release_bits_data[40]
 1.00  Total    203.905       203.28  Total    3       1       1 tile1_io_cached_0_release_bits_data[39]
 1.01  Total    204.705       203.33  Total    1       1       1 tile1_io_cached_0_release_bits_data[38]
 1.01  Total    361.225       356.76  Total    3       1       1 tile1_io_cached_0_release_bits_data[37]
 1.01  Total    204.705       203.33  Total    1       1       1 tile1_io_cached_0_release_bits_data[36]
 1.00  Total   1721.680      1721.88  Total    4       1       1 tile1_io_cached_0_release_bits_data[35]
 1.00  Total    371.645       372.05  Total    7       1       1 tile1_io_cached_0_release_bits_data[34]
 1.00  Total    340.960       340.50  Total    2       1       1 tile1_io_cached_0_release_bits_data[33]
 1.01  Total    204.705       203.33  Total    1       1       1 tile1_io_cached_0_release_bits_data[32]
 1.02  Total    348.485       343.23  Total    5       1       1 tile1_io_cached_0_release_bits_data[31]
 1.01  Total    204.705       203.33  Total    1       1       1 tile1_io_cached_0_release_bits_data[30]
 1.00  Total    358.545       357.26  Total    5       1       1 tile1_io_cached_0_release_bits_data[29]
 1.00  Total    203.265       203.34  Total    3       1       1 tile1_io_cached_0_release_bits_data[28]
 1.01  Total    204.705       203.33  Total    1       1       1 tile1_io_cached_0_release_bits_data[27]
 1.00  Total    203.385       203.33  Total    3       1       1 tile1_io_cached_0_release_bits_data[26]
 1.00  Total    204.025       203.41  Total    3       1       1 tile1_io_cached_0_release_bits_data[25]
 1.00  Total    203.125       203.33  Total    1       1       1 tile1_io_cached_0_release_bits_data[24]
 1.00  Total    203.225       203.38  Total    3       1       1 tile1_io_cached_0_release_bits_data[23]
 1.01  Total    204.705       203.33  Total    1       1       1 tile1_io_cached_0_release_bits_data[22]
 1.00  Total    203.125       203.33  Total    1       1       1 tile1_io_cached_0_release_bits_data[21]
 1.00  Total    363.820       364.02  Total    2       1       1 tile1_io_cached_0_release_bits_data[20]
 1.00  Total    202.965       203.37  Total    3       1       1 tile1_io_cached_0_release_bits_data[19]
 1.01  Total    204.705       203.33  Total    1       1       1 tile1_io_cached_0_release_bits_data[18]
 1.00  Total    203.125       203.33  Total    1       1       1 tile1_io_cached_0_release_bits_data[17]
 1.01  Total    204.705       203.33  Total    1       1       1 tile1_io_cached_0_release_bits_data[16]
 1.00  Total    375.505       375.25  Total    3       1       1 tile1_io_cached_0_release_bits_data[15]
 1.00  Total    363.185       363.38  Total    3       1       1 tile1_io_cached_0_release_bits_data[14]
 1.00  Total    385.660       385.86  Total    6       1       1 tile1_io_cached_0_release_bits_data[13]
 1.00  Total   2416.775      2415.30  Total    1       1       1 tile1_io_cached_0_release_bits_data[12]
 1.00  Total    203.125       203.33  Total    1       1       1 tile1_io_cached_0_release_bits_data[11]
 1.00  Total   2417.735      2415.26  Total    3       1       1 tile1_io_cached_0_release_bits_data[10]
 1.01  Total    402.385       398.76  Total    9       1       1 tile1_io_cached_0_release_bits_data[9]
 1.00  Total   2205.445      2205.64  Total    1       1       1 tile1_io_cached_0_release_bits_data[8]
 1.01  Total    418.845       413.32  Total    7       1       1 tile1_io_cached_0_release_bits_data[7]
 1.00  Total   2416.775      2415.30  Total    1       1       1 tile1_io_cached_0_release_bits_data[6]
 1.02  Total    216.485       212.87  Total    3       1       1 tile1_io_cached_0_release_bits_data[5]
 1.00  Total   2202.625      2202.93  Total    3       1       1 tile1_io_cached_0_release_bits_data[4]
 1.00  Total    220.205       219.75  Total    3       1       1 tile1_io_cached_0_release_bits_data[3]
 1.00  Total   2204.325      2202.95  Total    1       1       1 tile1_io_cached_0_release_bits_data[2]
 1.00  Total    422.085       422.29  Total    5       1       1 tile1_io_cached_0_release_bits_data[1]
 1.00  Total   2423.395      2415.30  Total    1       1       1 tile1_io_cached_0_release_bits_data[0]
 1.00  Total    203.445       203.37  Total    3       1       1 tile1_io_cached_0_grant_ready
 1.01  Total    204.705       203.33  Total    1       1       1 tile1_io_cached_0_grant_valid
 1.05  Total    568.180       539.16  Total    8       1       1 tile1_io_cached_0_grant_bits_addr_beat[2]
 1.10  Total    616.900       561.00  Total   10       1       1 tile1_io_cached_0_grant_bits_addr_beat[1]
 1.00  Total    204.500       204.70  Total    2       1       1 tile1_io_cached_0_grant_bits_addr_beat[0]
 1.01  Total    678.285       672.61  Total    5       1       1 tile1_io_cached_0_grant_bits_client_xact_id
 1.01  Total    206.040       204.70  Total    2       1       1 tile1_io_cached_0_grant_bits_manager_xact_id[3]
 1.01  Total    955.600       949.08  Total    8       1       1 tile1_io_cached_0_grant_bits_manager_xact_id[2]
 1.00  Total    972.400       972.60  Total    6       1       1 tile1_io_cached_0_grant_bits_manager_xact_id[1]
 1.02  Total   1015.060       997.80  Total    6       1       1 tile1_io_cached_0_grant_bits_manager_xact_id[0]
 1.00  Total    328.445       328.85  Total    7       1       1 tile1_io_cached_0_grant_bits_is_builtin_type
 1.02  Total    897.880       880.20  Total    6       1       1 tile1_io_cached_0_grant_bits_g_type[3]
 1.00  Total    906.880       907.08  Total    4       1       1 tile1_io_cached_0_grant_bits_g_type[2]
 1.00  Total    933.760       933.96  Total    4       1       1 tile1_io_cached_0_grant_bits_g_type[1]
 1.00  Total    957.280       957.48  Total    4       1       1 tile1_io_cached_0_grant_bits_g_type[0]
 1.01  Total    206.040       204.70  Total    2       1       1 tile1_io_cached_0_grant_bits_data[63]
 1.10  Total    638.740       581.16  Total   12       1       1 tile1_io_cached_0_grant_bits_data[62]
 1.00  Total    204.500       204.70  Total    2       1       1 tile1_io_cached_0_grant_bits_data[61]
 1.00  Total    204.500       204.70  Total    2       1       1 tile1_io_cached_0_grant_bits_data[60]
 1.00  Total    204.185       203.55  Total    3       1       1 tile1_io_cached_0_grant_bits_data[59]
 1.00  Total    204.500       204.70  Total    2       1       1 tile1_io_cached_0_grant_bits_data[58]
 1.03  Total    624.460       604.68  Total    6       1       1 tile1_io_cached_0_grant_bits_data[57]
 1.00  Total    204.500       204.70  Total    2       1       1 tile1_io_cached_0_grant_bits_data[56]
 1.00  Total    638.080       638.28  Total    4       1       1 tile1_io_cached_0_grant_bits_data[55]
 1.02  Total    678.400       666.84  Total    6       1       1 tile1_io_cached_0_grant_bits_data[54]
 1.01  Total    206.040       204.70  Total    2       1       1 tile1_io_cached_0_grant_bits_data[53]
 1.00  Total    693.520       693.72  Total    4       1       1 tile1_io_cached_0_grant_bits_data[52]
 1.01  Total    206.040       204.70  Total    2       1       1 tile1_io_cached_0_grant_bits_data[51]
 1.00  Total    712.660       710.52  Total    2       1       1 tile1_io_cached_0_grant_bits_data[50]
 1.00  Total    735.520       734.04  Total    4       1       1 tile1_io_cached_0_grant_bits_data[49]
 1.15  Total    876.040       759.24  Total    8       1       1 tile1_io_cached_0_grant_bits_data[48]
 1.00  Total    204.500       204.70  Total    2       1       1 tile1_io_cached_0_grant_bits_data[47]
 1.01  Total    206.040       204.70  Total    2       1       1 tile1_io_cached_0_grant_bits_data[46]
 1.00  Total    204.500       204.70  Total    2       1       1 tile1_io_cached_0_grant_bits_data[45]
 1.01  Total    206.040       204.70  Total    2       1       1 tile1_io_cached_0_grant_bits_data[44]
 1.01  Total    206.040       204.70  Total    2       1       1 tile1_io_cached_0_grant_bits_data[43]
 1.00  Total    204.500       204.70  Total    2       1       1 tile1_io_cached_0_grant_bits_data[42]
 1.00  Total    204.500       204.70  Total    2       1       1 tile1_io_cached_0_grant_bits_data[41]
 1.01  Total    206.040       204.70  Total    2       1       1 tile1_io_cached_0_grant_bits_data[40]
 1.01  Total    206.040       204.70  Total    2       1       1 tile1_io_cached_0_grant_bits_data[39]
 1.01  Total    206.040       204.70  Total    2       1       1 tile1_io_cached_0_grant_bits_data[38]
 1.01  Total    206.040       204.70  Total    2       1       1 tile1_io_cached_0_grant_bits_data[37]
 1.01  Total    206.040       204.70  Total    2       1       1 tile1_io_cached_0_grant_bits_data[36]
 1.01  Total    206.040       204.70  Total    2       1       1 tile1_io_cached_0_grant_bits_data[35]
 1.01  Total    206.040       204.70  Total    2       1       1 tile1_io_cached_0_grant_bits_data[34]
 1.01  Total    206.040       204.70  Total    2       1       1 tile1_io_cached_0_grant_bits_data[33]
 1.01  Total    206.040       204.70  Total    2       1       1 tile1_io_cached_0_grant_bits_data[32]
 1.04  Total    211.525       203.33  Total    3       1       1 tile1_io_cached_0_grant_bits_data[31]
 1.01  Total    206.040       204.70  Total    2       1       1 tile1_io_cached_0_grant_bits_data[30]
 1.01  Total    204.705       203.33  Total    1       1       1 tile1_io_cached_0_grant_bits_data[29]
 1.02  Total    788.260       772.68  Total    8       1       1 tile1_io_cached_0_grant_bits_data[28]
 1.00  Total    278.905       277.81  Total    5       1       1 tile1_io_cached_0_grant_bits_data[27]
 1.00  Total    794.320       794.52  Total    8       1       1 tile1_io_cached_0_grant_bits_data[26]
 1.00  Total    203.125       203.33  Total    1       1       1 tile1_io_cached_0_grant_bits_data[25]
 1.06  Total    867.220       818.04  Total    6       1       1 tile1_io_cached_0_grant_bits_data[24]
 1.01  Total    206.040       204.70  Total    2       1       1 tile1_io_cached_0_grant_bits_data[23]
 1.01  Total    206.040       204.70  Total    2       1       1 tile1_io_cached_0_grant_bits_data[22]
 1.01  Total    206.040       204.70  Total    2       1       1 tile1_io_cached_0_grant_bits_data[21]
 1.01  Total    206.040       204.70  Total    2       1       1 tile1_io_cached_0_grant_bits_data[20]
 1.01  Total    206.040       204.70  Total    2       1       1 tile1_io_cached_0_grant_bits_data[19]
 1.01  Total    206.040       204.70  Total    2       1       1 tile1_io_cached_0_grant_bits_data[18]
 1.01  Total    206.040       204.70  Total    2       1       1 tile1_io_cached_0_grant_bits_data[17]
 1.01  Total    206.040       204.70  Total    2       1       1 tile1_io_cached_0_grant_bits_data[16]
 1.01  Total    206.040       204.70  Total    2       1       1 tile1_io_cached_0_grant_bits_data[15]
 1.01  Total    206.040       204.70  Total    2       1       1 tile1_io_cached_0_grant_bits_data[14]
 1.01  Total    206.040       204.70  Total    2       1       1 tile1_io_cached_0_grant_bits_data[13]
 1.01  Total    206.040       204.70  Total    2       1       1 tile1_io_cached_0_grant_bits_data[12]
 1.01  Total    206.040       204.70  Total    2       1       1 tile1_io_cached_0_grant_bits_data[11]
 1.01  Total    206.040       204.70  Total    2       1       1 tile1_io_cached_0_grant_bits_data[10]
 1.01  Total    206.040       204.70  Total    2       1       1 tile1_io_cached_0_grant_bits_data[9]
 1.01  Total    206.040       204.70  Total    2       1       1 tile1_io_cached_0_grant_bits_data[8]
 1.01  Total    206.040       204.70  Total    2       1       1 tile1_io_cached_0_grant_bits_data[7]
 1.01  Total    206.040       204.70  Total    2       1       1 tile1_io_cached_0_grant_bits_data[6]
 1.01  Total    206.040       204.70  Total    2       1       1 tile1_io_cached_0_grant_bits_data[5]
 1.01  Total    206.040       204.70  Total    2       1       1 tile1_io_cached_0_grant_bits_data[4]
 1.01  Total    206.040       204.70  Total    2       1       1 tile1_io_cached_0_grant_bits_data[3]
 1.01  Total    206.040       204.70  Total    2       1       1 tile1_io_cached_0_grant_bits_data[2]
 1.01  Total    206.040       204.70  Total    2       1       1 tile1_io_cached_0_grant_bits_data[1]
 1.01  Total    206.040       204.70  Total    2       1       1 tile1_io_cached_0_grant_bits_data[0]
 1.00  Total   2204.325      2202.95  Total    1       1       1 tile1_io_cached_0_grant_bits_manager_id
 1.01  Total    204.705       203.33  Total    1       1       1 tile1_io_cached_0_finish_ready
 1.01  Total    204.705       203.33  Total    1       1       1 tile1_io_cached_0_finish_valid
 1.00  Total    204.500       204.70  Total    2       1       1 tile1_io_cached_0_finish_bits_manager_xact_id[3]
 1.00  Total    475.120       475.32  Total    4       1       1 tile1_io_cached_0_finish_bits_manager_xact_id[2]
 1.00  Total    498.640       498.84  Total    6       1       1 tile1_io_cached_0_finish_bits_manager_xact_id[1]
 1.01  Total    528.280       522.36  Total    4       1       1 tile1_io_cached_0_finish_bits_manager_xact_id[0]
 1.00  Total   2204.045      2204.24  Total    1       1       1 tile1_io_cached_0_finish_bits_manager_id
 1.00  Total   2203.005      2202.95  Total    3       1       1 tile1_io_uncached_0_acquire_ready
 1.00  Total   1991.560      1990.22  Total    2       1       1 tile1_io_uncached_0_acquire_bits_addr_block[25]
 1.00  Total   1991.560      1990.22  Total    2       1       1 tile1_io_uncached_0_acquire_bits_addr_block[24]
 1.01  Total   2000.840      1990.22  Total    2       1       1 tile1_io_uncached_0_acquire_bits_addr_block[23]
 1.00  Total   1997.620      1990.22  Total    2       1       1 tile1_io_uncached_0_acquire_bits_addr_block[22]
 1.00  Total   1994.260      1990.22  Total    2       1       1 tile1_io_uncached_0_acquire_bits_addr_block[21]
 1.00  Total   1999.300      1990.22  Total    2       1       1 tile1_io_uncached_0_acquire_bits_addr_block[20]
 1.00  Total   1992.580      1990.22  Total    2       1       1 tile1_io_uncached_0_acquire_bits_addr_block[19]
 1.00  Total   1999.160      1990.22  Total    2       1       1 tile1_io_uncached_0_acquire_bits_addr_block[18]
 1.00  Total   1991.560      1990.22  Total    2       1       1 tile1_io_uncached_0_acquire_bits_addr_block[17]
 1.00  Total   1994.260      1990.22  Total    2       1       1 tile1_io_uncached_0_acquire_bits_addr_block[16]
 1.00  Total   1991.560      1990.22  Total    2       1       1 tile1_io_uncached_0_acquire_bits_addr_block[15]
 1.00  Total   1999.300      1990.22  Total    2       1       1 tile1_io_uncached_0_acquire_bits_addr_block[14]
 1.01  Total    443.125       437.41  Total    5       1       1 tile1_io_uncached_0_acquire_bits_addr_block[13]
 1.00  Total   1999.160      1990.22  Total    2       1       1 tile1_io_uncached_0_acquire_bits_addr_block[12]
 1.01  Total   2000.840      1990.22  Total    2       1       1 tile1_io_uncached_0_acquire_bits_addr_block[11]
 1.00  Total   1991.560      1990.22  Total    2       1       1 tile1_io_uncached_0_acquire_bits_addr_block[10]
 1.00  Total    447.485       447.88  Total    5       1       1 tile1_io_uncached_0_acquire_bits_addr_block[9]
 1.00  Total    202.965       203.37  Total    3       1       1 tile1_io_uncached_0_acquire_bits_addr_block[8]
 1.00  Total    203.125       203.33  Total    1       1       1 tile1_io_uncached_0_acquire_bits_addr_block[7]
 1.00  Total    460.725       460.93  Total    5       1       1 tile1_io_uncached_0_acquire_bits_addr_block[6]
 1.00  Total    203.125       203.33  Total    1       1       1 tile1_io_uncached_0_acquire_bits_addr_block[5]
 1.00  Total    494.785       492.85  Total    5       1       1 tile1_io_uncached_0_acquire_bits_addr_block[4]
 1.00  Total    503.085       500.93  Total    5       1       1 tile1_io_uncached_0_acquire_bits_addr_block[3]
 1.00  Total    203.005       203.31  Total    3       1       1 tile1_io_uncached_0_acquire_bits_addr_block[2]
 1.00  Total   2204.325      2202.95  Total    1       1       1 tile1_io_uncached_0_acquire_bits_addr_block[1]
 1.00  Total   2202.765      2203.09  Total    3       1       1 tile1_io_uncached_0_acquire_bits_addr_block[0]
 1.00  Total    203.125       203.33  Total    1       1       1 tile1_io_uncached_0_acquire_bits_union[10]
 1.00  Total    527.925       528.12  Total    7       1       1 tile1_io_uncached_0_acquire_bits_union[9]
 1.00  Total   2415.095      2415.30  Total    1       1       1 tile1_io_uncached_0_acquire_bits_union[8]
 1.01  Total    204.705       203.33  Total    1       1       1 tile1_io_uncached_0_acquire_bits_union[7]
 1.00  Total   2423.395      2415.30  Total    1       1       1 tile1_io_uncached_0_acquire_bits_union[6]
 1.01  Total    206.945       204.09  Total    3       1       1 tile1_io_uncached_0_acquire_bits_union[5]
 1.00  Total    203.125       203.33  Total    1       1       1 tile1_io_uncached_0_acquire_bits_union[4]
 1.00  Total    553.125       551.64  Total    7       1       1 tile1_io_uncached_0_acquire_bits_union[3]
 1.01  Total   2428.975      2415.28  Total    5       1       1 tile1_io_uncached_0_acquire_bits_union[2]
 1.01  Total    204.705       203.33  Total    1       1       1 tile1_io_uncached_0_acquire_bits_union[1]
 1.00  Total   2423.935      2415.28  Total    3       1       1 tile1_io_uncached_0_acquire_bits_union[0]
 1.00  Total   1246.125      1244.64  Total    3       1       1 tile1_io_uncached_0_grant_ready
 1.00  Total   2204.325      2202.95  Total    1       1       1 tile1_io_uncached_0_grant_valid
 1.01  Total    204.705       203.33  Total    1       1       1 tile1_io_uncached_0_grant_bits_addr_beat[2]
 1.03  Total    568.305       553.97  Total    5       1       1 tile1_io_uncached_0_grant_bits_addr_beat[1]
 1.00  Total    204.025       203.41  Total    3       1       1 tile1_io_uncached_0_grant_bits_addr_beat[0]
 1.01  Total    204.705       203.33  Total    1       1       1 tile1_io_uncached_0_grant_bits_client_xact_id
 1.00  Total    403.605       401.91  Total    7       1       1 tile1_io_uncached_0_grant_bits_manager_xact_id[3]
 1.00  Total    203.785       203.38  Total    3       1       1 tile1_io_uncached_0_grant_bits_manager_xact_id[2]
 1.01  Total    204.705       203.33  Total    1       1       1 tile1_io_uncached_0_grant_bits_manager_xact_id[1]
 1.00  Total    644.985       644.93  Total    5       1       1 tile1_io_uncached_0_grant_bits_manager_xact_id[0]
 1.01  Total    204.705       203.33  Total    1       1       1 tile1_io_uncached_0_grant_bits_is_builtin_type
 1.01  Total    204.705       203.33  Total    1       1       1 tile1_io_uncached_0_grant_bits_g_type[3]
 1.01  Total    204.705       203.33  Total    1       1       1 tile1_io_uncached_0_grant_bits_g_type[2]
 1.00  Total    622.005       620.52  Total    5       1       1 tile1_io_uncached_0_grant_bits_g_type[1]
 1.00  Total    650.985       649.09  Total    3       1       1 tile1_io_uncached_0_grant_bits_g_type[0]
 1.00  Total   2424.895      2417.16  Total    3       1       1 tile1_io_uncached_0_grant_bits_data[63]
 1.00  Total   2202.885      2202.97  Total    3       1       1 tile1_io_uncached_0_grant_bits_data[62]
 1.00  Total   2426.855      2415.30  Total    5       1       1 tile1_io_uncached_0_grant_bits_data[61]
 1.00  Total   2416.775      2415.30  Total    1       1       1 tile1_io_uncached_0_grant_bits_data[60]
 1.00  Total   2432.175      2432.38  Total    3       1       1 tile1_io_uncached_0_grant_bits_data[59]
 1.00  Total   2204.325      2202.95  Total    1       1       1 tile1_io_uncached_0_grant_bits_data[58]
 1.00  Total   2418.775      2415.34  Total    3       1       1 tile1_io_uncached_0_grant_bits_data[57]
 1.00  Total   2416.495      2416.70  Total    1       1       1 tile1_io_uncached_0_grant_bits_data[56]
 1.00  Total   2423.355      2415.36  Total    3       1       1 tile1_io_uncached_0_grant_bits_data[55]
 1.00  Total   2204.325      2202.95  Total    1       1       1 tile1_io_uncached_0_grant_bits_data[54]
 1.00  Total   2415.095      2415.30  Total    1       1       1 tile1_io_uncached_0_grant_bits_data[53]
 1.00  Total    203.125       203.33  Total    1       1       1 tile1_io_uncached_0_grant_bits_data[52]
 1.00  Total   2203.005      2202.95  Total    3       1       1 tile1_io_uncached_0_grant_bits_data[51]
 1.04  Total    592.645       570.12  Total    9       1       1 tile1_io_uncached_0_grant_bits_data[50]
 1.00  Total   2423.395      2415.30  Total    1       1       1 tile1_io_uncached_0_grant_bits_data[49]
 1.00  Total   2422.375      2420.89  Total    3       1       1 tile1_io_uncached_0_grant_bits_data[48]
 1.00  Total   2204.325      2202.95  Total    1       1       1 tile1_io_uncached_0_grant_bits_data[47]
 1.00  Total   2416.915      2415.88  Total    3       1       1 tile1_io_uncached_0_grant_bits_data[46]
 1.00  Total   2425.075      2415.30  Total    1       1       1 tile1_io_uncached_0_grant_bits_data[45]
 1.00  Total   2204.325      2202.95  Total    1       1       1 tile1_io_uncached_0_grant_bits_data[44]
 1.00  Total   2203.405      2203.01  Total    3       1       1 tile1_io_uncached_0_grant_bits_data[43]
 1.00  Total   2423.835      2422.10  Total    5       1       1 tile1_io_uncached_0_grant_bits_data[42]
 1.00  Total   2417.795      2417.99  Total    1       1       1 tile1_io_uncached_0_grant_bits_data[41]
 1.00  Total   2437.215      2436.76  Total    3       1       1 tile1_io_uncached_0_grant_bits_data[40]
 1.00  Total   2421.515      2415.30  Total    3       1       1 tile1_io_uncached_0_grant_bits_data[39]
 1.00  Total   2204.325      2202.95  Total    1       1       1 tile1_io_uncached_0_grant_bits_data[38]
 1.00  Total   2416.675      2415.30  Total    1       1       1 tile1_io_uncached_0_grant_bits_data[37]
 1.00  Total   2204.325      2202.95  Total    1       1       1 tile1_io_uncached_0_grant_bits_data[36]
 1.00  Total   2203.525      2202.91  Total    3       1       1 tile1_io_uncached_0_grant_bits_data[35]
 1.00  Total   2423.395      2415.30  Total    1       1       1 tile1_io_uncached_0_grant_bits_data[34]
 1.00  Total   2423.355      2415.36  Total    3       1       1 tile1_io_uncached_0_grant_bits_data[33]
 1.00  Total   2204.325      2202.95  Total    1       1       1 tile1_io_uncached_0_grant_bits_data[32]
 1.00  Total   2425.075      2415.30  Total    1       1       1 tile1_io_uncached_0_grant_bits_data[31]
 1.00  Total   2459.345      2452.72  Total    5       1       1 tile1_io_uncached_0_grant_bits_data[30]
 1.00  Total   2415.095      2415.30  Total    1       1       1 tile1_io_uncached_0_grant_bits_data[29]
 1.00  Total    203.125       203.33  Total    1       1       1 tile1_io_uncached_0_grant_bits_data[28]
 1.00  Total   2204.325      2204.53  Total    1       1       1 tile1_io_uncached_0_grant_bits_data[27]
 1.00  Total   2204.425      2204.72  Total    3       1       1 tile1_io_uncached_0_grant_bits_data[26]
 1.00  Total   2416.775      2415.30  Total    1       1       1 tile1_io_uncached_0_grant_bits_data[25]
 1.00  Total   2203.025      2203.03  Total    3       1       1 tile1_io_uncached_0_grant_bits_data[24]
 1.00  Total   2417.735      2415.26  Total    3       1       1 tile1_io_uncached_0_grant_bits_data[23]
 1.00  Total   2416.675      2415.30  Total    1       1       1 tile1_io_uncached_0_grant_bits_data[22]
 1.00  Total   2450.275      2447.22  Total    3       1       1 tile1_io_uncached_0_grant_bits_data[21]
 1.00  Total   2423.395      2415.30  Total    1       1       1 tile1_io_uncached_0_grant_bits_data[20]
 1.00  Total   2204.045      2203.22  Total    1       1       1 tile1_io_uncached_0_grant_bits_data[19]
 1.00  Total   2417.735      2415.26  Total    3       1       1 tile1_io_uncached_0_grant_bits_data[18]
 1.00  Total   2415.095      2415.30  Total    1       1       1 tile1_io_uncached_0_grant_bits_data[17]
 1.00  Total   2415.435      2415.38  Total    3       1       1 tile1_io_uncached_0_grant_bits_data[16]
 1.00  Total   2204.325      2202.95  Total    1       1       1 tile1_io_uncached_0_grant_bits_data[15]
 1.00  Total   2425.075      2415.30  Total    1       1       1 tile1_io_uncached_0_grant_bits_data[14]
 1.00  Total   2416.775      2415.30  Total    1       1       1 tile1_io_uncached_0_grant_bits_data[13]
 1.00  Total   2427.295      2415.28  Total    5       1       1 tile1_io_uncached_0_grant_bits_data[12]
 1.00  Total   2426.855      2415.30  Total    5       1       1 tile1_io_uncached_0_grant_bits_data[11]
 1.00  Total   2416.675      2415.30  Total    1       1       1 tile1_io_uncached_0_grant_bits_data[10]
 1.00  Total   2203.525      2202.91  Total    3       1       1 tile1_io_uncached_0_grant_bits_data[9]
 1.00  Total   2423.395      2415.30  Total    1       1       1 tile1_io_uncached_0_grant_bits_data[8]
 1.00  Total   1997.480      1990.22  Total    2       1       1 tile1_io_uncached_0_grant_bits_data[7]
 1.00  Total   2420.455      2415.34  Total    3       1       1 tile1_io_uncached_0_grant_bits_data[6]
 1.00  Total   2425.075      2415.30  Total    1       1       1 tile1_io_uncached_0_grant_bits_data[5]
 1.01  Total   2032.620      2017.24  Total    4       1       1 tile1_io_uncached_0_grant_bits_data[4]
 1.00  Total   2423.495      2415.30  Total    3       1       1 tile1_io_uncached_0_grant_bits_data[3]
 1.00  Total   2416.595      2415.32  Total    3       1       1 tile1_io_uncached_0_grant_bits_data[2]
 1.00  Total    593.445       593.64  Total    7       1       1 tile1_io_uncached_0_grant_bits_data[1]
 1.00  Total    594.845       595.25  Total    7       1       1 tile1_io_uncached_0_grant_bits_data[0]
 1.00  Total    693.865       691.09  Total    7       1       1 tile1_io_prci_reset
 1.01  Total    220.665       219.28  Total    3       1       1 tile1_io_prci_id[1]
 1.00  Total   2417.795      2416.51  Total    3       1       1 tile1_io_prci_id[0]
 1.00  Total   1167.625      1165.68  Total    5       1       1 tile1_io_prci_interrupts_meip
 1.02  Total   1209.665      1188.61  Total   17       1       1 tile1_io_prci_interrupts_seip
 1.00  Total   1189.005      1189.20  Total    7       1       1 tile1_io_prci_interrupts_debug
 1.01  Total   1220.925      1214.40  Total    3       1       1 tile1_io_prci_interrupts_mtip
 1.00  Total   1237.085      1233.25  Total    5       1       1 tile1_io_prci_interrupts_msip
 1.00  Total   1994.030      1990.87  Total    2       1       1 tile2_io_cached_0_acquire_ready
 1.00  Total   1992.240      1990.87  Total    2       1       1 tile2_io_cached_0_acquire_valid
 1.09  Total    277.835       254.91  Total    9       1       1 tile2_io_cached_0_acquire_bits_addr_block[25]
 1.10  Total    278.835       253.31  Total    5       1       1 tile2_io_cached_0_acquire_bits_addr_block[24]
 1.02  Total    282.875       276.36  Total    5       1       1 tile2_io_cached_0_acquire_bits_addr_block[23]
 1.00  Total    232.475       232.68  Total    3       1       1 tile2_io_cached_0_acquire_bits_addr_block[22]
 1.05  Total    216.085       205.88  Total    5       1       1 tile2_io_cached_0_acquire_bits_addr_block[21]
 1.00  Total    205.595       205.80  Total    1       1       1 tile2_io_cached_0_acquire_bits_addr_block[20]
 1.00  Total    304.385       304.68  Total    5       1       1 tile2_io_cached_0_acquire_bits_addr_block[19]
 1.00  Total    205.515       205.88  Total    3       1       1 tile2_io_cached_0_acquire_bits_addr_block[18]
 1.01  Total    301.465       299.88  Total    5       1       1 tile2_io_cached_0_acquire_bits_addr_block[17]
 1.05  Total    216.205       205.80  Total    3       1       1 tile2_io_cached_0_acquire_bits_addr_block[16]
 1.05  Total    341.785       326.75  Total    9       1       1 tile2_io_cached_0_acquire_bits_addr_block[15]
 1.00  Total    205.595       205.80  Total    1       1       1 tile2_io_cached_0_acquire_bits_addr_block[14]
 1.00  Total    205.595       205.80  Total    1       1       1 tile2_io_cached_0_acquire_bits_addr_block[13]
 1.00  Total    205.885       205.81  Total    3       1       1 tile2_io_cached_0_acquire_bits_addr_block[12]
 1.00  Total    345.555       345.95  Total    3       1       1 tile2_io_cached_0_acquire_bits_addr_block[11]
 1.00  Total    205.595       205.80  Total    1       1       1 tile2_io_cached_0_acquire_bits_addr_block[10]
 1.04  Total    360.655       345.24  Total    5       1       1 tile2_io_cached_0_acquire_bits_addr_block[9]
 1.00  Total    205.595       205.80  Total    1       1       1 tile2_io_cached_0_acquire_bits_addr_block[8]
 1.00  Total    205.395       205.80  Total    3       1       1 tile2_io_cached_0_acquire_bits_addr_block[7]
 1.00  Total    372.305       372.12  Total    7       1       1 tile2_io_cached_0_acquire_bits_addr_block[6]
 1.00  Total    205.595       205.80  Total    1       1       1 tile2_io_cached_0_acquire_bits_addr_block[5]
 1.00  Total    206.075       205.88  Total    3       1       1 tile2_io_cached_0_acquire_bits_addr_block[4]
 1.00  Total    205.595       205.80  Total    1       1       1 tile2_io_cached_0_acquire_bits_addr_block[3]
 1.01  Total    208.955       207.44  Total    1       1       1 tile2_io_cached_0_acquire_bits_addr_block[2]
 1.01  Total    207.125       205.88  Total    3       1       1 tile2_io_cached_0_acquire_bits_addr_block[1]
 1.00  Total    205.595       205.80  Total    1       1       1 tile2_io_cached_0_acquire_bits_addr_block[0]
 1.00  Total   1914.060      1914.26  Total    6       1       1 tile2_io_cached_0_acquire_bits_client_xact_id
 1.00  Total    205.595       205.80  Total    1       1       1 tile2_io_cached_0_acquire_bits_addr_beat[2]
 1.00  Total    206.475       205.84  Total    3       1       1 tile2_io_cached_0_acquire_bits_addr_beat[1]
 1.00  Total    205.595       205.80  Total    1       1       1 tile2_io_cached_0_acquire_bits_addr_beat[0]
 1.00  Total   1932.260      1932.46  Total    4       1       1 tile2_io_cached_0_acquire_bits_is_builtin_type
 1.00  Total    205.595       205.80  Total    1       1       1 tile2_io_cached_0_acquire_bits_a_type[2]
 1.00  Total    205.845       205.84  Total    3       1       1 tile2_io_cached_0_acquire_bits_a_type[1]
 1.00  Total    205.595       205.80  Total    1       1       1 tile2_io_cached_0_acquire_bits_a_type[0]
 1.01  Total    205.390       204.02  Total    2       1       1 tile2_io_cached_0_acquire_bits_union[10]
 1.00  Total    205.595       205.80  Total    1       1       1 tile2_io_cached_0_acquire_bits_union[9]
 1.01  Total    205.390       204.02  Total    2       1       1 tile2_io_cached_0_acquire_bits_union[8]
 1.00  Total    205.835       205.91  Total    3       1       1 tile2_io_cached_0_acquire_bits_union[7]
 1.01  Total    205.390       204.02  Total    2       1       1 tile2_io_cached_0_acquire_bits_union[6]
 1.00  Total    205.595       205.80  Total    1       1       1 tile2_io_cached_0_acquire_bits_union[5]
 1.00  Total    205.595       205.80  Total    1       1       1 tile2_io_cached_0_acquire_bits_union[4]
 1.00  Total    205.955       205.80  Total    3       1       1 tile2_io_cached_0_acquire_bits_union[3]
 1.01  Total    205.390       204.02  Total    2       1       1 tile2_io_cached_0_acquire_bits_union[2]
 1.00  Total    205.595       205.80  Total    1       1       1 tile2_io_cached_0_acquire_bits_union[1]
 1.01  Total    205.390       204.02  Total    2       1       1 tile2_io_cached_0_acquire_bits_union[0]
 1.07  Total    262.400       246.33  Total    4       1       1 tile2_io_cached_0_acquire_bits_data[63]
 1.01  Total    272.870       270.94  Total    4       1       1 tile2_io_cached_0_acquire_bits_data[62]
 1.00  Total    222.470       222.22  Total    6       1       1 tile2_io_cached_0_acquire_bits_data[61]
 1.01  Total    205.390       204.02  Total    2       1       1 tile2_io_cached_0_acquire_bits_data[60]
 1.01  Total    296.220       294.74  Total    4       1       1 tile2_io_cached_0_acquire_bits_data[59]
 1.01  Total    205.390       204.02  Total    2       1       1 tile2_io_cached_0_acquire_bits_data[58]
 1.01  Total    205.390       204.02  Total    2       1       1 tile2_io_cached_0_acquire_bits_data[57]
 1.01  Total    205.390       204.02  Total    2       1       1 tile2_io_cached_0_acquire_bits_data[56]
 1.00  Total    366.950       366.70  Total    6       1       1 tile2_io_cached_0_acquire_bits_data[55]
 1.01  Total    205.390       204.02  Total    2       1       1 tile2_io_cached_0_acquire_bits_data[54]
 1.01  Total    205.390       204.02  Total    2       1       1 tile2_io_cached_0_acquire_bits_data[53]
 1.01  Total    205.390       204.02  Total    2       1       1 tile2_io_cached_0_acquire_bits_data[52]
 1.01  Total    393.660       390.50  Total    2       1       1 tile2_io_cached_0_acquire_bits_data[51]
 1.01  Total    205.390       204.02  Total    2       1       1 tile2_io_cached_0_acquire_bits_data[50]
 1.01  Total    205.390       204.02  Total    2       1       1 tile2_io_cached_0_acquire_bits_data[49]
 1.01  Total    205.390       204.02  Total    2       1       1 tile2_io_cached_0_acquire_bits_data[48]
 1.01  Total    205.390       204.02  Total    2       1       1 tile2_io_cached_0_acquire_bits_data[47]
 1.01  Total    205.390       204.02  Total    2       1       1 tile2_io_cached_0_acquire_bits_data[46]
 1.01  Total    205.390       204.02  Total    2       1       1 tile2_io_cached_0_acquire_bits_data[45]
 1.01  Total    205.390       204.02  Total    2       1       1 tile2_io_cached_0_acquire_bits_data[44]
 1.01  Total    205.390       204.02  Total    2       1       1 tile2_io_cached_0_acquire_bits_data[43]
 1.01  Total    205.390       204.02  Total    2       1       1 tile2_io_cached_0_acquire_bits_data[42]
 1.01  Total    205.390       204.02  Total    2       1       1 tile2_io_cached_0_acquire_bits_data[41]
 1.01  Total    205.390       204.02  Total    2       1       1 tile2_io_cached_0_acquire_bits_data[40]
 1.04  Total    430.790       415.42  Total    4       1       1 tile2_io_cached_0_acquire_bits_data[39]
 1.01  Total    205.390       204.02  Total    2       1       1 tile2_io_cached_0_acquire_bits_data[38]
 1.01  Total    205.390       204.02  Total    2       1       1 tile2_io_cached_0_acquire_bits_data[37]
 1.01  Total    205.390       204.02  Total    2       1       1 tile2_io_cached_0_acquire_bits_data[36]
 1.01  Total    205.390       204.02  Total    2       1       1 tile2_io_cached_0_acquire_bits_data[35]
 1.01  Total    205.390       204.02  Total    2       1       1 tile2_io_cached_0_acquire_bits_data[34]
 1.01  Total    205.390       204.02  Total    2       1       1 tile2_io_cached_0_acquire_bits_data[33]
 1.01  Total    205.390       204.02  Total    2       1       1 tile2_io_cached_0_acquire_bits_data[32]
 1.01  Total    478.810       476.18  Total    4       1       1 tile2_io_cached_0_acquire_bits_data[31]
 1.01  Total    205.390       204.02  Total    2       1       1 tile2_io_cached_0_acquire_bits_data[30]
 1.01  Total    205.390       204.02  Total    2       1       1 tile2_io_cached_0_acquire_bits_data[29]
 1.01  Total    205.390       204.02  Total    2       1       1 tile2_io_cached_0_acquire_bits_data[28]
 1.00  Total    502.580       501.10  Total    4       1       1 tile2_io_cached_0_acquire_bits_data[27]
 1.01  Total    205.390       204.02  Total    2       1       1 tile2_io_cached_0_acquire_bits_data[26]
 1.01  Total    205.390       204.02  Total    2       1       1 tile2_io_cached_0_acquire_bits_data[25]
 1.01  Total    205.390       204.02  Total    2       1       1 tile2_io_cached_0_acquire_bits_data[24]
 1.01  Total    205.390       204.02  Total    2       1       1 tile2_io_cached_0_acquire_bits_data[23]
 1.01  Total    205.390       204.02  Total    2       1       1 tile2_io_cached_0_acquire_bits_data[22]
 1.01  Total    205.390       204.02  Total    2       1       1 tile2_io_cached_0_acquire_bits_data[21]
 1.01  Total    205.390       204.02  Total    2       1       1 tile2_io_cached_0_acquire_bits_data[20]
 1.01  Total    205.390       204.02  Total    2       1       1 tile2_io_cached_0_acquire_bits_data[19]
 1.01  Total    205.390       204.02  Total    2       1       1 tile2_io_cached_0_acquire_bits_data[18]
 1.01  Total    205.390       204.02  Total    2       1       1 tile2_io_cached_0_acquire_bits_data[17]
 1.01  Total    205.390       204.02  Total    2       1       1 tile2_io_cached_0_acquire_bits_data[16]
 1.01  Total    205.390       204.02  Total    2       1       1 tile2_io_cached_0_acquire_bits_data[15]
 1.01  Total    205.390       204.02  Total    2       1       1 tile2_io_cached_0_acquire_bits_data[14]
 1.01  Total    205.390       204.02  Total    2       1       1 tile2_io_cached_0_acquire_bits_data[13]
 1.01  Total    205.390       204.02  Total    2       1       1 tile2_io_cached_0_acquire_bits_data[12]
 1.01  Total    205.390       204.02  Total    2       1       1 tile2_io_cached_0_acquire_bits_data[11]
 1.01  Total    205.390       204.02  Total    2       1       1 tile2_io_cached_0_acquire_bits_data[10]
 1.01  Total    205.390       204.02  Total    2       1       1 tile2_io_cached_0_acquire_bits_data[9]
 1.01  Total    205.390       204.02  Total    2       1       1 tile2_io_cached_0_acquire_bits_data[8]
 1.01  Total    205.390       204.02  Total    2       1       1 tile2_io_cached_0_acquire_bits_data[7]
 1.01  Total    205.390       204.02  Total    2       1       1 tile2_io_cached_0_acquire_bits_data[6]
 1.01  Total    205.390       204.02  Total    2       1       1 tile2_io_cached_0_acquire_bits_data[5]
 1.01  Total    205.390       204.02  Total    2       1       1 tile2_io_cached_0_acquire_bits_data[4]
 1.00  Total    205.435       205.81  Total    3       1       1 tile2_io_cached_0_acquire_bits_data[3]
 1.01  Total    205.390       204.02  Total    2       1       1 tile2_io_cached_0_acquire_bits_data[2]
 1.01  Total    205.390       204.02  Total    2       1       1 tile2_io_cached_0_acquire_bits_data[1]
 1.00  Total    205.595       205.80  Total    1       1       1 tile2_io_cached_0_acquire_bits_data[0]
 1.00  Total   1929.905      1925.15  Total    9       1       1 tile2_io_cached_0_probe_ready
 1.00  Total   1999.070      1990.87  Total    2       1       1 tile2_io_cached_0_probe_valid
 1.00  Total    205.595       205.80  Total    1       1       1 tile2_io_cached_0_probe_bits_addr_block[25]
 1.01  Total    206.955       205.91  Total    3       1       1 tile2_io_cached_0_probe_bits_addr_block[24]
 1.00  Total    205.595       205.80  Total    1       1       1 tile2_io_cached_0_probe_bits_addr_block[23]
 1.00  Total    391.875       390.60  Total    5       1       1 tile2_io_cached_0_probe_bits_addr_block[22]
 1.00  Total    205.595       205.80  Total    1       1       1 tile2_io_cached_0_probe_bits_addr_block[21]
 1.00  Total    398.795       399.00  Total    5       1       1 tile2_io_cached_0_probe_bits_addr_block[20]
 1.00  Total    205.595       205.80  Total    1       1       1 tile2_io_cached_0_probe_bits_addr_block[19]
 1.00  Total    207.275       207.44  Total    1       1       1 tile2_io_cached_0_probe_bits_addr_block[18]
 1.00  Total    219.115       219.52  Total    3       1       1 tile2_io_cached_0_probe_bits_addr_block[17]
 1.00  Total    222.115       222.31  Total    3       1       1 tile2_io_cached_0_probe_bits_addr_block[16]
 1.02  Total    212.565       209.41  Total    1       1       1 tile2_io_cached_0_probe_bits_addr_block[15]
 1.00  Total    210.875       211.28  Total    3       1       1 tile2_io_cached_0_probe_bits_addr_block[14]
 1.00  Total    205.595       205.80  Total    1       1       1 tile2_io_cached_0_probe_bits_addr_block[13]
 1.00  Total    205.595       205.80  Total    1       1       1 tile2_io_cached_0_probe_bits_addr_block[12]
 1.00  Total    205.915       205.84  Total    3       1       1 tile2_io_cached_0_probe_bits_addr_block[11]
 1.00  Total    205.595       205.80  Total    1       1       1 tile2_io_cached_0_probe_bits_addr_block[10]
 1.01  Total    207.275       205.80  Total    1       1       1 tile2_io_cached_0_probe_bits_addr_block[9]
 1.01  Total    207.675       206.40  Total    3       1       1 tile2_io_cached_0_probe_bits_addr_block[8]
 1.00  Total    205.595       205.80  Total    1       1       1 tile2_io_cached_0_probe_bits_addr_block[7]
 1.01  Total    207.435       206.12  Total    3       1       1 tile2_io_cached_0_probe_bits_addr_block[6]
 1.00  Total    205.595       205.80  Total    1       1       1 tile2_io_cached_0_probe_bits_addr_block[5]
 1.00  Total    205.475       205.88  Total    3       1       1 tile2_io_cached_0_probe_bits_addr_block[4]
 1.00  Total    205.595       205.80  Total    1       1       1 tile2_io_cached_0_probe_bits_addr_block[3]
 1.00  Total    205.955       205.80  Total    3       1       1 tile2_io_cached_0_probe_bits_addr_block[2]
 1.00  Total    205.595       205.80  Total    1       1       1 tile2_io_cached_0_probe_bits_addr_block[1]
 1.00  Total    205.595       205.80  Total    1       1       1 tile2_io_cached_0_probe_bits_addr_block[0]
 1.01  Total    207.245       205.80  Total    1       1       1 tile2_io_cached_0_probe_bits_p_type[1]
 1.00  Total    205.595       205.80  Total    1       1       1 tile2_io_cached_0_probe_bits_p_type[0]
 1.00  Total   1902.065      1897.32  Total    7       1       1 tile2_io_cached_0_release_ready
 1.00  Total   1994.030      1990.87  Total    2       1       1 tile2_io_cached_0_release_valid
 1.00  Total    206.005       205.88  Total    3       1       1 tile2_io_cached_0_release_bits_addr_beat[2]
 1.00  Total    206.595       205.84  Total    3       1       1 tile2_io_cached_0_release_bits_addr_beat[1]
 1.00  Total    205.595       205.80  Total    1       1       1 tile2_io_cached_0_release_bits_addr_beat[0]
 1.00  Total    205.595       205.80  Total    1       1       1 tile2_io_cached_0_release_bits_addr_block[25]
 1.00  Total    205.595       205.80  Total    1       1       1 tile2_io_cached_0_release_bits_addr_block[24]
 1.00  Total    205.885       205.81  Total    3       1       1 tile2_io_cached_0_release_bits_addr_block[23]
 1.00  Total    205.595       205.80  Total    1       1       1 tile2_io_cached_0_release_bits_addr_block[22]
 1.01  Total   1288.985      1280.04  Total   15       1       1 tile2_io_cached_0_release_bits_addr_block[21]
 1.00  Total   1290.985      1286.04  Total    5       1       1 tile2_io_cached_0_release_bits_addr_block[20]
 1.00  Total    205.595       205.80  Total    1       1       1 tile2_io_cached_0_release_bits_addr_block[19]
 1.00  Total    206.075       205.88  Total    3       1       1 tile2_io_cached_0_release_bits_addr_block[18]
 1.01  Total   1326.265      1307.88  Total    7       1       1 tile2_io_cached_0_release_bits_addr_block[17]
 1.00  Total   1327.635      1328.04  Total    5       1       1 tile2_io_cached_0_release_bits_addr_block[16]
 1.00  Total   1338.025      1331.39  Total    7       1       1 tile2_io_cached_0_release_bits_addr_block[15]
 1.00  Total   1354.715      1354.91  Total    3       1       1 tile2_io_cached_0_release_bits_addr_block[14]
 1.00  Total    205.595       205.80  Total    1       1       1 tile2_io_cached_0_release_bits_addr_block[13]
 1.08  Total   1485.365      1374.36  Total    9       1       1 tile2_io_cached_0_release_bits_addr_block[12]
 1.00  Total   1385.065      1380.12  Total    3       1       1 tile2_io_cached_0_release_bits_addr_block[11]
 1.00  Total    205.595       205.80  Total    1       1       1 tile2_io_cached_0_release_bits_addr_block[10]
 1.00  Total    206.475       205.84  Total    3       1       1 tile2_io_cached_0_release_bits_addr_block[9]
 1.00  Total   1408.475      1407.00  Total    3       1       1 tile2_io_cached_0_release_bits_addr_block[8]
 1.01  Total   1428.365      1417.32  Total    7       1       1 tile2_io_cached_0_release_bits_addr_block[7]
 1.00  Total    205.595       205.80  Total    1       1       1 tile2_io_cached_0_release_bits_addr_block[6]
 1.00  Total    205.595       205.80  Total    1       1       1 tile2_io_cached_0_release_bits_addr_block[5]
 1.00  Total   1994.030      1990.87  Total    2       1       1 tile2_io_cached_0_release_bits_addr_block[4]
 1.00  Total    206.595       205.84  Total    3       1       1 tile2_io_cached_0_release_bits_addr_block[3]
 1.00  Total   1999.070      1990.87  Total    2       1       1 tile2_io_cached_0_release_bits_addr_block[2]
 1.00  Total    205.595       205.80  Total    1       1       1 tile2_io_cached_0_release_bits_addr_block[1]
 1.00  Total   1998.960      1990.87  Total    2       1       1 tile2_io_cached_0_release_bits_addr_block[0]
 1.00  Total   2415.885      2412.76  Total    1       1       1 tile2_io_cached_0_release_bits_client_xact_id
 1.01  Total   1949.545      1936.19  Total    7       1       1 tile2_io_cached_0_release_bits_voluntary
 1.00  Total   1994.030      1990.87  Total    2       1       1 tile2_io_cached_0_release_bits_r_type[2]
 1.00  Total   1552.955      1551.48  Total    7       1       1 tile2_io_cached_0_release_bits_r_type[1]
 1.01  Total    207.245       205.80  Total    1       1       1 tile2_io_cached_0_release_bits_r_type[0]
 1.00  Total    927.620       926.14  Total    4       1       1 tile2_io_cached_0_release_bits_data[63]
 1.00  Total    949.740       949.94  Total    2       1       1 tile2_io_cached_0_release_bits_data[62]
 1.01  Total    205.390       204.02  Total    2       1       1 tile2_io_cached_0_release_bits_data[61]
 1.00  Total    976.620       976.82  Total    4       1       1 tile2_io_cached_0_release_bits_data[60]
 1.01  Total    205.390       204.02  Total    2       1       1 tile2_io_cached_0_release_bits_data[59]
 1.01  Total   1006.330       998.66  Total    8       1       1 tile2_io_cached_0_release_bits_data[58]
 1.00  Total   1057.430      1055.50  Total    8       1       1 tile2_io_cached_0_release_bits_data[57]
 1.01  Total   1091.030      1082.38  Total    4       1       1 tile2_io_cached_0_release_bits_data[56]
 1.01  Total    205.390       204.02  Total    2       1       1 tile2_io_cached_0_release_bits_data[55]
 1.00  Total    205.595       205.80  Total    1       1       1 tile2_io_cached_0_release_bits_data[54]
 1.00  Total    205.475       205.88  Total    3       1       1 tile2_io_cached_0_release_bits_data[53]
 1.01  Total    205.390       204.02  Total    2       1       1 tile2_io_cached_0_release_bits_data[52]
 1.00  Total    205.595       205.80  Total    1       1       1 tile2_io_cached_0_release_bits_data[51]
 1.00  Total    205.595       205.80  Total    1       1       1 tile2_io_cached_0_release_bits_data[50]
 1.00  Total    205.435       205.81  Total    3       1       1 tile2_io_cached_0_release_bits_data[49]
 1.01  Total    205.390       204.02  Total    2       1       1 tile2_io_cached_0_release_bits_data[48]
 1.01  Total   1112.870      1104.22  Total    4       1       1 tile2_io_cached_0_release_bits_data[47]
 1.00  Total   1992.240      1990.87  Total    2       1       1 tile2_io_cached_0_release_bits_data[46]
 1.01  Total    205.390       204.02  Total    2       1       1 tile2_io_cached_0_release_bits_data[45]
 1.00  Total   1132.330      1128.02  Total    4       1       1 tile2_io_cached_0_release_bits_data[44]
 1.03  Total   1184.410      1151.54  Total    6       1       1 tile2_io_cached_0_release_bits_data[43]
 1.01  Total   1181.050      1175.06  Total    2       1       1 tile2_io_cached_0_release_bits_data[42]
 1.00  Total   1428.605      1427.15  Total    5       1       1 tile2_io_cached_0_release_bits_data[41]
 1.00  Total   1994.030      1990.87  Total    2       1       1 tile2_io_cached_0_release_bits_data[40]
 1.00  Total   1208.460      1205.30  Total    8       1       1 tile2_io_cached_0_release_bits_data[39]
 1.01  Total   1237.190      1225.18  Total    6       1       1 tile2_io_cached_0_release_bits_data[38]
 1.00  Total    208.300       208.50  Total    2       1       1 tile2_io_cached_0_release_bits_data[37]
 1.00  Total   1253.540      1253.74  Total    4       1       1 tile2_io_cached_0_release_bits_data[36]
 1.00  Total    205.595       205.80  Total    1       1       1 tile2_io_cached_0_release_bits_data[35]
 1.00  Total    209.140       209.34  Total    2       1       1 tile2_io_cached_0_release_bits_data[34]
 1.00  Total   1452.155      1452.36  Total    7       1       1 tile2_io_cached_0_release_bits_data[33]
 1.00  Total   1461.555      1461.95  Total    7       1       1 tile2_io_cached_0_release_bits_data[32]
 1.00  Total   1999.070      1990.87  Total    2       1       1 tile2_io_cached_0_release_bits_data[31]
 1.01  Total   1287.590      1277.26  Total    6       1       1 tile2_io_cached_0_release_bits_data[30]
 1.00  Total   1480.715      1474.19  Total    5       1       1 tile2_io_cached_0_release_bits_data[29]
 1.01  Total   1304.220      1297.70  Total    8       1       1 tile2_io_cached_0_release_bits_data[28]
 1.01  Total   1329.590      1322.62  Total    8       1       1 tile2_io_cached_0_release_bits_data[27]
 1.01  Total    205.390       204.02  Total    2       1       1 tile2_io_cached_0_release_bits_data[26]
 1.00  Total   1349.580      1349.78  Total    2       1       1 tile2_io_cached_0_release_bits_data[25]
 1.01  Total    205.390       204.02  Total    2       1       1 tile2_io_cached_0_release_bits_data[24]
 1.00  Total   1998.960      1990.87  Total    2       1       1 tile2_io_cached_0_release_bits_data[23]
 1.00  Total   1376.180      1374.70  Total    4       1       1 tile2_io_cached_0_release_bits_data[22]
 1.00  Total   2422.605      2412.76  Total    1       1       1 tile2_io_cached_0_release_bits_data[21]
 1.01  Total   1506.415      1494.36  Total    5       1       1 tile2_io_cached_0_release_bits_data[20]
 1.00  Total   2420.195      2412.76  Total    5       1       1 tile2_io_cached_0_release_bits_data[19]
 1.00  Total   1394.940      1395.14  Total    6       1       1 tile2_io_cached_0_release_bits_data[18]
 1.00  Total   2425.155      2413.57  Total    3       1       1 tile2_io_cached_0_release_bits_data[17]
 1.00  Total   1511.235      1506.60  Total    9       1       1 tile2_io_cached_0_release_bits_data[16]
 1.01  Total    205.390       204.02  Total    2       1       1 tile2_io_cached_0_release_bits_data[15]
 1.00  Total   1992.240      1990.87  Total    2       1       1 tile2_io_cached_0_release_bits_data[14]
 1.00  Total   1524.395      1521.24  Total    5       1       1 tile2_io_cached_0_release_bits_data[13]
 1.00  Total    205.595       205.80  Total    1       1       1 tile2_io_cached_0_release_bits_data[12]
 1.01  Total    205.390       204.02  Total    2       1       1 tile2_io_cached_0_release_bits_data[11]
 1.00  Total    205.835       205.91  Total    3       1       1 tile2_io_cached_0_release_bits_data[10]
 1.01  Total    205.390       204.02  Total    2       1       1 tile2_io_cached_0_release_bits_data[9]
 1.00  Total    205.595       205.80  Total    1       1       1 tile2_io_cached_0_release_bits_data[8]
 1.01  Total    205.390       204.02  Total    2       1       1 tile2_io_cached_0_release_bits_data[7]
 1.00  Total    205.595       205.80  Total    1       1       1 tile2_io_cached_0_release_bits_data[6]
 1.01  Total    205.390       204.02  Total    2       1       1 tile2_io_cached_0_release_bits_data[5]
 1.01  Total    207.605       206.36  Total    3       1       1 tile2_io_cached_0_release_bits_data[4]
 1.01  Total    205.390       204.02  Total    2       1       1 tile2_io_cached_0_release_bits_data[3]
 1.00  Total    205.595       205.80  Total    1       1       1 tile2_io_cached_0_release_bits_data[2]
 1.01  Total    205.390       204.02  Total    2       1       1 tile2_io_cached_0_release_bits_data[1]
 1.01  Total    207.475       206.16  Total    3       1       1 tile2_io_cached_0_release_bits_data[0]
 1.01  Total   2005.790      1990.87  Total    4       1       1 tile2_io_cached_0_grant_ready
 1.01  Total    206.955       205.91  Total    3       1       1 tile2_io_cached_0_grant_bits_manager_xact_id[3]
 1.00  Total    205.595       205.80  Total    1       1       1 tile2_io_cached_0_grant_bits_manager_xact_id[2]
 1.01  Total    208.685       205.81  Total    3       1       1 tile2_io_cached_0_grant_bits_manager_xact_id[1]
 1.00  Total    206.435       206.61  Total    1       1       1 tile2_io_cached_0_grant_bits_manager_xact_id[0]
 1.00  Total   1890.635      1890.84  Total    3       1       1 tile2_io_cached_0_grant_bits_manager_id
 1.00  Total   2000.080      1991.88  Total    2       1       1 tile2_io_cached_0_finish_ready
 1.01  Total   1971.665      1959.72  Total    7       1       1 tile2_io_cached_0_finish_valid
 1.00  Total    206.995       207.19  Total    1       1       1 tile2_io_cached_0_finish_bits_manager_xact_id[3]
 1.00  Total    205.595       205.80  Total    1       1       1 tile2_io_cached_0_finish_bits_manager_xact_id[2]
 1.02  Total    208.925       205.80  Total    1       1       1 tile2_io_cached_0_finish_bits_manager_xact_id[1]
 1.00  Total    205.555       205.93  Total    3       1       1 tile2_io_cached_0_finish_bits_manager_xact_id[0]
 1.00  Total   1972.755      1971.48  Total    7       1       1 tile2_io_cached_0_finish_bits_manager_id
 1.00  Total   1904.075      1904.28  Total    5       1       1 tile2_io_uncached_0_acquire_ready
 1.00  Total   1981.355      1978.19  Total    3       1       1 tile2_io_uncached_0_acquire_valid
 1.01  Total    211.830       210.35  Total    2       1       1 tile2_io_uncached_0_acquire_bits_addr_block[25]
 1.00  Total    222.115       221.16  Total    3       1       1 tile2_io_uncached_0_acquire_bits_addr_block[24]
 1.09  Total    243.685       222.88  Total    5       1       1 tile2_io_uncached_0_acquire_bits_addr_block[23]
 1.00  Total    228.380       227.43  Total    4       1       1 tile2_io_uncached_0_acquire_bits_addr_block[22]
 1.00  Total    205.595       205.80  Total    1       1       1 tile2_io_uncached_0_acquire_bits_addr_block[21]
 1.02  Total    252.355       248.05  Total    3       1       1 tile2_io_uncached_0_acquire_bits_addr_block[20]
 1.01  Total    255.510       254.03  Total    2       1       1 tile2_io_uncached_0_acquire_bits_addr_block[19]
 1.00  Total    206.565       205.88  Total    3       1       1 tile2_io_uncached_0_acquire_bits_addr_block[18]
 1.00  Total    267.405       267.81  Total    5       1       1 tile2_io_uncached_0_acquire_bits_addr_block[17]
 1.00  Total    205.595       205.80  Total    1       1       1 tile2_io_uncached_0_acquire_bits_addr_block[16]
 1.00  Total    271.085       271.29  Total    5       1       1 tile2_io_uncached_0_acquire_bits_addr_block[15]
 1.00  Total    279.310       279.51  Total    4       1       1 tile2_io_uncached_0_acquire_bits_addr_block[14]
 1.00  Total    205.595       205.80  Total    1       1       1 tile2_io_uncached_0_acquire_bits_addr_block[13]
 1.00  Total    294.605       294.81  Total    3       1       1 tile2_io_uncached_0_acquire_bits_addr_block[12]
 1.00  Total    303.390       302.75  Total    4       1       1 tile2_io_uncached_0_acquire_bits_addr_block[11]
 1.00  Total    205.475       205.84  Total    3       1       1 tile2_io_uncached_0_acquire_bits_addr_block[10]
 1.01  Total    314.875       310.76  Total    3       1       1 tile2_io_uncached_0_acquire_bits_addr_block[9]
 1.00  Total    205.595       205.80  Total    1       1       1 tile2_io_uncached_0_acquire_bits_addr_block[8]
 1.00  Total    314.765       314.97  Total    5       1       1 tile2_io_uncached_0_acquire_bits_addr_block[7]
 1.00  Total    324.670       324.87  Total    4       1       1 tile2_io_uncached_0_acquire_bits_addr_block[6]
 1.00  Total    205.595       205.80  Total    1       1       1 tile2_io_uncached_0_acquire_bits_addr_block[5]
 1.00  Total    339.795       338.49  Total    3       1       1 tile2_io_uncached_0_acquire_bits_addr_block[4]
 1.00  Total    348.190       348.39  Total    2       1       1 tile2_io_uncached_0_acquire_bits_addr_block[3]
 1.01  Total    207.035       205.84  Total    3       1       1 tile2_io_uncached_0_acquire_bits_addr_block[2]
 1.00  Total    206.475       205.84  Total    3       1       1 tile2_io_uncached_0_acquire_bits_addr_block[1]
 1.00  Total    205.595       205.80  Total    1       1       1 tile2_io_uncached_0_acquire_bits_addr_block[0]
 1.00  Total   2424.725      2412.84  Total    7       1       1 tile2_io_uncached_0_acquire_bits_client_xact_id
 1.00  Total   1419.610      1418.66  Total    4       1       1 tile2_io_uncached_0_acquire_bits_addr_beat[2]
 1.00  Total   2419.245      2412.76  Total    1       1       1 tile2_io_uncached_0_acquire_bits_addr_beat[1]
 1.00  Total   1556.715      1556.28  Total   11       1       1 tile2_io_uncached_0_acquire_bits_addr_beat[0]
 1.00  Total   1965.470      1964.38  Total    4       1       1 tile2_io_uncached_0_acquire_bits_is_builtin_type
 1.00  Total   2448.085      2448.28  Total    3       1       1 tile2_io_uncached_0_acquire_bits_a_type[2]
 1.00  Total   2420.955      2412.76  Total    3       1       1 tile2_io_uncached_0_acquire_bits_a_type[1]
 1.00  Total   2414.405      2414.01  Total    3       1       1 tile2_io_uncached_0_acquire_bits_a_type[0]
 1.00  Total   1638.540      1638.74  Total    2       1       1 tile2_io_uncached_0_acquire_bits_union[10]
 1.00  Total   1673.990      1668.70  Total    6       1       1 tile2_io_uncached_0_acquire_bits_union[9]
 1.00  Total   1818.395      1816.91  Total    5       1       1 tile2_io_uncached_0_acquire_bits_union[8]
 1.00  Total   2450.605      2445.24  Total    3       1       1 tile2_io_uncached_0_acquire_bits_union[7]
 1.00  Total   1823.715      1822.43  Total    9       1       1 tile2_io_uncached_0_acquire_bits_union[6]
 1.00  Total   2419.275      2412.76  Total    1       1       1 tile2_io_uncached_0_acquire_bits_union[5]
 1.00  Total   1690.340      1688.86  Total    6       1       1 tile2_io_uncached_0_acquire_bits_union[4]
 1.00  Total   1717.670      1717.42  Total    6       1       1 tile2_io_uncached_0_acquire_bits_union[3]
 1.00  Total   1840.235      1838.76  Total    7       1       1 tile2_io_uncached_0_acquire_bits_union[2]
 1.01  Total   2425.965      2412.76  Total    5       1       1 tile2_io_uncached_0_acquire_bits_union[1]
 1.00  Total   1853.675      1853.88  Total    5       1       1 tile2_io_uncached_0_acquire_bits_union[0]
 1.00  Total   2491.995      2482.28  Total    5       1       1 tile2_io_uncached_0_acquire_bits_data[63]
 1.00  Total    205.595       205.80  Total    1       1       1 tile2_io_uncached_0_acquire_bits_data[62]
 1.00  Total   1996.830      1993.00  Total    2       1       1 tile2_io_uncached_0_acquire_bits_data[61]
 1.00  Total   2418.445      2412.76  Total    3       1       1 tile2_io_uncached_0_acquire_bits_data[60]
 1.00  Total    206.595       205.84  Total    3       1       1 tile2_io_uncached_0_acquire_bits_data[59]
 1.00  Total   1573.115      1573.32  Total    5       1       1 tile2_io_uncached_0_acquire_bits_data[58]
 1.00  Total   2415.885      2412.76  Total    1       1       1 tile2_io_uncached_0_acquire_bits_data[57]
 1.00  Total    205.595       205.80  Total    1       1       1 tile2_io_uncached_0_acquire_bits_data[56]
 1.00  Total   2008.870      2009.07  Total    2       1       1 tile2_io_uncached_0_acquire_bits_data[55]
 1.00  Total   2497.395      2495.89  Total    5       1       1 tile2_io_uncached_0_acquire_bits_data[54]
 1.00  Total    205.595       205.80  Total    1       1       1 tile2_io_uncached_0_acquire_bits_data[53]
 1.01  Total   1606.715      1596.84  Total    9       1       1 tile2_io_uncached_0_acquire_bits_data[52]
 1.00  Total   2419.275      2412.76  Total    1       1       1 tile2_io_uncached_0_acquire_bits_data[51]
 1.00  Total    205.475       205.88  Total    3       1       1 tile2_io_uncached_0_acquire_bits_data[50]
 1.01  Total   1617.845      1599.24  Total    9       1       1 tile2_io_uncached_0_acquire_bits_data[49]
 1.01  Total   1451.530      1442.18  Total    4       1       1 tile2_io_uncached_0_acquire_bits_data[48]
 1.01  Total    358.085       355.12  Total    7       1       1 tile2_io_uncached_0_acquire_bits_data[47]
 1.00  Total    205.595       205.80  Total    1       1       1 tile2_io_uncached_0_acquire_bits_data[46]
 1.00  Total   1992.240      1992.44  Total    2       1       1 tile2_io_uncached_0_acquire_bits_data[45]
 1.00  Total    205.595       205.80  Total    1       1       1 tile2_io_uncached_0_acquire_bits_data[44]
 1.00  Total   2423.605      2412.84  Total    3       1       1 tile2_io_uncached_0_acquire_bits_data[43]
 1.00  Total    205.595       205.80  Total    1       1       1 tile2_io_uncached_0_acquire_bits_data[42]
 1.00  Total    205.435       205.81  Total    3       1       1 tile2_io_uncached_0_acquire_bits_data[41]
 1.00  Total   1618.475      1618.67  Total    3       1       1 tile2_io_uncached_0_acquire_bits_data[40]
 1.00  Total   1993.750      1991.04  Total    2       1       1 tile2_io_uncached_0_acquire_bits_data[39]
 1.00  Total    205.595       205.80  Total    1       1       1 tile2_io_uncached_0_acquire_bits_data[38]
 1.00  Total   2412.555      2412.76  Total    1       1       1 tile2_io_uncached_0_acquire_bits_data[37]
 1.03  Total    372.695       360.61  Total    5       1       1 tile2_io_uncached_0_acquire_bits_data[36]
 1.00  Total    205.595       205.80  Total    1       1       1 tile2_io_uncached_0_acquire_bits_data[35]
 1.02  Total   1680.745      1643.88  Total   13       1       1 tile2_io_uncached_0_acquire_bits_data[34]
 1.03  Total   1694.375      1640.52  Total   11       1       1 tile2_io_uncached_0_acquire_bits_data[33]
 1.01  Total    374.680       371.63  Total    4       1       1 tile2_io_uncached_0_acquire_bits_data[32]
 1.00  Total   2455.365      2455.57  Total    3       1       1 tile2_io_uncached_0_acquire_bits_data[31]
 1.01  Total    386.755       384.12  Total    3       1       1 tile2_io_uncached_0_acquire_bits_data[30]
 1.00  Total    395.620       395.15  Total    4       1       1 tile2_io_uncached_0_acquire_bits_data[29]
 1.00  Total    397.965       398.37  Total    5       1       1 tile2_io_uncached_0_acquire_bits_data[28]
 1.00  Total   2006.910      1998.71  Total    2       1       1 tile2_io_uncached_0_acquire_bits_data[27]
 1.00  Total   1662.545      1662.36  Total    5       1       1 tile2_io_uncached_0_acquire_bits_data[26]
 1.00  Total   1473.900      1472.42  Total    4       1       1 tile2_io_uncached_0_acquire_bits_data[25]
 1.00  Total   1688.085      1685.15  Total    5       1       1 tile2_io_uncached_0_acquire_bits_data[24]
 1.00  Total   2415.885      2412.76  Total    1       1       1 tile2_io_uncached_0_acquire_bits_data[23]
 1.00  Total   1492.380      1490.90  Total    8       1       1 tile2_io_uncached_0_acquire_bits_data[22]
 1.00  Total   1527.830      1522.54  Total    6       1       1 tile2_io_uncached_0_acquire_bits_data[21]
 1.00  Total   1694.185      1692.60  Total    5       1       1 tile2_io_uncached_0_acquire_bits_data[20]
 1.00  Total   1998.960      1990.87  Total    2       1       1 tile2_io_uncached_0_acquire_bits_data[19]
 1.00  Total   1992.240      1990.87  Total    2       1       1 tile2_io_uncached_0_acquire_bits_data[18]
 1.00  Total   2420.955      2412.76  Total    1       1       1 tile2_io_uncached_0_acquire_bits_data[17]
 1.00  Total   1715.605      1707.72  Total    7       1       1 tile2_io_uncached_0_acquire_bits_data[16]
 1.00  Total   2412.435      2412.80  Total    3       1       1 tile2_io_uncached_0_acquire_bits_data[15]
 1.00  Total   1540.570      1539.62  Total    2       1       1 tile2_io_uncached_0_acquire_bits_data[14]
 1.00  Total   1578.230      1571.26  Total    6       1       1 tile2_io_uncached_0_acquire_bits_data[13]
 1.00  Total   1744.515      1739.88  Total    9       1       1 tile2_io_uncached_0_acquire_bits_data[12]
 1.00  Total   1994.030      1990.87  Total    2       1       1 tile2_io_uncached_0_acquire_bits_data[11]
 1.00  Total   1733.105      1731.24  Total    5       1       1 tile2_io_uncached_0_acquire_bits_data[10]
 1.00  Total   2419.075      2412.76  Total    3       1       1 tile2_io_uncached_0_acquire_bits_data[9]
 1.00  Total   1758.445      1756.43  Total    5       1       1 tile2_io_uncached_0_acquire_bits_data[8]
 1.00  Total   2415.885      2412.76  Total    1       1       1 tile2_io_uncached_0_acquire_bits_data[7]
 1.00  Total   1589.990      1589.74  Total    4       1       1 tile2_io_uncached_0_acquire_bits_data[6]
 1.00  Total   1623.590      1619.98  Total    6       1       1 tile2_io_uncached_0_acquire_bits_data[5]
 1.00  Total   1787.475      1786.19  Total    9       1       1 tile2_io_uncached_0_acquire_bits_data[4]
 1.00  Total   1999.070      1990.87  Total    2       1       1 tile2_io_uncached_0_acquire_bits_data[3]
 1.00  Total   2420.955      2412.76  Total    1       1       1 tile2_io_uncached_0_acquire_bits_data[2]
 1.00  Total   1781.545      1779.95  Total    5       1       1 tile2_io_uncached_0_acquire_bits_data[1]
 1.00  Total   2471.085      2471.49  Total    7       1       1 tile2_io_uncached_0_acquire_bits_data[0]
 1.00  Total   2420.955      2412.76  Total    1       1       1 tile2_io_uncached_0_grant_ready
 1.00  Total   1998.960      1990.87  Total    2       1       1 tile2_io_uncached_0_grant_bits_manager_xact_id[3]
 1.00  Total   2418.925      2414.32  Total    5       1       1 tile2_io_uncached_0_grant_bits_manager_xact_id[2]
 1.00  Total   2414.045      2412.80  Total    3       1       1 tile2_io_uncached_0_grant_bits_manager_xact_id[1]
 1.00  Total   1738.810      1736.18  Total    2       1       1 tile2_io_uncached_0_grant_bits_manager_xact_id[0]
 1.00  Total   1765.830      1761.10  Total    6       1       1 tile2_io_prci_reset
 1.01  Total    205.390       204.02  Total    2       1       1 tile2_io_prci_id[1]
 1.00  Total    205.595       205.80  Total    1       1       1 tile2_io_prci_id[0]
 1.00  Total   1791.730      1784.90  Total    4       1       1 tile2_io_prci_interrupts_meip
 1.00  Total   1813.430      1809.82  Total    4       1       1 tile2_io_prci_interrupts_seip
 1.00  Total   1837.930      1833.62  Total    2       1       1 tile2_io_prci_interrupts_debug
 1.00  Total   1858.790      1858.54  Total    4       1       1 tile2_io_prci_interrupts_mtip
 1.00  Total   1891.690      1882.34  Total    6       1       1 tile2_io_prci_interrupts_msip
 1.03  Total   3468.590      3364.54  Total    8       1       1 intrnl_io_uncached_0_acquire_bits_data[63]
 1.01  Total   1426.240      1413.07  Total    6       1       1 intrnl_io_uncached_0_acquire_bits_data[62]
 1.00  Total   2088.040      2080.87  Total    6       1       1 intrnl_io_uncached_0_acquire_bits_data[61]
 1.03  Total   3454.690      3359.21  Total    8       1       1 intrnl_io_uncached_0_acquire_bits_data[60]
 1.00  Total   2244.260      2234.18  Total   10       1       1 intrnl_io_uncached_0_acquire_bits_data[59]
 1.00  Total   2337.240      2335.67  Total    6       1       1 intrnl_io_uncached_0_acquire_bits_data[58]
 1.03  Total   3444.200      3340.17  Total    8       1       1 intrnl_io_uncached_0_acquire_bits_data[57]
 1.01  Total   2255.590      2231.65  Total    6       1       1 intrnl_io_uncached_0_acquire_bits_data[56]
 1.00  Total   2302.740      2302.35  Total    6       1       1 intrnl_io_uncached_0_acquire_bits_data[55]
 1.03  Total   3507.900      3417.45  Total    6       1       1 intrnl_io_uncached_0_acquire_bits_data[54]
 1.04  Total   2309.810      2228.29  Total   12       1       1 intrnl_io_uncached_0_acquire_bits_data[53]
 1.00  Total   2191.370      2190.91  Total    6       1       1 intrnl_io_uncached_0_acquire_bits_data[52]
 1.03  Total   3458.890      3357.26  Total    6       1       1 intrnl_io_uncached_0_acquire_bits_data[51]
 1.00  Total   1185.120      1182.35  Total    4       1       1 intrnl_io_uncached_0_acquire_bits_data[50]
 1.00  Total   2300.560      2297.31  Total    4       1       1 intrnl_io_uncached_0_acquire_bits_data[49]
 1.04  Total   3216.140      3091.82  Total   10       1       1 intrnl_io_uncached_0_acquire_bits_data[48]
 1.01  Total   2252.690      2236.69  Total    6       1       1 intrnl_io_uncached_0_acquire_bits_data[47]
 1.00  Total   2223.710      2218.92  Total    6       1       1 intrnl_io_uncached_0_acquire_bits_data[46]
 1.00  Total   2215.840      2214.99  Total    4       1       1 intrnl_io_uncached_0_acquire_bits_data[45]
 1.04  Total   1428.580      1376.68  Total    8       1       1 intrnl_io_uncached_0_acquire_bits_data[44]
 1.03  Total   3438.520      3354.17  Total    8       1       1 intrnl_io_uncached_0_acquire_bits_data[43]
 1.02  Total   2301.970      2266.10  Total    8       1       1 intrnl_io_uncached_0_acquire_bits_data[42]
 1.01  Total   1382.830      1371.91  Total    6       1       1 intrnl_io_uncached_0_acquire_bits_data[41]
 1.00  Total   2197.530      2197.07  Total    6       1       1 intrnl_io_uncached_0_acquire_bits_data[40]
 1.00  Total   2287.860      2283.03  Total    8       1       1 intrnl_io_uncached_0_acquire_bits_data[39]
 1.02  Total   1444.150      1418.12  Total   10       1       1 intrnl_io_uncached_0_acquire_bits_data[38]
 1.03  Total   3445.210      3338.22  Total    6       1       1 intrnl_io_uncached_0_acquire_bits_data[37]
 1.00  Total   2218.390      2217.80  Total    6       1       1 intrnl_io_uncached_0_acquire_bits_data[36]
 1.01  Total   1393.930      1375.84  Total    8       1       1 intrnl_io_uncached_0_acquire_bits_data[35]
 1.00  Total   2210.230      2210.23  Total    4       1       1 intrnl_io_uncached_0_acquire_bits_data[34]
 1.00  Total   2298.600      2296.47  Total    4       1       1 intrnl_io_uncached_0_acquire_bits_data[33]
 1.00  Total   2252.690      2250.13  Total    4       1       1 intrnl_io_uncached_0_acquire_bits_data[32]
 1.03  Total   3487.460      3383.30  Total    8       1       1 intrnl_io_uncached_0_acquire_bits_data[31]
 1.00  Total   2221.160      2217.80  Total    6       1       1 intrnl_io_uncached_0_acquire_bits_data[30]
 1.01  Total   2283.840      2255.17  Total    6       1       1 intrnl_io_uncached_0_acquire_bits_data[29]
 1.00  Total   1168.390      1164.15  Total    4       1       1 intrnl_io_uncached_0_acquire_bits_data[28]
 1.00  Total   2190.630      2190.63  Total    6       1       1 intrnl_io_uncached_0_acquire_bits_data[27]
 1.00  Total   2299.840      2297.31  Total    6       1       1 intrnl_io_uncached_0_acquire_bits_data[26]
 1.03  Total   3511.810      3414.37  Total    8       1       1 intrnl_io_uncached_0_acquire_bits_data[25]
 1.02  Total   2256.440      2216.12  Total   10       1       1 intrnl_io_uncached_0_acquire_bits_data[24]
 1.02  Total   3402.060      3333.45  Total    6       1       1 intrnl_io_uncached_0_acquire_bits_data[23]
 1.00  Total   2248.450      2246.77  Total    4       1       1 intrnl_io_uncached_0_acquire_bits_data[22]
 1.01  Total   2237.150      2223.25  Total   10       1       1 intrnl_io_uncached_0_acquire_bits_data[21]
 1.00  Total   2230.430      2220.60  Total    6       1       1 intrnl_io_uncached_0_acquire_bits_data[20]
 1.00  Total   2057.530      2048.39  Total    4       1       1 intrnl_io_uncached_0_acquire_bits_data[19]
 1.00  Total   2019.380      2018.99  Total    6       1       1 intrnl_io_uncached_0_acquire_bits_data[18]
 1.03  Total   3442.380      3355.02  Total    6       1       1 intrnl_io_uncached_0_acquire_bits_data[17]
 1.01  Total   1441.740      1424.55  Total    8       1       1 intrnl_io_uncached_0_acquire_bits_data[16]
 1.02  Total   3431.420      3351.93  Total    8       1       1 intrnl_io_uncached_0_acquire_bits_data[15]
 1.01  Total   2229.000      2216.12  Total    8       1       1 intrnl_io_uncached_0_acquire_bits_data[14]
 1.01  Total   2237.290      2220.74  Total    8       1       1 intrnl_io_uncached_0_acquire_bits_data[13]
 1.03  Total   1481.390      1434.08  Total    8       1       1 intrnl_io_uncached_0_acquire_bits_data[12]
 1.00  Total   2018.440      2014.23  Total    6       1       1 intrnl_io_uncached_0_acquire_bits_data[11]
 1.00  Total   2334.730      2333.15  Total    4       1       1 intrnl_io_uncached_0_acquire_bits_data[10]
 1.02  Total   3434.530      3358.93  Total    8       1       1 intrnl_io_uncached_0_acquire_bits_data[9]
 1.03  Total   2301.410      2240.05  Total   12       1       1 intrnl_io_uncached_0_acquire_bits_data[8]
 1.01  Total   2546.800      2533.07  Total    4       1       1 intrnl_io_uncached_0_acquire_bits_data[7]
 1.00  Total   2226.790      2216.12  Total    6       1       1 intrnl_io_uncached_0_acquire_bits_data[6]
 1.01  Total   2228.470      2209.53  Total    6       1       1 intrnl_io_uncached_0_acquire_bits_data[5]
 1.02  Total   1469.740      1446.67  Total    8       1       1 intrnl_io_uncached_0_acquire_bits_data[4]
 1.00  Total   2207.710      2207.71  Total    6       1       1 intrnl_io_uncached_0_acquire_bits_data[3]
 1.02  Total   3225.100      3161.26  Total    8       1       1 intrnl_io_uncached_0_acquire_bits_data[2]
 1.01  Total   1189.490      1176.47  Total    4       1       1 intrnl_io_uncached_0_acquire_bits_data[1]
 1.01  Total   2336.620      2314.11  Total    6       1       1 intrnl_io_uncached_0_acquire_bits_data[0]
 1.01  Total   1989.055      1969.43  Total    7       1       2 intrnl_io_uncached_0_acquire_bits_a_type[2]
 1.00  Total   2260.600      2253.91  Total    6       1       1 intrnl_io_uncached_0_acquire_bits_a_type[1]
 1.01  Total   2187.380      2172.71  Total    6       1       1 intrnl_io_uncached_0_acquire_bits_a_type[0]
 1.01  Total   1284.550      1274.20  Total    4       1       1 intrnl_io_uncached_0_acquire_bits_addr_beat[2]
 1.01  Total   2270.680      2250.55  Total    6       1       1 intrnl_io_uncached_0_acquire_bits_addr_beat[1]
 1.00  Total   2319.640      2315.51  Total   10       1       1 intrnl_io_uncached_0_acquire_bits_addr_beat[0]
 1.01  Total   2285.140      2253.22  Total    8       1       1 intrnl_io_cached_0_acquire_bits_data[63]
 1.03  Total   3426.970      3324.49  Total    8       1       1 intrnl_io_cached_0_acquire_bits_data[62]
 1.00  Total   2221.160      2219.48  Total    8       1       1 intrnl_io_cached_0_acquire_bits_data[61]
 1.04  Total    245.930       236.23  Total    6       1       1 intrnl_io_cached_0_acquire_bits_data[60]
 1.00  Total   2125.980      2117.27  Total    6       1       1 intrnl_io_cached_0_acquire_bits_data[59]
 1.02  Total   2290.730      2246.77  Total    6       1       1 intrnl_io_cached_0_acquire_bits_data[58]
 1.03  Total   3410.170      3319.46  Total    8       1       1 intrnl_io_cached_0_acquire_bits_data[57]
 1.02  Total   2279.080      2231.65  Total    8       1       1 intrnl_io_cached_0_acquire_bits_data[56]
 1.03  Total   3205.780      3108.61  Total    8       1       1 intrnl_io_cached_0_acquire_bits_data[55]
 1.00  Total   2216.710      2216.12  Total    6       1       1 intrnl_io_cached_0_acquire_bits_data[54]
 1.02  Total   2243.000      2209.53  Total    8       1       1 intrnl_io_cached_0_acquire_bits_data[53]
 1.00  Total   2264.410      2264.41  Total    4       1       1 intrnl_io_cached_0_acquire_bits_data[52]
 1.01  Total   2242.300      2219.89  Total    8       1       1 intrnl_io_cached_0_acquire_bits_data[51]
 1.00  Total   2261.620      2258.53  Total    4       1       1 intrnl_io_cached_0_acquire_bits_data[50]
 1.00  Total   2213.350      2209.53  Total    2       1       1 intrnl_io_cached_0_acquire_bits_data[49]
 1.01  Total   2276.740      2261.89  Total    6       1       1 intrnl_io_cached_0_acquire_bits_data[48]
 1.01  Total    259.190       255.55  Total    4       1       1 intrnl_io_cached_0_acquire_bits_data[47]
 1.06  Total    234.140       221.67  Total    6       1       1 intrnl_io_cached_0_acquire_bits_data[46]
 1.01  Total    254.990       252.19  Total    6       1       1 intrnl_io_cached_0_acquire_bits_data[45]
 1.02  Total    225.560       221.67  Total    4       1       1 intrnl_io_cached_0_acquire_bits_data[44]
 1.21  Total    287.090       237.91  Total    8       1       1 intrnl_io_cached_0_acquire_bits_data[43]
 1.01  Total    253.980       252.19  Total    4       1       1 intrnl_io_cached_0_acquire_bits_data[42]
 1.22  Total    289.300       236.23  Total    8       1       1 intrnl_io_cached_0_acquire_bits_data[41]
 1.03  Total   2301.830      2235.01  Total   10       1       1 intrnl_io_cached_0_acquire_bits_data[40]
 1.00  Total   2219.300      2209.53  Total    6       1       1 intrnl_io_cached_0_acquire_bits_data[39]
 1.02  Total   2278.310      2241.73  Total    8       1       1 intrnl_io_cached_0_acquire_bits_data[38]
 1.01  Total   2263.300      2250.13  Total    4       1       1 intrnl_io_cached_0_acquire_bits_data[37]
 1.01  Total   2269.350      2244.81  Total    6       1       1 intrnl_io_cached_0_acquire_bits_data[36]
 1.00  Total    238.370       237.91  Total    6       1       1 intrnl_io_cached_0_acquire_bits_data[35]
 1.14  Total    299.540       262.27  Total    8       1       1 intrnl_io_cached_0_acquire_bits_data[34]
 1.02  Total    264.940       258.91  Total    4       1       1 intrnl_io_cached_0_acquire_bits_data[33]
 1.01  Total    239.280       237.91  Total    6       1       1 intrnl_io_cached_0_acquire_bits_data[32]
 1.00  Total   2169.350      2167.67  Total    6       1       1 intrnl_io_cached_0_acquire_bits_data[31]
 1.02  Total    245.930       242.11  Total    6       1       1 intrnl_io_cached_0_acquire_bits_data[30]
 1.02  Total   1226.310      1202.79  Total    8       1       1 intrnl_io_cached_0_acquire_bits_data[29]
 1.04  Total   2302.390      2217.80  Total    8       1       1 intrnl_io_cached_0_acquire_bits_data[28]
 1.00  Total   2260.770      2260.63  Total    8       1       1 intrnl_io_cached_0_acquire_bits_data[27]
 1.04  Total   2294.370      2209.53  Total    8       1       1 intrnl_io_cached_0_acquire_bits_data[26]
 1.00  Total   2272.530      2263.99  Total    4       1       1 intrnl_io_cached_0_acquire_bits_data[25]
 1.01  Total   2255.280      2243.41  Total    8       1       1 intrnl_io_cached_0_acquire_bits_data[24]
 1.03  Total   2278.340      2220.88  Total    8       1       1 intrnl_io_cached_0_acquire_bits_data[23]
 1.02  Total   2243.840      2209.53  Total    8       1       1 intrnl_io_cached_0_acquire_bits_data[22]
 1.03  Total   2291.850      2217.80  Total    6       1       1 intrnl_io_cached_0_acquire_bits_data[21]
 1.00  Total    222.510       221.67  Total    4       1       1 intrnl_io_cached_0_acquire_bits_data[20]
 1.01  Total   2235.260      2209.53  Total    8       1       1 intrnl_io_cached_0_acquire_bits_data[19]
 1.00  Total    256.080       255.55  Total    4       1       1 intrnl_io_cached_0_acquire_bits_data[18]
 1.03  Total   2315.270      2238.37  Total    8       1       1 intrnl_io_cached_0_acquire_bits_data[17]
 1.04  Total   2320.030      2228.29  Total    8       1       1 intrnl_io_cached_0_acquire_bits_data[16]
 1.02  Total   2260.280      2224.93  Total    8       1       1 intrnl_io_cached_0_acquire_bits_data[15]
 1.15  Total    271.440       236.23  Total    8       1       1 intrnl_io_cached_0_acquire_bits_data[14]
 1.02  Total   2267.950      2220.88  Total   10       1       1 intrnl_io_cached_0_acquire_bits_data[13]
 1.08  Total    255.170       236.23  Total    6       1       1 intrnl_io_cached_0_acquire_bits_data[12]
 1.03  Total    223.880       218.31  Total    4       1       1 intrnl_io_cached_0_acquire_bits_data[11]
 1.20  Total    289.990       242.11  Total    8       1       1 intrnl_io_cached_0_acquire_bits_data[10]
 1.12  Total    274.030       245.47  Total    6       1       1 intrnl_io_cached_0_acquire_bits_data[9]
 1.02  Total   2272.250      2222.98  Total    8       1       1 intrnl_io_cached_0_acquire_bits_data[8]
 1.01  Total    251.920       248.83  Total    4       1       1 intrnl_io_cached_0_acquire_bits_data[7]
 1.04  Total    230.600       221.67  Total    6       1       1 intrnl_io_cached_0_acquire_bits_data[6]
 1.08  Total    268.990       248.83  Total    6       1       1 intrnl_io_cached_0_acquire_bits_data[5]
 1.01  Total    246.700       245.47  Total    8       1       1 intrnl_io_cached_0_acquire_bits_data[4]
 1.06  Total    276.940       262.27  Total    6       1       1 intrnl_io_cached_0_acquire_bits_data[3]
 1.05  Total    232.280       221.67  Total    6       1       1 intrnl_io_cached_0_acquire_bits_data[2]
 1.02  Total   2275.610      2220.88  Total    6       1       1 intrnl_io_cached_0_acquire_bits_data[1]
 1.14  Total    253.280       221.67  Total    6       1       1 intrnl_io_cached_0_acquire_bits_data[0]
 1.01  Total   2232.375      2211.14  Total    7       1       2 intrnl_io_cached_0_acquire_bits_a_type[2]
 1.03  Total    245.930       238.75  Total    4       1       1 intrnl_io_cached_0_acquire_bits_a_type[1]
 1.00  Total   2218.950      2209.53  Total    2       1       1 intrnl_io_cached_0_acquire_bits_a_type[0]
 1.02  Total   1234.160      1214.00  Total   10       1       1 intrnl_io_cached_0_acquire_bits_addr_beat[2]
 1.03  Total   1245.460      1206.43  Total   12       1       1 intrnl_io_cached_0_acquire_bits_addr_beat[1]
 1.08  Total    280.480       258.91  Total    8       1       1 intrnl_io_cached_0_acquire_bits_addr_beat[0]
 1.01  Total    912.150       903.75  Total    6       1       1 intrnl_io_cached_0_acquire_bits_client_xact_id
 1.02  Total    241.170       236.79  Total    4       1       1 intrnl_io_cached_0_acquire_bits_is_builtin_type
 1.00  Total    876.880       873.79  Total    6       1       1 intrnl_io_cached_0_acquire_valid
 1.01  Total   1367.300      1353.99  Total    4       1       1 intrnl_io_uncached_0_acquire_bits_client_xact_id
 1.18  Total    280.370       237.91  Total    6       1       1 intrnl_io_uncached_0_acquire_bits_is_builtin_type
 1.09  Total    483.020       442.88  Total   10       1       1 intrnl_io_uncached_0_acquire_valid
