###############################################################
#  Generated by:      Cadence Innovus 16.10-p004_1
#  OS:                Linux x86_64(Host ID eeapps02.seas.ucla.edu)
#  Generated on:      Mon Mar 13 01:16:41 2017
#  Design:            rockettile_x2_minrule
#  Command:           summaryReport -noHtml -outfile ../logs/rockettile_x2/innovus_rockettile_x2_minrule_summaryReport.rpt
###############################################################


==============================
General Design Information
==============================
Design Status: Routed  
Design Name: rockettile_x2_minrule  
# Instances: 2  
# Hard Macros: 2  
    ------------------------------
    Macro Cells in Netlist
    ------------------------------
              Macro Name   Instance Count  Area (um^2)  Area Percentage in Core  
      RocketTile_1_tile1                1      3998480.125           24.986%  
      RocketTile_1_tile2                1      3998480.125           24.986%  
# Std Cells: 0  
# Pads: 0  
# Net: 908  
# Special Net: 2  
# IO Pins: 
    ------------------------------
    Issued IO Information
    ------------------------------
    # Unplaced IO Pin  0  
    # Floating IO  0  
    # IO Connected to Non-IO Inst  
        ------------------------------
        IO Connected to Non-IO Inst
        ------------------------------
                     IO Name      Non-IO Inst Name  
        tile2_io_prci_interrupts_msip                 tile2  
        tile2_io_prci_interrupts_mtip                 tile2  
        tile2_io_prci_interrupts_debug                 tile2  
        tile2_io_prci_interrupts_seip                 tile2  
        tile2_io_prci_interrupts_meip                 tile2  
         tile2_io_prci_id[0]                 tile2  
         tile2_io_prci_id[1]                 tile2  
         tile2_io_prci_reset                 tile2  
        tile2_io_uncached_0_grant_bits_manager_xact_id[0]                 tile2  
        tile2_io_uncached_0_grant_bits_manager_xact_id[1]                 tile2  
        tile2_io_uncached_0_grant_bits_manager_xact_id[2]                 tile2  
        tile2_io_uncached_0_grant_bits_manager_xact_id[3]                 tile2  
        tile2_io_uncached_0_grant_ready                 tile2  
        tile2_io_uncached_0_acquire_bits_data[0]                 tile2  
        tile2_io_uncached_0_acquire_bits_data[1]                 tile2  
        tile2_io_uncached_0_acquire_bits_data[2]                 tile2  
        tile2_io_uncached_0_acquire_bits_data[3]                 tile2  
        tile2_io_uncached_0_acquire_bits_data[4]                 tile2  
        tile2_io_uncached_0_acquire_bits_data[5]                 tile2  
        tile2_io_uncached_0_acquire_bits_data[6]                 tile2  
        tile2_io_uncached_0_acquire_bits_data[7]                 tile2  
        tile2_io_uncached_0_acquire_bits_data[8]                 tile2  
        tile2_io_uncached_0_acquire_bits_data[9]                 tile2  
        tile2_io_uncached_0_acquire_bits_data[10]                 tile2  
        tile2_io_uncached_0_acquire_bits_data[11]                 tile2  
        tile2_io_uncached_0_acquire_bits_data[12]                 tile2  
        tile2_io_uncached_0_acquire_bits_data[13]                 tile2  
        tile2_io_uncached_0_acquire_bits_data[14]                 tile2  
        tile2_io_uncached_0_acquire_bits_data[15]                 tile2  
        tile2_io_uncached_0_acquire_bits_data[16]                 tile2  
        tile2_io_uncached_0_acquire_bits_data[17]                 tile2  
        tile2_io_uncached_0_acquire_bits_data[18]                 tile2  
        tile2_io_uncached_0_acquire_bits_data[19]                 tile2  
        tile2_io_uncached_0_acquire_bits_data[20]                 tile2  
        tile2_io_uncached_0_acquire_bits_data[21]                 tile2  
        tile2_io_uncached_0_acquire_bits_data[22]                 tile2  
        tile2_io_uncached_0_acquire_bits_data[23]                 tile2  
        tile2_io_uncached_0_acquire_bits_data[24]                 tile2  
        tile2_io_uncached_0_acquire_bits_data[25]                 tile2  
        tile2_io_uncached_0_acquire_bits_data[26]                 tile2  
        tile2_io_uncached_0_acquire_bits_data[27]                 tile2  
        tile2_io_uncached_0_acquire_bits_data[28]                 tile2  
        tile2_io_uncached_0_acquire_bits_data[29]                 tile2  
        tile2_io_uncached_0_acquire_bits_data[30]                 tile2  
        tile2_io_uncached_0_acquire_bits_data[31]                 tile2  
        tile2_io_uncached_0_acquire_bits_data[32]                 tile2  
        tile2_io_uncached_0_acquire_bits_data[33]                 tile2  
        tile2_io_uncached_0_acquire_bits_data[34]                 tile2  
        tile2_io_uncached_0_acquire_bits_data[35]                 tile2  
        tile2_io_uncached_0_acquire_bits_data[36]                 tile2  
        tile2_io_uncached_0_acquire_bits_data[37]                 tile2  
        tile2_io_uncached_0_acquire_bits_data[38]                 tile2  
        tile2_io_uncached_0_acquire_bits_data[39]                 tile2  
        tile2_io_uncached_0_acquire_bits_data[40]                 tile2  
        tile2_io_uncached_0_acquire_bits_data[41]                 tile2  
        tile2_io_uncached_0_acquire_bits_data[42]                 tile2  
        tile2_io_uncached_0_acquire_bits_data[43]                 tile2  
        tile2_io_uncached_0_acquire_bits_data[44]                 tile2  
        tile2_io_uncached_0_acquire_bits_data[45]                 tile2  
        tile2_io_uncached_0_acquire_bits_data[46]                 tile2  
        tile2_io_uncached_0_acquire_bits_data[47]                 tile2  
        tile2_io_uncached_0_acquire_bits_data[48]                 tile2  
        tile2_io_uncached_0_acquire_bits_data[49]                 tile2  
        tile2_io_uncached_0_acquire_bits_data[50]                 tile2  
        tile2_io_uncached_0_acquire_bits_data[51]                 tile2  
        tile2_io_uncached_0_acquire_bits_data[52]                 tile2  
        tile2_io_uncached_0_acquire_bits_data[53]                 tile2  
        tile2_io_uncached_0_acquire_bits_data[54]                 tile2  
        tile2_io_uncached_0_acquire_bits_data[55]                 tile2  
        tile2_io_uncached_0_acquire_bits_data[56]                 tile2  
        tile2_io_uncached_0_acquire_bits_data[57]                 tile2  
        tile2_io_uncached_0_acquire_bits_data[58]                 tile2  
        tile2_io_uncached_0_acquire_bits_data[59]                 tile2  
        tile2_io_uncached_0_acquire_bits_data[60]                 tile2  
        tile2_io_uncached_0_acquire_bits_data[61]                 tile2  
        tile2_io_uncached_0_acquire_bits_data[62]                 tile2  
        tile2_io_uncached_0_acquire_bits_data[63]                 tile2  
        tile2_io_uncached_0_acquire_bits_union[0]                 tile2  
        tile2_io_uncached_0_acquire_bits_union[1]                 tile2  
        tile2_io_uncached_0_acquire_bits_union[2]                 tile2  
        tile2_io_uncached_0_acquire_bits_union[3]                 tile2  
        tile2_io_uncached_0_acquire_bits_union[4]                 tile2  
        tile2_io_uncached_0_acquire_bits_union[5]                 tile2  
        tile2_io_uncached_0_acquire_bits_union[6]                 tile2  
        tile2_io_uncached_0_acquire_bits_union[7]                 tile2  
        tile2_io_uncached_0_acquire_bits_union[8]                 tile2  
        tile2_io_uncached_0_acquire_bits_union[9]                 tile2  
        tile2_io_uncached_0_acquire_bits_union[10]                 tile2  
        tile2_io_uncached_0_acquire_bits_a_type[0]                 tile2  
        tile2_io_uncached_0_acquire_bits_a_type[1]                 tile2  
        tile2_io_uncached_0_acquire_bits_a_type[2]                 tile2  
        tile2_io_uncached_0_acquire_bits_is_builtin_type                 tile2  
        tile2_io_uncached_0_acquire_bits_addr_beat[0]                 tile2  
        tile2_io_uncached_0_acquire_bits_addr_beat[1]                 tile2  
        tile2_io_uncached_0_acquire_bits_addr_beat[2]                 tile2  
        tile2_io_uncached_0_acquire_bits_client_xact_id                 tile2  
        tile2_io_uncached_0_acquire_bits_addr_block[0]                 tile2  
        tile2_io_uncached_0_acquire_bits_addr_block[1]                 tile2  
        tile2_io_uncached_0_acquire_bits_addr_block[2]                 tile2  
        tile2_io_uncached_0_acquire_bits_addr_block[3]                 tile2  
        tile2_io_uncached_0_acquire_bits_addr_block[4]                 tile2  
        tile2_io_uncached_0_acquire_bits_addr_block[5]                 tile2  
        tile2_io_uncached_0_acquire_bits_addr_block[6]                 tile2  
        tile2_io_uncached_0_acquire_bits_addr_block[7]                 tile2  
        tile2_io_uncached_0_acquire_bits_addr_block[8]                 tile2  
        tile2_io_uncached_0_acquire_bits_addr_block[9]                 tile2  
        tile2_io_uncached_0_acquire_bits_addr_block[10]                 tile2  
        tile2_io_uncached_0_acquire_bits_addr_block[11]                 tile2  
        tile2_io_uncached_0_acquire_bits_addr_block[12]                 tile2  
        tile2_io_uncached_0_acquire_bits_addr_block[13]                 tile2  
        tile2_io_uncached_0_acquire_bits_addr_block[14]                 tile2  
        tile2_io_uncached_0_acquire_bits_addr_block[15]                 tile2  
        tile2_io_uncached_0_acquire_bits_addr_block[16]                 tile2  
        tile2_io_uncached_0_acquire_bits_addr_block[17]                 tile2  
        tile2_io_uncached_0_acquire_bits_addr_block[18]                 tile2  
        tile2_io_uncached_0_acquire_bits_addr_block[19]                 tile2  
        tile2_io_uncached_0_acquire_bits_addr_block[20]                 tile2  
        tile2_io_uncached_0_acquire_bits_addr_block[21]                 tile2  
        tile2_io_uncached_0_acquire_bits_addr_block[22]                 tile2  
        tile2_io_uncached_0_acquire_bits_addr_block[23]                 tile2  
        tile2_io_uncached_0_acquire_bits_addr_block[24]                 tile2  
        tile2_io_uncached_0_acquire_bits_addr_block[25]                 tile2  
        tile2_io_uncached_0_acquire_valid                 tile2  
        tile2_io_uncached_0_acquire_ready                 tile2  
        tile2_io_cached_0_finish_bits_manager_id                 tile2  
        tile2_io_cached_0_finish_bits_manager_xact_id[0]                 tile2  
        tile2_io_cached_0_finish_bits_manager_xact_id[1]                 tile2  
        tile2_io_cached_0_finish_bits_manager_xact_id[2]                 tile2  
        tile2_io_cached_0_finish_bits_manager_xact_id[3]                 tile2  
        tile2_io_cached_0_finish_valid                 tile2  
        tile2_io_cached_0_finish_ready                 tile2  
        tile2_io_cached_0_grant_bits_manager_id                 tile2  
        tile2_io_cached_0_grant_bits_manager_xact_id[0]                 tile2  
        tile2_io_cached_0_grant_bits_manager_xact_id[1]                 tile2  
        tile2_io_cached_0_grant_bits_manager_xact_id[2]                 tile2  
        tile2_io_cached_0_grant_bits_manager_xact_id[3]                 tile2  
        tile2_io_cached_0_grant_ready                 tile2  
        tile2_io_cached_0_release_bits_data[0]                 tile2  
        tile2_io_cached_0_release_bits_data[1]                 tile2  
        tile2_io_cached_0_release_bits_data[2]                 tile2  
        tile2_io_cached_0_release_bits_data[3]                 tile2  
        tile2_io_cached_0_release_bits_data[4]                 tile2  
        tile2_io_cached_0_release_bits_data[5]                 tile2  
        tile2_io_cached_0_release_bits_data[6]                 tile2  
        tile2_io_cached_0_release_bits_data[7]                 tile2  
        tile2_io_cached_0_release_bits_data[8]                 tile2  
        tile2_io_cached_0_release_bits_data[9]                 tile2  
        tile2_io_cached_0_release_bits_data[10]                 tile2  
        tile2_io_cached_0_release_bits_data[11]                 tile2  
        tile2_io_cached_0_release_bits_data[12]                 tile2  
        tile2_io_cached_0_release_bits_data[13]                 tile2  
        tile2_io_cached_0_release_bits_data[14]                 tile2  
        tile2_io_cached_0_release_bits_data[15]                 tile2  
        tile2_io_cached_0_release_bits_data[16]                 tile2  
        tile2_io_cached_0_release_bits_data[17]                 tile2  
        tile2_io_cached_0_release_bits_data[18]                 tile2  
        tile2_io_cached_0_release_bits_data[19]                 tile2  
        tile2_io_cached_0_release_bits_data[20]                 tile2  
        tile2_io_cached_0_release_bits_data[21]                 tile2  
        tile2_io_cached_0_release_bits_data[22]                 tile2  
        tile2_io_cached_0_release_bits_data[23]                 tile2  
        tile2_io_cached_0_release_bits_data[24]                 tile2  
        tile2_io_cached_0_release_bits_data[25]                 tile2  
        tile2_io_cached_0_release_bits_data[26]                 tile2  
        tile2_io_cached_0_release_bits_data[27]                 tile2  
        tile2_io_cached_0_release_bits_data[28]                 tile2  
        tile2_io_cached_0_release_bits_data[29]                 tile2  
        tile2_io_cached_0_release_bits_data[30]                 tile2  
        tile2_io_cached_0_release_bits_data[31]                 tile2  
        tile2_io_cached_0_release_bits_data[32]                 tile2  
        tile2_io_cached_0_release_bits_data[33]                 tile2  
        tile2_io_cached_0_release_bits_data[34]                 tile2  
        tile2_io_cached_0_release_bits_data[35]                 tile2  
        tile2_io_cached_0_release_bits_data[36]                 tile2  
        tile2_io_cached_0_release_bits_data[37]                 tile2  
        tile2_io_cached_0_release_bits_data[38]                 tile2  
        tile2_io_cached_0_release_bits_data[39]                 tile2  
        tile2_io_cached_0_release_bits_data[40]                 tile2  
        tile2_io_cached_0_release_bits_data[41]                 tile2  
        tile2_io_cached_0_release_bits_data[42]                 tile2  
        tile2_io_cached_0_release_bits_data[43]                 tile2  
        tile2_io_cached_0_release_bits_data[44]                 tile2  
        tile2_io_cached_0_release_bits_data[45]                 tile2  
        tile2_io_cached_0_release_bits_data[46]                 tile2  
        tile2_io_cached_0_release_bits_data[47]                 tile2  
        tile2_io_cached_0_release_bits_data[48]                 tile2  
        tile2_io_cached_0_release_bits_data[49]                 tile2  
        tile2_io_cached_0_release_bits_data[50]                 tile2  
        tile2_io_cached_0_release_bits_data[51]                 tile2  
        tile2_io_cached_0_release_bits_data[52]                 tile2  
        tile2_io_cached_0_release_bits_data[53]                 tile2  
        tile2_io_cached_0_release_bits_data[54]                 tile2  
        tile2_io_cached_0_release_bits_data[55]                 tile2  
        tile2_io_cached_0_release_bits_data[56]                 tile2  
        tile2_io_cached_0_release_bits_data[57]                 tile2  
        tile2_io_cached_0_release_bits_data[58]                 tile2  
        tile2_io_cached_0_release_bits_data[59]                 tile2  
        tile2_io_cached_0_release_bits_data[60]                 tile2  
        tile2_io_cached_0_release_bits_data[61]                 tile2  
        tile2_io_cached_0_release_bits_data[62]                 tile2  
        tile2_io_cached_0_release_bits_data[63]                 tile2  
        tile2_io_cached_0_release_bits_r_type[0]                 tile2  
        tile2_io_cached_0_release_bits_r_type[1]                 tile2  
        tile2_io_cached_0_release_bits_r_type[2]                 tile2  
        tile2_io_cached_0_release_bits_voluntary                 tile2  
        tile2_io_cached_0_release_bits_client_xact_id                 tile2  
        tile2_io_cached_0_release_bits_addr_block[0]                 tile2  
        tile2_io_cached_0_release_bits_addr_block[1]                 tile2  
        tile2_io_cached_0_release_bits_addr_block[2]                 tile2  
        tile2_io_cached_0_release_bits_addr_block[3]                 tile2  
        tile2_io_cached_0_release_bits_addr_block[4]                 tile2  
        tile2_io_cached_0_release_bits_addr_block[5]                 tile2  
        tile2_io_cached_0_release_bits_addr_block[6]                 tile2  
        tile2_io_cached_0_release_bits_addr_block[7]                 tile2  
        tile2_io_cached_0_release_bits_addr_block[8]                 tile2  
        tile2_io_cached_0_release_bits_addr_block[9]                 tile2  
        tile2_io_cached_0_release_bits_addr_block[10]                 tile2  
        tile2_io_cached_0_release_bits_addr_block[11]                 tile2  
        tile2_io_cached_0_release_bits_addr_block[12]                 tile2  
        tile2_io_cached_0_release_bits_addr_block[13]                 tile2  
        tile2_io_cached_0_release_bits_addr_block[14]                 tile2  
        tile2_io_cached_0_release_bits_addr_block[15]                 tile2  
        tile2_io_cached_0_release_bits_addr_block[16]                 tile2  
        tile2_io_cached_0_release_bits_addr_block[17]                 tile2  
        tile2_io_cached_0_release_bits_addr_block[18]                 tile2  
        tile2_io_cached_0_release_bits_addr_block[19]                 tile2  
        tile2_io_cached_0_release_bits_addr_block[20]                 tile2  
        tile2_io_cached_0_release_bits_addr_block[21]                 tile2  
        tile2_io_cached_0_release_bits_addr_block[22]                 tile2  
        tile2_io_cached_0_release_bits_addr_block[23]                 tile2  
        tile2_io_cached_0_release_bits_addr_block[24]                 tile2  
        tile2_io_cached_0_release_bits_addr_block[25]                 tile2  
        tile2_io_cached_0_release_bits_addr_beat[0]                 tile2  
        tile2_io_cached_0_release_bits_addr_beat[1]                 tile2  
        tile2_io_cached_0_release_bits_addr_beat[2]                 tile2  
        tile2_io_cached_0_release_valid                 tile2  
        tile2_io_cached_0_release_ready                 tile2  
        tile2_io_cached_0_probe_bits_p_type[0]                 tile2  
        tile2_io_cached_0_probe_bits_p_type[1]                 tile2  
        tile2_io_cached_0_probe_bits_addr_block[0]                 tile2  
        tile2_io_cached_0_probe_bits_addr_block[1]                 tile2  
        tile2_io_cached_0_probe_bits_addr_block[2]                 tile2  
        tile2_io_cached_0_probe_bits_addr_block[3]                 tile2  
        tile2_io_cached_0_probe_bits_addr_block[4]                 tile2  
        tile2_io_cached_0_probe_bits_addr_block[5]                 tile2  
        tile2_io_cached_0_probe_bits_addr_block[6]                 tile2  
        tile2_io_cached_0_probe_bits_addr_block[7]                 tile2  
        tile2_io_cached_0_probe_bits_addr_block[8]                 tile2  
        tile2_io_cached_0_probe_bits_addr_block[9]                 tile2  
        tile2_io_cached_0_probe_bits_addr_block[10]                 tile2  
        tile2_io_cached_0_probe_bits_addr_block[11]                 tile2  
        tile2_io_cached_0_probe_bits_addr_block[12]                 tile2  
        tile2_io_cached_0_probe_bits_addr_block[13]                 tile2  
        tile2_io_cached_0_probe_bits_addr_block[14]                 tile2  
        tile2_io_cached_0_probe_bits_addr_block[15]                 tile2  
        tile2_io_cached_0_probe_bits_addr_block[16]                 tile2  
        tile2_io_cached_0_probe_bits_addr_block[17]                 tile2  
        tile2_io_cached_0_probe_bits_addr_block[18]                 tile2  
        tile2_io_cached_0_probe_bits_addr_block[19]                 tile2  
        tile2_io_cached_0_probe_bits_addr_block[20]                 tile2  
        tile2_io_cached_0_probe_bits_addr_block[21]                 tile2  
        tile2_io_cached_0_probe_bits_addr_block[22]                 tile2  
        tile2_io_cached_0_probe_bits_addr_block[23]                 tile2  
        tile2_io_cached_0_probe_bits_addr_block[24]                 tile2  
        tile2_io_cached_0_probe_bits_addr_block[25]                 tile2  
        tile2_io_cached_0_probe_valid                 tile2  
        tile2_io_cached_0_probe_ready                 tile2  
        tile2_io_cached_0_acquire_bits_data[0]                 tile2  
        tile2_io_cached_0_acquire_bits_data[1]                 tile2  
        tile2_io_cached_0_acquire_bits_data[2]                 tile2  
        tile2_io_cached_0_acquire_bits_data[3]                 tile2  
        tile2_io_cached_0_acquire_bits_data[4]                 tile2  
        tile2_io_cached_0_acquire_bits_data[5]                 tile2  
        tile2_io_cached_0_acquire_bits_data[6]                 tile2  
        tile2_io_cached_0_acquire_bits_data[7]                 tile2  
        tile2_io_cached_0_acquire_bits_data[8]                 tile2  
        tile2_io_cached_0_acquire_bits_data[9]                 tile2  
        tile2_io_cached_0_acquire_bits_data[10]                 tile2  
        tile2_io_cached_0_acquire_bits_data[11]                 tile2  
        tile2_io_cached_0_acquire_bits_data[12]                 tile2  
        tile2_io_cached_0_acquire_bits_data[13]                 tile2  
        tile2_io_cached_0_acquire_bits_data[14]                 tile2  
        tile2_io_cached_0_acquire_bits_data[15]                 tile2  
        tile2_io_cached_0_acquire_bits_data[16]                 tile2  
        tile2_io_cached_0_acquire_bits_data[17]                 tile2  
        tile2_io_cached_0_acquire_bits_data[18]                 tile2  
        tile2_io_cached_0_acquire_bits_data[19]                 tile2  
        tile2_io_cached_0_acquire_bits_data[20]                 tile2  
        tile2_io_cached_0_acquire_bits_data[21]                 tile2  
        tile2_io_cached_0_acquire_bits_data[22]                 tile2  
        tile2_io_cached_0_acquire_bits_data[23]                 tile2  
        tile2_io_cached_0_acquire_bits_data[24]                 tile2  
        tile2_io_cached_0_acquire_bits_data[25]                 tile2  
        tile2_io_cached_0_acquire_bits_data[26]                 tile2  
        tile2_io_cached_0_acquire_bits_data[27]                 tile2  
        tile2_io_cached_0_acquire_bits_data[28]                 tile2  
        tile2_io_cached_0_acquire_bits_data[29]                 tile2  
        tile2_io_cached_0_acquire_bits_data[30]                 tile2  
        tile2_io_cached_0_acquire_bits_data[31]                 tile2  
        tile2_io_cached_0_acquire_bits_data[32]                 tile2  
        tile2_io_cached_0_acquire_bits_data[33]                 tile2  
        tile2_io_cached_0_acquire_bits_data[34]                 tile2  
        tile2_io_cached_0_acquire_bits_data[35]                 tile2  
        tile2_io_cached_0_acquire_bits_data[36]                 tile2  
        tile2_io_cached_0_acquire_bits_data[37]                 tile2  
        tile2_io_cached_0_acquire_bits_data[38]                 tile2  
        tile2_io_cached_0_acquire_bits_data[39]                 tile2  
        tile2_io_cached_0_acquire_bits_data[40]                 tile2  
        tile2_io_cached_0_acquire_bits_data[41]                 tile2  
        tile2_io_cached_0_acquire_bits_data[42]                 tile2  
        tile2_io_cached_0_acquire_bits_data[43]                 tile2  
        tile2_io_cached_0_acquire_bits_data[44]                 tile2  
        tile2_io_cached_0_acquire_bits_data[45]                 tile2  
        tile2_io_cached_0_acquire_bits_data[46]                 tile2  
        tile2_io_cached_0_acquire_bits_data[47]                 tile2  
        tile2_io_cached_0_acquire_bits_data[48]                 tile2  
        tile2_io_cached_0_acquire_bits_data[49]                 tile2  
        tile2_io_cached_0_acquire_bits_data[50]                 tile2  
        tile2_io_cached_0_acquire_bits_data[51]                 tile2  
        tile2_io_cached_0_acquire_bits_data[52]                 tile2  
        tile2_io_cached_0_acquire_bits_data[53]                 tile2  
        tile2_io_cached_0_acquire_bits_data[54]                 tile2  
        tile2_io_cached_0_acquire_bits_data[55]                 tile2  
        tile2_io_cached_0_acquire_bits_data[56]                 tile2  
        tile2_io_cached_0_acquire_bits_data[57]                 tile2  
        tile2_io_cached_0_acquire_bits_data[58]                 tile2  
        tile2_io_cached_0_acquire_bits_data[59]                 tile2  
        tile2_io_cached_0_acquire_bits_data[60]                 tile2  
        tile2_io_cached_0_acquire_bits_data[61]                 tile2  
        tile2_io_cached_0_acquire_bits_data[62]                 tile2  
        tile2_io_cached_0_acquire_bits_data[63]                 tile2  
        tile2_io_cached_0_acquire_bits_union[0]                 tile2  
        tile2_io_cached_0_acquire_bits_union[1]                 tile2  
        tile2_io_cached_0_acquire_bits_union[2]                 tile2  
        tile2_io_cached_0_acquire_bits_union[3]                 tile2  
        tile2_io_cached_0_acquire_bits_union[4]                 tile2  
        tile2_io_cached_0_acquire_bits_union[5]                 tile2  
        tile2_io_cached_0_acquire_bits_union[6]                 tile2  
        tile2_io_cached_0_acquire_bits_union[7]                 tile2  
        tile2_io_cached_0_acquire_bits_union[8]                 tile2  
        tile2_io_cached_0_acquire_bits_union[9]                 tile2  
        tile2_io_cached_0_acquire_bits_union[10]                 tile2  
        tile2_io_cached_0_acquire_bits_a_type[0]                 tile2  
        tile2_io_cached_0_acquire_bits_a_type[1]                 tile2  
        tile2_io_cached_0_acquire_bits_a_type[2]                 tile2  
        tile2_io_cached_0_acquire_bits_is_builtin_type                 tile2  
        tile2_io_cached_0_acquire_bits_addr_beat[0]                 tile2  
        tile2_io_cached_0_acquire_bits_addr_beat[1]                 tile2  
        tile2_io_cached_0_acquire_bits_addr_beat[2]                 tile2  
        tile2_io_cached_0_acquire_bits_client_xact_id                 tile2  
        tile2_io_cached_0_acquire_bits_addr_block[0]                 tile2  
        tile2_io_cached_0_acquire_bits_addr_block[1]                 tile2  
        tile2_io_cached_0_acquire_bits_addr_block[2]                 tile2  
        tile2_io_cached_0_acquire_bits_addr_block[3]                 tile2  
        tile2_io_cached_0_acquire_bits_addr_block[4]                 tile2  
        tile2_io_cached_0_acquire_bits_addr_block[5]                 tile2  
        tile2_io_cached_0_acquire_bits_addr_block[6]                 tile2  
        tile2_io_cached_0_acquire_bits_addr_block[7]                 tile2  
        tile2_io_cached_0_acquire_bits_addr_block[8]                 tile2  
        tile2_io_cached_0_acquire_bits_addr_block[9]                 tile2  
        tile2_io_cached_0_acquire_bits_addr_block[10]                 tile2  
        tile2_io_cached_0_acquire_bits_addr_block[11]                 tile2  
        tile2_io_cached_0_acquire_bits_addr_block[12]                 tile2  
        tile2_io_cached_0_acquire_bits_addr_block[13]                 tile2  
        tile2_io_cached_0_acquire_bits_addr_block[14]                 tile2  
        tile2_io_cached_0_acquire_bits_addr_block[15]                 tile2  
        tile2_io_cached_0_acquire_bits_addr_block[16]                 tile2  
        tile2_io_cached_0_acquire_bits_addr_block[17]                 tile2  
        tile2_io_cached_0_acquire_bits_addr_block[18]                 tile2  
        tile2_io_cached_0_acquire_bits_addr_block[19]                 tile2  
        tile2_io_cached_0_acquire_bits_addr_block[20]                 tile2  
        tile2_io_cached_0_acquire_bits_addr_block[21]                 tile2  
        tile2_io_cached_0_acquire_bits_addr_block[22]                 tile2  
        tile2_io_cached_0_acquire_bits_addr_block[23]                 tile2  
        tile2_io_cached_0_acquire_bits_addr_block[24]                 tile2  
        tile2_io_cached_0_acquire_bits_addr_block[25]                 tile2  
        tile2_io_cached_0_acquire_valid                 tile2  
        tile2_io_cached_0_acquire_ready                 tile2  
        tile1_io_prci_interrupts_msip                 tile1  
        tile1_io_prci_interrupts_mtip                 tile1  
        tile1_io_prci_interrupts_debug                 tile1  
        tile1_io_prci_interrupts_seip                 tile1  
        tile1_io_prci_interrupts_meip                 tile1  
         tile1_io_prci_id[0]                 tile1  
         tile1_io_prci_id[1]                 tile1  
         tile1_io_prci_reset                 tile1  
        tile1_io_uncached_0_grant_bits_data[0]                 tile1  
        tile1_io_uncached_0_grant_bits_data[1]                 tile1  
        tile1_io_uncached_0_grant_bits_data[2]                 tile1  
        tile1_io_uncached_0_grant_bits_data[3]                 tile1  
        tile1_io_uncached_0_grant_bits_data[4]                 tile1  
        tile1_io_uncached_0_grant_bits_data[5]                 tile1  
        tile1_io_uncached_0_grant_bits_data[6]                 tile1  
        tile1_io_uncached_0_grant_bits_data[7]                 tile1  
        tile1_io_uncached_0_grant_bits_data[8]                 tile1  
        tile1_io_uncached_0_grant_bits_data[9]                 tile1  
        tile1_io_uncached_0_grant_bits_data[10]                 tile1  
        tile1_io_uncached_0_grant_bits_data[11]                 tile1  
        tile1_io_uncached_0_grant_bits_data[12]                 tile1  
        tile1_io_uncached_0_grant_bits_data[13]                 tile1  
        tile1_io_uncached_0_grant_bits_data[14]                 tile1  
        tile1_io_uncached_0_grant_bits_data[15]                 tile1  
        tile1_io_uncached_0_grant_bits_data[16]                 tile1  
        tile1_io_uncached_0_grant_bits_data[17]                 tile1  
        tile1_io_uncached_0_grant_bits_data[18]                 tile1  
        tile1_io_uncached_0_grant_bits_data[19]                 tile1  
        tile1_io_uncached_0_grant_bits_data[20]                 tile1  
        tile1_io_uncached_0_grant_bits_data[21]                 tile1  
        tile1_io_uncached_0_grant_bits_data[22]                 tile1  
        tile1_io_uncached_0_grant_bits_data[23]                 tile1  
        tile1_io_uncached_0_grant_bits_data[24]                 tile1  
        tile1_io_uncached_0_grant_bits_data[25]                 tile1  
        tile1_io_uncached_0_grant_bits_data[26]                 tile1  
        tile1_io_uncached_0_grant_bits_data[27]                 tile1  
        tile1_io_uncached_0_grant_bits_data[28]                 tile1  
        tile1_io_uncached_0_grant_bits_data[29]                 tile1  
        tile1_io_uncached_0_grant_bits_data[30]                 tile1  
        tile1_io_uncached_0_grant_bits_data[31]                 tile1  
        tile1_io_uncached_0_grant_bits_data[32]                 tile1  
        tile1_io_uncached_0_grant_bits_data[33]                 tile1  
        tile1_io_uncached_0_grant_bits_data[34]                 tile1  
        tile1_io_uncached_0_grant_bits_data[35]                 tile1  
        tile1_io_uncached_0_grant_bits_data[36]                 tile1  
        tile1_io_uncached_0_grant_bits_data[37]                 tile1  
        tile1_io_uncached_0_grant_bits_data[38]                 tile1  
        tile1_io_uncached_0_grant_bits_data[39]                 tile1  
        tile1_io_uncached_0_grant_bits_data[40]                 tile1  
        tile1_io_uncached_0_grant_bits_data[41]                 tile1  
        tile1_io_uncached_0_grant_bits_data[42]                 tile1  
        tile1_io_uncached_0_grant_bits_data[43]                 tile1  
        tile1_io_uncached_0_grant_bits_data[44]                 tile1  
        tile1_io_uncached_0_grant_bits_data[45]                 tile1  
        tile1_io_uncached_0_grant_bits_data[46]                 tile1  
        tile1_io_uncached_0_grant_bits_data[47]                 tile1  
        tile1_io_uncached_0_grant_bits_data[48]                 tile1  
        tile1_io_uncached_0_grant_bits_data[49]                 tile1  
        tile1_io_uncached_0_grant_bits_data[50]                 tile1  
        tile1_io_uncached_0_grant_bits_data[51]                 tile1  
        tile1_io_uncached_0_grant_bits_data[52]                 tile1  
        tile1_io_uncached_0_grant_bits_data[53]                 tile1  
        tile1_io_uncached_0_grant_bits_data[54]                 tile1  
        tile1_io_uncached_0_grant_bits_data[55]                 tile1  
        tile1_io_uncached_0_grant_bits_data[56]                 tile1  
        tile1_io_uncached_0_grant_bits_data[57]                 tile1  
        tile1_io_uncached_0_grant_bits_data[58]                 tile1  
        tile1_io_uncached_0_grant_bits_data[59]                 tile1  
        tile1_io_uncached_0_grant_bits_data[60]                 tile1  
        tile1_io_uncached_0_grant_bits_data[61]                 tile1  
        tile1_io_uncached_0_grant_bits_data[62]                 tile1  
        tile1_io_uncached_0_grant_bits_data[63]                 tile1  
        tile1_io_uncached_0_grant_bits_g_type[0]                 tile1  
        tile1_io_uncached_0_grant_bits_g_type[1]                 tile1  
        tile1_io_uncached_0_grant_bits_g_type[2]                 tile1  
        tile1_io_uncached_0_grant_bits_g_type[3]                 tile1  
        tile1_io_uncached_0_grant_bits_is_builtin_type                 tile1  
        tile1_io_uncached_0_grant_bits_manager_xact_id[0]                 tile1  
        tile1_io_uncached_0_grant_bits_manager_xact_id[1]                 tile1  
        tile1_io_uncached_0_grant_bits_manager_xact_id[2]                 tile1  
        tile1_io_uncached_0_grant_bits_manager_xact_id[3]                 tile1  
        tile1_io_uncached_0_grant_bits_client_xact_id                 tile1  
        tile1_io_uncached_0_grant_bits_addr_beat[0]                 tile1  
        tile1_io_uncached_0_grant_bits_addr_beat[1]                 tile1  
        tile1_io_uncached_0_grant_bits_addr_beat[2]                 tile1  
        tile1_io_uncached_0_grant_valid                 tile1  
        tile1_io_uncached_0_grant_ready                 tile1  
        tile1_io_uncached_0_acquire_bits_union[0]                 tile1  
        tile1_io_uncached_0_acquire_bits_union[1]                 tile1  
        tile1_io_uncached_0_acquire_bits_union[2]                 tile1  
        tile1_io_uncached_0_acquire_bits_union[3]                 tile1  
        tile1_io_uncached_0_acquire_bits_union[4]                 tile1  
        tile1_io_uncached_0_acquire_bits_union[5]                 tile1  
        tile1_io_uncached_0_acquire_bits_union[6]                 tile1  
        tile1_io_uncached_0_acquire_bits_union[7]                 tile1  
        tile1_io_uncached_0_acquire_bits_union[8]                 tile1  
        tile1_io_uncached_0_acquire_bits_union[9]                 tile1  
        tile1_io_uncached_0_acquire_bits_union[10]                 tile1  
        tile1_io_uncached_0_acquire_bits_addr_block[0]                 tile1  
        tile1_io_uncached_0_acquire_bits_addr_block[1]                 tile1  
        tile1_io_uncached_0_acquire_bits_addr_block[2]                 tile1  
        tile1_io_uncached_0_acquire_bits_addr_block[3]                 tile1  
        tile1_io_uncached_0_acquire_bits_addr_block[4]                 tile1  
        tile1_io_uncached_0_acquire_bits_addr_block[5]                 tile1  
        tile1_io_uncached_0_acquire_bits_addr_block[6]                 tile1  
        tile1_io_uncached_0_acquire_bits_addr_block[7]                 tile1  
        tile1_io_uncached_0_acquire_bits_addr_block[8]                 tile1  
        tile1_io_uncached_0_acquire_bits_addr_block[9]                 tile1  
        tile1_io_uncached_0_acquire_bits_addr_block[10]                 tile1  
        tile1_io_uncached_0_acquire_bits_addr_block[11]                 tile1  
        tile1_io_uncached_0_acquire_bits_addr_block[12]                 tile1  
        tile1_io_uncached_0_acquire_bits_addr_block[13]                 tile1  
        tile1_io_uncached_0_acquire_bits_addr_block[14]                 tile1  
        tile1_io_uncached_0_acquire_bits_addr_block[15]                 tile1  
        tile1_io_uncached_0_acquire_bits_addr_block[16]                 tile1  
        tile1_io_uncached_0_acquire_bits_addr_block[17]                 tile1  
        tile1_io_uncached_0_acquire_bits_addr_block[18]                 tile1  
        tile1_io_uncached_0_acquire_bits_addr_block[19]                 tile1  
        tile1_io_uncached_0_acquire_bits_addr_block[20]                 tile1  
        tile1_io_uncached_0_acquire_bits_addr_block[21]                 tile1  
        tile1_io_uncached_0_acquire_bits_addr_block[22]                 tile1  
        tile1_io_uncached_0_acquire_bits_addr_block[23]                 tile1  
        tile1_io_uncached_0_acquire_bits_addr_block[24]                 tile1  
        tile1_io_uncached_0_acquire_bits_addr_block[25]                 tile1  
        tile1_io_uncached_0_acquire_ready                 tile1  
        tile1_io_cached_0_finish_bits_manager_id                 tile1  
        tile1_io_cached_0_finish_bits_manager_xact_id[0]                 tile1  
        tile1_io_cached_0_finish_bits_manager_xact_id[1]                 tile1  
        tile1_io_cached_0_finish_bits_manager_xact_id[2]                 tile1  
        tile1_io_cached_0_finish_bits_manager_xact_id[3]                 tile1  
        tile1_io_cached_0_finish_valid                 tile1  
        tile1_io_cached_0_finish_ready                 tile1  
        tile1_io_cached_0_grant_bits_manager_id                 tile1  
        tile1_io_cached_0_grant_bits_data[0]                 tile1  
        tile1_io_cached_0_grant_bits_data[1]                 tile1  
        tile1_io_cached_0_grant_bits_data[2]                 tile1  
        tile1_io_cached_0_grant_bits_data[3]                 tile1  
        tile1_io_cached_0_grant_bits_data[4]                 tile1  
        tile1_io_cached_0_grant_bits_data[5]                 tile1  
        tile1_io_cached_0_grant_bits_data[6]                 tile1  
        tile1_io_cached_0_grant_bits_data[7]                 tile1  
        tile1_io_cached_0_grant_bits_data[8]                 tile1  
        tile1_io_cached_0_grant_bits_data[9]                 tile1  
        tile1_io_cached_0_grant_bits_data[10]                 tile1  
        tile1_io_cached_0_grant_bits_data[11]                 tile1  
        tile1_io_cached_0_grant_bits_data[12]                 tile1  
        tile1_io_cached_0_grant_bits_data[13]                 tile1  
        tile1_io_cached_0_grant_bits_data[14]                 tile1  
        tile1_io_cached_0_grant_bits_data[15]                 tile1  
        tile1_io_cached_0_grant_bits_data[16]                 tile1  
        tile1_io_cached_0_grant_bits_data[17]                 tile1  
        tile1_io_cached_0_grant_bits_data[18]                 tile1  
        tile1_io_cached_0_grant_bits_data[19]                 tile1  
        tile1_io_cached_0_grant_bits_data[20]                 tile1  
        tile1_io_cached_0_grant_bits_data[21]                 tile1  
        tile1_io_cached_0_grant_bits_data[22]                 tile1  
        tile1_io_cached_0_grant_bits_data[23]                 tile1  
        tile1_io_cached_0_grant_bits_data[24]                 tile1  
        tile1_io_cached_0_grant_bits_data[25]                 tile1  
        tile1_io_cached_0_grant_bits_data[26]                 tile1  
        tile1_io_cached_0_grant_bits_data[27]                 tile1  
        tile1_io_cached_0_grant_bits_data[28]                 tile1  
        tile1_io_cached_0_grant_bits_data[29]                 tile1  
        tile1_io_cached_0_grant_bits_data[30]                 tile1  
        tile1_io_cached_0_grant_bits_data[31]                 tile1  
        tile1_io_cached_0_grant_bits_data[32]                 tile1  
        tile1_io_cached_0_grant_bits_data[33]                 tile1  
        tile1_io_cached_0_grant_bits_data[34]                 tile1  
        tile1_io_cached_0_grant_bits_data[35]                 tile1  
        tile1_io_cached_0_grant_bits_data[36]                 tile1  
        tile1_io_cached_0_grant_bits_data[37]                 tile1  
        tile1_io_cached_0_grant_bits_data[38]                 tile1  
        tile1_io_cached_0_grant_bits_data[39]                 tile1  
        tile1_io_cached_0_grant_bits_data[40]                 tile1  
        tile1_io_cached_0_grant_bits_data[41]                 tile1  
        tile1_io_cached_0_grant_bits_data[42]                 tile1  
        tile1_io_cached_0_grant_bits_data[43]                 tile1  
        tile1_io_cached_0_grant_bits_data[44]                 tile1  
        tile1_io_cached_0_grant_bits_data[45]                 tile1  
        tile1_io_cached_0_grant_bits_data[46]                 tile1  
        tile1_io_cached_0_grant_bits_data[47]                 tile1  
        tile1_io_cached_0_grant_bits_data[48]                 tile1  
        tile1_io_cached_0_grant_bits_data[49]                 tile1  
        tile1_io_cached_0_grant_bits_data[50]                 tile1  
        tile1_io_cached_0_grant_bits_data[51]                 tile1  
        tile1_io_cached_0_grant_bits_data[52]                 tile1  
        tile1_io_cached_0_grant_bits_data[53]                 tile1  
        tile1_io_cached_0_grant_bits_data[54]                 tile1  
        tile1_io_cached_0_grant_bits_data[55]                 tile1  
        tile1_io_cached_0_grant_bits_data[56]                 tile1  
        tile1_io_cached_0_grant_bits_data[57]                 tile1  
        tile1_io_cached_0_grant_bits_data[58]                 tile1  
        tile1_io_cached_0_grant_bits_data[59]                 tile1  
        tile1_io_cached_0_grant_bits_data[60]                 tile1  
        tile1_io_cached_0_grant_bits_data[61]                 tile1  
        tile1_io_cached_0_grant_bits_data[62]                 tile1  
        tile1_io_cached_0_grant_bits_data[63]                 tile1  
        tile1_io_cached_0_grant_bits_g_type[0]                 tile1  
        tile1_io_cached_0_grant_bits_g_type[1]                 tile1  
        tile1_io_cached_0_grant_bits_g_type[2]                 tile1  
        tile1_io_cached_0_grant_bits_g_type[3]                 tile1  
        tile1_io_cached_0_grant_bits_is_builtin_type                 tile1  
        tile1_io_cached_0_grant_bits_manager_xact_id[0]                 tile1  
        tile1_io_cached_0_grant_bits_manager_xact_id[1]                 tile1  
        tile1_io_cached_0_grant_bits_manager_xact_id[2]                 tile1  
        tile1_io_cached_0_grant_bits_manager_xact_id[3]                 tile1  
        tile1_io_cached_0_grant_bits_client_xact_id                 tile1  
        tile1_io_cached_0_grant_bits_addr_beat[0]                 tile1  
        tile1_io_cached_0_grant_bits_addr_beat[1]                 tile1  
        tile1_io_cached_0_grant_bits_addr_beat[2]                 tile1  
        tile1_io_cached_0_grant_valid                 tile1  
        tile1_io_cached_0_grant_ready                 tile1  
        tile1_io_cached_0_release_bits_data[0]                 tile1  
        tile1_io_cached_0_release_bits_data[1]                 tile1  
        tile1_io_cached_0_release_bits_data[2]                 tile1  
        tile1_io_cached_0_release_bits_data[3]                 tile1  
        tile1_io_cached_0_release_bits_data[4]                 tile1  
        tile1_io_cached_0_release_bits_data[5]                 tile1  
        tile1_io_cached_0_release_bits_data[6]                 tile1  
        tile1_io_cached_0_release_bits_data[7]                 tile1  
        tile1_io_cached_0_release_bits_data[8]                 tile1  
        tile1_io_cached_0_release_bits_data[9]                 tile1  
        tile1_io_cached_0_release_bits_data[10]                 tile1  
        tile1_io_cached_0_release_bits_data[11]                 tile1  
        tile1_io_cached_0_release_bits_data[12]                 tile1  
        tile1_io_cached_0_release_bits_data[13]                 tile1  
        tile1_io_cached_0_release_bits_data[14]                 tile1  
        tile1_io_cached_0_release_bits_data[15]                 tile1  
        tile1_io_cached_0_release_bits_data[16]                 tile1  
        tile1_io_cached_0_release_bits_data[17]                 tile1  
        tile1_io_cached_0_release_bits_data[18]                 tile1  
        tile1_io_cached_0_release_bits_data[19]                 tile1  
        tile1_io_cached_0_release_bits_data[20]                 tile1  
        tile1_io_cached_0_release_bits_data[21]                 tile1  
        tile1_io_cached_0_release_bits_data[22]                 tile1  
        tile1_io_cached_0_release_bits_data[23]                 tile1  
        tile1_io_cached_0_release_bits_data[24]                 tile1  
        tile1_io_cached_0_release_bits_data[25]                 tile1  
        tile1_io_cached_0_release_bits_data[26]                 tile1  
        tile1_io_cached_0_release_bits_data[27]                 tile1  
        tile1_io_cached_0_release_bits_data[28]                 tile1  
        tile1_io_cached_0_release_bits_data[29]                 tile1  
        tile1_io_cached_0_release_bits_data[30]                 tile1  
        tile1_io_cached_0_release_bits_data[31]                 tile1  
        tile1_io_cached_0_release_bits_data[32]                 tile1  
        tile1_io_cached_0_release_bits_data[33]                 tile1  
        tile1_io_cached_0_release_bits_data[34]                 tile1  
        tile1_io_cached_0_release_bits_data[35]                 tile1  
        tile1_io_cached_0_release_bits_data[36]                 tile1  
        tile1_io_cached_0_release_bits_data[37]                 tile1  
        tile1_io_cached_0_release_bits_data[38]                 tile1  
        tile1_io_cached_0_release_bits_data[39]                 tile1  
        tile1_io_cached_0_release_bits_data[40]                 tile1  
        tile1_io_cached_0_release_bits_data[41]                 tile1  
        tile1_io_cached_0_release_bits_data[42]                 tile1  
        tile1_io_cached_0_release_bits_data[43]                 tile1  
        tile1_io_cached_0_release_bits_data[44]                 tile1  
        tile1_io_cached_0_release_bits_data[45]                 tile1  
        tile1_io_cached_0_release_bits_data[46]                 tile1  
        tile1_io_cached_0_release_bits_data[47]                 tile1  
        tile1_io_cached_0_release_bits_data[48]                 tile1  
        tile1_io_cached_0_release_bits_data[49]                 tile1  
        tile1_io_cached_0_release_bits_data[50]                 tile1  
        tile1_io_cached_0_release_bits_data[51]                 tile1  
        tile1_io_cached_0_release_bits_data[52]                 tile1  
        tile1_io_cached_0_release_bits_data[53]                 tile1  
        tile1_io_cached_0_release_bits_data[54]                 tile1  
        tile1_io_cached_0_release_bits_data[55]                 tile1  
        tile1_io_cached_0_release_bits_data[56]                 tile1  
        tile1_io_cached_0_release_bits_data[57]                 tile1  
        tile1_io_cached_0_release_bits_data[58]                 tile1  
        tile1_io_cached_0_release_bits_data[59]                 tile1  
        tile1_io_cached_0_release_bits_data[60]                 tile1  
        tile1_io_cached_0_release_bits_data[61]                 tile1  
        tile1_io_cached_0_release_bits_data[62]                 tile1  
        tile1_io_cached_0_release_bits_data[63]                 tile1  
        tile1_io_cached_0_release_bits_r_type[0]                 tile1  
        tile1_io_cached_0_release_bits_r_type[1]                 tile1  
        tile1_io_cached_0_release_bits_r_type[2]                 tile1  
        tile1_io_cached_0_release_bits_voluntary                 tile1  
        tile1_io_cached_0_release_bits_client_xact_id                 tile1  
        tile1_io_cached_0_release_bits_addr_block[0]                 tile1  
        tile1_io_cached_0_release_bits_addr_block[1]                 tile1  
        tile1_io_cached_0_release_bits_addr_block[2]                 tile1  
        tile1_io_cached_0_release_bits_addr_block[3]                 tile1  
        tile1_io_cached_0_release_bits_addr_block[4]                 tile1  
        tile1_io_cached_0_release_bits_addr_block[5]                 tile1  
        tile1_io_cached_0_release_bits_addr_block[6]                 tile1  
        tile1_io_cached_0_release_bits_addr_block[7]                 tile1  
        tile1_io_cached_0_release_bits_addr_block[8]                 tile1  
        tile1_io_cached_0_release_bits_addr_block[9]                 tile1  
        tile1_io_cached_0_release_bits_addr_block[10]                 tile1  
        tile1_io_cached_0_release_bits_addr_block[11]                 tile1  
        tile1_io_cached_0_release_bits_addr_block[12]                 tile1  
        tile1_io_cached_0_release_bits_addr_block[13]                 tile1  
        tile1_io_cached_0_release_bits_addr_block[14]                 tile1  
        tile1_io_cached_0_release_bits_addr_block[15]                 tile1  
        tile1_io_cached_0_release_bits_addr_block[16]                 tile1  
        tile1_io_cached_0_release_bits_addr_block[17]                 tile1  
        tile1_io_cached_0_release_bits_addr_block[18]                 tile1  
        tile1_io_cached_0_release_bits_addr_block[19]                 tile1  
        tile1_io_cached_0_release_bits_addr_block[20]                 tile1  
        tile1_io_cached_0_release_bits_addr_block[21]                 tile1  
        tile1_io_cached_0_release_bits_addr_block[22]                 tile1  
        tile1_io_cached_0_release_bits_addr_block[23]                 tile1  
        tile1_io_cached_0_release_bits_addr_block[24]                 tile1  
        tile1_io_cached_0_release_bits_addr_block[25]                 tile1  
        tile1_io_cached_0_release_bits_addr_beat[0]                 tile1  
        tile1_io_cached_0_release_bits_addr_beat[1]                 tile1  
        tile1_io_cached_0_release_bits_addr_beat[2]                 tile1  
        tile1_io_cached_0_release_valid                 tile1  
        tile1_io_cached_0_release_ready                 tile1  
        tile1_io_cached_0_probe_bits_p_type[0]                 tile1  
        tile1_io_cached_0_probe_bits_p_type[1]                 tile1  
        tile1_io_cached_0_probe_bits_addr_block[0]                 tile1  
        tile1_io_cached_0_probe_bits_addr_block[1]                 tile1  
        tile1_io_cached_0_probe_bits_addr_block[2]                 tile1  
        tile1_io_cached_0_probe_bits_addr_block[3]                 tile1  
        tile1_io_cached_0_probe_bits_addr_block[4]                 tile1  
        tile1_io_cached_0_probe_bits_addr_block[5]                 tile1  
        tile1_io_cached_0_probe_bits_addr_block[6]                 tile1  
        tile1_io_cached_0_probe_bits_addr_block[7]                 tile1  
        tile1_io_cached_0_probe_bits_addr_block[8]                 tile1  
        tile1_io_cached_0_probe_bits_addr_block[9]                 tile1  
        tile1_io_cached_0_probe_bits_addr_block[10]                 tile1  
        tile1_io_cached_0_probe_bits_addr_block[11]                 tile1  
        tile1_io_cached_0_probe_bits_addr_block[12]                 tile1  
        tile1_io_cached_0_probe_bits_addr_block[13]                 tile1  
        tile1_io_cached_0_probe_bits_addr_block[14]                 tile1  
        tile1_io_cached_0_probe_bits_addr_block[15]                 tile1  
        tile1_io_cached_0_probe_bits_addr_block[16]                 tile1  
        tile1_io_cached_0_probe_bits_addr_block[17]                 tile1  
        tile1_io_cached_0_probe_bits_addr_block[18]                 tile1  
        tile1_io_cached_0_probe_bits_addr_block[19]                 tile1  
        tile1_io_cached_0_probe_bits_addr_block[20]                 tile1  
        tile1_io_cached_0_probe_bits_addr_block[21]                 tile1  
        tile1_io_cached_0_probe_bits_addr_block[22]                 tile1  
        tile1_io_cached_0_probe_bits_addr_block[23]                 tile1  
        tile1_io_cached_0_probe_bits_addr_block[24]                 tile1  
        tile1_io_cached_0_probe_bits_addr_block[25]                 tile1  
        tile1_io_cached_0_probe_valid                 tile1  
        tile1_io_cached_0_probe_ready                 tile1  
        tile1_io_cached_0_acquire_bits_union[0]                 tile1  
        tile1_io_cached_0_acquire_bits_union[1]                 tile1  
        tile1_io_cached_0_acquire_bits_union[2]                 tile1  
        tile1_io_cached_0_acquire_bits_union[3]                 tile1  
        tile1_io_cached_0_acquire_bits_union[4]                 tile1  
        tile1_io_cached_0_acquire_bits_union[5]                 tile1  
        tile1_io_cached_0_acquire_bits_union[6]                 tile1  
        tile1_io_cached_0_acquire_bits_union[7]                 tile1  
        tile1_io_cached_0_acquire_bits_union[8]                 tile1  
        tile1_io_cached_0_acquire_bits_union[9]                 tile1  
        tile1_io_cached_0_acquire_bits_union[10]                 tile1  
        tile1_io_cached_0_acquire_bits_addr_block[0]                 tile1  
        tile1_io_cached_0_acquire_bits_addr_block[1]                 tile1  
        tile1_io_cached_0_acquire_bits_addr_block[2]                 tile1  
        tile1_io_cached_0_acquire_bits_addr_block[3]                 tile1  
        tile1_io_cached_0_acquire_bits_addr_block[4]                 tile1  
        tile1_io_cached_0_acquire_bits_addr_block[5]                 tile1  
        tile1_io_cached_0_acquire_bits_addr_block[6]                 tile1  
        tile1_io_cached_0_acquire_bits_addr_block[7]                 tile1  
        tile1_io_cached_0_acquire_bits_addr_block[8]                 tile1  
        tile1_io_cached_0_acquire_bits_addr_block[9]                 tile1  
        tile1_io_cached_0_acquire_bits_addr_block[10]                 tile1  
        tile1_io_cached_0_acquire_bits_addr_block[11]                 tile1  
        tile1_io_cached_0_acquire_bits_addr_block[12]                 tile1  
        tile1_io_cached_0_acquire_bits_addr_block[13]                 tile1  
        tile1_io_cached_0_acquire_bits_addr_block[14]                 tile1  
        tile1_io_cached_0_acquire_bits_addr_block[15]                 tile1  
        tile1_io_cached_0_acquire_bits_addr_block[16]                 tile1  
        tile1_io_cached_0_acquire_bits_addr_block[17]                 tile1  
        tile1_io_cached_0_acquire_bits_addr_block[18]                 tile1  
        tile1_io_cached_0_acquire_bits_addr_block[19]                 tile1  
        tile1_io_cached_0_acquire_bits_addr_block[20]                 tile1  
        tile1_io_cached_0_acquire_bits_addr_block[21]                 tile1  
        tile1_io_cached_0_acquire_bits_addr_block[22]                 tile1  
        tile1_io_cached_0_acquire_bits_addr_block[23]                 tile1  
        tile1_io_cached_0_acquire_bits_addr_block[24]                 tile1  
        tile1_io_cached_0_acquire_bits_addr_block[25]                 tile1  
        tile1_io_cached_0_acquire_ready                 tile1  
                       reset                 tile1  
                         clk                 tile1  760  760  
# Pins: 
    ------------------------------
    Correctness of Pin Connectivity for All Instances
    ------------------------------
    # Floating Terms  0  
    # Output Term Marked Tie Hi/Lo  0  
    # Output Term Shorted to PG Net  0  1056  
# PG Pins: 
    ------------------------------
    Correctness of PG Pin Connectivity for All Instances
    ------------------------------
    # Instances that No Net Defined for Any PG Pin  0  
    # Floating PG Terms  0  
    # PG Pins Connect to Non-PG Net  0  
    # Power Pins Connect Ground Net  0  
    # Ground Pins Connect Power Net  0  4  
Average Pins Per Net(Signal): 1.163  

==============================
General Library Information
==============================
# Routing Layers: 10  
# Masterslice Layers: 2  
# Pin Layers: 
    General Caution:
        1) Library have metal6, metal7, metal8 and metal9 pins, you should setPreRouteAsObs {1 2 3}                                 to ensure these pins are accessible after placement

    ------------------------------
    Pin Layers
    ------------------------------
    metal9  
    metal8  
    metal7  
    metal6  4  
# Layers: 
    ------------------------------
    Layer OVERLAP Information
    ------------------------------
    Type  Overlap  
    ------------------------------
    Layer OVERLAP InformationLayer metal10 Information
    ------------------------------
    Type  Routing  
    Wire Pitch X  1.600 um  
    Wire Pitch Y  1.600 um  
    Offset X  0.095 um  
    Offset Y  0.070 um  
    Wire Width  0.800 um  
    Spacing  0.800 um  
    ------------------------------
    Layer OVERLAP InformationLayer metal10 InformationLayer via9 Information
    ------------------------------
    Type  Cut  
    Wire Width  0.800 um  
    Vias  
        ------------------------------
        Via list in layer via9
        ------------------------------
                Vias in via9  Default  
                      via9_0      Yes  For complete list click here  
    Multiple Orientation Vias  CAUTION: There is only one default via in this layer  
    ------------------------------
    Layer OVERLAP InformationLayer metal10 InformationLayer via9 InformationLayer metal9 Information
    ------------------------------
    Type  Routing  
    Wire Pitch X  1.600 um  
    Wire Pitch Y  1.600 um  
    Offset X  0.095 um  
    Offset Y  0.070 um  
    Wire Width  0.800 um  
    Spacing  0.800 um  
    ------------------------------
    Layer OVERLAP InformationLayer metal10 InformationLayer via9 InformationLayer metal9 InformationLayer via8 Information
    ------------------------------
    Type  Cut  
    Wire Width  0.400 um  
    Vias  
        ------------------------------
        Via list in layer via8
        ------------------------------
                Vias in via8  Default  
                      via8_0      Yes  For complete list click here  
    Multiple Orientation Vias  CAUTION: There is only one default via in this layer  
    ------------------------------
    Layer OVERLAP InformationLayer metal10 InformationLayer via9 InformationLayer metal9 InformationLayer via8 InformationLayer metal8 Information
    ------------------------------
    Type  Routing  
    Wire Pitch X  0.800 um  
    Wire Pitch Y  0.800 um  
    Offset X  0.095 um  
    Offset Y  0.070 um  
    Wire Width  0.400 um  
    Spacing  0.400 um  
    ------------------------------
    Layer OVERLAP InformationLayer metal10 InformationLayer via9 InformationLayer metal9 InformationLayer via8 InformationLayer metal8 InformationLayer via7 Information
    ------------------------------
    Type  Cut  
    Wire Width  0.400 um  
    Vias  
        ------------------------------
        Via list in layer via7
        ------------------------------
                Vias in via7  Default  
                      via7_0      Yes  For complete list click here  
    Multiple Orientation Vias  CAUTION: There is only one default via in this layer  
    ------------------------------
    Layer OVERLAP InformationLayer metal10 InformationLayer via9 InformationLayer metal9 InformationLayer via8 InformationLayer metal8 InformationLayer via7 InformationLayer metal7 Information
    ------------------------------
    Type  Routing  
    Wire Pitch X  0.800 um  
    Wire Pitch Y  0.800 um  
    Offset X  0.095 um  
    Offset Y  0.070 um  
    Wire Width  0.400 um  
    Spacing  0.400 um  
    ------------------------------
    Layer OVERLAP InformationLayer metal10 InformationLayer via9 InformationLayer metal9 InformationLayer via8 InformationLayer metal8 InformationLayer via7 InformationLayer metal7 InformationLayer via6 Information
    ------------------------------
    Type  Cut  
    Wire Width  0.140 um  
    Vias  
        ------------------------------
        Via list in layer via6
        ------------------------------
                Vias in via6  Default  
                      via6_0      Yes  For complete list click here  
    Multiple Orientation Vias  CAUTION: There is only one default via in this layer  
    ------------------------------
    Layer OVERLAP InformationLayer metal10 InformationLayer via9 InformationLayer metal9 InformationLayer via8 InformationLayer metal8 InformationLayer via7 InformationLayer metal7 InformationLayer via6 InformationLayer metal6 Information
    ------------------------------
    Type  Routing  
    Wire Pitch X  0.280 um  
    Wire Pitch Y  0.280 um  
    Offset X  0.095 um  
    Offset Y  0.070 um  
    Wire Width  0.140 um  
    Spacing  0.140 um  
    ------------------------------
    Layer OVERLAP InformationLayer metal10 InformationLayer via9 InformationLayer metal9 InformationLayer via8 InformationLayer metal8 InformationLayer via7 InformationLayer metal7 InformationLayer via6 InformationLayer metal6 InformationLayer via5 Information
    ------------------------------
    Type  Cut  
    Wire Width  0.140 um  
    Vias  
        ------------------------------
        Via list in layer via5
        ------------------------------
                Vias in via5  Default  
                      via5_0      Yes  For complete list click here  
    Multiple Orientation Vias  CAUTION: There is only one default via in this layer  
    ------------------------------
    Layer OVERLAP InformationLayer metal10 InformationLayer via9 InformationLayer metal9 InformationLayer via8 InformationLayer metal8 InformationLayer via7 InformationLayer metal7 InformationLayer via6 InformationLayer metal6 InformationLayer via5 InformationLayer metal5 Information
    ------------------------------
    Type  Routing  
    Wire Pitch X  0.280 um  
    Wire Pitch Y  0.280 um  
    Offset X  0.095 um  
    Offset Y  0.070 um  
    Wire Width  0.140 um  
    Spacing  0.140 um  
    ------------------------------
    Layer OVERLAP InformationLayer metal10 InformationLayer via9 InformationLayer metal9 InformationLayer via8 InformationLayer metal8 InformationLayer via7 InformationLayer metal7 InformationLayer via6 InformationLayer metal6 InformationLayer via5 InformationLayer metal5 InformationLayer via4 Information
    ------------------------------
    Type  Cut  
    Wire Width  0.140 um  
    Vias  
        ------------------------------
        Via list in layer via4
        ------------------------------
                Vias in via4  Default  
                      via4_0      Yes  For complete list click here  
    Multiple Orientation Vias  CAUTION: There is only one default via in this layer  
    ------------------------------
    Layer OVERLAP InformationLayer metal10 InformationLayer via9 InformationLayer metal9 InformationLayer via8 InformationLayer metal8 InformationLayer via7 InformationLayer metal7 InformationLayer via6 InformationLayer metal6 InformationLayer via5 InformationLayer metal5 InformationLayer via4 InformationLayer metal4 Information
    ------------------------------
    Type  Routing  
    Wire Pitch X  0.280 um  
    Wire Pitch Y  0.280 um  
    Offset X  0.095 um  
    Offset Y  0.070 um  
    Wire Width  0.140 um  
    Spacing  0.140 um  
    ------------------------------
    Layer OVERLAP InformationLayer metal10 InformationLayer via9 InformationLayer metal9 InformationLayer via8 InformationLayer metal8 InformationLayer via7 InformationLayer metal7 InformationLayer via6 InformationLayer metal6 InformationLayer via5 InformationLayer metal5 InformationLayer via4 InformationLayer metal4 InformationLayer via3 Information
    ------------------------------
    Type  Cut  
    Wire Width  0.070 um  
    Vias  
        ------------------------------
        Via list in layer via3
        ------------------------------
                Vias in via3  Default  
                      via3_1      Yes  
                      via3_0      Yes  
                      via3_2      Yes  For complete list click here  
    ------------------------------
    Layer OVERLAP InformationLayer metal10 InformationLayer via9 InformationLayer metal9 InformationLayer via8 InformationLayer metal8 InformationLayer via7 InformationLayer metal7 InformationLayer via6 InformationLayer metal6 InformationLayer via5 InformationLayer metal5 InformationLayer via4 InformationLayer metal4 InformationLayer via3 InformationLayer metal3 Information
    ------------------------------
    Type  Routing  
    Wire Pitch X  0.140 um  
    Wire Pitch Y  0.140 um  
    Offset X  0.095 um  
    Offset Y  0.070 um  
    Wire Width  0.070 um  
    Spacing  0.070 um  
    ------------------------------
    Layer OVERLAP InformationLayer metal10 InformationLayer via9 InformationLayer metal9 InformationLayer via8 InformationLayer metal8 InformationLayer via7 InformationLayer metal7 InformationLayer via6 InformationLayer metal6 InformationLayer via5 InformationLayer metal5 InformationLayer via4 InformationLayer metal4 InformationLayer via3 InformationLayer metal3 InformationLayer via2 Information
    ------------------------------
    Type  Cut  
    Wire Width  0.070 um  
    Vias  
        ------------------------------
        Via list in layer via2
        ------------------------------
                Vias in via2  Default  
                      via2_3      Yes  
                      via2_2      Yes  
                      via2_1      Yes  
                      via2_0      Yes  
                      via2_6      Yes  
                      via2_7      Yes  
                      via2_5      Yes  
                      via2_4      Yes  
                      via2_8      Yes  For complete list click here  
    ------------------------------
    Layer OVERLAP InformationLayer metal10 InformationLayer via9 InformationLayer metal9 InformationLayer via8 InformationLayer metal8 InformationLayer via7 InformationLayer metal7 InformationLayer via6 InformationLayer metal6 InformationLayer via5 InformationLayer metal5 InformationLayer via4 InformationLayer metal4 InformationLayer via3 InformationLayer metal3 InformationLayer via2 InformationLayer metal2 Information
    ------------------------------
    Type  Routing  
    Wire Pitch X  0.190 um  
    Wire Pitch Y  0.190 um  
    Offset X  0.095 um  
    Offset Y  0.070 um  
    Wire Width  0.070 um  
    Spacing  0.070 um  
    ------------------------------
    Layer OVERLAP InformationLayer metal10 InformationLayer via9 InformationLayer metal9 InformationLayer via8 InformationLayer metal8 InformationLayer via7 InformationLayer metal7 InformationLayer via6 InformationLayer metal6 InformationLayer via5 InformationLayer metal5 InformationLayer via4 InformationLayer metal4 InformationLayer via3 InformationLayer metal3 InformationLayer via2 InformationLayer metal2 InformationLayer via1 Information
    ------------------------------
    Type  Cut  
    Wire Width  0.070 um  
    Vias  
        ------------------------------
        Via list in layer via1
        ------------------------------
                Vias in via1  Default  
                      via1_8      Yes  
                      via1_7      Yes  
                      via1_6      Yes  
                      via1_5      Yes  
                      via1_3      Yes  
                      via1_2      Yes  
                      via1_1      Yes  
                      via1_0      Yes  
                      via1_4      Yes  For complete list click here  
    ------------------------------
    Layer OVERLAP InformationLayer metal10 InformationLayer via9 InformationLayer metal9 InformationLayer via8 InformationLayer metal8 InformationLayer via7 InformationLayer metal7 InformationLayer via6 InformationLayer metal6 InformationLayer via5 InformationLayer metal5 InformationLayer via4 InformationLayer metal4 InformationLayer via3 InformationLayer metal3 InformationLayer via2 InformationLayer metal2 InformationLayer via1 InformationLayer metal1 Information
    ------------------------------
    Type  Routing  
    Wire Pitch X  0.140 um  
    Wire Pitch Y  0.140 um  
    Offset X  0.095 um  
    Offset Y  0.070 um  
    Wire Width  0.070 um  
    Spacing  0.065 um  
    ------------------------------
    Layer OVERLAP InformationLayer metal10 InformationLayer via9 InformationLayer metal9 InformationLayer via8 InformationLayer metal8 InformationLayer via7 InformationLayer metal7 InformationLayer via6 InformationLayer metal6 InformationLayer via5 InformationLayer metal5 InformationLayer via4 InformationLayer metal4 InformationLayer via3 InformationLayer metal3 InformationLayer via2 InformationLayer metal2 InformationLayer via1 InformationLayer metal1 InformationLayer active Information
    ------------------------------
    Type  Masterslice  
    ------------------------------
    Layer OVERLAP InformationLayer metal10 InformationLayer via9 InformationLayer metal9 InformationLayer via8 InformationLayer metal8 InformationLayer via7 InformationLayer metal7 InformationLayer via6 InformationLayer metal6 InformationLayer via5 InformationLayer metal5 InformationLayer via4 InformationLayer metal4 InformationLayer via3 InformationLayer metal3 InformationLayer via2 InformationLayer metal2 InformationLayer via1 InformationLayer metal1 InformationLayer active InformationLayer poly Information
    ------------------------------
    Type  Masterslice  22  
# Pins without Physical Port: 0  
# Pins in Library without Timing Lib: 0  
# Pins Missing Direction: 0  
Antenna Summary Report: 
    General Caution:
        1) All Antenna Constructs are absent for the layer section of LEF.
        2) All Antenna Constructs are absent for the macro section of LEF.For more information click here  
# Cells Missing LEF Info: 0  
# Cells with Dimension Errors: 0  

==============================
Netlist Information
==============================
# HFO (>200) Nets: 0  
# No-driven Nets: 0  
# Multi-driven Nets: 0  
# Assign Statements: 0  
Is Design Uniquified: YES  
# Pins in Netlist without timing lib: 0  

==============================

==============================
: Internal  External  
No of Nets:        906           0  
No of Connections:        910           0  
Total Net Length (X): 6.4690e+05  0.0000e+00  
Total Net Length (Y): 2.3197e+05  0.0000e+00  
Total Net Length: 8.7887e+05  0.0000e+00  

==============================
Timing Information
==============================
# Clocks in design: 
    ------------------------------
    Clocks in Design
    ------------------------------
    @  
    *  
    clk  3  
# Generated clocks: 0  
# "dont_use" cells from .libs: 
    ------------------------------
    Dont_use Cell List
    ------------------------------
    RocketTile_1_tile1  
    RocketTile_1_tile2  2  
# "dont_touch" cells from .libs: 
    ------------------------------
    Dont_touch Cell List
    ------------------------------
    RocketTile_1_tile1  
    RocketTile_1_tile2  2  
# Cells in .lib with max_tran: 0  
# Cells in .lib with max_cap: 0  
# Cells in .lib with max_fanout: 0  
SDC max_cap: N/A  
SDC max_tran: N/A  
SDC max_fanout: N/A  
Default Ext. Scale Factor: 1.000  
Detail Ext. Scale Factor: 1.000  

==============================
Floorplan/Placement Information
==============================
Total area of Standard cells: 0.000 um^2  
Total area of Standard cells(Subtracting Physical Cells): 0.000 um^2  
Total area of Macros: 7996960.250 um^2  
Total area of Blockages: 0.000 um^2  
Total area of Pad cells: 0.000 um^2  
Total area of Core: 16003092.000 um^2  
Total area of Chip: 19369033.337 um^2  
Effective Utilization: -nan  
Number of Cell Rows: 2710  
% Pure Gate Density #1 (Subtracting BLOCKAGES): 0.000%  
% Pure Gate Density #2 (Subtracting BLOCKAGES and Physical Cells): 0.000%  
% Pure Gate Density #3 (Subtracting MACROS): 0.000%  
% Pure Gate Density #4 (Subtracting MACROS and Physical Cells): 0.000%  
% Pure Gate Density #5 (Subtracting MACROS and BLOCKAGES): 0.000%  
% Pure Gate Density #6 (Subtracting MACROS and BLOCKAGES for insts are not placed): 0.000%  
% Core Density (Counting Std Cells and MACROs): 49.971%  
% Core Density #2(Subtracting Physical Cells): 49.971%  
% Chip Density (Counting Std Cells and MACROs and IOs): 41.287%  
% Chip Density #2(Subtracting Physical Cells): 41.287%  
# Macros within 5 sites of IO pad: No  
Macro halo defined?: No  

==============================
Wire Length Distribution
==============================
Total metal1 wire length: 0.0000 um  
Total metal2 wire length: 0.0000 um  
Total metal3 wire length: 0.0000 um  
Total metal4 wire length: 0.0000 um  
Total metal5 wire length: 0.0000 um  
Total metal6 wire length: 0.0000 um  
Total metal7 wire length: 639361.4050 um  
Total metal8 wire length: 233413.2450 um  
Total metal9 wire length: 8666.8700 um  
Total metal10 wire length: 0.0000 um  
Total wire length: 881441.5200 um  
Average wire length/net: 970.7506 um  
Area of Power Net Distribution: 
    ------------------------------
    Area of Power Net Distribution
    ------------------------------
    Layer Name  Area of Power Net  Routable Area  Percentage  
    metal1  0.0000  16003092.0000  0.0000%  
    metal2  8466.5140  16003092.0000  0.0529%  
    metal3  7618.2480  16003092.0000  0.0476%  
    metal4  0.0000  16003092.0000  0.0000%  
    metal5  0.0000  16003092.0000  0.0000%  
    metal6  0.0000  16003092.0000  0.0000%  
    metal7  0.0000  16003092.0000  0.0000%  
    metal8  0.0000  16003092.0000  0.0000%  
    metal9  0.0000  16003092.0000  0.0000%  
    metal10  0.0000  16003092.0000  0.0000%  For more information click here  
