###############################################################
#  Generated by:      Cadence Innovus 16.10-p004_1
#  OS:                Linux x86_64(Host ID eeapps02.seas.ucla.edu)
#  Generated on:      Mon Mar 13 01:16:41 2017
#  Design:            rockettile_x2_minrule
#  Command:           reportWire ../logs/rockettile_x2/innovus_rockettile_x2_minrule_wireReport.rpt 0
###############################################################
Report detailed wire statistics for design rockettile_x2_minrule
ratio       wire_length    manhattan        vias  fan_in fan_out net_name
                           length
-------------------------------------------------------------------------
 1.01  Total   2247.240      2217.01  Total    9       1       2 clk
 1.00  Total   4007.350      4006.82  Total    4       1       2 reset
 1.00  Total    203.345       203.28  Total    3       1       1 tile1_io_cached_0_acquire_ready
 1.01  Total    206.040       204.70  Total    2       1       1 tile1_io_cached_0_acquire_bits_addr_block[25]
 1.01  Total    206.040       204.70  Total    2       1       1 tile1_io_cached_0_acquire_bits_addr_block[24]
 1.01  Total    206.040       204.70  Total    2       1       1 tile1_io_cached_0_acquire_bits_addr_block[23]
 1.01  Total    206.040       204.70  Total    2       1       1 tile1_io_cached_0_acquire_bits_addr_block[22]
 1.01  Total    206.040       204.70  Total    2       1       1 tile1_io_cached_0_acquire_bits_addr_block[21]
 1.07  Total    255.420       239.56  Total    4       1       1 tile1_io_cached_0_acquire_bits_addr_block[20]
 1.01  Total    206.040       204.70  Total    2       1       1 tile1_io_cached_0_acquire_bits_addr_block[19]
 1.02  Total    269.140       263.64  Total    4       1       1 tile1_io_cached_0_acquire_bits_addr_block[18]
 1.01  Total    206.040       204.70  Total    2       1       1 tile1_io_cached_0_acquire_bits_addr_block[17]
 1.01  Total    206.040       204.70  Total    2       1       1 tile1_io_cached_0_acquire_bits_addr_block[16]
 1.01  Total    206.040       204.70  Total    2       1       1 tile1_io_cached_0_acquire_bits_addr_block[15]
 1.01  Total    206.040       204.70  Total    2       1       1 tile1_io_cached_0_acquire_bits_addr_block[14]
 1.04  Total    222.700       213.24  Total    4       1       1 tile1_io_cached_0_acquire_bits_addr_block[13]
 1.01  Total    206.040       204.70  Total    2       1       1 tile1_io_cached_0_acquire_bits_addr_block[12]
 1.01  Total    206.040       204.70  Total    2       1       1 tile1_io_cached_0_acquire_bits_addr_block[11]
 1.00  Total    288.740       287.72  Total    4       1       1 tile1_io_cached_0_acquire_bits_addr_block[10]
 1.01  Total    206.040       204.70  Total    2       1       1 tile1_io_cached_0_acquire_bits_addr_block[9]
 1.01  Total    206.040       204.70  Total    2       1       1 tile1_io_cached_0_acquire_bits_addr_block[8]
 1.01  Total    206.040       204.70  Total    2       1       1 tile1_io_cached_0_acquire_bits_addr_block[7]
 1.01  Total    206.040       204.70  Total    2       1       1 tile1_io_cached_0_acquire_bits_addr_block[6]
 1.00  Total    310.480       310.68  Total    8       1       1 tile1_io_cached_0_acquire_bits_addr_block[5]
 1.01  Total    206.040       204.70  Total    2       1       1 tile1_io_cached_0_acquire_bits_addr_block[4]
 1.00  Total    336.240       334.76  Total    4       1       1 tile1_io_cached_0_acquire_bits_addr_block[3]
 1.01  Total    206.040       204.70  Total    2       1       1 tile1_io_cached_0_acquire_bits_addr_block[2]
 1.02  Total    364.460       358.84  Total    6       1       1 tile1_io_cached_0_acquire_bits_addr_block[1]
 1.01  Total    206.040       204.70  Total    2       1       1 tile1_io_cached_0_acquire_bits_addr_block[0]
 1.03  Total    229.445       222.93  Total    1       1       1 tile1_io_cached_0_acquire_bits_union[10]
 1.00  Total    383.280       381.80  Total    6       1       1 tile1_io_cached_0_acquire_bits_union[9]
 1.00  Total    220.365       220.77  Total    3       1       1 tile1_io_cached_0_acquire_bits_union[8]
 1.01  Total    206.040       204.70  Total    2       1       1 tile1_io_cached_0_acquire_bits_union[7]
 1.00  Total    203.125       203.33  Total    1       1       1 tile1_io_cached_0_acquire_bits_union[6]
 1.02  Total    413.660       407.00  Total    4       1       1 tile1_io_cached_0_acquire_bits_union[5]
 1.01  Total    206.040       204.70  Total    2       1       1 tile1_io_cached_0_acquire_bits_union[4]
 1.02  Total    439.380       431.08  Total    6       1       1 tile1_io_cached_0_acquire_bits_union[3]
 1.00  Total    246.985       245.89  Total    3       1       1 tile1_io_cached_0_acquire_bits_union[2]
 1.01  Total    206.040       204.70  Total    2       1       1 tile1_io_cached_0_acquire_bits_union[1]
 1.00  Total    266.125       266.52  Total    5       1       1 tile1_io_cached_0_acquire_bits_union[0]
 1.00  Total    203.565       203.31  Total    3       1       1 tile1_io_cached_0_probe_ready
 1.00  Total    405.820       406.02  Total    4       1       1 tile1_io_cached_0_probe_valid
 1.00  Total   1042.120      1038.12  Total    4       1       1 tile1_io_cached_0_probe_bits_addr_block[25]
 1.01  Total   1069.980      1061.08  Total    6       1       1 tile1_io_cached_0_probe_bits_addr_block[24]
 1.01  Total   1092.760      1085.16  Total   10       1       1 tile1_io_cached_0_probe_bits_addr_block[23]
 1.01  Total   1121.780      1109.24  Total    6       1       1 tile1_io_cached_0_probe_bits_addr_block[22]
 1.00  Total   1133.120      1133.32  Total    4       1       1 tile1_io_cached_0_probe_bits_addr_block[21]
 1.01  Total   1165.180      1157.40  Total    4       1       1 tile1_io_cached_0_probe_bits_addr_block[20]
 1.00  Total   1186.460      1181.48  Total    8       1       1 tile1_io_cached_0_probe_bits_addr_block[19]
 1.00  Total   1205.360      1205.56  Total    2       1       1 tile1_io_cached_0_probe_bits_addr_block[18]
 1.00  Total   1230.140      1228.52  Total    4       1       1 tile1_io_cached_0_probe_bits_addr_block[17]
 1.00  Total   1254.080      1252.60  Total    4       1       1 tile1_io_cached_0_probe_bits_addr_block[16]
 1.00  Total   1278.160      1276.68  Total    4       1       1 tile1_io_cached_0_probe_bits_addr_block[15]
 1.00  Total   1301.680      1301.88  Total    6       1       1 tile1_io_cached_0_probe_bits_addr_block[14]
 1.01  Total   1332.620      1325.96  Total    6       1       1 tile1_io_cached_0_probe_bits_addr_block[13]
 1.00  Total   1349.940      1350.04  Total    6       1       1 tile1_io_cached_0_probe_bits_addr_block[12]
 1.01  Total    206.040       204.70  Total    2       1       1 tile1_io_cached_0_probe_bits_addr_block[11]
 1.00  Total   1376.160      1376.36  Total    6       1       1 tile1_io_cached_0_probe_bits_addr_block[10]
 1.00  Total   1401.920      1400.44  Total    4       1       1 tile1_io_cached_0_probe_bits_addr_block[9]
 1.00  Total   1426.840      1424.52  Total    4       1       1 tile1_io_cached_0_probe_bits_addr_block[8]
 1.01  Total    206.040       204.70  Total    2       1       1 tile1_io_cached_0_probe_bits_addr_block[7]
 1.00  Total   1452.880      1449.72  Total    6       1       1 tile1_io_cached_0_probe_bits_addr_block[6]
 1.00  Total   2202.625      2202.93  Total    3       1       1 tile1_io_cached_0_probe_bits_addr_block[5]
 1.00  Total   2204.325      2202.95  Total    1       1       1 tile1_io_cached_0_probe_bits_addr_block[4]
 1.00  Total   2204.325      2202.95  Total    1       1       1 tile1_io_cached_0_probe_bits_addr_block[3]
 1.00  Total   2203.645      2203.03  Total    3       1       1 tile1_io_cached_0_probe_bits_addr_block[2]
 1.00  Total   2204.325      2202.95  Total    1       1       1 tile1_io_cached_0_probe_bits_addr_block[1]
 1.00  Total   2204.325      2202.95  Total    1       1       1 tile1_io_cached_0_probe_bits_addr_block[0]
 1.02  Total    216.960       212.26  Total    4       1       1 tile1_io_cached_0_probe_bits_p_type[1]
 1.01  Total    216.565       214.99  Total    3       1       1 tile1_io_cached_0_probe_bits_p_type[0]
 1.01  Total    204.705       203.33  Total    1       1       1 tile1_io_cached_0_release_ready
 1.01  Total    204.705       203.33  Total    1       1       1 tile1_io_cached_0_release_valid
 1.01  Total    218.005       215.50  Total    3       1       1 tile1_io_cached_0_release_bits_addr_beat[2]
 1.00  Total   2204.325      2202.95  Total    1       1       1 tile1_io_cached_0_release_bits_addr_beat[1]
 1.00  Total   2202.585      2202.99  Total    3       1       1 tile1_io_cached_0_release_bits_addr_beat[0]
 1.00  Total   1476.400      1471.56  Total   10       1       1 tile1_io_cached_0_release_bits_addr_block[25]
 1.00  Total   1498.940      1495.64  Total    4       1       1 tile1_io_cached_0_release_bits_addr_block[24]
 1.00  Total   1520.600      1519.72  Total    6       1       1 tile1_io_cached_0_release_bits_addr_block[23]
 1.01  Total   1560.400      1543.80  Total    6       1       1 tile1_io_cached_0_release_bits_addr_block[22]
 1.01  Total    230.820       228.50  Total    4       1       1 tile1_io_cached_0_release_bits_addr_block[21]
 1.01  Total    204.705       203.33  Total    1       1       1 tile1_io_cached_0_release_bits_addr_block[20]
 1.00  Total   1577.460      1570.12  Total    8       1       1 tile1_io_cached_0_release_bits_addr_block[19]
 1.00  Total   1595.780      1593.08  Total    4       1       1 tile1_io_cached_0_release_bits_addr_block[18]
 1.00  Total    232.565       232.34  Total    3       1       1 tile1_io_cached_0_release_bits_addr_block[17]
 1.03  Total    260.185       252.31  Total    7       1       1 tile1_io_cached_0_release_bits_addr_block[16]
 1.00  Total    252.480       252.58  Total    4       1       1 tile1_io_cached_0_release_bits_addr_block[15]
 1.01  Total    204.385       203.34  Total    3       1       1 tile1_io_cached_0_release_bits_addr_block[14]
 1.01  Total   1626.920      1618.28  Total    6       1       1 tile1_io_cached_0_release_bits_addr_block[13]
 1.00  Total    203.125       203.33  Total    1       1       1 tile1_io_cached_0_release_bits_addr_block[12]
 1.01  Total    257.905       256.43  Total    3       1       1 tile1_io_cached_0_release_bits_addr_block[11]
 1.00  Total   1645.520      1642.36  Total    4       1       1 tile1_io_cached_0_release_bits_addr_block[10]
 1.00  Total   1671.420      1667.56  Total    4       1       1 tile1_io_cached_0_release_bits_addr_block[9]
 1.01  Total    279.220       276.66  Total    4       1       1 tile1_io_cached_0_release_bits_addr_block[8]
 1.01  Total    204.705       203.33  Total    1       1       1 tile1_io_cached_0_release_bits_addr_block[7]
 1.00  Total   1699.840      1691.64  Total    6       1       1 tile1_io_cached_0_release_bits_addr_block[6]
 1.00  Total   2203.525      2202.91  Total    3       1       1 tile1_io_cached_0_release_bits_addr_block[5]
 1.01  Total    290.245       287.23  Total    3       1       1 tile1_io_cached_0_release_bits_addr_block[4]
 1.00  Total   2204.325      2202.95  Total    1       1       1 tile1_io_cached_0_release_bits_addr_block[3]
 1.02  Total    313.305       305.91  Total    9       1       1 tile1_io_cached_0_release_bits_addr_block[2]
 1.00  Total   2205.545      2205.09  Total    1       1       1 tile1_io_cached_0_release_bits_addr_block[1]
 1.01  Total    204.505       203.33  Total    3       1       1 tile1_io_cached_0_release_bits_addr_block[0]
 1.00  Total    203.265       203.34  Total    3       1       1 tile1_io_cached_0_release_bits_client_xact_id
 1.01  Total    204.705       203.33  Total    1       1       1 tile1_io_cached_0_release_bits_voluntary
 1.01  Total    204.705       203.33  Total    1       1       1 tile1_io_cached_0_release_bits_r_type[2]
 1.01  Total    387.825       384.67  Total    3       1       1 tile1_io_cached_0_release_bits_r_type[1]
 1.00  Total   2416.775      2415.30  Total    1       1       1 tile1_io_cached_0_release_bits_r_type[0]
 1.01  Total    204.705       203.33  Total    1       1       1 tile1_io_cached_0_release_bits_data[63]
 1.00  Total    203.265       203.34  Total    3       1       1 tile1_io_cached_0_release_bits_data[62]
 1.01  Total    301.545       299.64  Total    5       1       1 tile1_io_cached_0_release_bits_data[61]
 1.01  Total    204.705       203.33  Total    1       1       1 tile1_io_cached_0_release_bits_data[60]
 1.01  Total    320.185       317.88  Total    5       1       1 tile1_io_cached_0_release_bits_data[59]
 1.00  Total    203.965       204.16  Total    1       1       1 tile1_io_cached_0_release_bits_data[58]
 1.01  Total    205.725       203.33  Total    3       1       1 tile1_io_cached_0_release_bits_data[57]
 1.01  Total    204.705       203.33  Total    1       1       1 tile1_io_cached_0_release_bits_data[56]
 1.00  Total    203.785       203.38  Total    3       1       1 tile1_io_cached_0_release_bits_data[55]
 1.00  Total   2203.965      2203.57  Total    3       1       1 tile1_io_cached_0_release_bits_data[54]
 1.00  Total   2204.425      2202.95  Total    1       1       1 tile1_io_cached_0_release_bits_data[53]
 1.00  Total    203.125       203.33  Total    1       1       1 tile1_io_cached_0_release_bits_data[52]
 1.00  Total   2204.325      2202.95  Total    1       1       1 tile1_io_cached_0_release_bits_data[51]
 1.00  Total   2204.325      2202.95  Total    1       1       1 tile1_io_cached_0_release_bits_data[50]
 1.00  Total   2203.405      2203.01  Total    3       1       1 tile1_io_cached_0_release_bits_data[49]
 1.00  Total    319.045       319.25  Total    3       1       1 tile1_io_cached_0_release_bits_data[48]
 1.01  Total    204.705       203.33  Total    1       1       1 tile1_io_cached_0_release_bits_data[47]
 1.00  Total    313.420       311.94  Total    4       1       1 tile1_io_cached_0_release_bits_data[46]
 1.00  Total    203.125       203.33  Total    1       1       1 tile1_io_cached_0_release_bits_data[45]
 1.01  Total    204.705       203.33  Total    1       1       1 tile1_io_cached_0_release_bits_data[44]
 1.00  Total    203.385       203.33  Total    3       1       1 tile1_io_cached_0_release_bits_data[43]
 1.01  Total    204.705       203.33  Total    1       1       1 tile1_io_cached_0_release_bits_data[42]
 1.01  Total    204.705       203.33  Total    1       1       1 tile1_io_cached_0_release_bits_data[41]
 1.04  Total    327.305       314.67  Total    7       1       1 tile1_io_cached_0_release_bits_data[40]
 1.00  Total    203.905       203.28  Total    3       1       1 tile1_io_cached_0_release_bits_data[39]
 1.01  Total    204.705       203.33  Total    1       1       1 tile1_io_cached_0_release_bits_data[38]
 1.03  Total    358.425       347.81  Total    5       1       1 tile1_io_cached_0_release_bits_data[37]
 1.01  Total    204.705       203.33  Total    1       1       1 tile1_io_cached_0_release_bits_data[36]
 1.00  Total   1726.720      1720.20  Total    4       1       1 tile1_io_cached_0_release_bits_data[35]
 1.00  Total    363.245       363.64  Total    5       1       1 tile1_io_cached_0_release_bits_data[34]
 1.01  Total    340.460       336.02  Total    6       1       1 tile1_io_cached_0_release_bits_data[33]
 1.01  Total    204.705       203.33  Total    1       1       1 tile1_io_cached_0_release_bits_data[32]
 1.01  Total    342.885       338.75  Total    3       1       1 tile1_io_cached_0_release_bits_data[31]
 1.01  Total    204.705       203.33  Total    1       1       1 tile1_io_cached_0_release_bits_data[30]
 1.02  Total    361.065       353.91  Total    5       1       1 tile1_io_cached_0_release_bits_data[29]
 1.00  Total    203.265       203.34  Total    3       1       1 tile1_io_cached_0_release_bits_data[28]
 1.01  Total    204.705       203.33  Total    1       1       1 tile1_io_cached_0_release_bits_data[27]
 1.00  Total    203.385       203.33  Total    3       1       1 tile1_io_cached_0_release_bits_data[26]
 1.00  Total    204.025       203.41  Total    3       1       1 tile1_io_cached_0_release_bits_data[25]
 1.00  Total    203.125       203.33  Total    1       1       1 tile1_io_cached_0_release_bits_data[24]
 1.00  Total    203.225       203.38  Total    3       1       1 tile1_io_cached_0_release_bits_data[23]
 1.01  Total    204.705       203.33  Total    1       1       1 tile1_io_cached_0_release_bits_data[22]
 1.00  Total    203.125       203.33  Total    1       1       1 tile1_io_cached_0_release_bits_data[21]
 1.00  Total    359.900       360.10  Total    4       1       1 tile1_io_cached_0_release_bits_data[20]
 1.00  Total    202.965       203.37  Total    3       1       1 tile1_io_cached_0_release_bits_data[19]
 1.01  Total    204.705       203.33  Total    1       1       1 tile1_io_cached_0_release_bits_data[18]
 1.00  Total    203.125       203.33  Total    1       1       1 tile1_io_cached_0_release_bits_data[17]
 1.01  Total    204.705       203.33  Total    1       1       1 tile1_io_cached_0_release_bits_data[16]
 1.02  Total    376.345       368.53  Total    7       1       1 tile1_io_cached_0_release_bits_data[15]
 1.00  Total    360.385       360.58  Total    3       1       1 tile1_io_cached_0_release_bits_data[14]
 1.01  Total    387.200       383.06  Total    4       1       1 tile1_io_cached_0_release_bits_data[13]
 1.01  Total   2428.435      2415.30  Total    5       1       1 tile1_io_cached_0_release_bits_data[12]
 1.00  Total    203.125       203.33  Total    1       1       1 tile1_io_cached_0_release_bits_data[11]
 1.00  Total   2419.415      2415.26  Total    3       1       1 tile1_io_cached_0_release_bits_data[10]
 1.01  Total    398.425       392.61  Total    7       1       1 tile1_io_cached_0_release_bits_data[9]
 1.00  Total   2203.205      2203.41  Total    1       1       1 tile1_io_cached_0_release_bits_data[8]
 1.00  Total    408.445       407.17  Total    7       1       1 tile1_io_cached_0_release_bits_data[7]
 1.00  Total   2416.775      2415.30  Total    1       1       1 tile1_io_cached_0_release_bits_data[6]
 1.00  Total    203.785       204.19  Total    3       1       1 tile1_io_cached_0_release_bits_data[5]
 1.00  Total   2202.625      2202.93  Total    3       1       1 tile1_io_cached_0_release_bits_data[4]
 1.00  Total    210.305       210.50  Total    3       1       1 tile1_io_cached_0_release_bits_data[3]
 1.00  Total   2204.325      2202.95  Total    1       1       1 tile1_io_cached_0_release_bits_data[2]
 1.00  Total    418.165       416.69  Total    7       1       1 tile1_io_cached_0_release_bits_data[1]
 1.00  Total   2420.035      2415.30  Total    1       1       1 tile1_io_cached_0_release_bits_data[0]
 1.00  Total    203.445       203.37  Total    3       1       1 tile1_io_cached_0_grant_ready
 1.01  Total    204.705       203.33  Total    1       1       1 tile1_io_cached_0_grant_valid
 1.01  Total    533.460       528.52  Total    6       1       1 tile1_io_cached_0_grant_bits_addr_beat[2]
 1.00  Total    552.120       551.48  Total    4       1       1 tile1_io_cached_0_grant_bits_addr_beat[1]
 1.00  Total    204.500       204.70  Total    2       1       1 tile1_io_cached_0_grant_bits_addr_beat[0]
 1.01  Total    671.185       667.57  Total    3       1       1 tile1_io_cached_0_grant_bits_client_xact_id
 1.01  Total    206.040       204.70  Total    2       1       1 tile1_io_cached_0_grant_bits_manager_xact_id[3]
 1.01  Total    954.620       944.60  Total    6       1       1 tile1_io_cached_0_grant_bits_manager_xact_id[2]
 1.00  Total    970.860       968.68  Total    4       1       1 tile1_io_cached_0_grant_bits_manager_xact_id[1]
 1.01  Total   1007.220       993.88  Total   10       1       1 tile1_io_cached_0_grant_bits_manager_xact_id[0]
 1.00  Total    203.465       203.41  Total    3       1       1 tile1_io_cached_0_grant_bits_is_builtin_type
 1.00  Total    865.720       865.08  Total    4       1       1 tile1_io_cached_0_grant_bits_g_type[3]
 1.00  Total    892.980       891.40  Total    4       1       1 tile1_io_cached_0_grant_bits_g_type[2]
 1.00  Total    920.280       917.72  Total    4       1       1 tile1_io_cached_0_grant_bits_g_type[1]
 1.00  Total    941.600       941.80  Total    6       1       1 tile1_io_cached_0_grant_bits_g_type[0]
 1.01  Total    206.040       204.70  Total    2       1       1 tile1_io_cached_0_grant_bits_data[63]
 1.00  Total    574.800       573.32  Total    8       1       1 tile1_io_cached_0_grant_bits_data[62]
 1.00  Total    204.500       204.70  Total    2       1       1 tile1_io_cached_0_grant_bits_data[61]
 1.00  Total    204.500       204.70  Total    2       1       1 tile1_io_cached_0_grant_bits_data[60]
 1.00  Total    203.525       203.28  Total    3       1       1 tile1_io_cached_0_grant_bits_data[59]
 1.00  Total    204.500       204.70  Total    2       1       1 tile1_io_cached_0_grant_bits_data[58]
 1.01  Total    602.340       597.40  Total    2       1       1 tile1_io_cached_0_grant_bits_data[57]
 1.00  Total    204.500       204.70  Total    2       1       1 tile1_io_cached_0_grant_bits_data[56]
 1.00  Total    630.340       628.20  Total    6       1       1 tile1_io_cached_0_grant_bits_data[55]
 1.00  Total    655.440       655.64  Total    4       1       1 tile1_io_cached_0_grant_bits_data[54]
 1.01  Total    206.040       204.70  Total    2       1       1 tile1_io_cached_0_grant_bits_data[53]
 1.01  Total    685.960       681.96  Total    4       1       1 tile1_io_cached_0_grant_bits_data[52]
 1.01  Total    206.040       204.70  Total    2       1       1 tile1_io_cached_0_grant_bits_data[51]
 1.00  Total    703.140       701.56  Total    6       1       1 tile1_io_cached_0_grant_bits_data[50]
 1.00  Total    727.780       725.64  Total    4       1       1 tile1_io_cached_0_grant_bits_data[49]
 1.02  Total    768.520       750.84  Total    8       1       1 tile1_io_cached_0_grant_bits_data[48]
 1.00  Total    204.500       204.70  Total    2       1       1 tile1_io_cached_0_grant_bits_data[47]
 1.01  Total    206.040       204.70  Total    2       1       1 tile1_io_cached_0_grant_bits_data[46]
 1.00  Total    204.500       204.70  Total    2       1       1 tile1_io_cached_0_grant_bits_data[45]
 1.01  Total    206.040       204.70  Total    2       1       1 tile1_io_cached_0_grant_bits_data[44]
 1.01  Total    206.040       204.70  Total    2       1       1 tile1_io_cached_0_grant_bits_data[43]
 1.00  Total    204.500       204.70  Total    2       1       1 tile1_io_cached_0_grant_bits_data[42]
 1.00  Total    204.500       204.70  Total    2       1       1 tile1_io_cached_0_grant_bits_data[41]
 1.01  Total    206.040       204.70  Total    2       1       1 tile1_io_cached_0_grant_bits_data[40]
 1.01  Total    206.040       204.70  Total    2       1       1 tile1_io_cached_0_grant_bits_data[39]
 1.01  Total    206.040       204.70  Total    2       1       1 tile1_io_cached_0_grant_bits_data[38]
 1.01  Total    206.040       204.70  Total    2       1       1 tile1_io_cached_0_grant_bits_data[37]
 1.01  Total    206.040       204.70  Total    2       1       1 tile1_io_cached_0_grant_bits_data[36]
 1.01  Total    206.040       204.70  Total    2       1       1 tile1_io_cached_0_grant_bits_data[35]
 1.01  Total    206.040       204.70  Total    2       1       1 tile1_io_cached_0_grant_bits_data[34]
 1.01  Total    206.040       204.70  Total    2       1       1 tile1_io_cached_0_grant_bits_data[33]
 1.01  Total    206.040       204.70  Total    2       1       1 tile1_io_cached_0_grant_bits_data[32]
 1.01  Total    204.805       203.33  Total    1       1       1 tile1_io_cached_0_grant_bits_data[31]
 1.01  Total    206.040       204.70  Total    2       1       1 tile1_io_cached_0_grant_bits_data[30]
 1.01  Total    204.705       203.33  Total    1       1       1 tile1_io_cached_0_grant_bits_data[29]
 1.01  Total    776.400       768.20  Total    4       1       1 tile1_io_cached_0_grant_bits_data[28]
 1.00  Total    269.765       269.97  Total    3       1       1 tile1_io_cached_0_grant_bits_data[27]
 1.00  Total    790.960       791.16  Total    6       1       1 tile1_io_cached_0_grant_bits_data[26]
 1.00  Total    203.125       203.33  Total    1       1       1 tile1_io_cached_0_grant_bits_data[25]
 1.00  Total    817.560       815.24  Total    2       1       1 tile1_io_cached_0_grant_bits_data[24]
 1.01  Total    206.040       204.70  Total    2       1       1 tile1_io_cached_0_grant_bits_data[23]
 1.01  Total    206.040       204.70  Total    2       1       1 tile1_io_cached_0_grant_bits_data[22]
 1.01  Total    206.040       204.70  Total    2       1       1 tile1_io_cached_0_grant_bits_data[21]
 1.01  Total    206.040       204.70  Total    2       1       1 tile1_io_cached_0_grant_bits_data[20]
 1.01  Total    206.040       204.70  Total    2       1       1 tile1_io_cached_0_grant_bits_data[19]
 1.01  Total    206.040       204.70  Total    2       1       1 tile1_io_cached_0_grant_bits_data[18]
 1.01  Total    206.040       204.70  Total    2       1       1 tile1_io_cached_0_grant_bits_data[17]
 1.01  Total    206.040       204.70  Total    2       1       1 tile1_io_cached_0_grant_bits_data[16]
 1.01  Total    206.040       204.70  Total    2       1       1 tile1_io_cached_0_grant_bits_data[15]
 1.01  Total    206.040       204.70  Total    2       1       1 tile1_io_cached_0_grant_bits_data[14]
 1.01  Total    206.040       204.70  Total    2       1       1 tile1_io_cached_0_grant_bits_data[13]
 1.01  Total    206.040       204.70  Total    2       1       1 tile1_io_cached_0_grant_bits_data[12]
 1.01  Total    206.040       204.70  Total    2       1       1 tile1_io_cached_0_grant_bits_data[11]
 1.01  Total    206.040       204.70  Total    2       1       1 tile1_io_cached_0_grant_bits_data[10]
 1.01  Total    206.040       204.70  Total    2       1       1 tile1_io_cached_0_grant_bits_data[9]
 1.01  Total    206.040       204.70  Total    2       1       1 tile1_io_cached_0_grant_bits_data[8]
 1.01  Total    206.040       204.70  Total    2       1       1 tile1_io_cached_0_grant_bits_data[7]
 1.01  Total    206.040       204.70  Total    2       1       1 tile1_io_cached_0_grant_bits_data[6]
 1.01  Total    206.040       204.70  Total    2       1       1 tile1_io_cached_0_grant_bits_data[5]
 1.01  Total    206.040       204.70  Total    2       1       1 tile1_io_cached_0_grant_bits_data[4]
 1.01  Total    206.040       204.70  Total    2       1       1 tile1_io_cached_0_grant_bits_data[3]
 1.01  Total    206.040       204.70  Total    2       1       1 tile1_io_cached_0_grant_bits_data[2]
 1.01  Total    206.040       204.70  Total    2       1       1 tile1_io_cached_0_grant_bits_data[1]
 1.01  Total    206.040       204.70  Total    2       1       1 tile1_io_cached_0_grant_bits_data[0]
 1.00  Total   2204.325      2202.95  Total    1       1       1 tile1_io_cached_0_grant_bits_manager_id
 1.01  Total    204.705       203.33  Total    1       1       1 tile1_io_cached_0_finish_ready
 1.01  Total    204.705       203.33  Total    1       1       1 tile1_io_cached_0_finish_valid
 1.00  Total    204.500       204.70  Total    2       1       1 tile1_io_cached_0_finish_bits_manager_xact_id[3]
 1.03  Total    474.140       460.76  Total    4       1       1 tile1_io_cached_0_finish_bits_manager_xact_id[2]
 1.03  Total    498.780       484.84  Total    6       1       1 tile1_io_cached_0_finish_bits_manager_xact_id[1]
 1.02  Total    520.060       508.92  Total    4       1       1 tile1_io_cached_0_finish_bits_manager_xact_id[0]
 1.00  Total   2203.485      2203.68  Total    1       1       1 tile1_io_cached_0_finish_bits_manager_id
 1.00  Total   2203.005      2202.95  Total    3       1       1 tile1_io_uncached_0_acquire_ready
 1.00  Total   1991.560      1990.22  Total    2       1       1 tile1_io_uncached_0_acquire_bits_addr_block[25]
 1.00  Total   1991.560      1990.22  Total    2       1       1 tile1_io_uncached_0_acquire_bits_addr_block[24]
 1.01  Total   2000.840      1990.22  Total    2       1       1 tile1_io_uncached_0_acquire_bits_addr_block[23]
 1.00  Total   1997.620      1990.22  Total    2       1       1 tile1_io_uncached_0_acquire_bits_addr_block[22]
 1.00  Total   1994.260      1990.22  Total    2       1       1 tile1_io_uncached_0_acquire_bits_addr_block[21]
 1.00  Total   1999.300      1990.22  Total    2       1       1 tile1_io_uncached_0_acquire_bits_addr_block[20]
 1.00  Total   1992.580      1990.22  Total    2       1       1 tile1_io_uncached_0_acquire_bits_addr_block[19]
 1.00  Total   1999.160      1990.22  Total    2       1       1 tile1_io_uncached_0_acquire_bits_addr_block[18]
 1.00  Total   1991.560      1990.22  Total    2       1       1 tile1_io_uncached_0_acquire_bits_addr_block[17]
 1.00  Total   1994.260      1990.22  Total    2       1       1 tile1_io_uncached_0_acquire_bits_addr_block[16]
 1.00  Total   1991.560      1990.22  Total    2       1       1 tile1_io_uncached_0_acquire_bits_addr_block[15]
 1.00  Total   1999.300      1990.22  Total    2       1       1 tile1_io_uncached_0_acquire_bits_addr_block[14]
 1.05  Total    455.465       435.17  Total    7       1       1 tile1_io_uncached_0_acquire_bits_addr_block[13]
 1.00  Total   1999.160      1990.22  Total    2       1       1 tile1_io_uncached_0_acquire_bits_addr_block[12]
 1.01  Total   2000.840      1990.22  Total    2       1       1 tile1_io_uncached_0_acquire_bits_addr_block[11]
 1.00  Total   1991.560      1990.22  Total    2       1       1 tile1_io_uncached_0_acquire_bits_addr_block[10]
 1.03  Total    461.805       446.20  Total    9       1       1 tile1_io_uncached_0_acquire_bits_addr_block[9]
 1.00  Total    202.965       203.37  Total    3       1       1 tile1_io_uncached_0_acquire_bits_addr_block[8]
 1.00  Total    203.125       203.33  Total    1       1       1 tile1_io_uncached_0_acquire_bits_addr_block[7]
 1.00  Total    459.505       459.25  Total    5       1       1 tile1_io_uncached_0_acquire_bits_addr_block[6]
 1.00  Total    203.125       203.33  Total    1       1       1 tile1_io_uncached_0_acquire_bits_addr_block[5]
 1.01  Total    492.085       488.93  Total    9       1       1 tile1_io_uncached_0_acquire_bits_addr_block[4]
 1.00  Total    499.725       497.56  Total    5       1       1 tile1_io_uncached_0_acquire_bits_addr_block[3]
 1.00  Total    203.005       203.31  Total    3       1       1 tile1_io_uncached_0_acquire_bits_addr_block[2]
 1.00  Total   2204.325      2202.95  Total    1       1       1 tile1_io_uncached_0_acquire_bits_addr_block[1]
 1.00  Total   2202.585      2202.99  Total    3       1       1 tile1_io_uncached_0_acquire_bits_addr_block[0]
 1.00  Total    203.125       203.33  Total    1       1       1 tile1_io_uncached_0_acquire_bits_union[10]
 1.01  Total    527.365       520.85  Total    5       1       1 tile1_io_uncached_0_acquire_bits_union[9]
 1.00  Total   2425.175      2415.30  Total    3       1       1 tile1_io_uncached_0_acquire_bits_union[8]
 1.01  Total    204.705       203.33  Total    1       1       1 tile1_io_uncached_0_acquire_bits_union[7]
 1.00  Total   2423.395      2415.30  Total    1       1       1 tile1_io_uncached_0_acquire_bits_union[6]
 1.02  Total    207.505       203.53  Total    3       1       1 tile1_io_uncached_0_acquire_bits_union[5]
 1.00  Total    203.125       203.33  Total    1       1       1 tile1_io_uncached_0_acquire_bits_union[4]
 1.02  Total    554.385       544.92  Total    7       1       1 tile1_io_uncached_0_acquire_bits_union[3]
 1.01  Total   2428.975      2415.28  Total    5       1       1 tile1_io_uncached_0_acquire_bits_union[2]
 1.01  Total    204.705       203.33  Total    1       1       1 tile1_io_uncached_0_acquire_bits_union[1]
 1.01  Total   2430.655      2415.28  Total    5       1       1 tile1_io_uncached_0_acquire_bits_union[0]
 1.00  Total   1245.485      1242.40  Total    5       1       1 tile1_io_uncached_0_grant_ready
 1.00  Total   2204.325      2202.95  Total    1       1       1 tile1_io_uncached_0_grant_valid
 1.01  Total    204.705       203.33  Total    1       1       1 tile1_io_uncached_0_grant_bits_addr_beat[2]
 1.01  Total    552.305       548.93  Total    5       1       1 tile1_io_uncached_0_grant_bits_addr_beat[1]
 1.00  Total    204.025       203.41  Total    3       1       1 tile1_io_uncached_0_grant_bits_addr_beat[0]
 1.01  Total    204.705       203.33  Total    1       1       1 tile1_io_uncached_0_grant_bits_client_xact_id
 1.00  Total    400.805       399.67  Total    5       1       1 tile1_io_uncached_0_grant_bits_manager_xact_id[3]
 1.00  Total    203.785       203.38  Total    3       1       1 tile1_io_uncached_0_grant_bits_manager_xact_id[2]
 1.01  Total    204.705       203.33  Total    1       1       1 tile1_io_uncached_0_grant_bits_manager_xact_id[1]
 1.00  Total    644.585       641.57  Total    9       1       1 tile1_io_uncached_0_grant_bits_manager_xact_id[0]
 1.01  Total    204.705       203.33  Total    1       1       1 tile1_io_uncached_0_grant_bits_is_builtin_type
 1.01  Total    204.705       203.33  Total    1       1       1 tile1_io_uncached_0_grant_bits_g_type[3]
 1.01  Total    204.705       203.33  Total    1       1       1 tile1_io_uncached_0_grant_bits_g_type[2]
 1.00  Total    618.365       616.04  Total    7       1       1 tile1_io_uncached_0_grant_bits_g_type[1]
 1.00  Total    645.845       643.49  Total    5       1       1 tile1_io_uncached_0_grant_bits_g_type[0]
 1.01  Total   2429.375      2416.14  Total    5       1       1 tile1_io_uncached_0_grant_bits_data[63]
 1.00  Total   2202.885      2202.97  Total    3       1       1 tile1_io_uncached_0_grant_bits_data[62]
 1.00  Total   2426.855      2415.30  Total    5       1       1 tile1_io_uncached_0_grant_bits_data[61]
 1.00  Total   2416.775      2415.30  Total    1       1       1 tile1_io_uncached_0_grant_bits_data[60]
 1.00  Total   2427.875      2416.32  Total    5       1       1 tile1_io_uncached_0_grant_bits_data[59]
 1.00  Total   2204.325      2202.95  Total    1       1       1 tile1_io_uncached_0_grant_bits_data[58]
 1.00  Total   2423.815      2415.34  Total    5       1       1 tile1_io_uncached_0_grant_bits_data[57]
 1.00  Total   2419.195      2416.14  Total    1       1       1 tile1_io_uncached_0_grant_bits_data[56]
 1.00  Total   2423.355      2415.36  Total    3       1       1 tile1_io_uncached_0_grant_bits_data[55]
 1.00  Total   2204.325      2202.95  Total    1       1       1 tile1_io_uncached_0_grant_bits_data[54]
 1.00  Total   2415.095      2415.30  Total    1       1       1 tile1_io_uncached_0_grant_bits_data[53]
 1.00  Total    203.125       203.33  Total    1       1       1 tile1_io_uncached_0_grant_bits_data[52]
 1.00  Total   2203.005      2202.95  Total    3       1       1 tile1_io_uncached_0_grant_bits_data[51]
 1.00  Total    566.285       565.64  Total    5       1       1 tile1_io_uncached_0_grant_bits_data[50]
 1.00  Total   2423.395      2415.30  Total    1       1       1 tile1_io_uncached_0_grant_bits_data[49]
 1.00  Total   2416.675      2415.30  Total    1       1       1 tile1_io_uncached_0_grant_bits_data[48]
 1.00  Total   2204.325      2202.95  Total    1       1       1 tile1_io_uncached_0_grant_bits_data[47]
 1.00  Total   2416.355      2415.32  Total    3       1       1 tile1_io_uncached_0_grant_bits_data[46]
 1.00  Total   2425.075      2415.30  Total    1       1       1 tile1_io_uncached_0_grant_bits_data[45]
 1.00  Total   2204.325      2202.95  Total    1       1       1 tile1_io_uncached_0_grant_bits_data[44]
 1.00  Total   2203.405      2203.01  Total    3       1       1 tile1_io_uncached_0_grant_bits_data[43]
 1.00  Total   2418.795      2417.05  Total    3       1       1 tile1_io_uncached_0_grant_bits_data[42]
 1.00  Total   2416.775      2415.30  Total    1       1       1 tile1_io_uncached_0_grant_bits_data[41]
 1.00  Total   2416.775      2415.30  Total    1       1       1 tile1_io_uncached_0_grant_bits_data[40]
 1.00  Total   2421.515      2415.30  Total    3       1       1 tile1_io_uncached_0_grant_bits_data[39]
 1.00  Total   2204.325      2202.95  Total    1       1       1 tile1_io_uncached_0_grant_bits_data[38]
 1.00  Total   2416.675      2415.30  Total    1       1       1 tile1_io_uncached_0_grant_bits_data[37]
 1.00  Total   2204.325      2202.95  Total    1       1       1 tile1_io_uncached_0_grant_bits_data[36]
 1.00  Total   2203.525      2202.91  Total    3       1       1 tile1_io_uncached_0_grant_bits_data[35]
 1.00  Total   2423.395      2415.30  Total    1       1       1 tile1_io_uncached_0_grant_bits_data[34]
 1.00  Total   2423.355      2415.36  Total    3       1       1 tile1_io_uncached_0_grant_bits_data[33]
 1.00  Total   2204.325      2202.95  Total    1       1       1 tile1_io_uncached_0_grant_bits_data[32]
 1.00  Total   2425.075      2415.30  Total    1       1       1 tile1_io_uncached_0_grant_bits_data[31]
 1.00  Total   2423.195      2415.30  Total    3       1       1 tile1_io_uncached_0_grant_bits_data[30]
 1.00  Total   2415.095      2415.30  Total    1       1       1 tile1_io_uncached_0_grant_bits_data[29]
 1.00  Total    203.125       203.33  Total    1       1       1 tile1_io_uncached_0_grant_bits_data[28]
 1.00  Total   2203.765      2203.97  Total    1       1       1 tile1_io_uncached_0_grant_bits_data[27]
 1.00  Total   2205.545      2203.61  Total    3       1       1 tile1_io_uncached_0_grant_bits_data[26]
 1.00  Total   2416.775      2415.30  Total    1       1       1 tile1_io_uncached_0_grant_bits_data[25]
 1.00  Total   2203.025      2203.03  Total    3       1       1 tile1_io_uncached_0_grant_bits_data[24]
 1.00  Total   2417.735      2415.26  Total    3       1       1 tile1_io_uncached_0_grant_bits_data[23]
 1.00  Total   2416.675      2415.30  Total    1       1       1 tile1_io_uncached_0_grant_bits_data[22]
 1.01  Total   2429.275      2416.14  Total    5       1       1 tile1_io_uncached_0_grant_bits_data[21]
 1.00  Total   2423.395      2415.30  Total    1       1       1 tile1_io_uncached_0_grant_bits_data[20]
 1.00  Total   2204.325      2202.95  Total    1       1       1 tile1_io_uncached_0_grant_bits_data[19]
 1.00  Total   2419.415      2415.26  Total    3       1       1 tile1_io_uncached_0_grant_bits_data[18]
 1.00  Total   2425.175      2415.30  Total    5       1       1 tile1_io_uncached_0_grant_bits_data[17]
 1.00  Total   2415.435      2415.38  Total    3       1       1 tile1_io_uncached_0_grant_bits_data[16]
 1.00  Total   2204.325      2202.95  Total    1       1       1 tile1_io_uncached_0_grant_bits_data[15]
 1.00  Total   2425.075      2415.30  Total    1       1       1 tile1_io_uncached_0_grant_bits_data[14]
 1.00  Total   2416.775      2415.30  Total    1       1       1 tile1_io_uncached_0_grant_bits_data[13]
 1.00  Total   2427.295      2415.28  Total    5       1       1 tile1_io_uncached_0_grant_bits_data[12]
 1.00  Total   2426.855      2415.30  Total    5       1       1 tile1_io_uncached_0_grant_bits_data[11]
 1.00  Total   2416.675      2415.30  Total    1       1       1 tile1_io_uncached_0_grant_bits_data[10]
 1.00  Total   2203.525      2202.91  Total    3       1       1 tile1_io_uncached_0_grant_bits_data[9]
 1.00  Total   2423.395      2415.30  Total    1       1       1 tile1_io_uncached_0_grant_bits_data[8]
 1.00  Total   1997.480      1990.22  Total    2       1       1 tile1_io_uncached_0_grant_bits_data[7]
 1.00  Total   2420.455      2415.34  Total    3       1       1 tile1_io_uncached_0_grant_bits_data[6]
 1.00  Total   2425.075      2415.30  Total    1       1       1 tile1_io_uncached_0_grant_bits_data[5]
 1.00  Total   2027.400      2022.56  Total    2       1       1 tile1_io_uncached_0_grant_bits_data[4]
 1.00  Total   2416.775      2415.30  Total    1       1       1 tile1_io_uncached_0_grant_bits_data[3]
 1.00  Total   2418.375      2415.32  Total    3       1       1 tile1_io_uncached_0_grant_bits_data[2]
 1.02  Total    600.445       589.73  Total    9       1       1 tile1_io_uncached_0_grant_bits_data[1]
 1.00  Total    593.725       592.45  Total    7       1       1 tile1_io_uncached_0_grant_bits_data[0]
 1.00  Total    688.085       688.28  Total    5       1       1 tile1_io_prci_reset
 1.00  Total    209.185       208.93  Total    3       1       1 tile1_io_prci_id[1]
 1.00  Total   2416.275      2415.95  Total    3       1       1 tile1_io_prci_id[0]
 1.00  Total   1166.885      1164.57  Total    5       1       1 tile1_io_prci_interrupts_meip
 1.00  Total   1188.065      1187.49  Total    7       1       1 tile1_io_prci_interrupts_seip
 1.00  Total   1193.485      1188.64  Total    5       1       1 tile1_io_prci_interrupts_debug
 1.01  Total   1222.045      1213.85  Total    7       1       1 tile1_io_prci_interrupts_mtip
 1.00  Total   1238.765      1233.25  Total    7       1       1 tile1_io_prci_interrupts_msip
 1.00  Total   1994.030      1990.87  Total    2       1       1 tile2_io_cached_0_acquire_ready
 1.00  Total   1992.240      1990.87  Total    2       1       1 tile2_io_cached_0_acquire_valid
 1.04  Total    247.565       237.16  Total    7       1       1 tile2_io_cached_0_acquire_bits_addr_block[25]
 1.03  Total    242.835       236.52  Total    5       1       1 tile2_io_cached_0_acquire_bits_addr_block[24]
 1.00  Total    261.875       261.24  Total    3       1       1 tile2_io_cached_0_acquire_bits_addr_block[23]
 1.01  Total    214.555       213.08  Total    3       1       1 tile2_io_cached_0_acquire_bits_addr_block[22]
 1.00  Total    206.005       205.88  Total    3       1       1 tile2_io_cached_0_acquire_bits_addr_block[21]
 1.00  Total    205.595       205.80  Total    1       1       1 tile2_io_cached_0_acquire_bits_addr_block[20]
 1.01  Total    288.145       285.63  Total    5       1       1 tile2_io_cached_0_acquire_bits_addr_block[19]
 1.00  Total    205.515       205.88  Total    3       1       1 tile2_io_cached_0_acquire_bits_addr_block[18]
 1.02  Total    290.965       284.19  Total    3       1       1 tile2_io_cached_0_acquire_bits_addr_block[17]
 1.00  Total    205.595       205.80  Total    1       1       1 tile2_io_cached_0_acquire_bits_addr_block[16]
 1.02  Total    315.245       310.51  Total    7       1       1 tile2_io_cached_0_acquire_bits_addr_block[15]
 1.00  Total    205.595       205.80  Total    1       1       1 tile2_io_cached_0_acquire_bits_addr_block[14]
 1.00  Total    205.595       205.80  Total    1       1       1 tile2_io_cached_0_acquire_bits_addr_block[13]
 1.00  Total    205.885       205.81  Total    3       1       1 tile2_io_cached_0_acquire_bits_addr_block[12]
 1.00  Total    332.675       331.39  Total    5       1       1 tile2_io_cached_0_acquire_bits_addr_block[11]
 1.00  Total    205.595       205.80  Total    1       1       1 tile2_io_cached_0_acquire_bits_addr_block[10]
 1.02  Total    337.405       332.36  Total    7       1       1 tile2_io_cached_0_acquire_bits_addr_block[9]
 1.00  Total    205.595       205.80  Total    1       1       1 tile2_io_cached_0_acquire_bits_addr_block[8]
 1.00  Total    205.395       205.80  Total    3       1       1 tile2_io_cached_0_acquire_bits_addr_block[7]
 1.02  Total    366.985       358.68  Total    5       1       1 tile2_io_cached_0_acquire_bits_addr_block[6]
 1.00  Total    205.595       205.80  Total    1       1       1 tile2_io_cached_0_acquire_bits_addr_block[5]
 1.00  Total    206.075       205.88  Total    3       1       1 tile2_io_cached_0_acquire_bits_addr_block[4]
 1.00  Total    205.595       205.80  Total    1       1       1 tile2_io_cached_0_acquire_bits_addr_block[3]
 1.04  Total    214.555       206.88  Total    3       1       1 tile2_io_cached_0_acquire_bits_addr_block[2]
 1.00  Total    205.475       205.88  Total    3       1       1 tile2_io_cached_0_acquire_bits_addr_block[1]
 1.00  Total    205.595       205.80  Total    1       1       1 tile2_io_cached_0_acquire_bits_addr_block[0]
 1.00  Total   1916.330      1911.46  Total    6       1       1 tile2_io_cached_0_acquire_bits_client_xact_id
 1.00  Total    205.595       205.80  Total    1       1       1 tile2_io_cached_0_acquire_bits_addr_beat[2]
 1.00  Total    206.475       205.84  Total    3       1       1 tile2_io_cached_0_acquire_bits_addr_beat[1]
 1.00  Total    205.595       205.80  Total    1       1       1 tile2_io_cached_0_acquire_bits_addr_beat[0]
 1.00  Total   1933.380      1931.90  Total    8       1       1 tile2_io_cached_0_acquire_bits_is_builtin_type
 1.00  Total    205.595       205.80  Total    1       1       1 tile2_io_cached_0_acquire_bits_a_type[2]
 1.00  Total    205.845       205.84  Total    3       1       1 tile2_io_cached_0_acquire_bits_a_type[1]
 1.00  Total    205.595       205.80  Total    1       1       1 tile2_io_cached_0_acquire_bits_a_type[0]
 1.01  Total    205.390       204.02  Total    2       1       1 tile2_io_cached_0_acquire_bits_union[10]
 1.00  Total    205.595       205.80  Total    1       1       1 tile2_io_cached_0_acquire_bits_union[9]
 1.01  Total    205.390       204.02  Total    2       1       1 tile2_io_cached_0_acquire_bits_union[8]
 1.00  Total    205.835       205.91  Total    3       1       1 tile2_io_cached_0_acquire_bits_union[7]
 1.01  Total    205.390       204.02  Total    2       1       1 tile2_io_cached_0_acquire_bits_union[6]
 1.00  Total    205.595       205.80  Total    1       1       1 tile2_io_cached_0_acquire_bits_union[5]
 1.00  Total    205.595       205.80  Total    1       1       1 tile2_io_cached_0_acquire_bits_union[4]
 1.00  Total    205.955       205.80  Total    3       1       1 tile2_io_cached_0_acquire_bits_union[3]
 1.01  Total    205.390       204.02  Total    2       1       1 tile2_io_cached_0_acquire_bits_union[2]
 1.00  Total    205.595       205.80  Total    1       1       1 tile2_io_cached_0_acquire_bits_union[1]
 1.01  Total    205.390       204.02  Total    2       1       1 tile2_io_cached_0_acquire_bits_union[0]
 1.08  Total    250.890       232.33  Total    6       1       1 tile2_io_cached_0_acquire_bits_data[63]
 1.04  Total    266.710       256.94  Total    4       1       1 tile2_io_cached_0_acquire_bits_data[62]
 1.02  Total    210.990       207.66  Total    4       1       1 tile2_io_cached_0_acquire_bits_data[61]
 1.01  Total    205.390       204.02  Total    2       1       1 tile2_io_cached_0_acquire_bits_data[60]
 1.01  Total    283.930       281.30  Total    2       1       1 tile2_io_cached_0_acquire_bits_data[59]
 1.01  Total    205.390       204.02  Total    2       1       1 tile2_io_cached_0_acquire_bits_data[58]
 1.01  Total    205.390       204.02  Total    2       1       1 tile2_io_cached_0_acquire_bits_data[57]
 1.01  Total    205.390       204.02  Total    2       1       1 tile2_io_cached_0_acquire_bits_data[56]
 1.02  Total    360.230       353.26  Total    4       1       1 tile2_io_cached_0_acquire_bits_data[55]
 1.01  Total    205.390       204.02  Total    2       1       1 tile2_io_cached_0_acquire_bits_data[54]
 1.01  Total    205.390       204.02  Total    2       1       1 tile2_io_cached_0_acquire_bits_data[53]
 1.01  Total    205.390       204.02  Total    2       1       1 tile2_io_cached_0_acquire_bits_data[52]
 1.00  Total    377.450       377.62  Total    2       1       1 tile2_io_cached_0_acquire_bits_data[51]
 1.01  Total    205.390       204.02  Total    2       1       1 tile2_io_cached_0_acquire_bits_data[50]
 1.01  Total    205.390       204.02  Total    2       1       1 tile2_io_cached_0_acquire_bits_data[49]
 1.01  Total    205.390       204.02  Total    2       1       1 tile2_io_cached_0_acquire_bits_data[48]
 1.01  Total    205.390       204.02  Total    2       1       1 tile2_io_cached_0_acquire_bits_data[47]
 1.01  Total    205.390       204.02  Total    2       1       1 tile2_io_cached_0_acquire_bits_data[46]
 1.01  Total    205.390       204.02  Total    2       1       1 tile2_io_cached_0_acquire_bits_data[45]
 1.01  Total    205.390       204.02  Total    2       1       1 tile2_io_cached_0_acquire_bits_data[44]
 1.01  Total    205.390       204.02  Total    2       1       1 tile2_io_cached_0_acquire_bits_data[43]
 1.01  Total    205.390       204.02  Total    2       1       1 tile2_io_cached_0_acquire_bits_data[42]
 1.01  Total    205.390       204.02  Total    2       1       1 tile2_io_cached_0_acquire_bits_data[41]
 1.01  Total    205.390       204.02  Total    2       1       1 tile2_io_cached_0_acquire_bits_data[40]
 1.02  Total    409.230       402.54  Total    4       1       1 tile2_io_cached_0_acquire_bits_data[39]
 1.01  Total    205.390       204.02  Total    2       1       1 tile2_io_cached_0_acquire_bits_data[38]
 1.01  Total    205.390       204.02  Total    2       1       1 tile2_io_cached_0_acquire_bits_data[37]
 1.01  Total    205.390       204.02  Total    2       1       1 tile2_io_cached_0_acquire_bits_data[36]
 1.01  Total    205.390       204.02  Total    2       1       1 tile2_io_cached_0_acquire_bits_data[35]
 1.01  Total    205.390       204.02  Total    2       1       1 tile2_io_cached_0_acquire_bits_data[34]
 1.01  Total    205.390       204.02  Total    2       1       1 tile2_io_cached_0_acquire_bits_data[33]
 1.01  Total    205.390       204.02  Total    2       1       1 tile2_io_cached_0_acquire_bits_data[32]
 1.00  Total    463.660       463.86  Total    6       1       1 tile2_io_cached_0_acquire_bits_data[31]
 1.01  Total    205.390       204.02  Total    2       1       1 tile2_io_cached_0_acquire_bits_data[30]
 1.01  Total    205.390       204.02  Total    2       1       1 tile2_io_cached_0_acquire_bits_data[29]
 1.01  Total    205.390       204.02  Total    2       1       1 tile2_io_cached_0_acquire_bits_data[28]
 1.00  Total    489.420       488.78  Total    6       1       1 tile2_io_cached_0_acquire_bits_data[27]
 1.01  Total    205.390       204.02  Total    2       1       1 tile2_io_cached_0_acquire_bits_data[26]
 1.01  Total    205.390       204.02  Total    2       1       1 tile2_io_cached_0_acquire_bits_data[25]
 1.01  Total    205.390       204.02  Total    2       1       1 tile2_io_cached_0_acquire_bits_data[24]
 1.01  Total    205.390       204.02  Total    2       1       1 tile2_io_cached_0_acquire_bits_data[23]
 1.01  Total    205.390       204.02  Total    2       1       1 tile2_io_cached_0_acquire_bits_data[22]
 1.01  Total    205.390       204.02  Total    2       1       1 tile2_io_cached_0_acquire_bits_data[21]
 1.01  Total    205.390       204.02  Total    2       1       1 tile2_io_cached_0_acquire_bits_data[20]
 1.01  Total    205.390       204.02  Total    2       1       1 tile2_io_cached_0_acquire_bits_data[19]
 1.01  Total    205.390       204.02  Total    2       1       1 tile2_io_cached_0_acquire_bits_data[18]
 1.01  Total    205.390       204.02  Total    2       1       1 tile2_io_cached_0_acquire_bits_data[17]
 1.01  Total    205.390       204.02  Total    2       1       1 tile2_io_cached_0_acquire_bits_data[16]
 1.01  Total    205.390       204.02  Total    2       1       1 tile2_io_cached_0_acquire_bits_data[15]
 1.01  Total    205.390       204.02  Total    2       1       1 tile2_io_cached_0_acquire_bits_data[14]
 1.01  Total    205.390       204.02  Total    2       1       1 tile2_io_cached_0_acquire_bits_data[13]
 1.01  Total    205.390       204.02  Total    2       1       1 tile2_io_cached_0_acquire_bits_data[12]
 1.01  Total    205.390       204.02  Total    2       1       1 tile2_io_cached_0_acquire_bits_data[11]
 1.01  Total    205.390       204.02  Total    2       1       1 tile2_io_cached_0_acquire_bits_data[10]
 1.01  Total    205.390       204.02  Total    2       1       1 tile2_io_cached_0_acquire_bits_data[9]
 1.01  Total    205.390       204.02  Total    2       1       1 tile2_io_cached_0_acquire_bits_data[8]
 1.01  Total    205.390       204.02  Total    2       1       1 tile2_io_cached_0_acquire_bits_data[7]
 1.01  Total    205.390       204.02  Total    2       1       1 tile2_io_cached_0_acquire_bits_data[6]
 1.01  Total    205.390       204.02  Total    2       1       1 tile2_io_cached_0_acquire_bits_data[5]
 1.01  Total    205.390       204.02  Total    2       1       1 tile2_io_cached_0_acquire_bits_data[4]
 1.00  Total    205.435       205.81  Total    3       1       1 tile2_io_cached_0_acquire_bits_data[3]
 1.01  Total    205.390       204.02  Total    2       1       1 tile2_io_cached_0_acquire_bits_data[2]
 1.01  Total    205.390       204.02  Total    2       1       1 tile2_io_cached_0_acquire_bits_data[1]
 1.00  Total    205.595       205.80  Total    1       1       1 tile2_io_cached_0_acquire_bits_data[0]
 1.01  Total   1935.625      1921.80  Total    7       1       1 tile2_io_cached_0_probe_ready
 1.00  Total   1999.070      1990.87  Total    2       1       1 tile2_io_cached_0_probe_valid
 1.00  Total    205.595       205.80  Total    1       1       1 tile2_io_cached_0_probe_bits_addr_block[25]
 1.01  Total    206.955       205.91  Total    3       1       1 tile2_io_cached_0_probe_bits_addr_block[24]
 1.00  Total    205.595       205.80  Total    1       1       1 tile2_io_cached_0_probe_bits_addr_block[23]
 1.01  Total    382.635       377.16  Total    5       1       1 tile2_io_cached_0_probe_bits_addr_block[22]
 1.00  Total    205.595       205.80  Total    1       1       1 tile2_io_cached_0_probe_bits_addr_block[21]
 1.01  Total    388.155       385.00  Total    5       1       1 tile2_io_cached_0_probe_bits_addr_block[20]
 1.00  Total    205.595       205.80  Total    1       1       1 tile2_io_cached_0_probe_bits_addr_block[19]
 1.00  Total    206.715       206.33  Total    1       1       1 tile2_io_cached_0_probe_bits_addr_block[18]
 1.00  Total    209.595       209.97  Total    3       1       1 tile2_io_cached_0_probe_bits_addr_block[17]
 1.00  Total    209.235       209.44  Total    1       1       1 tile2_io_cached_0_probe_bits_addr_block[16]
 1.00  Total    210.355       209.41  Total    1       1       1 tile2_io_cached_0_probe_bits_addr_block[15]
 1.00  Total    205.515       205.88  Total    3       1       1 tile2_io_cached_0_probe_bits_addr_block[14]
 1.00  Total    205.595       205.80  Total    1       1       1 tile2_io_cached_0_probe_bits_addr_block[13]
 1.00  Total    205.595       205.80  Total    1       1       1 tile2_io_cached_0_probe_bits_addr_block[12]
 1.00  Total    205.915       205.84  Total    3       1       1 tile2_io_cached_0_probe_bits_addr_block[11]
 1.00  Total    205.595       205.80  Total    1       1       1 tile2_io_cached_0_probe_bits_addr_block[10]
 1.01  Total    207.275       205.80  Total    1       1       1 tile2_io_cached_0_probe_bits_addr_block[9]
 1.00  Total    206.525       205.84  Total    3       1       1 tile2_io_cached_0_probe_bits_addr_block[8]
 1.00  Total    205.595       205.80  Total    1       1       1 tile2_io_cached_0_probe_bits_addr_block[7]
 1.00  Total    206.035       205.84  Total    3       1       1 tile2_io_cached_0_probe_bits_addr_block[6]
 1.00  Total    205.595       205.80  Total    1       1       1 tile2_io_cached_0_probe_bits_addr_block[5]
 1.00  Total    205.475       205.88  Total    3       1       1 tile2_io_cached_0_probe_bits_addr_block[4]
 1.00  Total    205.595       205.80  Total    1       1       1 tile2_io_cached_0_probe_bits_addr_block[3]
 1.00  Total    205.955       205.80  Total    3       1       1 tile2_io_cached_0_probe_bits_addr_block[2]
 1.00  Total    205.595       205.80  Total    1       1       1 tile2_io_cached_0_probe_bits_addr_block[1]
 1.00  Total    205.595       205.80  Total    1       1       1 tile2_io_cached_0_probe_bits_addr_block[0]
 1.01  Total    207.245       205.80  Total    1       1       1 tile2_io_cached_0_probe_bits_p_type[1]
 1.00  Total    205.595       205.80  Total    1       1       1 tile2_io_cached_0_probe_bits_p_type[0]
 1.01  Total   1900.385      1887.24  Total    5       1       1 tile2_io_cached_0_release_ready
 1.00  Total   1994.030      1990.87  Total    2       1       1 tile2_io_cached_0_release_valid
 1.00  Total    206.005       205.88  Total    3       1       1 tile2_io_cached_0_release_bits_addr_beat[2]
 1.00  Total    206.595       205.84  Total    3       1       1 tile2_io_cached_0_release_bits_addr_beat[1]
 1.00  Total    205.595       205.80  Total    1       1       1 tile2_io_cached_0_release_bits_addr_beat[0]
 1.00  Total    205.595       205.80  Total    1       1       1 tile2_io_cached_0_release_bits_addr_block[25]
 1.00  Total    205.595       205.80  Total    1       1       1 tile2_io_cached_0_release_bits_addr_block[24]
 1.00  Total    205.885       205.81  Total    3       1       1 tile2_io_cached_0_release_bits_addr_block[23]
 1.00  Total    205.595       205.80  Total    1       1       1 tile2_io_cached_0_release_bits_addr_block[22]
 1.00  Total   1268.995      1267.71  Total    5       1       1 tile2_io_cached_0_release_bits_addr_block[21]
 1.00  Total   1274.635      1273.15  Total    3       1       1 tile2_io_cached_0_release_bits_addr_block[20]
 1.00  Total    205.595       205.80  Total    1       1       1 tile2_io_cached_0_release_bits_addr_block[19]
 1.00  Total    206.075       205.88  Total    3       1       1 tile2_io_cached_0_release_bits_addr_block[18]
 1.00  Total   1296.865      1296.12  Total    3       1       1 tile2_io_cached_0_release_bits_addr_block[17]
 1.01  Total   1327.075      1315.71  Total    5       1       1 tile2_io_cached_0_release_bits_addr_block[16]
 1.01  Total   1327.775      1320.19  Total    9       1       1 tile2_io_cached_0_release_bits_addr_block[15]
 1.00  Total   1346.595      1344.28  Total    7       1       1 tile2_io_cached_0_release_bits_addr_block[14]
 1.00  Total    205.595       205.80  Total    1       1       1 tile2_io_cached_0_release_bits_addr_block[13]
 1.00  Total   1366.395      1362.60  Total    5       1       1 tile2_io_cached_0_release_bits_addr_block[12]
 1.00  Total   1372.185      1369.48  Total    3       1       1 tile2_io_cached_0_release_bits_addr_block[11]
 1.00  Total    205.595       205.80  Total    1       1       1 tile2_io_cached_0_release_bits_addr_block[10]
 1.00  Total    206.475       205.84  Total    3       1       1 tile2_io_cached_0_release_bits_addr_block[9]
 1.00  Total   1395.595      1395.80  Total    5       1       1 tile2_io_cached_0_release_bits_addr_block[8]
 1.00  Total   1413.555      1407.24  Total    5       1       1 tile2_io_cached_0_release_bits_addr_block[7]
 1.00  Total    205.595       205.80  Total    1       1       1 tile2_io_cached_0_release_bits_addr_block[6]
 1.00  Total    205.595       205.80  Total    1       1       1 tile2_io_cached_0_release_bits_addr_block[5]
 1.00  Total   1994.030      1990.87  Total    2       1       1 tile2_io_cached_0_release_bits_addr_block[4]
 1.00  Total    206.595       205.84  Total    3       1       1 tile2_io_cached_0_release_bits_addr_block[3]
 1.00  Total   1999.070      1990.87  Total    2       1       1 tile2_io_cached_0_release_bits_addr_block[2]
 1.00  Total    205.595       205.80  Total    1       1       1 tile2_io_cached_0_release_bits_addr_block[1]
 1.00  Total   1998.960      1990.87  Total    2       1       1 tile2_io_cached_0_release_bits_addr_block[0]
 1.00  Total   2415.885      2412.76  Total    1       1       1 tile2_io_cached_0_release_bits_client_xact_id
 1.00  Total   1934.875      1933.39  Total    7       1       1 tile2_io_cached_0_release_bits_voluntary
 1.00  Total   1994.030      1990.87  Total    2       1       1 tile2_io_cached_0_release_bits_r_type[2]
 1.01  Total   1551.105      1542.52  Total    7       1       1 tile2_io_cached_0_release_bits_r_type[1]
 1.01  Total    207.245       205.80  Total    1       1       1 tile2_io_cached_0_release_bits_r_type[0]
 1.01  Total    919.670       914.38  Total    4       1       1 tile2_io_cached_0_release_bits_data[63]
 1.00  Total    940.250       938.74  Total    4       1       1 tile2_io_cached_0_release_bits_data[62]
 1.01  Total    205.390       204.02  Total    2       1       1 tile2_io_cached_0_release_bits_data[61]
 1.00  Total    965.170       965.06  Total    8       1       1 tile2_io_cached_0_release_bits_data[60]
 1.01  Total    205.390       204.02  Total    2       1       1 tile2_io_cached_0_release_bits_data[59]
 1.00  Total    988.410       988.02  Total    8       1       1 tile2_io_cached_0_release_bits_data[58]
 1.00  Total   1049.590      1044.86  Total    4       1       1 tile2_io_cached_0_release_bits_data[57]
 1.00  Total   1074.510      1071.18  Total    4       1       1 tile2_io_cached_0_release_bits_data[56]
 1.01  Total    205.390       204.02  Total    2       1       1 tile2_io_cached_0_release_bits_data[55]
 1.00  Total    205.595       205.80  Total    1       1       1 tile2_io_cached_0_release_bits_data[54]
 1.00  Total    205.475       205.88  Total    3       1       1 tile2_io_cached_0_release_bits_data[53]
 1.01  Total    205.390       204.02  Total    2       1       1 tile2_io_cached_0_release_bits_data[52]
 1.00  Total    205.595       205.80  Total    1       1       1 tile2_io_cached_0_release_bits_data[51]
 1.00  Total    205.595       205.80  Total    1       1       1 tile2_io_cached_0_release_bits_data[50]
 1.00  Total    205.435       205.81  Total    3       1       1 tile2_io_cached_0_release_bits_data[49]
 1.01  Total    205.390       204.02  Total    2       1       1 tile2_io_cached_0_release_bits_data[48]
 1.00  Total   1095.230      1094.14  Total    6       1       1 tile2_io_cached_0_release_bits_data[47]
 1.00  Total   1992.240      1990.87  Total    2       1       1 tile2_io_cached_0_release_bits_data[46]
 1.01  Total    205.390       204.02  Total    2       1       1 tile2_io_cached_0_release_bits_data[45]
 1.00  Total   1120.010      1118.50  Total    6       1       1 tile2_io_cached_0_release_bits_data[44]
 1.00  Total   1144.060      1142.58  Total    2       1       1 tile2_io_cached_0_release_bits_data[43]
 1.00  Total   1168.140      1166.66  Total    2       1       1 tile2_io_cached_0_release_bits_data[42]
 1.00  Total   1419.115      1417.63  Total    5       1       1 tile2_io_cached_0_release_bits_data[41]
 1.00  Total   1994.030      1990.87  Total    2       1       1 tile2_io_cached_0_release_bits_data[40]
 1.01  Total   1201.740      1195.22  Total   12       1       1 tile2_io_cached_0_release_bits_data[39]
 1.01  Total   1225.430      1216.78  Total    4       1       1 tile2_io_cached_0_release_bits_data[38]
 1.00  Total    204.830       205.03  Total    2       1       1 tile2_io_cached_0_release_bits_data[37]
 1.00  Total   1246.710      1244.22  Total    4       1       1 tile2_io_cached_0_release_bits_data[36]
 1.00  Total    205.595       205.80  Total    1       1       1 tile2_io_cached_0_release_bits_data[35]
 1.00  Total    203.990       204.19  Total    2       1       1 tile2_io_cached_0_release_bits_data[34]
 1.01  Total   1451.035      1442.84  Total    5       1       1 tile2_io_cached_0_release_bits_data[33]
 1.01  Total   1461.245      1453.00  Total    9       1       1 tile2_io_cached_0_release_bits_data[32]
 1.00  Total   1999.070      1990.87  Total    2       1       1 tile2_io_cached_0_release_bits_data[31]
 1.00  Total   1268.100      1268.30  Total    4       1       1 tile2_io_cached_0_release_bits_data[30]
 1.00  Total   1466.965      1465.80  Total    3       1       1 tile2_io_cached_0_release_bits_data[29]
 1.00  Total   1293.050      1290.42  Total    6       1       1 tile2_io_cached_0_release_bits_data[28]
 1.01  Total   1322.700      1315.34  Total    4       1       1 tile2_io_cached_0_release_bits_data[27]
 1.01  Total    205.390       204.02  Total    2       1       1 tile2_io_cached_0_release_bits_data[26]
 1.00  Total   1343.760      1341.94  Total    6       1       1 tile2_io_cached_0_release_bits_data[25]
 1.01  Total    205.390       204.02  Total    2       1       1 tile2_io_cached_0_release_bits_data[24]
 1.00  Total   1998.960      1990.87  Total    2       1       1 tile2_io_cached_0_release_bits_data[23]
 1.00  Total   1366.660      1366.86  Total    6       1       1 tile2_io_cached_0_release_bits_data[22]
 1.00  Total   2422.605      2412.76  Total    1       1       1 tile2_io_cached_0_release_bits_data[21]
 1.00  Total   1494.655      1487.63  Total    5       1       1 tile2_io_cached_0_release_bits_data[20]
 1.00  Total   2420.195      2412.76  Total    3       1       1 tile2_io_cached_0_release_bits_data[19]
 1.00  Total   1388.780      1388.98  Total    6       1       1 tile2_io_cached_0_release_bits_data[18]
 1.00  Total   2419.275      2412.76  Total    1       1       1 tile2_io_cached_0_release_bits_data[17]
 1.00  Total   1498.355      1498.76  Total    5       1       1 tile2_io_cached_0_release_bits_data[16]
 1.01  Total    205.390       204.02  Total    2       1       1 tile2_io_cached_0_release_bits_data[15]
 1.00  Total   1992.240      1990.87  Total    2       1       1 tile2_io_cached_0_release_bits_data[14]
 1.01  Total   1532.765      1513.95  Total    7       1       1 tile2_io_cached_0_release_bits_data[13]
 1.00  Total    205.595       205.80  Total    1       1       1 tile2_io_cached_0_release_bits_data[12]
 1.01  Total    205.390       204.02  Total    2       1       1 tile2_io_cached_0_release_bits_data[11]
 1.00  Total    205.835       205.91  Total    3       1       1 tile2_io_cached_0_release_bits_data[10]
 1.01  Total    205.390       204.02  Total    2       1       1 tile2_io_cached_0_release_bits_data[9]
 1.00  Total    205.595       205.80  Total    1       1       1 tile2_io_cached_0_release_bits_data[8]
 1.01  Total    205.390       204.02  Total    2       1       1 tile2_io_cached_0_release_bits_data[7]
 1.00  Total    205.595       205.80  Total    1       1       1 tile2_io_cached_0_release_bits_data[6]
 1.01  Total    205.390       204.02  Total    2       1       1 tile2_io_cached_0_release_bits_data[5]
 1.01  Total    208.165       205.80  Total    3       1       1 tile2_io_cached_0_release_bits_data[4]
 1.01  Total    205.390       204.02  Total    2       1       1 tile2_io_cached_0_release_bits_data[3]
 1.00  Total    205.595       205.80  Total    1       1       1 tile2_io_cached_0_release_bits_data[2]
 1.01  Total    205.390       204.02  Total    2       1       1 tile2_io_cached_0_release_bits_data[1]
 1.00  Total    206.075       205.88  Total    3       1       1 tile2_io_cached_0_release_bits_data[0]
 1.00  Total   1999.070      1990.87  Total    2       1       1 tile2_io_cached_0_grant_ready
 1.01  Total    206.955       205.91  Total    3       1       1 tile2_io_cached_0_grant_bits_manager_xact_id[3]
 1.00  Total    205.595       205.80  Total    1       1       1 tile2_io_cached_0_grant_bits_manager_xact_id[2]
 1.01  Total    207.005       205.81  Total    3       1       1 tile2_io_cached_0_grant_bits_manager_xact_id[1]
 1.00  Total    206.995       206.05  Total    1       1       1 tile2_io_cached_0_grant_bits_manager_xact_id[0]
 1.01  Total   1899.595      1886.36  Total    3       1       1 tile2_io_cached_0_grant_bits_manager_id
 1.00  Total   1999.520      1991.32  Total    2       1       1 tile2_io_cached_0_finish_ready
 1.01  Total   1967.745      1957.48  Total    9       1       1 tile2_io_cached_0_finish_valid
 1.00  Total    206.435       206.63  Total    1       1       1 tile2_io_cached_0_finish_bits_manager_xact_id[3]
 1.00  Total    205.595       205.80  Total    1       1       1 tile2_io_cached_0_finish_bits_manager_xact_id[2]
 1.00  Total    205.595       205.80  Total    1       1       1 tile2_io_cached_0_finish_bits_manager_xact_id[1]
 1.01  Total    207.515       205.91  Total    3       1       1 tile2_io_cached_0_finish_bits_manager_xact_id[0]
 1.00  Total   1972.695      1968.67  Total   11       1       1 tile2_io_cached_0_finish_bits_manager_id
 1.00  Total   1910.765      1903.72  Total    5       1       1 tile2_io_uncached_0_acquire_ready
 1.00  Total   1979.675      1978.19  Total    3       1       1 tile2_io_uncached_0_acquire_valid
 1.00  Total    203.990       204.19  Total    2       1       1 tile2_io_uncached_0_acquire_bits_addr_block[25]
 1.03  Total    222.115       216.12  Total    3       1       1 tile2_io_uncached_0_acquire_bits_addr_block[24]
 1.05  Total    228.115       217.28  Total    5       1       1 tile2_io_uncached_0_acquire_bits_addr_block[23]
 1.01  Total    227.230       224.07  Total    4       1       1 tile2_io_uncached_0_acquire_bits_addr_block[22]
 1.00  Total    205.595       205.80  Total    1       1       1 tile2_io_uncached_0_acquire_bits_addr_block[21]
 1.02  Total    246.195       242.44  Total    3       1       1 tile2_io_uncached_0_acquire_bits_addr_block[20]
 1.01  Total    253.380       250.11  Total    2       1       1 tile2_io_uncached_0_acquire_bits_addr_block[19]
 1.00  Total    206.565       205.88  Total    3       1       1 tile2_io_uncached_0_acquire_bits_addr_block[18]
 1.00  Total    264.635       263.32  Total    3       1       1 tile2_io_uncached_0_acquire_bits_addr_block[17]
 1.00  Total    205.595       205.80  Total    1       1       1 tile2_io_uncached_0_acquire_bits_addr_block[16]
 1.03  Total    275.115       266.25  Total    5       1       1 tile2_io_uncached_0_acquire_bits_addr_block[15]
 1.01  Total    277.660       275.59  Total    2       1       1 tile2_io_uncached_0_acquire_bits_addr_block[14]
 1.00  Total    205.595       205.80  Total    1       1       1 tile2_io_uncached_0_acquire_bits_addr_block[13]
 1.01  Total    293.485       290.32  Total    3       1       1 tile2_io_uncached_0_acquire_bits_addr_block[12]
 1.00  Total    300.700       299.39  Total    6       1       1 tile2_io_uncached_0_acquire_bits_addr_block[11]
 1.00  Total    205.475       205.84  Total    3       1       1 tile2_io_uncached_0_acquire_bits_addr_block[10]
 1.00  Total    307.595       307.97  Total    3       1       1 tile2_io_uncached_0_acquire_bits_addr_block[9]
 1.00  Total    205.595       205.80  Total    1       1       1 tile2_io_uncached_0_acquire_bits_addr_block[8]
 1.00  Total    313.645       312.17  Total    5       1       1 tile2_io_uncached_0_acquire_bits_addr_block[7]
 1.00  Total    322.430       322.63  Total    4       1       1 tile2_io_uncached_0_acquire_bits_addr_block[6]
 1.00  Total    205.595       205.80  Total    1       1       1 tile2_io_uncached_0_acquire_bits_addr_block[5]
 1.01  Total    339.515       336.25  Total    3       1       1 tile2_io_uncached_0_acquire_bits_addr_block[4]
 1.00  Total    348.190       346.71  Total    4       1       1 tile2_io_uncached_0_acquire_bits_addr_block[3]
 1.01  Total    207.035       205.84  Total    3       1       1 tile2_io_uncached_0_acquire_bits_addr_block[2]
 1.00  Total    206.475       205.84  Total    3       1       1 tile2_io_uncached_0_acquire_bits_addr_block[1]
 1.00  Total    205.595       205.80  Total    1       1       1 tile2_io_uncached_0_acquire_bits_addr_block[0]
 1.00  Total   2424.725      2412.84  Total    3       1       1 tile2_io_uncached_0_acquire_bits_client_xact_id
 1.00  Total   1413.170      1413.06  Total    8       1       1 tile2_io_uncached_0_acquire_bits_addr_beat[2]
 1.00  Total   2415.885      2412.76  Total    1       1       1 tile2_io_uncached_0_acquire_bits_addr_beat[1]
 1.00  Total   1551.785      1547.88  Total    9       1       1 tile2_io_uncached_0_acquire_bits_addr_beat[0]
 1.00  Total   1966.420      1961.58  Total    4       1       1 tile2_io_uncached_0_acquire_bits_is_builtin_type
 1.00  Total   2415.045      2413.60  Total    1       1       1 tile2_io_uncached_0_acquire_bits_a_type[2]
 1.00  Total   2415.885      2412.76  Total    1       1       1 tile2_io_uncached_0_acquire_bits_a_type[1]
 1.00  Total   2414.725      2413.45  Total    3       1       1 tile2_io_uncached_0_acquire_bits_a_type[0]
 1.02  Total   1662.680      1635.38  Total    8       1       1 tile2_io_uncached_0_acquire_bits_union[10]
 1.00  Total   1667.270      1663.66  Total    6       1       1 tile2_io_uncached_0_acquire_bits_union[9]
 1.00  Total   1815.035      1811.88  Total    7       1       1 tile2_io_uncached_0_acquire_bits_union[8]
 1.00  Total   2417.005      2413.85  Total    1       1       1 tile2_io_uncached_0_acquire_bits_union[7]
 1.00  Total   1825.115      1821.32  Total    7       1       1 tile2_io_uncached_0_acquire_bits_union[6]
 1.00  Total   2419.275      2412.76  Total    1       1       1 tile2_io_uncached_0_acquire_bits_union[5]
 1.00  Total   1688.660      1685.50  Total    8       1       1 tile2_io_uncached_0_acquire_bits_union[4]
 1.00  Total   1717.780      1712.94  Total    6       1       1 tile2_io_uncached_0_acquire_bits_union[3]
 1.00  Total   1838.525      1834.84  Total    7       1       1 tile2_io_uncached_0_acquire_bits_union[2]
 1.01  Total   2425.965      2412.76  Total    5       1       1 tile2_io_uncached_0_acquire_bits_union[1]
 1.00  Total   1861.065      1853.32  Total    7       1       1 tile2_io_uncached_0_acquire_bits_union[0]
 1.00  Total   2420.605      2413.20  Total    3       1       1 tile2_io_uncached_0_acquire_bits_data[63]
 1.00  Total    205.595       205.80  Total    1       1       1 tile2_io_uncached_0_acquire_bits_data[62]
 1.00  Total   1999.630      1991.43  Total    2       1       1 tile2_io_uncached_0_acquire_bits_data[61]
 1.00  Total   2420.125      2412.76  Total    3       1       1 tile2_io_uncached_0_acquire_bits_data[60]
 1.00  Total    206.595       205.84  Total    3       1       1 tile2_io_uncached_0_acquire_bits_data[59]
 1.00  Total   1565.805      1565.48  Total    3       1       1 tile2_io_uncached_0_acquire_bits_data[58]
 1.01  Total   2425.965      2412.76  Total    5       1       1 tile2_io_uncached_0_acquire_bits_data[57]
 1.00  Total    205.595       205.80  Total    1       1       1 tile2_io_uncached_0_acquire_bits_data[56]
 1.00  Total   1998.120      1991.71  Total    2       1       1 tile2_io_uncached_0_acquire_bits_data[55]
 1.00  Total   2413.395      2413.60  Total    1       1       1 tile2_io_uncached_0_acquire_bits_data[54]
 1.00  Total    205.595       205.80  Total    1       1       1 tile2_io_uncached_0_acquire_bits_data[53]
 1.00  Total   1590.195      1589.56  Total    5       1       1 tile2_io_uncached_0_acquire_bits_data[52]
 1.00  Total   2419.275      2412.76  Total    1       1       1 tile2_io_uncached_0_acquire_bits_data[51]
 1.00  Total    205.475       205.88  Total    3       1       1 tile2_io_uncached_0_acquire_bits_data[50]
 1.02  Total   1622.355      1592.52  Total    5       1       1 tile2_io_uncached_0_acquire_bits_data[49]
 1.00  Total   1438.090      1437.14  Total    2       1       1 tile2_io_uncached_0_acquire_bits_data[48]
 1.01  Total    355.565       353.44  Total    5       1       1 tile2_io_uncached_0_acquire_bits_data[47]
 1.00  Total    205.595       205.80  Total    1       1       1 tile2_io_uncached_0_acquire_bits_data[46]
 1.00  Total   1991.680      1991.88  Total    2       1       1 tile2_io_uncached_0_acquire_bits_data[45]
 1.00  Total    205.595       205.80  Total    1       1       1 tile2_io_uncached_0_acquire_bits_data[44]
 1.00  Total   2423.605      2412.84  Total    3       1       1 tile2_io_uncached_0_acquire_bits_data[43]
 1.00  Total    205.595       205.80  Total    1       1       1 tile2_io_uncached_0_acquire_bits_data[42]
 1.00  Total    205.435       205.81  Total    3       1       1 tile2_io_uncached_0_acquire_bits_data[41]
 1.00  Total   1613.995      1612.52  Total    9       1       1 tile2_io_uncached_0_acquire_bits_data[40]
 1.00  Total   1994.030      1990.87  Total    2       1       1 tile2_io_uncached_0_acquire_bits_data[39]
 1.00  Total    205.595       205.80  Total    1       1       1 tile2_io_uncached_0_acquire_bits_data[38]
 1.00  Total   2412.555      2412.76  Total    1       1       1 tile2_io_uncached_0_acquire_bits_data[37]
 1.01  Total    362.675       359.49  Total    5       1       1 tile2_io_uncached_0_acquire_bits_data[36]
 1.00  Total    205.595       205.80  Total    1       1       1 tile2_io_uncached_0_acquire_bits_data[35]
 1.00  Total   1641.185      1637.72  Total    9       1       1 tile2_io_uncached_0_acquire_bits_data[34]
 1.01  Total   1648.235      1636.04  Total    7       1       1 tile2_io_uncached_0_acquire_bits_data[33]
 1.01  Total    375.350       370.51  Total    4       1       1 tile2_io_uncached_0_acquire_bits_data[32]
 1.00  Total   2420.115      2413.60  Total    1       1       1 tile2_io_uncached_0_acquire_bits_data[31]
 1.00  Total    385.045       383.56  Total    3       1       1 tile2_io_uncached_0_acquire_bits_data[30]
 1.03  Total    406.150       394.59  Total    6       1       1 tile2_io_uncached_0_acquire_bits_data[29]
 1.00  Total    400.175       398.37  Total    5       1       1 tile2_io_uncached_0_acquire_bits_data[28]
 1.00  Total   1998.510      1991.32  Total    2       1       1 tile2_io_uncached_0_acquire_bits_data[27]
 1.01  Total   1667.475      1658.43  Total    9       1       1 tile2_io_uncached_0_acquire_bits_data[26]
 1.00  Total   1465.500      1465.70  Total    4       1       1 tile2_io_uncached_0_acquire_bits_data[25]
 1.00  Total   1683.915      1681.80  Total    5       1       1 tile2_io_uncached_0_acquire_bits_data[24]
 1.00  Total   2415.885      2412.76  Total    1       1       1 tile2_io_uncached_0_acquire_bits_data[23]
 1.00  Total   1488.770      1486.42  Total    6       1       1 tile2_io_uncached_0_acquire_bits_data[22]
 1.00  Total   1517.750      1515.82  Total    4       1       1 tile2_io_uncached_0_acquire_bits_data[21]
 1.00  Total   1686.795      1687.00  Total    5       1       1 tile2_io_uncached_0_acquire_bits_data[20]
 1.00  Total   1998.960      1990.87  Total    2       1       1 tile2_io_uncached_0_acquire_bits_data[19]
 1.00  Total   1992.240      1990.87  Total    2       1       1 tile2_io_uncached_0_acquire_bits_data[18]
 1.00  Total   2414.205      2412.76  Total    1       1       1 tile2_io_uncached_0_acquire_bits_data[17]
 1.00  Total   1705.275      1705.48  Total    5       1       1 tile2_io_uncached_0_acquire_bits_data[16]
 1.00  Total   2412.435      2412.80  Total    3       1       1 tile2_io_uncached_0_acquire_bits_data[15]
 1.00  Total   1537.180      1535.70  Total    2       1       1 tile2_io_uncached_0_acquire_bits_data[14]
 1.00  Total   1567.420      1565.10  Total    4       1       1 tile2_io_uncached_0_acquire_bits_data[13]
 1.00  Total   1739.755      1734.28  Total    5       1       1 tile2_io_uncached_0_acquire_bits_data[12]
 1.00  Total   1994.030      1990.87  Total    2       1       1 tile2_io_uncached_0_acquire_bits_data[11]
 1.00  Total   1736.075      1729.56  Total    7       1       1 tile2_io_uncached_0_acquire_bits_data[10]
 1.00  Total   2420.755      2412.76  Total    5       1       1 tile2_io_uncached_0_acquire_bits_data[9]
 1.00  Total   1754.555      1754.76  Total    5       1       1 tile2_io_uncached_0_acquire_bits_data[8]
 1.00  Total   2422.605      2412.76  Total    1       1       1 tile2_io_uncached_0_acquire_bits_data[7]
 1.01  Total   1599.060      1585.82  Total    6       1       1 tile2_io_uncached_0_acquire_bits_data[6]
 1.00  Total   1617.540      1614.38  Total    4       1       1 tile2_io_uncached_0_acquire_bits_data[5]
 1.01  Total   1791.055      1781.15  Total    9       1       1 tile2_io_uncached_0_acquire_bits_data[4]
 1.00  Total   1999.070      1990.87  Total    2       1       1 tile2_io_uncached_0_acquire_bits_data[3]
 1.00  Total   2420.955      2412.76  Total    1       1       1 tile2_io_uncached_0_acquire_bits_data[2]
 1.01  Total   1788.715      1778.84  Total    3       1       1 tile2_io_uncached_0_acquire_bits_data[1]
 1.00  Total   2413.485      2413.36  Total    3       1       1 tile2_io_uncached_0_acquire_bits_data[0]
 1.00  Total   2414.205      2412.76  Total    1       1       1 tile2_io_uncached_0_grant_ready
 1.00  Total   1998.960      1990.87  Total    2       1       1 tile2_io_uncached_0_grant_bits_manager_xact_id[3]
 1.00  Total   2419.485      2413.76  Total    3       1       1 tile2_io_uncached_0_grant_bits_manager_xact_id[2]
 1.00  Total   2414.045      2412.80  Total    3       1       1 tile2_io_uncached_0_grant_bits_manager_xact_id[1]
 1.00  Total   1737.410      1733.94  Total    6       1       1 tile2_io_uncached_0_grant_bits_manager_xact_id[0]
 1.00  Total   1758.660      1758.86  Total    4       1       1 tile2_io_prci_reset
 1.01  Total    205.390       204.02  Total    2       1       1 tile2_io_prci_id[1]
 1.00  Total    205.595       205.80  Total    1       1       1 tile2_io_prci_id[0]
 1.00  Total   1784.700      1783.22  Total    4       1       1 tile2_io_prci_interrupts_meip
 1.00  Total   1809.960      1808.14  Total    6       1       1 tile2_io_prci_interrupts_seip
 1.00  Total   1834.010      1832.50  Total    4       1       1 tile2_io_prci_interrupts_debug
 1.01  Total   1869.880      1857.42  Total    6       1       1 tile2_io_prci_interrupts_mtip
 1.00  Total   1884.690      1881.78  Total    4       1       1 tile2_io_prci_interrupts_msip
 1.01  Total   2230.320      2217.09  Total   12       1       1 intrnl_io_uncached_0_acquire_bits_data[63]
 1.01  Total    212.680       209.91  Total    2       1       1 intrnl_io_uncached_0_acquire_bits_data[62]
 1.02  Total   2274.490      2227.45  Total   10       1       1 intrnl_io_uncached_0_acquire_bits_data[61]
 1.01  Total   2224.540      2209.53  Total    8       1       1 intrnl_io_uncached_0_acquire_bits_data[60]
 1.02  Total   2285.550      2241.17  Total    8       1       1 intrnl_io_uncached_0_acquire_bits_data[59]
 1.03  Total   2297.450      2221.85  Total    8       1       1 intrnl_io_uncached_0_acquire_bits_data[58]
 1.02  Total   2263.610      2209.53  Total   14       1       1 intrnl_io_uncached_0_acquire_bits_data[57]
 1.01  Total   2223.690      2209.53  Total   12       1       1 intrnl_io_uncached_0_acquire_bits_data[56]
 1.03  Total    216.630       209.91  Total    4       1       1 intrnl_io_uncached_0_acquire_bits_data[55]
 1.01  Total   2231.380      2211.49  Total   10       1       1 intrnl_io_uncached_0_acquire_bits_data[54]
 1.00  Total   2213.060      2209.53  Total    6       1       1 intrnl_io_uncached_0_acquire_bits_data[53]
 1.05  Total    227.140       216.63  Total    8       1       1 intrnl_io_uncached_0_acquire_bits_data[52]
 1.02  Total   2263.640      2214.85  Total   10       1       1 intrnl_io_uncached_0_acquire_bits_data[51]
 1.01  Total    228.830       225.60  Total    6       1       1 intrnl_io_uncached_0_acquire_bits_data[50]
 1.02  Total   2264.100      2209.53  Total   10       1       1 intrnl_io_uncached_0_acquire_bits_data[49]
 1.03  Total   2293.150      2226.34  Total    6       1       1 intrnl_io_uncached_0_acquire_bits_data[48]
 1.00  Total   2213.730      2209.53  Total    4       1       1 intrnl_io_uncached_0_acquire_bits_data[47]
 1.01  Total   2264.590      2237.81  Total    8       1       1 intrnl_io_uncached_0_acquire_bits_data[46]
 1.06  Total    222.960       209.91  Total    8       1       1 intrnl_io_uncached_0_acquire_bits_data[45]
 1.09  Total    256.000       234.56  Total    6       1       1 intrnl_io_uncached_0_acquire_bits_data[44]
 1.01  Total   2228.560      2209.53  Total   12       1       1 intrnl_io_uncached_0_acquire_bits_data[43]
 1.01  Total   2236.870      2209.53  Total    6       1       1 intrnl_io_uncached_0_acquire_bits_data[42]
 1.07  Total    223.830       209.91  Total   14       1       1 intrnl_io_uncached_0_acquire_bits_data[41]
 1.02  Total    226.440       221.11  Total    4       1       1 intrnl_io_uncached_0_acquire_bits_data[40]
 1.02  Total   2257.910      2215.41  Total   14       1       1 intrnl_io_uncached_0_acquire_bits_data[39]
 1.02  Total    238.930       233.43  Total    8       1       1 intrnl_io_uncached_0_acquire_bits_data[38]
 1.02  Total   2247.920      2213.17  Total   10       1       1 intrnl_io_uncached_0_acquire_bits_data[37]
 1.01  Total   2282.890      2253.49  Total   16       1       1 intrnl_io_uncached_0_acquire_bits_data[36]
 1.11  Total    253.490       228.96  Total   12       1       1 intrnl_io_uncached_0_acquire_bits_data[35]
 1.04  Total    218.310       209.91  Total    4       1       1 intrnl_io_uncached_0_acquire_bits_data[34]
 1.08  Total    225.740       209.91  Total   10       1       1 intrnl_io_uncached_0_acquire_bits_data[33]
 1.01  Total   2223.430      2209.53  Total    6       1       1 intrnl_io_uncached_0_acquire_bits_data[32]
 1.01  Total   2241.910      2212.90  Total   10       1       1 intrnl_io_uncached_0_acquire_bits_data[31]
 1.02  Total   2302.070      2251.25  Total   10       1       1 intrnl_io_uncached_0_acquire_bits_data[30]
 1.00  Total   2264.130      2255.73  Total   10       1       1 intrnl_io_uncached_0_acquire_bits_data[29]
 1.05  Total    239.120       226.99  Total   10       1       1 intrnl_io_uncached_0_acquire_bits_data[28]
 1.03  Total    226.050       218.87  Total    6       1       1 intrnl_io_uncached_0_acquire_bits_data[27]
 1.01  Total   2231.850      2209.53  Total   12       1       1 intrnl_io_uncached_0_acquire_bits_data[26]
 1.02  Total   2262.340      2209.53  Total   12       1       1 intrnl_io_uncached_0_acquire_bits_data[25]
 1.02  Total   2305.120      2265.81  Total    6       1       1 intrnl_io_uncached_0_acquire_bits_data[24]
 1.00  Total   2217.380      2210.93  Total   12       1       1 intrnl_io_uncached_0_acquire_bits_data[23]
 1.02  Total   2294.340      2249.85  Total   12       1       1 intrnl_io_uncached_0_acquire_bits_data[22]
 1.00  Total   2216.430      2211.77  Total    2       1       1 intrnl_io_uncached_0_acquire_bits_data[21]
 1.01  Total   2236.120      2209.53  Total    8       1       1 intrnl_io_uncached_0_acquire_bits_data[20]
 1.01  Total    212.120       209.91  Total    2       1       1 intrnl_io_uncached_0_acquire_bits_data[19]
 1.01  Total   2233.650      2209.53  Total   12       1       1 intrnl_io_uncached_0_acquire_bits_data[18]
 1.02  Total   2246.280      2209.53  Total    8       1       1 intrnl_io_uncached_0_acquire_bits_data[17]
 1.04  Total    218.840       209.91  Total    6       1       1 intrnl_io_uncached_0_acquire_bits_data[16]
 1.01  Total   2250.690      2225.22  Total   12       1       1 intrnl_io_uncached_0_acquire_bits_data[15]
 1.01  Total   2232.920      2209.53  Total    8       1       1 intrnl_io_uncached_0_acquire_bits_data[14]
 1.02  Total   2283.030      2233.33  Total   10       1       1 intrnl_io_uncached_0_acquire_bits_data[13]
 1.02  Total    233.050       227.83  Total    6       1       1 intrnl_io_uncached_0_acquire_bits_data[12]
 1.07  Total    241.620       225.60  Total   10       1       1 intrnl_io_uncached_0_acquire_bits_data[11]
 1.01  Total   2227.550      2209.53  Total   10       1       1 intrnl_io_uncached_0_acquire_bits_data[10]
 1.02  Total   2276.730      2229.69  Total    8       1       1 intrnl_io_uncached_0_acquire_bits_data[9]
 1.03  Total   2321.600      2244.26  Total    6       1       1 intrnl_io_uncached_0_acquire_bits_data[8]
 1.02  Total    213.900       210.19  Total    4       1       1 intrnl_io_uncached_0_acquire_bits_data[7]
 1.01  Total   2232.230      2209.53  Total    8       1       1 intrnl_io_uncached_0_acquire_bits_data[6]
 1.01  Total   2226.050      2211.77  Total    8       1       1 intrnl_io_uncached_0_acquire_bits_data[5]
 1.02  Total    214.140       209.91  Total    6       1       1 intrnl_io_uncached_0_acquire_bits_data[4]
 1.03  Total   2282.020      2217.65  Total    8       1       1 intrnl_io_uncached_0_acquire_bits_data[3]
 1.02  Total   2247.420      2209.53  Total   12       1       1 intrnl_io_uncached_0_acquire_bits_data[2]
 1.02  Total    214.010       209.91  Total    2       1       1 intrnl_io_uncached_0_acquire_bits_data[1]
 1.02  Total   2251.200      2209.53  Total   10       1       1 intrnl_io_uncached_0_acquire_bits_data[0]
 1.00  Total    905.135       903.47  Total    9       1       2 intrnl_io_uncached_0_acquire_bits_a_type[2]
 1.00  Total   2226.330      2219.33  Total   10       1       1 intrnl_io_uncached_0_acquire_bits_a_type[1]
 1.01  Total   2226.220      2209.53  Total    8       1       1 intrnl_io_uncached_0_acquire_bits_a_type[0]
 1.14  Total    273.320       240.43  Total   12       1       1 intrnl_io_uncached_0_acquire_bits_addr_beat[2]
 1.01  Total   2232.020      2209.53  Total   14       1       1 intrnl_io_uncached_0_acquire_bits_addr_beat[1]
 1.01  Total    212.120       209.91  Total    2       1       1 intrnl_io_uncached_0_acquire_bits_addr_beat[0]
 1.01  Total   2288.110      2258.53  Total    6       1       1 intrnl_io_cached_0_acquire_bits_data[63]
 1.03  Total   2265.680      2209.53  Total    8       1       1 intrnl_io_cached_0_acquire_bits_data[62]
 1.02  Total   2300.420      2256.29  Total    6       1       1 intrnl_io_cached_0_acquire_bits_data[61]
 1.07  Total    268.430       251.63  Total    6       1       1 intrnl_io_cached_0_acquire_bits_data[60]
 1.01  Total    212.610       209.91  Total    2       1       1 intrnl_io_cached_0_acquire_bits_data[59]
 1.00  Total   2234.070      2222.97  Total   12       1       1 intrnl_io_cached_0_acquire_bits_data[58]
 1.00  Total   2233.810      2224.93  Total    8       1       1 intrnl_io_cached_0_acquire_bits_data[57]
 1.03  Total   2317.360      2243.13  Total    8       1       1 intrnl_io_cached_0_acquire_bits_data[56]
 1.02  Total   2283.060      2228.29  Total    8       1       1 intrnl_io_cached_0_acquire_bits_data[55]
 1.02  Total   2296.610      2261.33  Total    8       1       1 intrnl_io_cached_0_acquire_bits_data[54]
 1.03  Total   2295.000      2233.89  Total    6       1       1 intrnl_io_cached_0_acquire_bits_data[53]
 1.02  Total   2315.650      2263.57  Total    6       1       1 intrnl_io_cached_0_acquire_bits_data[52]
 1.01  Total   2220.610      2209.53  Total   10       1       1 intrnl_io_cached_0_acquire_bits_data[51]
 1.01  Total   2288.150      2259.09  Total   12       1       1 intrnl_io_cached_0_acquire_bits_data[50]
 1.00  Total   2222.100      2216.25  Total    6       1       1 intrnl_io_cached_0_acquire_bits_data[49]
 1.00  Total   2220.980      2216.25  Total    4       1       1 intrnl_io_cached_0_acquire_bits_data[48]
 1.01  Total    233.180       231.19  Total    8       1       1 intrnl_io_cached_0_acquire_bits_data[47]
 1.07  Total    282.610       264.79  Total    6       1       1 intrnl_io_cached_0_acquire_bits_data[46]
 1.01  Total    264.410       262.83  Total    6       1       1 intrnl_io_cached_0_acquire_bits_data[45]
 1.03  Total    274.440       267.03  Total   10       1       1 intrnl_io_cached_0_acquire_bits_data[44]
 1.02  Total    264.170       258.07  Total    6       1       1 intrnl_io_cached_0_acquire_bits_data[43]
 1.01  Total    259.470       256.11  Total    6       1       1 intrnl_io_cached_0_acquire_bits_data[42]
 1.04  Total    246.620       237.91  Total    6       1       1 intrnl_io_cached_0_acquire_bits_data[41]
 1.03  Total   2314.540      2247.33  Total   10       1       1 intrnl_io_cached_0_acquire_bits_data[40]
 1.00  Total   2264.640      2254.05  Total   10       1       1 intrnl_io_cached_0_acquire_bits_data[39]
 1.02  Total   2269.140      2222.97  Total    6       1       1 intrnl_io_cached_0_acquire_bits_data[38]
 1.02  Total   2243.770      2209.53  Total   10       1       1 intrnl_io_cached_0_acquire_bits_data[37]
 1.00  Total   2228.850      2222.97  Total    8       1       1 intrnl_io_cached_0_acquire_bits_data[36]
 1.05  Total    272.880       259.47  Total    6       1       1 intrnl_io_cached_0_acquire_bits_data[35]
 1.01  Total    240.580       237.91  Total    8       1       1 intrnl_io_cached_0_acquire_bits_data[34]
 1.02  Total    243.130       237.91  Total    6       1       1 intrnl_io_cached_0_acquire_bits_data[33]
 1.10  Total    288.140       261.71  Total    6       1       1 intrnl_io_cached_0_acquire_bits_data[32]
 1.09  Total    236.830       217.76  Total    8       1       1 intrnl_io_cached_0_acquire_bits_data[31]
 1.06  Total    248.520       233.43  Total    8       1       1 intrnl_io_cached_0_acquire_bits_data[30]
 1.03  Total    215.720       209.91  Total    8       1       1 intrnl_io_cached_0_acquire_bits_data[29]
 1.03  Total   2309.210      2247.89  Total   10       1       1 intrnl_io_cached_0_acquire_bits_data[28]
 1.03  Total    215.410       209.91  Total    8       1       1 intrnl_io_cached_0_acquire_bits_data[27]
 1.02  Total   2267.700      2216.25  Total    6       1       1 intrnl_io_cached_0_acquire_bits_data[26]
 1.10  Total    241.710       219.15  Total   10       1       1 intrnl_io_cached_0_acquire_bits_data[25]
 1.03  Total   2316.210      2245.65  Total    6       1       1 intrnl_io_cached_0_acquire_bits_data[24]
 1.02  Total   2262.910      2209.53  Total   10       1       1 intrnl_io_cached_0_acquire_bits_data[23]
 1.01  Total   2282.890      2251.81  Total    8       1       1 intrnl_io_cached_0_acquire_bits_data[22]
 1.01  Total   2270.570      2249.57  Total    6       1       1 intrnl_io_cached_0_acquire_bits_data[21]
 1.08  Total    275.610       255.83  Total    8       1       1 intrnl_io_cached_0_acquire_bits_data[20]
 1.03  Total   2319.740      2245.09  Total    6       1       1 intrnl_io_cached_0_acquire_bits_data[19]
 1.02  Total    242.950       237.91  Total    6       1       1 intrnl_io_cached_0_acquire_bits_data[18]
 1.00  Total   2230.400      2222.97  Total    8       1       1 intrnl_io_cached_0_acquire_bits_data[17]
 1.03  Total   2281.770      2222.97  Total    6       1       1 intrnl_io_cached_0_acquire_bits_data[16]
 1.02  Total   2246.460      2209.53  Total    6       1       1 intrnl_io_cached_0_acquire_bits_data[15]
 1.06  Total    252.470       239.03  Total    8       1       1 intrnl_io_cached_0_acquire_bits_data[14]
 1.01  Total   2226.790      2209.53  Total    6       1       1 intrnl_io_cached_0_acquire_bits_data[13]
 1.04  Total    247.890       239.03  Total    8       1       1 intrnl_io_cached_0_acquire_bits_data[12]
 1.12  Total    284.670       253.59  Total    6       1       1 intrnl_io_cached_0_acquire_bits_data[11]
 1.03  Total    254.350       247.15  Total    6       1       1 intrnl_io_cached_0_acquire_bits_data[10]
 1.02  Total    254.430       249.39  Total   10       1       1 intrnl_io_cached_0_acquire_bits_data[9]
 1.03  Total   2311.740      2235.30  Total    6       1       1 intrnl_io_cached_0_acquire_bits_data[8]
 1.04  Total    269.090       259.47  Total    8       1       1 intrnl_io_cached_0_acquire_bits_data[7]
 1.12  Total    292.970       261.43  Total    6       1       1 intrnl_io_cached_0_acquire_bits_data[6]
 1.00  Total    254.710       253.87  Total    4       1       1 intrnl_io_cached_0_acquire_bits_data[5]
 1.03  Total    241.390       233.43  Total    8       1       1 intrnl_io_cached_0_acquire_bits_data[4]
 1.01  Total    272.940       269.27  Total    8       1       1 intrnl_io_cached_0_acquire_bits_data[3]
 1.15  Total    296.710       258.07  Total    8       1       1 intrnl_io_cached_0_acquire_bits_data[2]
 1.03  Total   2310.510      2239.49  Total    8       1       1 intrnl_io_cached_0_acquire_bits_data[1]
 1.01  Total    233.610       232.31  Total    8       1       1 intrnl_io_cached_0_acquire_bits_data[0]
 1.01  Total   2225.655      2210.59  Total    7       1       2 intrnl_io_cached_0_acquire_bits_a_type[2]
 1.03  Total    258.350       251.63  Total   10       1       1 intrnl_io_cached_0_acquire_bits_a_type[1]
 1.00  Total   2218.950      2209.53  Total    2       1       1 intrnl_io_cached_0_acquire_bits_a_type[0]
 1.05  Total    251.700       240.15  Total    6       1       1 intrnl_io_cached_0_acquire_bits_addr_beat[2]
 1.12  Total    267.310       237.91  Total   12       1       1 intrnl_io_cached_0_acquire_bits_addr_beat[1]
 1.07  Total    225.560       209.91  Total    8       1       1 intrnl_io_cached_0_acquire_bits_addr_beat[0]
 1.01  Total    235.420       233.43  Total    8       1       1 intrnl_io_cached_0_acquire_bits_client_xact_id
 1.02  Total    238.160       234.55  Total    4       1       1 intrnl_io_cached_0_acquire_bits_is_builtin_type
 1.02  Total    213.300       209.91  Total    6       1       1 intrnl_io_cached_0_acquire_valid
 1.04  Total    217.470       209.91  Total    6       1       1 intrnl_io_uncached_0_acquire_bits_client_xact_id
 1.12  Total    294.610       263.95  Total    6       1       1 intrnl_io_uncached_0_acquire_bits_is_builtin_type
 1.07  Total    267.720       250.23  Total    8       1       1 intrnl_io_uncached_0_acquire_valid
