*** Statistics for net list rockettile_x2_randrule ***
Number of cells      = 2
Number of nets       = 906
Number of tri-nets   = 0
Number of degen nets = 0
Number of pins       = 1816
Number of i/os       = 760

Number of nets with    2 terms = 902 (99.6%)
Number of nets with    3 terms = 4 (0.4%)
Number of nets with >=10 terms = 0 (0.0%)

*** 2 Primitives used:
Primitive RocketTile_1_tile2 (1 insts)
Primitive RocketTile_1_tile1 (1 insts)
************
*** Net length and connection length statistics (cell rockettile_x2_randrule) ***

Total net length = 8.828e+05 (6.506e+05 2.322e+05)

Avg net length = 9.744e+02 (sigma = 9.018e+02)
Sqrt of avg square net length = 1.328e+03

Avg connection length = 9.701e+02 (sigma = 8.940e+02)
Sqrt of avg square connection length = 1.319e+03

Net and connection length distribution:

[length   range   ]      #net #connection
[2.01e+02 2.05e+02]:       74       74
[2.05e+02 2.09e+02]:      264      264
[2.09e+02 2.13e+02]:       11       11
[2.13e+02 2.17e+02]:       12       12
[2.17e+02 2.20e+02]:        7        7
[2.20e+02 2.24e+02]:        3        3
[2.24e+02 2.28e+02]:        6        6
[2.28e+02 2.32e+02]:        2        2
[2.32e+02 2.36e+02]:        6        6
[2.36e+02 2.39e+02]:        4        4
[2.39e+02 2.43e+02]:        4        4
[2.43e+02 2.47e+02]:        4        4
[2.47e+02 2.51e+02]:        4        4
[2.51e+02 2.55e+02]:        6        6
[2.55e+02 2.58e+02]:        6        6
[2.58e+02 2.62e+02]:        1        1
[2.62e+02 2.66e+02]:        2        2
[2.66e+02 2.70e+02]:        4        4
[2.70e+02 2.74e+02]:        2        2
[2.74e+02 2.77e+02]:        1        1
[2.77e+02 2.81e+02]:        1        1
[2.81e+02 2.85e+02]:        2        2
[2.85e+02 2.89e+02]:        2        2
[2.89e+02 2.93e+02]:        3        3
[3.00e+02 3.04e+02]:        2        2
[3.08e+02 3.12e+02]:        3        3
[3.12e+02 3.15e+02]:        3        3
[3.19e+02 3.23e+02]:        3        3
[3.23e+02 3.27e+02]:        1        1
[3.31e+02 3.34e+02]:        2        2
[3.34e+02 3.38e+02]:        3        3
[3.38e+02 3.42e+02]:        2        2
[3.42e+02 3.46e+02]:        1        1
[3.46e+02 3.50e+02]:        1        1
[3.53e+02 3.57e+02]:        3        3
[3.57e+02 3.61e+02]:        3        3
[3.61e+02 3.65e+02]:        5        5
[3.69e+02 3.72e+02]:        1        1
[3.72e+02 3.76e+02]:        2        2
[7.52e+05 infinity]:      440      440

Net clk nrTerm=3 conLen=2.21e+06 len=(444010 3980700)
  FTerm clk loc=(4605370 8388240)
  Inst tile2 loc=(4410800 7979890)
  Inst tile1 loc=(4853310 4407940)
Net reset nrTerm=3 conLen=4.01e+06 len=(4032800 3982030)
  FTerm reset loc=(798490 0)
  Inst tile2 loc=(798940 3981630)
  Inst tile1 loc=(4830490 1177440)
Net tile1_io_cached_0_acquire_bits_union[9] nrTerm=2 conLen=7.65e+05 len=(303200 461600)
  FTerm tile1_io_cached_0_acquire_bits_union[9] loc=(4528090 0)
  Inst tile1 loc=(4830490 461200)
Net tile1_io_cached_0_acquire_bits_union[5] nrTerm=2 conLen=8.15e+05 len=(405680 409660)
  FTerm tile1_io_cached_0_acquire_bits_union[5] loc=(4477690 0)
  Inst tile1 loc=(4882430 409260)
Net tile1_io_cached_0_acquire_bits_union[3] nrTerm=2 conLen=8.70e+05 len=(404000 466180)
  FTerm tile1_io_cached_0_acquire_bits_union[3] loc=(4427290 0)
  Inst tile1 loc=(4830490 458960)
Net tile1_io_cached_0_probe_valid nrTerm=2 conLen=8.13e+05 len=(396440 416800)
  FTerm tile1_io_cached_0_probe_valid loc=(9225370 0)
  Inst tile1 loc=(8829730 416400)
Net tile1_io_cached_0_probe_bits_addr_block[25] nrTerm=2 conLen=2.08e+06 len=(1613600 463840)
  FTerm tile1_io_cached_0_probe_bits_addr_block[25] loc=(3217690 0)
  Inst tile1 loc=(4830490 463440)
Net tile1_io_cached_0_probe_bits_addr_block[24] nrTerm=2 conLen=2.13e+06 len=(1721520 409660)
  FTerm tile1_io_cached_0_probe_bits_addr_block[24] loc=(3167290 0)
  Inst tile1 loc=(4880190 409260)
Net tile1_io_cached_0_probe_bits_addr_block[23] nrTerm=2 conLen=2.18e+06 len=(1768160 411140)
  FTerm tile1_io_cached_0_probe_bits_addr_block[23] loc=(3116890 0)
  Inst tile1 loc=(4877950 409260)
Net tile1_io_cached_0_probe_bits_addr_block[22] nrTerm=2 conLen=2.23e+06 len=(1817280 409660)
  FTerm tile1_io_cached_0_probe_bits_addr_block[22] loc=(3066490 0)
  Inst tile1 loc=(4875710 409260)
Net tile1_io_cached_0_probe_bits_addr_block[21] nrTerm=2 conLen=2.27e+06 len=(1858180 409660)
  FTerm tile1_io_cached_0_probe_bits_addr_block[21] loc=(3016090 0)
  Inst tile1 loc=(4873470 409260)
Net tile1_io_cached_0_probe_bits_addr_block[20] nrTerm=2 conLen=2.32e+06 len=(1910960 409660)
  FTerm tile1_io_cached_0_probe_bits_addr_block[20] loc=(2965690 0)
  Inst tile1 loc=(4871230 409260)
Net tile1_io_cached_0_probe_bits_addr_block[19] nrTerm=2 conLen=2.36e+06 len=(1954640 409660)
  FTerm tile1_io_cached_0_probe_bits_addr_block[19] loc=(2915290 0)
  Inst tile1 loc=(4868990 409260)
Net tile1_io_cached_0_probe_bits_addr_block[18] nrTerm=2 conLen=2.41e+06 len=(2002660 409660)
  FTerm tile1_io_cached_0_probe_bits_addr_block[18] loc=(2864890 0)
  Inst tile1 loc=(4866750 409260)
Net tile1_io_cached_0_probe_bits_addr_block[17] nrTerm=2 conLen=2.46e+06 len=(2048720 409660)
  FTerm tile1_io_cached_0_probe_bits_addr_block[17] loc=(2814490 0)
  Inst tile1 loc=(4862270 409260)
Net tile1_io_cached_0_probe_bits_addr_block[16] nrTerm=2 conLen=2.51e+06 len=(2096740 409660)
  FTerm tile1_io_cached_0_probe_bits_addr_block[16] loc=(2764090 0)
  Inst tile1 loc=(4860030 409260)
Net tile1_io_cached_0_probe_bits_addr_block[15] nrTerm=2 conLen=2.55e+06 len=(2117600 436960)
  FTerm tile1_io_cached_0_probe_bits_addr_block[15] loc=(2713690 0)
  Inst tile1 loc=(4830490 436560)
Net tile1_io_cached_0_probe_bits_addr_block[14] nrTerm=2 conLen=2.60e+06 len=(2195300 409660)
  FTerm tile1_io_cached_0_probe_bits_addr_block[14] loc=(2663290 0)
  Inst tile1 loc=(4857790 409260)
Net tile1_io_cached_0_probe_bits_addr_block[13] nrTerm=2 conLen=2.66e+06 len=(2248640 409660)
  FTerm tile1_io_cached_0_probe_bits_addr_block[13] loc=(2612890 0)
  Inst tile1 loc=(4855550 409260)
Net tile1_io_cached_0_probe_bits_addr_block[12] nrTerm=2 conLen=2.70e+06 len=(2268800 432580)
  FTerm tile1_io_cached_0_probe_bits_addr_block[12] loc=(2562490 0)
  Inst tile1 loc=(4830490 432080)
Net tile1_io_cached_0_probe_bits_addr_block[10] nrTerm=2 conLen=2.75e+06 len=(2319600 434720)
  FTerm tile1_io_cached_0_probe_bits_addr_block[10] loc=(2512090 0)
  Inst tile1 loc=(4830490 434320)
Net tile1_io_cached_0_probe_bits_addr_block[9] nrTerm=2 conLen=2.80e+06 len=(2392420 409660)
  FTerm tile1_io_cached_0_probe_bits_addr_block[9] loc=(2461690 0)
  Inst tile1 loc=(4853310 409260)
Net tile1_io_cached_0_probe_bits_addr_block[8] nrTerm=2 conLen=2.85e+06 len=(2420000 430240)
  FTerm tile1_io_cached_0_probe_bits_addr_block[8] loc=(2411290 0)
  Inst tile1 loc=(4830490 429840)
Net tile1_io_cached_0_probe_bits_addr_block[6] nrTerm=2 conLen=2.90e+06 len=(2490980 409660)
  FTerm tile1_io_cached_0_probe_bits_addr_block[6] loc=(2360890 0)
  Inst tile1 loc=(4851070 409260)
Net tile1_io_cached_0_probe_bits_addr_block[5] nrTerm=2 conLen=4.41e+06 len=(4406190 1600)
  FTerm tile1_io_cached_0_probe_bits_addr_block[5] loc=(9236280 2352260)
  Inst tile1 loc=(4830490 2352320)
Net tile1_io_cached_0_probe_bits_addr_block[4] nrTerm=2 conLen=4.41e+06 len=(4406190 2480)
  FTerm tile1_io_cached_0_probe_bits_addr_block[4] loc=(9236280 2337300)
  Inst tile1 loc=(4830490 2337200)
Net tile1_io_cached_0_probe_bits_addr_block[3] nrTerm=2 conLen=4.41e+06 len=(4406190 2380)
  FTerm tile1_io_cached_0_probe_bits_addr_block[3] loc=(9236280 2286900)
  Inst tile1 loc=(4830490 2286800)
Net tile1_io_cached_0_probe_bits_addr_block[2] nrTerm=2 conLen=4.41e+06 len=(4406190 2480)
  FTerm tile1_io_cached_0_probe_bits_addr_block[2] loc=(9236280 2256260)
  Inst tile1 loc=(4830490 2256000)
Net tile1_io_cached_0_probe_bits_addr_block[1] nrTerm=2 conLen=4.41e+06 len=(4406190 2480)
  FTerm tile1_io_cached_0_probe_bits_addr_block[1] loc=(9236280 2236500)
  Inst tile1 loc=(4830490 2236400)
Net tile1_io_cached_0_probe_bits_addr_block[0] nrTerm=2 conLen=4.41e+06 len=(4406190 2480)
  FTerm tile1_io_cached_0_probe_bits_addr_block[0] loc=(9236280 2438100)
  Inst tile1 loc=(4830490 2438000)
Net tile1_io_cached_0_release_bits_addr_beat[1] nrTerm=2 conLen=4.41e+06 len=(4406190 2480)
  FTerm tile1_io_cached_0_release_bits_addr_beat[1] loc=(9236280 2186100)
  Inst tile1 loc=(4830490 2186000)
Net tile1_io_cached_0_release_bits_addr_beat[0] nrTerm=2 conLen=4.41e+06 len=(4406190 1600)
  FTerm tile1_io_cached_0_release_bits_addr_beat[0] loc=(9236280 2448260)
  Inst tile1 loc=(4830490 2448080)
Net tile1_io_cached_0_release_bits_addr_block[25] nrTerm=2 conLen=2.94e+06 len=(2521200 423520)
  FTerm tile1_io_cached_0_release_bits_addr_block[25] loc=(2310490 0)
  Inst tile1 loc=(4830490 423120)
Net tile1_io_cached_0_release_bits_addr_block[24] nrTerm=2 conLen=2.99e+06 len=(2582960 409660)
  FTerm tile1_io_cached_0_release_bits_addr_block[24] loc=(2260090 0)
  Inst tile1 loc=(4842110 409260)
Net tile1_io_cached_0_release_bits_addr_block[23] nrTerm=2 conLen=3.04e+06 len=(2630980 410740)
  FTerm tile1_io_cached_0_release_bits_addr_block[23] loc=(2209690 0)
  Inst tile1 loc=(4839870 409260)
Net tile1_io_cached_0_release_bits_addr_block[22] nrTerm=2 conLen=3.09e+06 len=(2679140 409660)
  FTerm tile1_io_cached_0_release_bits_addr_block[22] loc=(2159290 0)
  Inst tile1 loc=(4837630 409260)
Net tile1_io_cached_0_release_bits_addr_block[19] nrTerm=2 conLen=3.14e+06 len=(2722800 420260)
  FTerm tile1_io_cached_0_release_bits_addr_block[19] loc=(2108890 0)
  Inst tile1 loc=(4830490 418640)
Net tile1_io_cached_0_release_bits_addr_block[18] nrTerm=2 conLen=3.19e+06 len=(2772800 415780)
  FTerm tile1_io_cached_0_release_bits_addr_block[18] loc=(2058490 0)
  Inst tile1 loc=(4830490 414160)
Net tile1_io_cached_0_release_bits_addr_block[13] nrTerm=2 conLen=3.24e+06 len=(2828100 413860)
  FTerm tile1_io_cached_0_release_bits_addr_block[13] loc=(2008090 0)
  Inst tile1 loc=(4835390 409260)
Net tile1_io_cached_0_release_bits_addr_block[10] nrTerm=2 conLen=3.29e+06 len=(2873600 412320)
  FTerm tile1_io_cached_0_release_bits_addr_block[10] loc=(1957690 0)
  Inst tile1 loc=(4830490 411920)
Net tile1_io_cached_0_release_bits_addr_block[9] nrTerm=2 conLen=3.34e+06 len=(2929040 409660)
  FTerm tile1_io_cached_0_release_bits_addr_block[9] loc=(1907290 0)
  Inst tile1 loc=(4833150 409260)
Net tile1_io_cached_0_release_bits_addr_block[6] nrTerm=2 conLen=3.39e+06 len=(2981120 410080)
  FTerm tile1_io_cached_0_release_bits_addr_block[6] loc=(1856890 0)
  Inst tile1 loc=(4830490 409680)
Net tile1_io_cached_0_release_bits_addr_block[5] nrTerm=2 conLen=4.41e+06 len=(4406190 2240)
  FTerm tile1_io_cached_0_release_bits_addr_block[5] loc=(9236280 2160260)
  Inst tile1 loc=(4830490 2160240)
Net tile1_io_cached_0_release_bits_addr_block[3] nrTerm=2 conLen=4.41e+06 len=(4406190 2380)
  FTerm tile1_io_cached_0_release_bits_addr_block[3] loc=(9236280 2135700)
  Inst tile1 loc=(4830490 2135600)
Net tile1_io_cached_0_release_bits_addr_block[1] nrTerm=2 conLen=4.41e+06 len=(4406190 5840)
  FTerm tile1_io_cached_0_release_bits_addr_block[1] loc=(9236280 2488500)
  Inst tile1 loc=(4830490 2492880)
Net tile1_io_cached_0_release_bits_r_type[1] nrTerm=2 conLen=7.71e+05 len=(407790 363580)
  FTerm tile1_io_cached_0_release_bits_r_type[1] loc=(9236280 55860)
  Inst tile1 loc=(8829730 418640)
Net tile1_io_cached_0_release_bits_r_type[0] nrTerm=2 conLen=4.83e+06 len=(4830890 2580)
  FTerm tile1_io_cached_0_release_bits_r_type[0] loc=(0 2273460)
  Inst tile1 loc=(4830490 2273360)
Net tile1_io_cached_0_release_bits_data[54] nrTerm=2 conLen=4.41e+06 len=(4406190 2940)
  FTerm tile1_io_cached_0_release_bits_data[54] loc=(9236280 2736260)
  Inst tile1 loc=(4830490 2737600)
Net tile1_io_cached_0_release_bits_data[53] nrTerm=2 conLen=4.41e+06 len=(4406190 2580)
  FTerm tile1_io_cached_0_release_bits_data[53] loc=(9236280 2740500)
  Inst tile1 loc=(4830490 2740400)
Net tile1_io_cached_0_release_bits_data[51] nrTerm=2 conLen=4.41e+06 len=(4406190 2380)
  FTerm tile1_io_cached_0_release_bits_data[51] loc=(9236280 2085300)
  Inst tile1 loc=(4830490 2085200)
Net tile1_io_cached_0_release_bits_data[50] nrTerm=2 conLen=4.41e+06 len=(4406190 2380)
  FTerm tile1_io_cached_0_release_bits_data[50] loc=(9236280 2790900)
  Inst tile1 loc=(4830490 2790800)
Net tile1_io_cached_0_release_bits_data[49] nrTerm=2 conLen=4.41e+06 len=(4406190 2000)
  FTerm tile1_io_cached_0_release_bits_data[49] loc=(9236280 2064260)
  Inst tile1 loc=(4830490 2064480)
Net tile1_io_cached_0_release_bits_data[35] nrTerm=2 conLen=3.44e+06 len=(3024800 416800)
  FTerm tile1_io_cached_0_release_bits_data[35] loc=(1806490 0)
  Inst tile1 loc=(4830490 416400)
Net tile1_io_cached_0_release_bits_data[13] nrTerm=2 conLen=7.72e+05 len=(362000 409660)
  FTerm tile1_io_cached_0_release_bits_data[13] loc=(9174970 0)
  Inst tile1 loc=(8818110 409260)
Net tile1_io_cached_0_release_bits_data[12] nrTerm=2 conLen=4.85e+06 len=(4830890 14240)
  FTerm tile1_io_cached_0_release_bits_data[12] loc=(0 2535540)
  Inst tile1 loc=(4830490 2535440)
Net tile1_io_cached_0_release_bits_data[10] nrTerm=2 conLen=4.83e+06 len=(4830890 4080)
  FTerm tile1_io_cached_0_release_bits_data[10] loc=(0 2541060)
  Inst tile1 loc=(4830490 2541040)
Net tile1_io_cached_0_release_bits_data[9] nrTerm=2 conLen=7.92e+05 len=(409870 381680)
  FTerm tile1_io_cached_0_release_bits_data[9] loc=(9236280 4761540)
  Inst tile1 loc=(8829730 4382880)
Net tile1_io_cached_0_release_bits_data[8] nrTerm=2 conLen=4.41e+06 len=(4406190 1820)
  FTerm tile1_io_cached_0_release_bits_data[8] loc=(9236280 2992500)
  Inst tile1 loc=(4830490 2993520)
Net tile1_io_cached_0_release_bits_data[7] nrTerm=2 conLen=8.15e+05 len=(432010 383120)
  FTerm tile1_io_cached_0_release_bits_data[7] loc=(9236280 4790660)
  Inst tile1 loc=(8804670 4407940)
Net tile1_io_cached_0_release_bits_data[6] nrTerm=2 conLen=4.83e+06 len=(4830890 2580)
  FTerm tile1_io_cached_0_release_bits_data[6] loc=(0 2585940)
  Inst tile1 loc=(4830490 2585840)
Net tile1_io_cached_0_release_bits_data[4] nrTerm=2 conLen=4.41e+06 len=(4406190 1600)
  FTerm tile1_io_cached_0_release_bits_data[4] loc=(9236280 3024260)
  Inst tile1 loc=(4830490 3024320)
Net tile1_io_cached_0_release_bits_data[2] nrTerm=2 conLen=4.41e+06 len=(4406190 2480)
  FTerm tile1_io_cached_0_release_bits_data[2] loc=(9236280 3042900)
  Inst tile1 loc=(4830490 3042800)
Net tile1_io_cached_0_release_bits_data[1] nrTerm=2 conLen=8.35e+05 len=(406950 427620)
  FTerm tile1_io_cached_0_release_bits_data[1] loc=(9236280 4811940)
  Inst tile1 loc=(8829730 4385120)
Net tile1_io_cached_0_release_bits_data[0] nrTerm=2 conLen=4.84e+06 len=(4830890 5740)
  FTerm tile1_io_cached_0_release_bits_data[0] loc=(0 2636340)
  Inst tile1 loc=(4830490 2636240)
Net tile1_io_cached_0_grant_bits_addr_beat[2] nrTerm=2 conLen=1.06e+06 len=(605600 457780)
  FTerm tile1_io_cached_0_grant_bits_addr_beat[2] loc=(4225690 0)
  Inst tile1 loc=(4830490 452240)
Net tile1_io_cached_0_grant_bits_addr_beat[1] nrTerm=2 conLen=1.10e+06 len=(656000 448160)
  FTerm tile1_io_cached_0_grant_bits_addr_beat[1] loc=(4175290 0)
  Inst tile1 loc=(4830490 447760)
Net tile1_io_cached_0_grant_bits_client_xact_id nrTerm=2 conLen=1.34e+06 len=(406950 929840)
  FTerm tile1_io_cached_0_grant_bits_client_xact_id loc=(9236280 5315940)
  Inst tile1 loc=(8829730 4387360)
Net tile1_io_cached_0_grant_bits_manager_xact_id[2] nrTerm=2 conLen=1.89e+06 len=(1482560 409660)
  FTerm tile1_io_cached_0_grant_bits_manager_xact_id[2] loc=(3368890 0)
  Inst tile1 loc=(4848830 409260)
Net tile1_io_cached_0_grant_bits_manager_xact_id[1] nrTerm=2 conLen=1.94e+06 len=(1529600 409660)
  FTerm tile1_io_cached_0_grant_bits_manager_xact_id[1] loc=(3318490 0)
  Inst tile1 loc=(4846590 409260)
Net tile1_io_cached_0_grant_bits_manager_xact_id[0] nrTerm=2 conLen=1.99e+06 len=(1565280 425860)
  FTerm tile1_io_cached_0_grant_bits_manager_xact_id[0] loc=(3268090 0)
  Inst tile1 loc=(4830490 425360)
Net tile1_io_cached_0_grant_bits_g_type[3] nrTerm=2 conLen=1.73e+06 len=(1321700 409660)
  FTerm tile1_io_cached_0_grant_bits_g_type[3] loc=(3570490 0)
  Inst tile1 loc=(4891390 409260)
Net tile1_io_cached_0_grant_bits_g_type[2] nrTerm=2 conLen=1.78e+06 len=(1311200 472900)
  FTerm tile1_io_cached_0_grant_bits_g_type[2] loc=(3520090 0)
  Inst tile1 loc=(4830490 472400)
Net tile1_io_cached_0_grant_bits_g_type[1] nrTerm=2 conLen=1.84e+06 len=(1426980 412420)
  FTerm tile1_io_cached_0_grant_bits_g_type[1] loc=(3469690 0)
  Inst tile1 loc=(4895870 409260)
Net tile1_io_cached_0_grant_bits_g_type[0] nrTerm=2 conLen=1.88e+06 len=(1475140 409660)
  FTerm tile1_io_cached_0_grant_bits_g_type[0] loc=(3419290 0)
  Inst tile1 loc=(4893630 409260)
Net tile1_io_cached_0_grant_bits_data[62] nrTerm=2 conLen=1.15e+06 len=(708480 441440)
  FTerm tile1_io_cached_0_grant_bits_data[62] loc=(4124890 0)
  Inst tile1 loc=(4830490 441040)
Net tile1_io_cached_0_grant_bits_data[57] nrTerm=2 conLen=1.20e+06 len=(756800 444340)
  FTerm tile1_io_cached_0_grant_bits_data[57] loc=(4074490 0)
  Inst tile1 loc=(4830490 438800)
Net tile1_io_cached_0_grant_bits_data[55] nrTerm=2 conLen=1.26e+06 len=(807200 451060)
  FTerm tile1_io_cached_0_grant_bits_data[55] loc=(4024090 0)
  Inst tile1 loc=(4830490 450000)
Net tile1_io_cached_0_grant_bits_data[54] nrTerm=2 conLen=1.31e+06 len=(857600 454880)
  FTerm tile1_io_cached_0_grant_bits_data[54] loc=(3973690 0)
  Inst tile1 loc=(4830490 454480)
Net tile1_io_cached_0_grant_bits_data[52] nrTerm=2 conLen=1.37e+06 len=(908000 457120)
  FTerm tile1_io_cached_0_grant_bits_data[52] loc=(3923290 0)
  Inst tile1 loc=(4830490 456720)
Net tile1_io_cached_0_grant_bits_data[50] nrTerm=2 conLen=1.40e+06 len=(958800 446020)
  FTerm tile1_io_cached_0_grant_bits_data[50] loc=(3872890 0)
  Inst tile1 loc=(4830490 445520)
Net tile1_io_cached_0_grant_bits_data[49] nrTerm=2 conLen=1.45e+06 len=(1008800 444340)
  FTerm tile1_io_cached_0_grant_bits_data[49] loc=(3822490 0)
  Inst tile1 loc=(4830490 443280)
Net tile1_io_cached_0_grant_bits_data[48] nrTerm=2 conLen=1.52e+06 len=(1093220 425860)
  FTerm tile1_io_cached_0_grant_bits_data[48] loc=(3772090 0)
  Inst tile1 loc=(4864510 409260)
Net tile1_io_cached_0_grant_bits_data[28] nrTerm=2 conLen=1.55e+06 len=(1109600 435940)
  FTerm tile1_io_cached_0_grant_bits_data[28] loc=(3721690 0)
  Inst tile1 loc=(4830490 427600)
Net tile1_io_cached_0_grant_bits_data[26] nrTerm=2 conLen=1.58e+06 len=(1173860 409660)
  FTerm tile1_io_cached_0_grant_bits_data[26] loc=(3671290 0)
  Inst tile1 loc=(4844350 409260)
Net tile1_io_cached_0_grant_bits_data[24] nrTerm=2 conLen=1.63e+06 len=(1210400 421280)
  FTerm tile1_io_cached_0_grant_bits_data[24] loc=(3620890 0)
  Inst tile1 loc=(4830490 420880)
Net tile1_io_cached_0_grant_bits_manager_id nrTerm=2 conLen=4.41e+06 len=(4406190 2380)
  FTerm tile1_io_cached_0_grant_bits_manager_id loc=(9236280 1329300)
  Inst tile1 loc=(4830490 1329200)
Net tile1_io_cached_0_finish_bits_manager_xact_id[2] nrTerm=2 conLen=9.36e+05 len=(526640 409660)
  FTerm tile1_io_cached_0_finish_bits_manager_xact_id[2] loc=(4376890 0)
  Inst tile1 loc=(4889150 409260)
Net tile1_io_cached_0_finish_bits_manager_xact_id[1] nrTerm=2 conLen=9.84e+05 len=(574080 409660)
  FTerm tile1_io_cached_0_finish_bits_manager_xact_id[1] loc=(4326490 0)
  Inst tile1 loc=(4886910 409260)
Net tile1_io_cached_0_finish_bits_manager_xact_id[0] nrTerm=2 conLen=1.03e+06 len=(620720 409660)
  FTerm tile1_io_cached_0_finish_bits_manager_xact_id[0] loc=(4276090 0)
  Inst tile1 loc=(4884670 409260)
Net tile1_io_cached_0_finish_bits_manager_id nrTerm=2 conLen=4.41e+06 len=(4406190 2380)
  FTerm tile1_io_cached_0_finish_bits_manager_id loc=(9236280 1178100)
  Inst tile1 loc=(4830490 1179680)
Net tile1_io_uncached_0_acquire_ready nrTerm=2 conLen=4.41e+06 len=(4406190 1760)
  FTerm tile1_io_uncached_0_acquire_ready loc=(9236280 1296260)
  Inst tile1 loc=(4830490 1296160)
Net tile1_io_uncached_0_acquire_bits_addr_block[25] nrTerm=2 conLen=3.98e+06 len=(2480 3980700)
  FTerm tile1_io_uncached_0_acquire_bits_addr_block[25] loc=(5413450 8388240)
  Inst tile1 loc=(5413310 4407940)
Net tile1_io_uncached_0_acquire_bits_addr_block[24] nrTerm=2 conLen=3.98e+06 len=(2480 3980700)
  FTerm tile1_io_uncached_0_acquire_bits_addr_block[24] loc=(5482330 8388240)
  Inst tile1 loc=(5482190 4407940)
Net tile1_io_uncached_0_acquire_bits_addr_block[23] nrTerm=2 conLen=3.99e+06 len=(10880 3981580)
  FTerm tile1_io_uncached_0_acquire_bits_addr_block[23] loc=(5532730 8388240)
  Inst tile1 loc=(5532590 4407940)
Net tile1_io_uncached_0_acquire_bits_addr_block[22] nrTerm=2 conLen=3.99e+06 len=(7660 3981580)
  FTerm tile1_io_uncached_0_acquire_bits_addr_block[22] loc=(5583130 8388240)
  Inst tile1 loc=(5582990 4407940)
Net tile1_io_uncached_0_acquire_bits_addr_block[21] nrTerm=2 conLen=3.99e+06 len=(4300 3981580)
  FTerm tile1_io_uncached_0_acquire_bits_addr_block[21] loc=(5363050 8388240)
  Inst tile1 loc=(5362910 4407940)
Net tile1_io_uncached_0_acquire_bits_addr_block[20] nrTerm=2 conLen=3.99e+06 len=(9340 3981580)
  FTerm tile1_io_uncached_0_acquire_bits_addr_block[20] loc=(5312650 8388240)
  Inst tile1 loc=(5312510 4407940)
Net tile1_io_uncached_0_acquire_bits_addr_block[19] nrTerm=2 conLen=3.98e+06 len=(2620 3981580)
  FTerm tile1_io_uncached_0_acquire_bits_addr_block[19] loc=(5633530 8388240)
  Inst tile1 loc=(5633390 4407940)
Net tile1_io_uncached_0_acquire_bits_addr_block[18] nrTerm=2 conLen=3.99e+06 len=(9200 3981580)
  FTerm tile1_io_uncached_0_acquire_bits_addr_block[18] loc=(5262250 8388240)
  Inst tile1 loc=(5262110 4407940)
Net tile1_io_uncached_0_acquire_bits_addr_block[17] nrTerm=2 conLen=3.98e+06 len=(2480 3980700)
  FTerm tile1_io_uncached_0_acquire_bits_addr_block[17] loc=(5211850 8388240)
  Inst tile1 loc=(5211710 4407940)
Net tile1_io_uncached_0_acquire_bits_addr_block[16] nrTerm=2 conLen=3.99e+06 len=(4300 3981580)
  FTerm tile1_io_uncached_0_acquire_bits_addr_block[16] loc=(5161450 8388240)
  Inst tile1 loc=(5161310 4407940)
Net tile1_io_uncached_0_acquire_bits_addr_block[15] nrTerm=2 conLen=3.98e+06 len=(2480 3980700)
  FTerm tile1_io_uncached_0_acquire_bits_addr_block[15] loc=(5683930 8388240)
  Inst tile1 loc=(5683790 4407940)
Net tile1_io_uncached_0_acquire_bits_addr_block[14] nrTerm=2 conLen=3.99e+06 len=(9340 3981580)
  FTerm tile1_io_uncached_0_acquire_bits_addr_block[14] loc=(5111050 8388240)
  Inst tile1 loc=(5110910 4407940)
Net tile1_io_uncached_0_acquire_bits_addr_block[13] nrTerm=2 conLen=8.89e+05 len=(416590 472880)
  FTerm tile1_io_uncached_0_acquire_bits_addr_block[13] loc=(9236280 4862340)
  Inst tile1 loc=(8820350 4407940)
Net tile1_io_uncached_0_acquire_bits_addr_block[12] nrTerm=2 conLen=3.99e+06 len=(9200 3981580)
  FTerm tile1_io_uncached_0_acquire_bits_addr_block[12] loc=(5060650 8388240)
  Inst tile1 loc=(5060510 4407940)
Net tile1_io_uncached_0_acquire_bits_addr_block[11] nrTerm=2 conLen=3.99e+06 len=(10880 3981580)
  FTerm tile1_io_uncached_0_acquire_bits_addr_block[11] loc=(5734330 8388240)
  Inst tile1 loc=(5734190 4407940)
Net tile1_io_uncached_0_acquire_bits_addr_block[10] nrTerm=2 conLen=3.98e+06 len=(4160 3980700)
  FTerm tile1_io_uncached_0_acquire_bits_addr_block[10] loc=(5010250 8388240)
  Inst tile1 loc=(5010110 4407940)
Net tile1_io_uncached_0_acquire_bits_addr_block[9] nrTerm=2 conLen=9.08e+05 len=(414090 493440)
  FTerm tile1_io_uncached_0_acquire_bits_addr_block[9] loc=(9236280 4886660)
  Inst tile1 loc=(8822590 4407940)
Net tile1_io_uncached_0_acquire_bits_addr_block[6] nrTerm=2 conLen=9.20e+05 len=(406950 513200)
  FTerm tile1_io_uncached_0_acquire_bits_addr_block[6] loc=(9236280 4912740)
  Inst tile1 loc=(8829730 4400800)
Net tile1_io_uncached_0_acquire_bits_addr_block[4] nrTerm=2 conLen=9.79e+05 len=(406950 572100)
  FTerm tile1_io_uncached_0_acquire_bits_addr_block[4] loc=(9236280 4963140)
  Inst tile1 loc=(8829730 4391840)
Net tile1_io_uncached_0_acquire_bits_addr_block[3] nrTerm=2 conLen=9.96e+05 len=(421230 575120)
  FTerm tile1_io_uncached_0_acquire_bits_addr_block[3] loc=(9236280 4982660)
  Inst tile1 loc=(8815870 4407940)
Net tile1_io_uncached_0_acquire_bits_addr_block[1] nrTerm=2 conLen=4.41e+06 len=(4406190 2480)
  FTerm tile1_io_uncached_0_acquire_bits_addr_block[1] loc=(9236280 3093300)
  Inst tile1 loc=(4830490 3093200)
Net tile1_io_uncached_0_acquire_bits_addr_block[0] nrTerm=2 conLen=4.41e+06 len=(4406190 1600)
  FTerm tile1_io_uncached_0_acquire_bits_addr_block[0] loc=(9236280 3120260)
  Inst tile1 loc=(4830490 3120080)
Net tile1_io_uncached_0_acquire_bits_union[9] nrTerm=2 conLen=1.05e+06 len=(443070 606400)
  FTerm tile1_io_uncached_0_acquire_bits_union[9] loc=(9236280 5013540)
  Inst tile1 loc=(8800190 4407940)
Net tile1_io_uncached_0_acquire_bits_union[8] nrTerm=2 conLen=4.84e+06 len=(4830890 10980)
  FTerm tile1_io_uncached_0_acquire_bits_union[8] loc=(0 2201220)
  Inst tile1 loc=(4830490 2201120)
Net tile1_io_uncached_0_acquire_bits_union[6] nrTerm=2 conLen=4.84e+06 len=(4830890 9200)
  FTerm tile1_io_uncached_0_acquire_bits_union[6] loc=(0 2686740)
  Inst tile1 loc=(4830490 2686640)
Net tile1_io_uncached_0_acquire_bits_union[3] nrTerm=2 conLen=1.10e+06 len=(443910 656800)
  FTerm tile1_io_uncached_0_acquire_bits_union[3] loc=(9236280 5063940)
  Inst tile1 loc=(8802430 4407940)
Net tile1_io_uncached_0_acquire_bits_union[2] nrTerm=2 conLen=4.84e+06 len=(4830890 13680)
  FTerm tile1_io_uncached_0_acquire_bits_union[2] loc=(0 2195460)
  Inst tile1 loc=(4830490 2195520)
Net tile1_io_uncached_0_acquire_bits_union[0] nrTerm=2 conLen=4.85e+06 len=(4830890 14240)
  FTerm tile1_io_uncached_0_acquire_bits_union[0] loc=(0 2733060)
  Inst tile1 loc=(4830490 2733120)
Net tile1_io_uncached_0_grant_ready nrTerm=2 conLen=2.49e+06 len=(406950 2080960)
  FTerm tile1_io_uncached_0_grant_ready loc=(9236280 6476820)
  Inst tile1 loc=(8829730 4398560)
Net tile1_io_uncached_0_grant_valid nrTerm=2 conLen=4.41e+06 len=(4406190 2380)
  FTerm tile1_io_uncached_0_grant_valid loc=(9236280 963060)
  Inst tile1 loc=(4830490 962960)
Net tile1_io_uncached_0_grant_bits_addr_beat[1] nrTerm=2 conLen=1.10e+06 len=(429630 671120)
  FTerm tile1_io_uncached_0_grant_bits_addr_beat[1] loc=(9236280 5078660)
  Inst tile1 loc=(8809150 4407940)
Net tile1_io_uncached_0_grant_bits_manager_xact_id[3] nrTerm=2 conLen=8.02e+05 len=(417870 383800)
  FTerm tile1_io_uncached_0_grant_bits_manager_xact_id[3] loc=(9236280 25860)
  Inst tile1 loc=(8820350 409260)
Net tile1_io_uncached_0_grant_bits_manager_xact_id[0] nrTerm=2 conLen=1.29e+06 len=(406950 880800)
  FTerm tile1_io_uncached_0_grant_bits_manager_xact_id[0] loc=(9236280 5270660)
  Inst tile1 loc=(8829730 4394080)
Net tile1_io_uncached_0_grant_bits_g_type[1] nrTerm=2 conLen=1.23e+06 len=(408190 826340)
  FTerm tile1_io_uncached_0_grant_bits_g_type[1] loc=(9236280 5215140)
  Inst tile1 loc=(8829730 4389600)
Net tile1_io_uncached_0_grant_bits_g_type[0] nrTerm=2 conLen=1.29e+06 len=(429770 860960)
  FTerm tile1_io_uncached_0_grant_bits_g_type[0] loc=(9236280 5265540)
  Inst tile1 loc=(8806910 4407940)
Net tile1_io_uncached_0_grant_bits_data[63] nrTerm=2 conLen=4.85e+06 len=(4830890 14340)
  FTerm tile1_io_uncached_0_grant_bits_data[63] loc=(0 2737140)
  Inst tile1 loc=(4830490 2735360)
Net tile1_io_uncached_0_grant_bits_data[62] nrTerm=2 conLen=4.41e+06 len=(4406190 1600)
  FTerm tile1_io_uncached_0_grant_bits_data[62] loc=(9236280 3216260)
  Inst tile1 loc=(4830490 3216400)
Net tile1_io_uncached_0_grant_bits_data[61] nrTerm=2 conLen=4.84e+06 len=(4830890 12660)
  FTerm tile1_io_uncached_0_grant_bits_data[61] loc=(0 2150820)
  Inst tile1 loc=(4830490 2150720)
Net tile1_io_uncached_0_grant_bits_data[60] nrTerm=2 conLen=4.83e+06 len=(4830890 2580)
  FTerm tile1_io_uncached_0_grant_bits_data[60] loc=(0 2787540)
  Inst tile1 loc=(4830490 2787440)
Net tile1_io_uncached_0_grant_bits_data[59] nrTerm=2 conLen=4.85e+06 len=(4830890 14240)
  FTerm tile1_io_uncached_0_grant_bits_data[59] loc=(0 2485140)
  Inst tile1 loc=(4830490 2487280)
Net tile1_io_uncached_0_grant_bits_data[58] nrTerm=2 conLen=4.41e+06 len=(4406190 2380)
  FTerm tile1_io_uncached_0_grant_bits_data[58] loc=(9236280 3244500)
  Inst tile1 loc=(4830490 3244400)
Net tile1_io_uncached_0_grant_bits_data[57] nrTerm=2 conLen=4.84e+06 len=(4830890 10080)
  FTerm tile1_io_uncached_0_grant_bits_data[57] loc=(0 2829060)
  Inst tile1 loc=(4830490 2828880)
Net tile1_io_uncached_0_grant_bits_data[56] nrTerm=2 conLen=4.84e+06 len=(4830890 5440)
  FTerm tile1_io_uncached_0_grant_bits_data[56] loc=(0 2837940)
  Inst tile1 loc=(4830490 2836160)
Net tile1_io_uncached_0_grant_bits_data[55] nrTerm=2 conLen=4.84e+06 len=(4830890 9360)
  FTerm tile1_io_uncached_0_grant_bits_data[55] loc=(0 2445060)
  Inst tile1 loc=(4830490 2445280)
Net tile1_io_uncached_0_grant_bits_data[54] nrTerm=2 conLen=4.41e+06 len=(4406190 2480)
  FTerm tile1_io_uncached_0_grant_bits_data[54] loc=(9236280 3294900)
  Inst tile1 loc=(4830490 3294800)
Net tile1_io_uncached_0_grant_bits_data[53] nrTerm=2 conLen=4.83e+06 len=(4830890 900)
  FTerm tile1_io_uncached_0_grant_bits_data[53] loc=(0 2434740)
  Inst tile1 loc=(4830490 2434640)
Net tile1_io_uncached_0_grant_bits_data[51] nrTerm=2 conLen=4.41e+06 len=(4406190 1760)
  FTerm tile1_io_uncached_0_grant_bits_data[51] loc=(9236280 3312260)
  Inst tile1 loc=(4830490 3312160)
Net tile1_io_uncached_0_grant_bits_data[50] nrTerm=2 conLen=1.13e+06 len=(425290 707200)
  FTerm tile1_io_uncached_0_grant_bits_data[50] loc=(9236280 5114340)
  Inst tile1 loc=(8811390 4407940)
Net tile1_io_uncached_0_grant_bits_data[49] nrTerm=2 conLen=4.84e+06 len=(4830890 9200)
  FTerm tile1_io_uncached_0_grant_bits_data[49] loc=(0 2888340)
  Inst tile1 loc=(4830490 2888240)
Net tile1_io_uncached_0_grant_bits_data[48] nrTerm=2 conLen=4.83e+06 len=(4830890 2480)
  FTerm tile1_io_uncached_0_grant_bits_data[48] loc=(0 2100420)
  Inst tile1 loc=(4830490 2100320)
Net tile1_io_uncached_0_grant_bits_data[47] nrTerm=2 conLen=4.41e+06 len=(4406190 2380)
  FTerm tile1_io_uncached_0_grant_bits_data[47] loc=(9236280 3345300)
  Inst tile1 loc=(4830490 3345200)
Net tile1_io_uncached_0_grant_bits_data[46] nrTerm=2 conLen=4.83e+06 len=(4830890 2640)
  FTerm tile1_io_uncached_0_grant_bits_data[46] loc=(0 2925060)
  Inst tile1 loc=(4830490 2925200)
Net tile1_io_uncached_0_grant_bits_data[45] nrTerm=2 conLen=4.84e+06 len=(4830890 10880)
  FTerm tile1_io_uncached_0_grant_bits_data[45] loc=(0 2938740)
  Inst tile1 loc=(4830490 2938640)
Net tile1_io_uncached_0_grant_bits_data[44] nrTerm=2 conLen=4.41e+06 len=(4406190 2380)
  FTerm tile1_io_uncached_0_grant_bits_data[44] loc=(9236280 3395700)
  Inst tile1 loc=(4830490 3395600)
Net tile1_io_uncached_0_grant_bits_data[43] nrTerm=2 conLen=4.41e+06 len=(4406190 2000)
  FTerm tile1_io_uncached_0_grant_bits_data[43] loc=(9236280 3408260)
  Inst tile1 loc=(4830490 3408480)
Net tile1_io_uncached_0_grant_bits_data[42] nrTerm=2 conLen=4.84e+06 len=(4830890 6960)
  FTerm tile1_io_uncached_0_grant_bits_data[42] loc=(0 2099460)
  Inst tile1 loc=(4830490 2095840)
Net tile1_io_uncached_0_grant_bits_data[41] nrTerm=2 conLen=4.83e+06 len=(4830890 2580)
  FTerm tile1_io_uncached_0_grant_bits_data[41] loc=(0 2989140)
  Inst tile1 loc=(4830490 2989040)
Net tile1_io_uncached_0_grant_bits_data[40] nrTerm=2 conLen=4.83e+06 len=(4830890 2580)
  FTerm tile1_io_uncached_0_grant_bits_data[40] loc=(0 2384340)
  Inst tile1 loc=(4830490 2384240)
Net tile1_io_uncached_0_grant_bits_data[39] nrTerm=2 conLen=4.84e+06 len=(4830890 7920)
  FTerm tile1_io_uncached_0_grant_bits_data[39] loc=(0 3021060)
  Inst tile1 loc=(4830490 3020960)
Net tile1_io_uncached_0_grant_bits_data[38] nrTerm=2 conLen=4.41e+06 len=(4406190 2380)
  FTerm tile1_io_uncached_0_grant_bits_data[38] loc=(9236280 3446100)
  Inst tile1 loc=(4830490 3446000)
Net tile1_io_uncached_0_grant_bits_data[37] nrTerm=2 conLen=4.83e+06 len=(4830890 2480)
  FTerm tile1_io_uncached_0_grant_bits_data[37] loc=(0 3039540)
  Inst tile1 loc=(4830490 3039440)
Net tile1_io_uncached_0_grant_bits_data[36] nrTerm=2 conLen=4.41e+06 len=(4406190 2480)
  FTerm tile1_io_uncached_0_grant_bits_data[36] loc=(9236280 3496500)
  Inst tile1 loc=(4830490 3496400)
Net tile1_io_uncached_0_grant_bits_data[35] nrTerm=2 conLen=4.41e+06 len=(4406190 2240)
  FTerm tile1_io_uncached_0_grant_bits_data[35] loc=(9236280 3504260)
  Inst tile1 loc=(4830490 3504240)
Net tile1_io_uncached_0_grant_bits_data[34] nrTerm=2 conLen=4.84e+06 len=(4830890 9200)
  FTerm tile1_io_uncached_0_grant_bits_data[34] loc=(0 3089940)
  Inst tile1 loc=(4830490 3089840)
Net tile1_io_uncached_0_grant_bits_data[33] nrTerm=2 conLen=4.84e+06 len=(4830890 9360)
  FTerm tile1_io_uncached_0_grant_bits_data[33] loc=(0 3117060)
  Inst tile1 loc=(4830490 3117280)
Net tile1_io_uncached_0_grant_bits_data[32] nrTerm=2 conLen=4.41e+06 len=(4406190 2380)
  FTerm tile1_io_uncached_0_grant_bits_data[32] loc=(9236280 3546900)
  Inst tile1 loc=(4830490 3546800)
Net tile1_io_uncached_0_grant_bits_data[31] nrTerm=2 conLen=4.84e+06 len=(4830890 10880)
  FTerm tile1_io_uncached_0_grant_bits_data[31] loc=(0 3140340)
  Inst tile1 loc=(4830490 3140240)
Net tile1_io_uncached_0_grant_bits_data[30] nrTerm=2 conLen=4.84e+06 len=(4830890 9600)
  FTerm tile1_io_uncached_0_grant_bits_data[30] loc=(0 2349060)
  Inst tile1 loc=(4830490 2348960)
Net tile1_io_uncached_0_grant_bits_data[29] nrTerm=2 conLen=4.83e+06 len=(4830890 900)
  FTerm tile1_io_uncached_0_grant_bits_data[29] loc=(0 2050020)
  Inst tile1 loc=(4830490 2049920)
Net tile1_io_uncached_0_grant_bits_data[27] nrTerm=2 conLen=4.41e+06 len=(4406190 2940)
  FTerm tile1_io_uncached_0_grant_bits_data[27] loc=(9236280 3597300)
  Inst tile1 loc=(4830490 3599440)
Net tile1_io_uncached_0_grant_bits_data[26] nrTerm=2 conLen=4.41e+06 len=(4406190 4960)
  FTerm tile1_io_uncached_0_grant_bits_data[26] loc=(9236280 3600260)
  Inst tile1 loc=(4830490 3601680)
Net tile1_io_uncached_0_grant_bits_data[25] nrTerm=2 conLen=4.83e+06 len=(4830890 2580)
  FTerm tile1_io_uncached_0_grant_bits_data[25] loc=(0 3190740)
  Inst tile1 loc=(4830490 3190640)
Net tile1_io_uncached_0_grant_bits_data[24] nrTerm=2 conLen=4.41e+06 len=(4406190 1600)
  FTerm tile1_io_uncached_0_grant_bits_data[24] loc=(9236280 1584260)
  Inst tile1 loc=(4830490 1584000)
Net tile1_io_uncached_0_grant_bits_data[23] nrTerm=2 conLen=4.83e+06 len=(4830890 4080)
  FTerm tile1_io_uncached_0_grant_bits_data[23] loc=(0 3213060)
  Inst tile1 loc=(4830490 3213040)
Net tile1_io_uncached_0_grant_bits_data[22] nrTerm=2 conLen=4.83e+06 len=(4830890 2480)
  FTerm tile1_io_uncached_0_grant_bits_data[22] loc=(0 3241140)
  Inst tile1 loc=(4830490 3241040)
Net tile1_io_uncached_0_grant_bits_data[21] nrTerm=2 conLen=4.85e+06 len=(4830890 15920)
  FTerm tile1_io_uncached_0_grant_bits_data[21] loc=(0 2333940)
  Inst tile1 loc=(4830490 2332160)
Net tile1_io_uncached_0_grant_bits_data[20] nrTerm=2 conLen=4.84e+06 len=(4830890 9200)
  FTerm tile1_io_uncached_0_grant_bits_data[20] loc=(0 3291540)
  Inst tile1 loc=(4830490 3291440)
Net tile1_io_uncached_0_grant_bits_data[19] nrTerm=2 conLen=4.41e+06 len=(4406190 2480)
  FTerm tile1_io_uncached_0_grant_bits_data[19] loc=(9236280 1581300)
  Inst tile1 loc=(4830490 1581200)
Net tile1_io_uncached_0_grant_bits_data[18] nrTerm=2 conLen=4.83e+06 len=(4830890 4080)
  FTerm tile1_io_uncached_0_grant_bits_data[18] loc=(0 2003460)
  Inst tile1 loc=(4830490 2003440)
Net tile1_io_uncached_0_grant_bits_data[17] nrTerm=2 conLen=4.84e+06 len=(4830890 10980)
  FTerm tile1_io_uncached_0_grant_bits_data[17] loc=(0 1999620)
  Inst tile1 loc=(4830490 1999520)
Net tile1_io_uncached_0_grant_bits_data[16] nrTerm=2 conLen=4.83e+06 len=(4830890 1920)
  FTerm tile1_io_uncached_0_grant_bits_data[16] loc=(0 3309060)
  Inst tile1 loc=(4830490 3308800)
Net tile1_io_uncached_0_grant_bits_data[15] nrTerm=2 conLen=4.41e+06 len=(4406190 2380)
  FTerm tile1_io_uncached_0_grant_bits_data[15] loc=(9236280 1530900)
  Inst tile1 loc=(4830490 1530800)
Net tile1_io_uncached_0_grant_bits_data[14] nrTerm=2 conLen=4.84e+06 len=(4830890 10880)
  FTerm tile1_io_uncached_0_grant_bits_data[14] loc=(0 3341940)
  Inst tile1 loc=(4830490 3341840)
Net tile1_io_uncached_0_grant_bits_data[13] nrTerm=2 conLen=4.83e+06 len=(4830890 2580)
  FTerm tile1_io_uncached_0_grant_bits_data[13] loc=(0 3392340)
  Inst tile1 loc=(4830490 3392240)
Net tile1_io_uncached_0_grant_bits_data[12] nrTerm=2 conLen=4.84e+06 len=(4830890 13680)
  FTerm tile1_io_uncached_0_grant_bits_data[12] loc=(0 3405060)
  Inst tile1 loc=(4830490 3405120)
Net tile1_io_uncached_0_grant_bits_data[11] nrTerm=2 conLen=4.84e+06 len=(4830890 12660)
  FTerm tile1_io_uncached_0_grant_bits_data[11] loc=(0 1949220)
  Inst tile1 loc=(4830490 1949120)
Net tile1_io_uncached_0_grant_bits_data[10] nrTerm=2 conLen=4.83e+06 len=(4830890 2480)
  FTerm tile1_io_uncached_0_grant_bits_data[10] loc=(0 3442740)
  Inst tile1 loc=(4830490 3442640)
Net tile1_io_uncached_0_grant_bits_data[9] nrTerm=2 conLen=4.41e+06 len=(4406190 2240)
  FTerm tile1_io_uncached_0_grant_bits_data[9] loc=(9236280 1488260)
  Inst tile1 loc=(4830490 1488240)
Net tile1_io_uncached_0_grant_bits_data[8] nrTerm=2 conLen=4.84e+06 len=(4830890 9200)
  FTerm tile1_io_uncached_0_grant_bits_data[8] loc=(0 3493140)
  Inst tile1 loc=(4830490 3493040)
Net tile1_io_uncached_0_grant_bits_data[7] nrTerm=2 conLen=3.99e+06 len=(7520 3981580)
  FTerm tile1_io_uncached_0_grant_bits_data[7] loc=(5999770 8388240)
  Inst tile1 loc=(5999630 4407940)
Net tile1_io_uncached_0_grant_bits_data[6] nrTerm=2 conLen=4.84e+06 len=(4830890 6720)
  FTerm tile1_io_uncached_0_grant_bits_data[6] loc=(0 3501060)
  Inst tile1 loc=(4830490 3500880)
Net tile1_io_uncached_0_grant_bits_data[5] nrTerm=2 conLen=4.84e+06 len=(4830890 10880)
  FTerm tile1_io_uncached_0_grant_bits_data[5] loc=(0 3543540)
  Inst tile1 loc=(4830490 3543440)
Net tile1_io_uncached_0_grant_bits_data[4] nrTerm=2 conLen=4.04e+06 len=(54420 3980700)
  FTerm tile1_io_uncached_0_grant_bits_data[4] loc=(4830490 8388240)
  Inst tile1 loc=(4882430 4407940)
Net tile1_io_uncached_0_grant_bits_data[3] nrTerm=2 conLen=4.83e+06 len=(4830890 2580)
  FTerm tile1_io_uncached_0_grant_bits_data[3] loc=(0 3593940)
  Inst tile1 loc=(4830490 3593840)
Net tile1_io_uncached_0_grant_bits_data[2] nrTerm=2 conLen=4.84e+06 len=(4830890 4800)
  FTerm tile1_io_uncached_0_grant_bits_data[2] loc=(0 3597060)
  Inst tile1 loc=(4830490 3597200)
Net tile1_io_uncached_0_grant_bits_data[1] nrTerm=2 conLen=1.19e+06 len=(431310 757600)
  FTerm tile1_io_uncached_0_grant_bits_data[1] loc=(9236280 5164740)
  Inst tile1 loc=(8813630 4407940)
Net tile1_io_uncached_0_grant_bits_data[0] nrTerm=2 conLen=1.19e+06 len=(406950 779540)
  FTerm tile1_io_uncached_0_grant_bits_data[0] loc=(9236280 5174660)
  Inst tile1 loc=(8829730 4396320)
Net tile1_io_prci_reset nrTerm=2 conLen=1.38e+06 len=(422910 959200)
  FTerm tile1_io_prci_reset loc=(9236280 5366340)
  Inst tile1 loc=(8818110 4407940)
Net tile1_io_prci_id[0] nrTerm=2 conLen=4.83e+06 len=(4830890 2940)
  FTerm tile1_io_prci_id[0] loc=(0 2637060)
  Inst tile1 loc=(4830490 2638480)
Net tile1_io_prci_interrupts_meip nrTerm=2 conLen=2.33e+06 len=(408190 1923380)
  FTerm tile1_io_prci_interrupts_meip loc=(9236280 6325620)
  Inst tile1 loc=(8829730 4403040)
Net tile1_io_prci_interrupts_seip nrTerm=2 conLen=2.38e+06 len=(412830 1963920)
  FTerm tile1_io_prci_interrupts_seip loc=(9236280 6371460)
  Inst tile1 loc=(8824830 4407940)
Net tile1_io_prci_interrupts_debug nrTerm=2 conLen=2.38e+06 len=(408190 1976480)
  FTerm tile1_io_prci_interrupts_debug loc=(9236280 6376020)
  Inst tile1 loc=(8829730 4405280)
Net tile1_io_prci_interrupts_mtip nrTerm=2 conLen=2.43e+06 len=(411550 2021840)
  FTerm tile1_io_prci_interrupts_mtip loc=(9236280 6426420)
  Inst tile1 loc=(8827070 4407940)
Net tile1_io_prci_interrupts_msip nrTerm=2 conLen=2.47e+06 len=(407370 2062480)
  FTerm tile1_io_prci_interrupts_msip loc=(9236280 6467460)
  Inst tile1 loc=(8829310 4407940)
Net tile2_io_cached_0_acquire_ready nrTerm=2 conLen=3.99e+06 len=(4270 3982030)
  FTerm tile2_io_cached_0_acquire_ready loc=(748090 0)
  Inst tile2 loc=(747980 3981630)
Net tile2_io_cached_0_acquire_valid nrTerm=2 conLen=3.98e+06 len=(2480 3982030)
  FTerm tile2_io_cached_0_acquire_valid loc=(596890 0)
  Inst tile2 loc=(596780 3981630)
Net tile2_io_cached_0_acquire_bits_client_xact_id nrTerm=2 conLen=3.82e+06 len=(3404170 419980)
  FTerm tile2_io_cached_0_acquire_bits_client_xact_id loc=(7814170 8388240)
  Inst tile2 loc=(4410800 7968690)
Net tile2_io_cached_0_acquire_bits_is_builtin_type nrTerm=2 conLen=3.86e+06 len=(3456670 408330)
  FTerm tile2_io_cached_0_acquire_bits_is_builtin_type loc=(7864570 8388240)
  Inst tile2 loc=(4408700 7980310)
Net tile2_io_cached_0_acquire_bits_data[51] nrTerm=2 conLen=7.56e+05 len=(296170 460300)
  FTerm tile2_io_cached_0_acquire_bits_data[51] loc=(4706170 8388240)
  Inst tile2 loc=(4410800 7928370)
Net tile2_io_cached_0_acquire_bits_data[39] nrTerm=2 conLen=8.14e+05 len=(405680 408330)
  FTerm tile2_io_cached_0_acquire_bits_data[39] loc=(4756570 8388240)
  Inst tile2 loc=(4359420 7980310)
Net tile2_io_cached_0_acquire_bits_data[31] nrTerm=2 conLen=9.29e+05 len=(470890 458030)
  FTerm tile2_io_cached_0_acquire_bits_data[31] loc=(4880890 8388240)
  Inst tile2 loc=(4410800 7930610)
Net tile2_io_cached_0_acquire_bits_data[27] nrTerm=2 conLen=9.79e+05 len=(570430 408330)
  FTerm tile2_io_cached_0_acquire_bits_data[27] loc=(4931290 8388240)
  Inst tile2 loc=(4361660 7980310)
Net tile2_io_cached_0_probe_ready nrTerm=2 conLen=3.85e+06 len=(425820 3425600)
  FTerm tile2_io_cached_0_probe_ready loc=(0 563460)
  Inst tile2 loc=(425420 3981630)
Net tile2_io_cached_0_probe_valid nrTerm=2 conLen=3.99e+06 len=(9310 3982030)
  FTerm tile2_io_cached_0_probe_valid loc=(697690 0)
  Inst tile2 loc=(697580 3981630)
Net tile2_io_cached_0_probe_bits_addr_block[22] nrTerm=2 conLen=7.56e+05 len=(411960 343950)
  FTerm tile2_io_cached_0_probe_bits_addr_block[22] loc=(0 3693060)
  Inst tile2 loc=(411560 4035810)
Net tile2_io_cached_0_probe_bits_addr_block[20] nrTerm=2 conLen=7.71e+05 len=(468380 302810)
  FTerm tile2_io_cached_0_probe_bits_addr_block[20] loc=(0 3679620)
  Inst tile2 loc=(467980 3981630)
Net tile2_io_cached_0_release_ready nrTerm=2 conLen=3.78e+06 len=(452700 3322570)
  FTerm tile2_io_cached_0_release_ready loc=(0 659460)
  Inst tile2 loc=(452300 3981630)
Net tile2_io_cached_0_release_valid nrTerm=2 conLen=3.99e+06 len=(4270 3982030)
  FTerm tile2_io_cached_0_release_valid loc=(546490 0)
  Inst tile2 loc=(546380 3981630)
Net tile2_io_cached_0_release_bits_addr_block[21] nrTerm=2 conLen=2.54e+06 len=(461660 2075760)
  FTerm tile2_io_cached_0_release_bits_addr_block[21] loc=(0 1907460)
  Inst tile2 loc=(461260 3981630)
Net tile2_io_cached_0_release_bits_addr_block[20] nrTerm=2 conLen=2.55e+06 len=(463900 2083610)
  FTerm tile2_io_cached_0_release_bits_addr_block[20] loc=(0 1898820)
  Inst tile2 loc=(463500 3981630)
Net tile2_io_cached_0_release_bits_addr_block[17] nrTerm=2 conLen=2.59e+06 len=(459530 2134010)
  FTerm tile2_io_cached_0_release_bits_addr_block[17] loc=(0 1848420)
  Inst tile2 loc=(459020 3981630)
Net tile2_io_cached_0_release_bits_addr_block[16] nrTerm=2 conLen=2.63e+06 len=(411960 2221070)
  FTerm tile2_io_cached_0_release_bits_addr_block[16] loc=(0 1811460)
  Inst tile2 loc=(411560 4031330)
Net tile2_io_cached_0_release_bits_addr_block[15] nrTerm=2 conLen=2.65e+06 len=(462890 2184410)
  FTerm tile2_io_cached_0_release_bits_addr_block[15] loc=(0 1798020)
  Inst tile2 loc=(456780 3981630)
Net tile2_io_cached_0_release_bits_addr_block[14] nrTerm=2 conLen=2.69e+06 len=(411960 2277790)
  FTerm tile2_io_cached_0_release_bits_addr_block[14] loc=(0 1747620)
  Inst tile2 loc=(411560 4024610)
Net tile2_io_cached_0_release_bits_addr_block[12] nrTerm=2 conLen=2.73e+06 len=(411960 2318160)
  FTerm tile2_io_cached_0_release_bits_addr_block[12] loc=(0 1715460)
  Inst tile2 loc=(411560 4029090)
Net tile2_io_cached_0_release_bits_addr_block[11] nrTerm=2 conLen=2.74e+06 len=(456170 2285210)
  FTerm tile2_io_cached_0_release_bits_addr_block[11] loc=(0 1697220)
  Inst tile2 loc=(454540 3981630)
Net tile2_io_cached_0_release_bits_addr_block[8] nrTerm=2 conLen=2.79e+06 len=(411960 2380830)
  FTerm tile2_io_cached_0_release_bits_addr_block[8] loc=(0 1646820)
  Inst tile2 loc=(411560 4026850)
Net tile2_io_cached_0_release_bits_addr_block[7] nrTerm=2 conLen=2.82e+06 len=(411960 2407440)
  FTerm tile2_io_cached_0_release_bits_addr_block[7] loc=(0 1619460)
  Inst tile2 loc=(411560 4022370)
Net tile2_io_cached_0_release_bits_addr_block[4] nrTerm=2 conLen=3.99e+06 len=(4270 3982030)
  FTerm tile2_io_cached_0_release_bits_addr_block[4] loc=(1756090 0)
  Inst tile2 loc=(1755980 3981630)
Net tile2_io_cached_0_release_bits_addr_block[2] nrTerm=2 conLen=3.99e+06 len=(9310 3982030)
  FTerm tile2_io_cached_0_release_bits_addr_block[2] loc=(1705690 0)
  Inst tile2 loc=(1705580 3981630)
Net tile2_io_cached_0_release_bits_addr_block[0] nrTerm=2 conLen=3.99e+06 len=(9200 3982030)
  FTerm tile2_io_cached_0_release_bits_addr_block[0] loc=(1655290 0)
  Inst tile2 loc=(1655180 3981630)
Net tile2_io_cached_0_release_bits_client_xact_id nrTerm=2 conLen=4.83e+06 len=(4825880 4160)
  FTerm tile2_io_cached_0_release_bits_client_xact_id loc=(9236280 6527220)
  Inst tile2 loc=(4410800 6527250)
Net tile2_io_cached_0_release_bits_voluntary nrTerm=2 conLen=3.87e+06 len=(423580 3446480)
  FTerm tile2_io_cached_0_release_bits_voluntary loc=(0 538020)
  Inst tile2 loc=(423180 3981630)
Net tile2_io_cached_0_release_bits_r_type[2] nrTerm=2 conLen=3.99e+06 len=(4270 3982030)
  FTerm tile2_io_cached_0_release_bits_r_type[2] loc=(1352890 0)
  Inst tile2 loc=(1352780 3981630)
Net tile2_io_cached_0_release_bits_r_type[1] nrTerm=2 conLen=3.09e+06 len=(448220 2640080)
  FTerm tile2_io_cached_0_release_bits_r_type[1] loc=(0 1344420)
  Inst tile2 loc=(447820 3981630)
Net tile2_io_cached_0_release_bits_data[63] nrTerm=2 conLen=1.84e+06 len=(1427120 408330)
  FTerm tile2_io_cached_0_release_bits_data[63] loc=(5784730 8388240)
  Inst tile2 loc=(4363900 7980310)
Net tile2_io_cached_0_release_bits_data[62] nrTerm=2 conLen=1.88e+06 len=(1425130 455260)
  FTerm tile2_io_cached_0_release_bits_data[62] loc=(5835130 8388240)
  Inst tile2 loc=(4410800 7935090)
Net tile2_io_cached_0_release_bits_data[60] nrTerm=2 conLen=1.93e+06 len=(1476240 455790)
  FTerm tile2_io_cached_0_release_bits_data[60] loc=(5885530 8388240)
  Inst tile2 loc=(4410800 7932850)
Net tile2_io_cached_0_release_bits_data[58] nrTerm=2 conLen=1.98e+06 len=(1525930 451900)
  FTerm tile2_io_cached_0_release_bits_data[58] loc=(5935930 8388240)
  Inst tile2 loc=(4410800 7937330)
Net tile2_io_cached_0_release_bits_data[57] nrTerm=2 conLen=2.10e+06 len=(1687520 408330)
  FTerm tile2_io_cached_0_release_bits_data[57] loc=(6050170 8388240)
  Inst tile2 loc=(4368380 7980310)
Net tile2_io_cached_0_release_bits_data[56] nrTerm=2 conLen=2.14e+06 len=(1736240 408330)
  FTerm tile2_io_cached_0_release_bits_data[56] loc=(6100570 8388240)
  Inst tile2 loc=(4366140 7980310)
Net tile2_io_cached_0_release_bits_data[47] nrTerm=2 conLen=2.19e+06 len=(1781600 408330)
  FTerm tile2_io_cached_0_release_bits_data[47] loc=(6150970 8388240)
  Inst tile2 loc=(4370620 7980310)
Net tile2_io_cached_0_release_bits_data[46] nrTerm=2 conLen=3.98e+06 len=(2480 3982030)
  FTerm tile2_io_cached_0_release_bits_data[46] loc=(1604890 0)
  Inst tile2 loc=(1604780 3981630)
Net tile2_io_cached_0_release_bits_data[44] nrTerm=2 conLen=2.24e+06 len=(1791370 448540)
  FTerm tile2_io_cached_0_release_bits_data[44] loc=(6201370 8388240)
  Inst tile2 loc=(4410800 7941810)
Net tile2_io_cached_0_release_bits_data[43] nrTerm=2 conLen=2.29e+06 len=(1841770 445180)
  FTerm tile2_io_cached_0_release_bits_data[43] loc=(6251770 8388240)
  Inst tile2 loc=(4410800 7944050)
Net tile2_io_cached_0_release_bits_data[42] nrTerm=2 conLen=2.33e+06 len=(1892170 442350)
  FTerm tile2_io_cached_0_release_bits_data[42] loc=(6302170 8388240)
  Inst tile2 loc=(4410800 7946290)
Net tile2_io_cached_0_release_bits_data[41] nrTerm=2 conLen=2.84e+06 len=(411960 2424510)
  FTerm tile2_io_cached_0_release_bits_data[41] loc=(0 1596420)
  Inst tile2 loc=(411560 4020130)
Net tile2_io_cached_0_release_bits_data[40] nrTerm=2 conLen=3.99e+06 len=(4270 3982030)
  FTerm tile2_io_cached_0_release_bits_data[40] loc=(1554490 0)
  Inst tile2 loc=(1554380 3981630)
Net tile2_io_cached_0_release_bits_data[39] nrTerm=2 conLen=2.39e+06 len=(1942570 449070)
  FTerm tile2_io_cached_0_release_bits_data[39] loc=(6352570 8388240)
  Inst tile2 loc=(4410800 7939570)
Net tile2_io_cached_0_release_bits_data[38] nrTerm=2 conLen=2.44e+06 len=(2035280 408330)
  FTerm tile2_io_cached_0_release_bits_data[38] loc=(6402970 8388240)
  Inst tile2 loc=(4377340 7980310)
Net tile2_io_cached_0_release_bits_data[36] nrTerm=2 conLen=2.49e+06 len=(2082320 408330)
  FTerm tile2_io_cached_0_release_bits_data[36] loc=(6453370 8388240)
  Inst tile2 loc=(4372860 7980310)
Net tile2_io_cached_0_release_bits_data[33] nrTerm=2 conLen=2.89e+06 len=(451130 2436410)
  FTerm tile2_io_cached_0_release_bits_data[33] loc=(0 1546020)
  Inst tile2 loc=(450060 3981630)
Net tile2_io_cached_0_release_bits_data[32] nrTerm=2 conLen=2.91e+06 len=(411960 2497600)
  FTerm tile2_io_cached_0_release_bits_data[32] loc=(0 1523460)
  Inst tile2 loc=(411560 4017890)
Net tile2_io_cached_0_release_bits_data[31] nrTerm=2 conLen=3.99e+06 len=(9310 3982030)
  FTerm tile2_io_cached_0_release_bits_data[31] loc=(1504090 0)
  Inst tile2 loc=(1503980 3981630)
Net tile2_io_cached_0_release_bits_data[30] nrTerm=2 conLen=2.54e+06 len=(2129470 408330)
  FTerm tile2_io_cached_0_release_bits_data[30] loc=(6503770 8388240)
  Inst tile2 loc=(4375100 7980310)
Net tile2_io_cached_0_release_bits_data[29] nrTerm=2 conLen=2.93e+06 len=(412490 2520830)
  FTerm tile2_io_cached_0_release_bits_data[29] loc=(0 1495620)
  Inst tile2 loc=(411560 4015650)
Net tile2_io_cached_0_release_bits_data[28] nrTerm=2 conLen=2.58e+06 len=(2144880 437870)
  FTerm tile2_io_cached_0_release_bits_data[28] loc=(6554170 8388240)
  Inst tile2 loc=(4410800 7950770)
Net tile2_io_cached_0_release_bits_data[27] nrTerm=2 conLen=2.64e+06 len=(2231000 408330)
  FTerm tile2_io_cached_0_release_bits_data[27] loc=(6604570 8388240)
  Inst tile2 loc=(4381820 7980310)
Net tile2_io_cached_0_release_bits_data[25] nrTerm=2 conLen=2.69e+06 len=(2245680 440140)
  FTerm tile2_io_cached_0_release_bits_data[25] loc=(6654970 8388240)
  Inst tile2 loc=(4410800 7948530)
Net tile2_io_cached_0_release_bits_data[23] nrTerm=2 conLen=3.99e+06 len=(9200 3982030)
  FTerm tile2_io_cached_0_release_bits_data[23] loc=(1453690 0)
  Inst tile2 loc=(1453580 3981630)
Net tile2_io_cached_0_release_bits_data[22] nrTerm=2 conLen=2.73e+06 len=(2326590 408330)
  FTerm tile2_io_cached_0_release_bits_data[22] loc=(6705370 8388240)
  Inst tile2 loc=(4379580 7980310)
Net tile2_io_cached_0_release_bits_data[21] nrTerm=2 conLen=4.84e+06 len=(4825880 10880)
  FTerm tile2_io_cached_0_release_bits_data[21] loc=(9236280 5893860)
  Inst tile2 loc=(4410800 5893890)
Net tile2_io_cached_0_release_bits_data[20] nrTerm=2 conLen=2.98e+06 len=(444410 2537600)
  FTerm tile2_io_cached_0_release_bits_data[20] loc=(0 1445220)
  Inst tile2 loc=(438860 3981630)
Net tile2_io_cached_0_release_bits_data[19] nrTerm=2 conLen=4.83e+06 len=(4825880 9040)
  FTerm tile2_io_cached_0_release_bits_data[19] loc=(9236280 5888260)
  Inst tile2 loc=(4410800 5888290)
Net tile2_io_cached_0_release_bits_data[18] nrTerm=2 conLen=2.78e+06 len=(2345770 433390)
  FTerm tile2_io_cached_0_release_bits_data[18] loc=(6755770 8388240)
  Inst tile2 loc=(4410800 7955250)
Net tile2_io_cached_0_release_bits_data[17] nrTerm=2 conLen=4.83e+06 len=(4825880 7550)
  FTerm tile2_io_cached_0_release_bits_data[17] loc=(9236280 5843460)
  Inst tile2 loc=(4410800 5843490)
Net tile2_io_cached_0_release_bits_data[16] nrTerm=2 conLen=3.00e+06 len=(443740 2554570)
  FTerm tile2_io_cached_0_release_bits_data[16] loc=(0 1427460)
  Inst tile2 loc=(443340 3981630)
Net tile2_io_cached_0_release_bits_data[14] nrTerm=2 conLen=3.98e+06 len=(2480 3982030)
  FTerm tile2_io_cached_0_release_bits_data[14] loc=(1403290 0)
  Inst tile2 loc=(1403180 3981630)
Net tile2_io_cached_0_release_bits_data[13] nrTerm=2 conLen=3.04e+06 len=(427610 2617150)
  FTerm tile2_io_cached_0_release_bits_data[13] loc=(0 1394820)
  Inst tile2 loc=(411560 4011170)
Net tile2_io_cached_0_grant_ready nrTerm=2 conLen=3.99e+06 len=(9310 3982030)
  FTerm tile2_io_cached_0_grant_ready loc=(496090 0)
  Inst tile2 loc=(495980 3981630)
Net tile2_io_cached_0_grant_bits_manager_id nrTerm=2 conLen=3.77e+06 len=(411960 3361950)
  FTerm tile2_io_cached_0_grant_bits_manager_id loc=(0 638820)
  Inst tile2 loc=(411560 3999970)
Net tile2_io_cached_0_finish_ready nrTerm=2 conLen=3.99e+06 len=(10210 3982030)
  FTerm tile2_io_cached_0_finish_ready loc=(647290 0)
  Inst tile2 loc=(648300 3981630)
Net tile2_io_cached_0_finish_valid nrTerm=2 conLen=3.93e+06 len=(421340 3505280)
  FTerm tile2_io_cached_0_finish_valid loc=(0 487620)
  Inst tile2 loc=(420940 3981630)
Net tile2_io_cached_0_finish_bits_manager_id nrTerm=2 conLen=3.94e+06 len=(412890 3528400)
  FTerm tile2_io_cached_0_finish_bits_manager_id loc=(0 467460)
  Inst tile2 loc=(411560 3993250)
Net tile2_io_uncached_0_acquire_ready nrTerm=2 conLen=3.81e+06 len=(416250 3396670)
  FTerm tile2_io_uncached_0_acquire_ready loc=(0 588420)
  Inst tile2 loc=(411560 3984290)
Net tile2_io_uncached_0_acquire_valid nrTerm=2 conLen=3.96e+06 len=(411960 3545630)
  FTerm tile2_io_uncached_0_acquire_valid loc=(0 437220)
  Inst tile2 loc=(411560 3982050)
Net tile2_io_uncached_0_acquire_bits_client_xact_id nrTerm=2 conLen=4.84e+06 len=(4825880 13680)
  FTerm tile2_io_uncached_0_acquire_bits_client_xact_id loc=(9236280 6563460)
  Inst tile2 loc=(4410800 6563650)
Net tile2_io_uncached_0_acquire_bits_addr_beat[2] nrTerm=2 conLen=2.83e+06 len=(2396880 431150)
  FTerm tile2_io_uncached_0_acquire_bits_addr_beat[2] loc=(6806170 8388240)
  Inst tile2 loc=(4410800 7957490)
Net tile2_io_uncached_0_acquire_bits_addr_beat[1] nrTerm=2 conLen=4.83e+06 len=(4825880 4160)
  FTerm tile2_io_uncached_0_acquire_bits_addr_beat[1] loc=(9236280 5742660)
  Inst tile2 loc=(4410800 5742690)
Net tile2_io_uncached_0_acquire_bits_addr_beat[0] nrTerm=2 conLen=3.10e+06 len=(446090 2650570)
  FTerm tile2_io_uncached_0_acquire_bits_addr_beat[0] loc=(0 1331460)
  Inst tile2 loc=(445580 3981630)
Net tile2_io_uncached_0_acquire_bits_is_builtin_type nrTerm=2 conLen=3.93e+06 len=(3517040 408330)
  FTerm tile2_io_uncached_0_acquire_bits_is_builtin_type loc=(7914970 8388240)
  Inst tile2 loc=(4399740 7980310)
Net tile2_io_uncached_0_acquire_bits_a_type[2] nrTerm=2 conLen=4.83e+06 len=(4825880 4160)
  FTerm tile2_io_uncached_0_acquire_bits_a_type[2] loc=(9236280 5944260)
  Inst tile2 loc=(4410800 5945970)
Net tile2_io_uncached_0_acquire_bits_a_type[1] nrTerm=2 conLen=4.83e+06 len=(4825880 4160)
  FTerm tile2_io_uncached_0_acquire_bits_a_type[1] loc=(9236280 5793060)
  Inst tile2 loc=(4410800 5793090)
Net tile2_io_uncached_0_acquire_bits_a_type[0] nrTerm=2 conLen=4.83e+06 len=(4825880 3760)
  FTerm tile2_io_uncached_0_acquire_bits_a_type[0] loc=(9236280 5792260)
  Inst tile2 loc=(4410800 5790850)
Net tile2_io_uncached_0_acquire_bits_union[10] nrTerm=2 conLen=3.30e+06 len=(2874440 423340)
  FTerm tile2_io_uncached_0_acquire_bits_union[10] loc=(7259770 8388240)
  Inst tile2 loc=(4410800 7966450)
Net tile2_io_uncached_0_acquire_bits_union[9] nrTerm=2 conLen=3.33e+06 len=(2920640 408330)
  FTerm tile2_io_uncached_0_acquire_bits_union[9] loc=(7310170 8388240)
  Inst tile2 loc=(4390780 7980310)
Net tile2_io_uncached_0_acquire_bits_union[8] nrTerm=2 conLen=3.62e+06 len=(411960 3212990)
  FTerm tile2_io_uncached_0_acquire_bits_union[8] loc=(0 790020)
  Inst tile2 loc=(411560 4002210)
Net tile2_io_uncached_0_acquire_bits_union[7] nrTerm=2 conLen=4.83e+06 len=(4825880 6370)
  FTerm tile2_io_uncached_0_acquire_bits_union[7] loc=(9236280 6124020)
  Inst tile2 loc=(4410800 6121810)
Net tile2_io_uncached_0_acquire_bits_union[6] nrTerm=2 conLen=3.64e+06 len=(411960 3231470)
  FTerm tile2_io_uncached_0_acquire_bits_union[6] loc=(0 755460)
  Inst tile2 loc=(411560 3986530)
Net tile2_io_uncached_0_acquire_bits_union[5] nrTerm=2 conLen=4.83e+06 len=(4825880 7550)
  FTerm tile2_io_uncached_0_acquire_bits_union[5] loc=(9236280 5440260)
  Inst tile2 loc=(4410800 5440290)
Net tile2_io_uncached_0_acquire_bits_union[4] nrTerm=2 conLen=3.37e+06 len=(2963870 408330)
  FTerm tile2_io_uncached_0_acquire_bits_union[4] loc=(7360570 8388240)
  Inst tile2 loc=(4397500 7980310)
Net tile2_io_uncached_0_acquire_bits_union[3] nrTerm=2 conLen=3.43e+06 len=(3018750 408330)
  FTerm tile2_io_uncached_0_acquire_bits_union[3] loc=(7410970 8388240)
  Inst tile2 loc=(4393020 7980310)
Net tile2_io_uncached_0_acquire_bits_union[2] nrTerm=2 conLen=3.67e+06 len=(414170 3258910)
  FTerm tile2_io_uncached_0_acquire_bits_union[2] loc=(0 739620)
  Inst tile2 loc=(411560 3997730)
Net tile2_io_uncached_0_acquire_bits_union[1] nrTerm=2 conLen=4.84e+06 len=(4825880 14240)
  FTerm tile2_io_uncached_0_acquire_bits_union[1] loc=(9236280 6275220)
  Inst tile2 loc=(4410800 6275250)
Net tile2_io_uncached_0_acquire_bits_union[0] nrTerm=2 conLen=3.71e+06 len=(420890 3293600)
  FTerm tile2_io_uncached_0_acquire_bits_union[0] loc=(0 689220)
  Inst tile2 loc=(414220 3981630)
Net tile2_io_uncached_0_acquire_bits_data[63] nrTerm=2 conLen=4.84e+06 len=(4825880 9920)
  FTerm tile2_io_uncached_0_acquire_bits_data[63] loc=(9236280 5984260)
  Inst tile2 loc=(4410800 5985170)
Net tile2_io_uncached_0_acquire_bits_data[61] nrTerm=2 conLen=3.99e+06 len=(10430 3982030)
  FTerm tile2_io_uncached_0_acquire_bits_data[61] loc=(1302490 0)
  Inst tile2 loc=(1301260 3981630)
Net tile2_io_uncached_0_acquire_bits_data[60] nrTerm=2 conLen=4.83e+06 len=(4825880 7280)
  FTerm tile2_io_uncached_0_acquire_bits_data[60] loc=(9236280 5696260)
  Inst tile2 loc=(4410800 5696210)
Net tile2_io_uncached_0_acquire_bits_data[58] nrTerm=2 conLen=3.13e+06 len=(411960 2720720)
  FTerm tile2_io_uncached_0_acquire_bits_data[58] loc=(0 1294020)
  Inst tile2 loc=(411560 4013410)
Net tile2_io_uncached_0_acquire_bits_data[57] nrTerm=2 conLen=4.84e+06 len=(4825880 14240)
  FTerm tile2_io_uncached_0_acquire_bits_data[57] loc=(9236280 5692260)
  Inst tile2 loc=(4410800 5692290)
Net tile2_io_uncached_0_acquire_bits_data[55] nrTerm=2 conLen=3.99e+06 len=(9200 3982030)
  FTerm tile2_io_uncached_0_acquire_bits_data[55] loc=(1252090 0)
  Inst tile2 loc=(1250300 3981630)
Net tile2_io_uncached_0_acquire_bits_data[54] nrTerm=2 conLen=4.83e+06 len=(4825880 2510)
  FTerm tile2_io_uncached_0_acquire_bits_data[54] loc=(9236280 5994660)
  Inst tile2 loc=(4410800 5996370)
Net tile2_io_uncached_0_acquire_bits_data[52] nrTerm=2 conLen=3.18e+06 len=(441500 2738810)
  FTerm tile2_io_uncached_0_acquire_bits_data[52] loc=(0 1243620)
  Inst tile2 loc=(441100 3981630)
Net tile2_io_uncached_0_acquire_bits_data[51] nrTerm=2 conLen=4.83e+06 len=(4825880 7550)
  FTerm tile2_io_uncached_0_acquire_bits_data[51] loc=(9236280 5641860)
  Inst tile2 loc=(4410800 5641890)
Net tile2_io_uncached_0_acquire_bits_data[49] nrTerm=2 conLen=3.19e+06 len=(411960 2774670)
  FTerm tile2_io_uncached_0_acquire_bits_data[49] loc=(0 1235460)
  Inst tile2 loc=(411560 4008930)
Net tile2_io_uncached_0_acquire_bits_data[48] nrTerm=2 conLen=2.88e+06 len=(2446570 430060)
  FTerm tile2_io_uncached_0_acquire_bits_data[48] loc=(6856570 8388240)
  Inst tile2 loc=(4410800 7959730)
Net tile2_io_uncached_0_acquire_bits_data[45] nrTerm=2 conLen=3.98e+06 len=(2930 3982030)
  FTerm tile2_io_uncached_0_acquire_bits_data[45] loc=(1201690 0)
  Inst tile2 loc=(1203820 3981630)
Net tile2_io_uncached_0_acquire_bits_data[43] nrTerm=2 conLen=4.84e+06 len=(4825880 12560)
  FTerm tile2_io_uncached_0_acquire_bits_data[43] loc=(9236280 5600260)
  Inst tile2 loc=(4410800 5600450)
Net tile2_io_uncached_0_acquire_bits_data[40] nrTerm=2 conLen=3.23e+06 len=(411960 2814270)
  FTerm tile2_io_uncached_0_acquire_bits_data[40] loc=(0 1193220)
  Inst tile2 loc=(411560 4006690)
Net tile2_io_uncached_0_acquire_bits_data[39] nrTerm=2 conLen=3.99e+06 len=(4270 3982030)
  FTerm tile2_io_uncached_0_acquire_bits_data[39] loc=(1151290 0)
  Inst tile2 loc=(1151180 3981630)
Net tile2_io_uncached_0_acquire_bits_data[37] nrTerm=2 conLen=4.83e+06 len=(4825880 830)
  FTerm tile2_io_uncached_0_acquire_bits_data[37] loc=(9236280 5591460)
  Inst tile2 loc=(4410800 5591490)
Net tile2_io_uncached_0_acquire_bits_data[34] nrTerm=2 conLen=3.28e+06 len=(437690 2839610)
  FTerm tile2_io_uncached_0_acquire_bits_data[34] loc=(0 1142820)
  Inst tile2 loc=(436620 3981630)
Net tile2_io_uncached_0_acquire_bits_data[33] nrTerm=2 conLen=3.27e+06 len=(430300 2843370)
  FTerm tile2_io_uncached_0_acquire_bits_data[33] loc=(0 1139460)
  Inst tile2 loc=(429900 3981630)
Net tile2_io_uncached_0_acquire_bits_data[31] nrTerm=2 conLen=4.84e+06 len=(4825880 9230)
  FTerm tile2_io_uncached_0_acquire_bits_data[31] loc=(9236280 6045060)
  Inst tile2 loc=(4410800 6046770)
Net tile2_io_uncached_0_acquire_bits_data[30] nrTerm=2 conLen=7.68e+05 len=(411960 356370)
  FTerm tile2_io_uncached_0_acquire_bits_data[30] loc=(0 8333220)
  Inst tile2 loc=(411560 7977650)
Net tile2_io_uncached_0_acquire_bits_data[29] nrTerm=2 conLen=7.97e+05 len=(388880 408330)
  FTerm tile2_io_uncached_0_acquire_bits_data[29] loc=(32410 8388240)
  Inst tile2 loc=(413660 7980310)
Net tile2_io_uncached_0_acquire_bits_data[28] nrTerm=2 conLen=7.99e+05 len=(412490 386370)
  FTerm tile2_io_uncached_0_acquire_bits_data[28] loc=(0 8365060)
  Inst tile2 loc=(411560 7979890)
Net tile2_io_uncached_0_acquire_bits_data[27] nrTerm=2 conLen=3.99e+06 len=(9200 3982030)
  FTerm tile2_io_uncached_0_acquire_bits_data[27] loc=(1100890 0)
  Inst tile2 loc=(1101900 3981630)
Net tile2_io_uncached_0_acquire_bits_data[26] nrTerm=2 conLen=3.32e+06 len=(428060 2890010)
  FTerm tile2_io_uncached_0_acquire_bits_data[26] loc=(0 1092420)
  Inst tile2 loc=(427660 3981630)
Net tile2_io_uncached_0_acquire_bits_data[25] nrTerm=2 conLen=2.93e+06 len=(2496970 435630)
  FTerm tile2_io_uncached_0_acquire_bits_data[25] loc=(6906970 8388240)
  Inst tile2 loc=(4410800 7953010)
Net tile2_io_uncached_0_acquire_bits_data[24] nrTerm=2 conLen=3.36e+06 len=(411960 2952430)
  FTerm tile2_io_uncached_0_acquire_bits_data[24] loc=(0 1043460)
  Inst tile2 loc=(411560 3995490)
Net tile2_io_uncached_0_acquire_bits_data[23] nrTerm=2 conLen=4.83e+06 len=(4825880 4160)
  FTerm tile2_io_uncached_0_acquire_bits_data[23] loc=(9236280 5541060)
  Inst tile2 loc=(4410800 5541090)
Net tile2_io_uncached_0_acquire_bits_data[22] nrTerm=2 conLen=2.97e+06 len=(2547370 426700)
  FTerm tile2_io_uncached_0_acquire_bits_data[22] loc=(6957370 8388240)
  Inst tile2 loc=(4410800 7961970)
Net tile2_io_uncached_0_acquire_bits_data[21] nrTerm=2 conLen=3.03e+06 len=(2624960 408330)
  FTerm tile2_io_uncached_0_acquire_bits_data[21] loc=(7007770 8388240)
  Inst tile2 loc=(4384060 7980310)
Net tile2_io_uncached_0_acquire_bits_data[20] nrTerm=2 conLen=3.38e+06 len=(434780 2940410)
  FTerm tile2_io_uncached_0_acquire_bits_data[20] loc=(0 1042020)
  Inst tile2 loc=(434380 3981630)
Net tile2_io_uncached_0_acquire_bits_data[19] nrTerm=2 conLen=3.99e+06 len=(9200 3982030)
  FTerm tile2_io_uncached_0_acquire_bits_data[19] loc=(1050490 0)
  Inst tile2 loc=(1050380 3981630)
Net tile2_io_uncached_0_acquire_bits_data[18] nrTerm=2 conLen=3.98e+06 len=(2480 3982030)
  FTerm tile2_io_uncached_0_acquire_bits_data[18] loc=(1000090 0)
  Inst tile2 loc=(999980 3981630)
Net tile2_io_uncached_0_acquire_bits_data[17] nrTerm=2 conLen=4.83e+06 len=(4825880 2480)
  FTerm tile2_io_uncached_0_acquire_bits_data[17] loc=(9236280 6174420)
  Inst tile2 loc=(4410800 6174450)
Net tile2_io_uncached_0_acquire_bits_data[16] nrTerm=2 conLen=3.41e+06 len=(411960 3000190)
  FTerm tile2_io_uncached_0_acquire_bits_data[16] loc=(0 991620)
  Inst tile2 loc=(411560 3991010)
Net tile2_io_uncached_0_acquire_bits_data[15] nrTerm=2 conLen=4.83e+06 len=(4825880 1600)
  FTerm tile2_io_uncached_0_acquire_bits_data[15] loc=(9236280 5504260)
  Inst tile2 loc=(4410800 5504130)
Net tile2_io_uncached_0_acquire_bits_data[14] nrTerm=2 conLen=3.07e+06 len=(2648170 424430)
  FTerm tile2_io_uncached_0_acquire_bits_data[14] loc=(7058170 8388240)
  Inst tile2 loc=(4410800 7964210)
Net tile2_io_uncached_0_acquire_bits_data[13] nrTerm=2 conLen=3.13e+06 len=(2723070 408330)
  FTerm tile2_io_uncached_0_acquire_bits_data[13] loc=(7108570 8388240)
  Inst tile2 loc=(4386300 7980310)
Net tile2_io_uncached_0_acquire_bits_data[12] nrTerm=2 conLen=3.47e+06 len=(411960 3062640)
  FTerm tile2_io_uncached_0_acquire_bits_data[12] loc=(0 947460)
  Inst tile2 loc=(411560 4004450)
Net tile2_io_uncached_0_acquire_bits_data[11] nrTerm=2 conLen=3.99e+06 len=(4270 3982030)
  FTerm tile2_io_uncached_0_acquire_bits_data[11] loc=(949690 0)
  Inst tile2 loc=(949580 3981630)
Net tile2_io_uncached_0_acquire_bits_data[10] nrTerm=2 conLen=3.46e+06 len=(419100 3041600)
  FTerm tile2_io_uncached_0_acquire_bits_data[10] loc=(0 941220)
  Inst tile2 loc=(418700 3981630)
Net tile2_io_uncached_0_acquire_bits_data[9] nrTerm=2 conLen=4.84e+06 len=(4825880 9600)
  FTerm tile2_io_uncached_0_acquire_bits_data[9] loc=(9236280 6179460)
  Inst tile2 loc=(4410800 6179490)
Net tile2_io_uncached_0_acquire_bits_data[8] nrTerm=2 conLen=3.51e+06 len=(411960 3098750)
  FTerm tile2_io_uncached_0_acquire_bits_data[8] loc=(0 890820)
  Inst tile2 loc=(411560 3988770)
Net tile2_io_uncached_0_acquire_bits_data[7] nrTerm=2 conLen=4.84e+06 len=(4825880 10880)
  FTerm tile2_io_uncached_0_acquire_bits_data[7] loc=(9236280 5490660)
  Inst tile2 loc=(4410800 5490690)
Net tile2_io_uncached_0_acquire_bits_data[6] nrTerm=2 conLen=3.17e+06 len=(2764510 408330)
  FTerm tile2_io_uncached_0_acquire_bits_data[6] loc=(7158970 8388240)
  Inst tile2 loc=(4395260 7980310)
Net tile2_io_uncached_0_acquire_bits_data[5] nrTerm=2 conLen=3.23e+06 len=(2821230 408330)
  FTerm tile2_io_uncached_0_acquire_bits_data[5] loc=(7209370 8388240)
  Inst tile2 loc=(4388540 7980310)
Net tile2_io_uncached_0_acquire_bits_data[4] nrTerm=2 conLen=3.57e+06 len=(433050 3133600)
  FTerm tile2_io_uncached_0_acquire_bits_data[4] loc=(0 851460)
  Inst tile2 loc=(432140 3981630)
Net tile2_io_uncached_0_acquire_bits_data[3] nrTerm=2 conLen=3.99e+06 len=(9310 3982030)
  FTerm tile2_io_uncached_0_acquire_bits_data[3] loc=(899290 0)
  Inst tile2 loc=(899180 3981630)
Net tile2_io_uncached_0_acquire_bits_data[2] nrTerm=2 conLen=4.84e+06 len=(4825880 9230)
  FTerm tile2_io_uncached_0_acquire_bits_data[2] loc=(9236280 6224820)
  Inst tile2 loc=(4410800 6224850)
Net tile2_io_uncached_0_acquire_bits_data[1] nrTerm=2 conLen=3.56e+06 len=(416860 3142010)
  FTerm tile2_io_uncached_0_acquire_bits_data[1] loc=(0 840420)
  Inst tile2 loc=(416460 3981630)
Net tile2_io_uncached_0_acquire_bits_data[0] nrTerm=2 conLen=4.83e+06 len=(4825880 2960)
  FTerm tile2_io_uncached_0_acquire_bits_data[0] loc=(9236280 6080260)
  Inst tile2 loc=(4410800 6081490)
Net tile2_io_uncached_0_grant_ready nrTerm=2 conLen=4.83e+06 len=(4825880 2480)
  FTerm tile2_io_uncached_0_grant_ready loc=(9236280 6577620)
  Inst tile2 loc=(4410800 6577650)
Net tile2_io_uncached_0_grant_bits_manager_xact_id[3] nrTerm=2 conLen=3.99e+06 len=(9200 3982030)
  FTerm tile2_io_uncached_0_grant_bits_manager_xact_id[3] loc=(848890 0)
  Inst tile2 loc=(848780 3981630)
Net tile2_io_uncached_0_grant_bits_manager_xact_id[2] nrTerm=2 conLen=4.84e+06 len=(4825880 9360)
  FTerm tile2_io_uncached_0_grant_bits_manager_xact_id[2] loc=(9236280 6275460)
  Inst tile2 loc=(4410800 6277490)
Net tile2_io_uncached_0_grant_bits_manager_xact_id[1] nrTerm=2 conLen=4.83e+06 len=(4825880 2960)
  FTerm tile2_io_uncached_0_grant_bits_manager_xact_id[1] loc=(9236280 5408260)
  Inst tile2 loc=(4410800 5408370)
Net tile2_io_uncached_0_grant_bits_manager_xact_id[0] nrTerm=2 conLen=3.47e+06 len=(3052080 417710)
  FTerm tile2_io_uncached_0_grant_bits_manager_xact_id[0] loc=(7461370 8388240)
  Inst tile2 loc=(4410800 7970930)
Net tile2_io_prci_reset nrTerm=2 conLen=3.52e+06 len=(3110590 408330)
  FTerm tile2_io_prci_reset loc=(7511770 8388240)
  Inst tile2 loc=(4401980 7980310)
Net tile2_io_prci_interrupts_meip nrTerm=2 conLen=3.57e+06 len=(3152170 415470)
  FTerm tile2_io_prci_interrupts_meip loc=(7562170 8388240)
  Inst tile2 loc=(4410800 7973170)
Net tile2_io_prci_interrupts_seip nrTerm=2 conLen=3.62e+06 len=(3209600 409900)
  FTerm tile2_io_prci_interrupts_seip loc=(7612570 8388240)
  Inst tile2 loc=(4404220 7980310)
Net tile2_io_prci_interrupts_debug nrTerm=2 conLen=3.67e+06 len=(3252970 413260)
  FTerm tile2_io_prci_interrupts_debug loc=(7662970 8388240)
  Inst tile2 loc=(4410800 7975410)
Net tile2_io_prci_interrupts_mtip nrTerm=2 conLen=3.72e+06 len=(3312080 411580)
  FTerm tile2_io_prci_interrupts_mtip loc=(7713370 8388240)
  Inst tile2 loc=(4406460 7980310)
Net tile2_io_prci_interrupts_msip nrTerm=2 conLen=3.77e+06 len=(3353770 411580)
  FTerm tile2_io_prci_interrupts_msip loc=(7763770 8388240)
  Inst tile2 loc=(4410800 7977650)
Net intrnl_io_uncached_0_acquire_bits_data[63] nrTerm=2 conLen=4.73e+06 len=(4641630 91910)
  Inst tile2 loc=(4189740 3981630)
  Inst tile1 loc=(8829730 3988080)
Net intrnl_io_uncached_0_acquire_bits_data[62] nrTerm=2 conLen=8.72e+05 len=(818960 53330)
  Inst tile2 loc=(4018380 3981630)
  Inst tile1 loc=(4830490 3970160)
Net intrnl_io_uncached_0_acquire_bits_data[61] nrTerm=2 conLen=4.46e+06 len=(4419730 42980)
  Inst tile2 loc=(411560 4397010)
  Inst tile1 loc=(4830490 4396880)
Net intrnl_io_uncached_0_acquire_bits_data[60] nrTerm=2 conLen=4.77e+06 len=(4677750 91620)
  Inst tile2 loc=(4152780 3981630)
  Inst tile1 loc=(8829730 3976880)
Net intrnl_io_uncached_0_acquire_bits_data[59] nrTerm=2 conLen=4.47e+06 len=(4446610 23470)
  Inst tile2 loc=(411560 4430610)
  Inst tile1 loc=(4855550 4407940)
Net intrnl_io_uncached_0_acquire_bits_data[58] nrTerm=2 conLen=4.45e+06 len=(4419730 27200)
  Inst tile2 loc=(411560 4399250)
  Inst tile1 loc=(4830490 4403600)
Net intrnl_io_uncached_0_acquire_bits_data[57] nrTerm=2 conLen=4.66e+06 len=(4569250 94910)
  Inst tile2 loc=(411560 4410450)
  Inst tile1 loc=(4978750 4407940)
Net intrnl_io_uncached_0_acquire_bits_data[56] nrTerm=2 conLen=4.43e+06 len=(4420130 13680)
  Inst tile2 loc=(411560 4381330)
  Inst tile1 loc=(4830490 4383440)
Net intrnl_io_uncached_0_acquire_bits_data[54] nrTerm=2 conLen=4.92e+06 len=(4833320 89450)
  Inst tile2 loc=(3998220 3981630)
  Inst tile1 loc=(8829730 3981360)
Net intrnl_io_uncached_0_acquire_bits_data[53] nrTerm=2 conLen=4.46e+06 len=(4421410 41580)
  Inst tile2 loc=(411560 4383570)
  Inst tile1 loc=(4830490 4385680)
Net intrnl_io_uncached_0_acquire_bits_data[51] nrTerm=2 conLen=4.77e+06 len=(4683350 84800)
  Inst tile2 loc=(4147180 3981630)
  Inst tile1 loc=(8829730 3985840)
Net intrnl_io_uncached_0_acquire_bits_data[49] nrTerm=2 conLen=4.45e+06 len=(4423490 26430)
  Inst tile2 loc=(411560 4412690)
  Inst tile1 loc=(4833150 4407940)
Net intrnl_io_uncached_0_acquire_bits_data[48] nrTerm=2 conLen=4.50e+06 len=(4420150 78540)
  Inst tile2 loc=(4410380 3981630)
  Inst tile1 loc=(8829730 3992560)
Net intrnl_io_uncached_0_acquire_bits_data[47] nrTerm=2 conLen=4.44e+06 len=(4419730 17600)
  Inst tile2 loc=(411560 4379090)
  Inst tile1 loc=(4830490 4381200)
Net intrnl_io_uncached_0_acquire_bits_data[46] nrTerm=2 conLen=4.49e+06 len=(4440310 50850)
  Inst tile2 loc=(411560 4385810)
  Inst tile1 loc=(4851070 4407940)
Net intrnl_io_uncached_0_acquire_bits_data[45] nrTerm=2 conLen=9.12e+05 len=(849310 62960)
  Inst tile2 loc=(3981980 3981630)
  Inst tile1 loc=(4830490 3983600)
Net intrnl_io_uncached_0_acquire_bits_data[44] nrTerm=2 conLen=7.59e+05 len=(725550 33440)
  Inst tile2 loc=(4105740 3981630)
  Inst tile1 loc=(4830490 3999280)
Net intrnl_io_uncached_0_acquire_bits_data[43] nrTerm=2 conLen=4.79e+06 len=(4700600 86480)
  Inst tile2 loc=(4130380 3981630)
  Inst tile1 loc=(8829730 3979120)
Net intrnl_io_uncached_0_acquire_bits_data[42] nrTerm=2 conLen=4.54e+06 len=(4470530 68800)
  Inst tile2 loc=(411560 4453010)
  Inst tile1 loc=(4877950 4407940)
Net intrnl_io_uncached_0_acquire_bits_data[39] nrTerm=2 conLen=4.43e+06 len=(4419730 6300)
  Inst tile2 loc=(411560 4231250)
  Inst tile1 loc=(4830490 4232800)
Net intrnl_io_uncached_0_acquire_bits_data[38] nrTerm=2 conLen=8.55e+05 len=(827470 27520)
  Inst tile2 loc=(4003820 3981630)
  Inst tile1 loc=(4830490 3997040)
Net intrnl_io_uncached_0_acquire_bits_data[37] nrTerm=2 conLen=4.69e+06 len=(4596130 97440)
  Inst tile2 loc=(411560 4405970)
  Inst tile1 loc=(5006750 4407940)
Net intrnl_io_uncached_0_acquire_bits_data[36] nrTerm=2 conLen=4.43e+06 len=(4419730 12880)
  Inst tile2 loc=(411560 4370130)
  Inst tile1 loc=(4830490 4370000)
Net intrnl_io_uncached_0_acquire_bits_data[35] nrTerm=2 conLen=7.65e+05 len=(742350 22820)
  Inst tile2 loc=(4088940 3981630)
  Inst tile1 loc=(4830490 3994800)
Net intrnl_io_uncached_0_acquire_bits_data[34] nrTerm=2 conLen=7.72e+05 len=(754510 17990)
  Inst tile2 loc=(4077180 3981630)
  Inst tile1 loc=(4830490 3985840)
Net intrnl_io_uncached_0_acquire_bits_data[33] nrTerm=2 conLen=7.93e+05 len=(779310 13850)
  Inst tile2 loc=(4051980 3981630)
  Inst tile1 loc=(4830490 3981360)
Net intrnl_io_uncached_0_acquire_bits_data[32] nrTerm=2 conLen=4.54e+06 len=(4455990 86480)
  Inst tile2 loc=(411560 4444050)
  Inst tile1 loc=(4866750 4407940)
Net intrnl_io_uncached_0_acquire_bits_data[31] nrTerm=2 conLen=4.86e+06 len=(4764550 98240)
  Inst tile2 loc=(4065980 3981630)
  Inst tile1 loc=(8829730 3983600)
Net intrnl_io_uncached_0_acquire_bits_data[30] nrTerm=2 conLen=4.44e+06 len=(4419730 18190)
  Inst tile2 loc=(411560 4372370)
  Inst tile1 loc=(4830490 4372240)
Net intrnl_io_uncached_0_acquire_bits_data[29] nrTerm=2 conLen=4.51e+06 len=(4467170 39150)
  Inst tile2 loc=(411560 4446290)
  Inst tile1 loc=(4871230 4407940)
Net intrnl_io_uncached_0_acquire_bits_data[27] nrTerm=2 conLen=7.96e+05 len=(784910 11370)
  Inst tile2 loc=(4046380 3981630)
  Inst tile1 loc=(4830490 3979120)
Net intrnl_io_uncached_0_acquire_bits_data[26] nrTerm=2 conLen=4.43e+06 len=(4419730 5310)
  Inst tile2 loc=(411560 4221730)
  Inst tile1 loc=(4830490 4221600)
Net intrnl_io_uncached_0_acquire_bits_data[25] nrTerm=2 conLen=4.89e+06 len=(4801230 92180)
  Inst tile2 loc=(4035180 3981630)
  Inst tile1 loc=(8829730 3974640)
Net intrnl_io_uncached_0_acquire_bits_data[24] nrTerm=2 conLen=4.56e+06 len=(4469430 85680)
  Inst tile2 loc=(411560 4361170)
  Inst tile1 loc=(4880190 4407940)
Net intrnl_io_uncached_0_acquire_bits_data[23] nrTerm=2 conLen=4.71e+06 len=(4620800 93200)
  Inst tile2 loc=(411560 4408210)
  Inst tile1 loc=(5017950 4407940)
Net intrnl_io_uncached_0_acquire_bits_data[22] nrTerm=2 conLen=4.54e+06 len=(4461730 81840)
  Inst tile2 loc=(411560 4441810)
  Inst tile1 loc=(4864510 4407940)
Net intrnl_io_uncached_0_acquire_bits_data[21] nrTerm=2 conLen=4.45e+06 len=(4419730 27680)
  Inst tile2 loc=(411560 4388050)
  Inst tile1 loc=(4830490 4387920)
Net intrnl_io_uncached_0_acquire_bits_data[20] nrTerm=2 conLen=4.50e+06 len=(4445330 57040)
  Inst tile2 loc=(411560 4425570)
  Inst tile1 loc=(4846590 4407940)
Net intrnl_io_uncached_0_acquire_bits_data[18] nrTerm=2 conLen=4.43e+06 len=(4419730 12560)
  Inst tile2 loc=(411560 4216130)
  Inst tile1 loc=(4830490 4216000)
Net intrnl_io_uncached_0_acquire_bits_data[17] nrTerm=2 conLen=4.52e+06 len=(4442720 73840)
  Inst tile2 loc=(411560 4421090)
  Inst tile1 loc=(4842110 4407940)
Net intrnl_io_uncached_0_acquire_bits_data[16] nrTerm=2 conLen=9.10e+05 len=(848750 61280)
  Inst tile2 loc=(3992620 3981630)
  Inst tile1 loc=(4830490 3965680)
Net intrnl_io_uncached_0_acquire_bits_data[15] nrTerm=2 conLen=4.65e+06 len=(4612790 41520)
  Inst tile2 loc=(411560 4414930)
  Inst tile1 loc=(5023550 4407940)
Net intrnl_io_uncached_0_acquire_bits_data[14] nrTerm=2 conLen=4.49e+06 len=(4449270 40240)
  Inst tile2 loc=(411560 4435090)
  Inst tile1 loc=(4860030 4407940)
Net intrnl_io_uncached_0_acquire_bits_data[13] nrTerm=2 conLen=4.47e+06 len=(4419730 52880)
  Inst tile2 loc=(411560 4390290)
  Inst tile1 loc=(4830490 4392400)
Net intrnl_io_uncached_0_acquire_bits_data[12] nrTerm=2 conLen=8.83e+05 len=(866510 16630)
  Inst tile2 loc=(3965180 3981630)
  Inst tile1 loc=(4830490 3992560)
Net intrnl_io_uncached_0_acquire_bits_data[10] nrTerm=2 conLen=4.43e+06 len=(4419730 10910)
  Inst tile2 loc=(411560 4210530)
  Inst tile1 loc=(4830490 4210400)
Net intrnl_io_uncached_0_acquire_bits_data[9] nrTerm=2 conLen=4.43e+06 len=(4419730 7440)
  Inst tile2 loc=(411560 4394770)
  Inst tile1 loc=(4830490 4394640)
Net intrnl_io_uncached_0_acquire_bits_data[8] nrTerm=2 conLen=4.42e+06 len=(4419730 4160)
  Inst tile2 loc=(411560 4376850)
  Inst tile1 loc=(4830490 4378960)
Net intrnl_io_uncached_0_acquire_bits_data[7] nrTerm=2 conLen=1.03e+06 len=(619150 407390)
  Inst tile2 loc=(4410800 4810290)
  Inst tile1 loc=(5029150 4407940)
Net intrnl_io_uncached_0_acquire_bits_data[6] nrTerm=2 conLen=4.47e+06 len=(4447030 27390)
  Inst tile2 loc=(411560 4432850)
  Inst tile1 loc=(4857790 4407940)
Net intrnl_io_uncached_0_acquire_bits_data[5] nrTerm=2 conLen=4.51e+06 len=(4434850 70480)
  Inst tile2 loc=(411560 4423330)
  Inst tile1 loc=(4844350 4407940)
Net intrnl_io_uncached_0_acquire_bits_data[4] nrTerm=2 conLen=9.52e+05 len=(895790 55850)
  Inst tile2 loc=(3937180 3981630)
  Inst tile1 loc=(4830490 3972400)
Net intrnl_io_uncached_0_acquire_bits_data[3] nrTerm=2 conLen=4.43e+06 len=(4419730 6780)
  Inst tile2 loc=(411560 4401490)
  Inst tile1 loc=(4830490 4405840)
Net intrnl_io_uncached_0_acquire_bits_data[2] nrTerm=2 conLen=4.46e+06 len=(4420150 43680)
  Inst tile2 loc=(411560 4403730)
  Inst tile1 loc=(4830910 4407940)
Net intrnl_io_uncached_0_acquire_bits_data[0] nrTerm=2 conLen=4.48e+06 len=(4433480 46750)
  Inst tile2 loc=(4410800 4365650)
  Inst tile1 loc=(8829730 4365520)
Net intrnl_io_uncached_0_acquire_bits_a_type[2] nrTerm=3 conLen=9.40e+05 len=(529690 1349550)
  Inst tile2 loc=(4410800 5751090)
  Inst tile2 loc=(4410800 5756690)
  Inst tile1 loc=(4939550 4407940)
Net intrnl_io_uncached_0_acquire_bits_a_type[1] nrTerm=2 conLen=4.42e+06 len=(4419730 2580)
  Inst tile2 loc=(4410800 4203810)
  Inst tile1 loc=(8829730 4203680)
Net intrnl_io_uncached_0_acquire_bits_a_type[0] nrTerm=2 conLen=4.50e+06 len=(4419730 76580)
  Inst tile2 loc=(4410800 3983730)
  Inst tile1 loc=(8829730 3994800)
Net intrnl_io_uncached_0_acquire_bits_addr_beat[1] nrTerm=2 conLen=4.42e+06 len=(4419730 3630)
  Inst tile2 loc=(4410800 4198210)
  Inst tile1 loc=(8829730 4198080)
Net intrnl_io_cached_0_acquire_bits_data[63] nrTerm=2 conLen=4.53e+06 len=(4449270 82730)
  Inst tile2 loc=(4381260 3981630)
  Inst tile1 loc=(8829730 3945520)
Net intrnl_io_cached_0_acquire_bits_data[62] nrTerm=2 conLen=4.55e+06 len=(4500790 52880)
  Inst tile2 loc=(4329740 3981630)
  Inst tile1 loc=(8829730 3972400)
Net intrnl_io_cached_0_acquire_bits_data[61] nrTerm=2 conLen=4.52e+06 len=(4444790 70970)
  Inst tile2 loc=(4385740 3981630)
  Inst tile1 loc=(8829730 3947760)
Net intrnl_io_cached_0_acquire_bits_data[58] nrTerm=2 conLen=4.43e+06 len=(4419730 12560)
  Inst tile2 loc=(4410800 4015090)
  Inst tile1 loc=(8829730 4014960)
Net intrnl_io_cached_0_acquire_bits_data[57] nrTerm=2 conLen=4.58e+06 len=(4506390 76790)
  Inst tile2 loc=(4324140 3981630)
  Inst tile1 loc=(8829730 3990320)
Net intrnl_io_cached_0_acquire_bits_data[56] nrTerm=2 conLen=4.46e+06 len=(4419730 37760)
  Inst tile2 loc=(4410800 4003890)
  Inst tile1 loc=(8829730 4003760)
Net intrnl_io_cached_0_acquire_bits_data[55] nrTerm=2 conLen=4.47e+06 len=(4424910 47840)
  Inst tile2 loc=(4408140 3981630)
  Inst tile1 loc=(8829730 3970160)
Net intrnl_io_cached_0_acquire_bits_data[54] nrTerm=2 conLen=4.55e+06 len=(4465090 89040)
  Inst tile2 loc=(411560 4365650)
  Inst tile1 loc=(4875710 4407940)
Net intrnl_io_cached_0_acquire_bits_data[53] nrTerm=2 conLen=4.46e+06 len=(4419730 44480)
  Inst tile2 loc=(4410800 3988210)
  Inst tile1 loc=(8829730 3967920)
Net intrnl_io_cached_0_acquire_bits_data[52] nrTerm=2 conLen=4.43e+06 len=(4423490 9150)
  Inst tile2 loc=(411560 4363410)
  Inst tile1 loc=(4830490 4356560)
Net intrnl_io_cached_0_acquire_bits_data[51] nrTerm=2 conLen=4.47e+06 len=(4428840 39030)
  Inst tile2 loc=(4403660 3981630)
  Inst tile1 loc=(8829730 3997040)
Net intrnl_io_cached_0_acquire_bits_data[50] nrTerm=2 conLen=4.44e+06 len=(4419730 15390)
  Inst tile2 loc=(411560 4367890)
  Inst tile1 loc=(4830490 4363280)
Net intrnl_io_cached_0_acquire_bits_data[49] nrTerm=2 conLen=4.51e+06 len=(4463410 46960)
  Inst tile2 loc=(411560 4448530)
  Inst tile1 loc=(4873470 4407940)
Net intrnl_io_cached_0_acquire_bits_data[48] nrTerm=2 conLen=4.53e+06 len=(4420130 110660)
  Inst tile2 loc=(411560 4450770)
  Inst tile1 loc=(4830490 4361040)
Net intrnl_io_cached_0_acquire_bits_data[40] nrTerm=2 conLen=4.48e+06 len=(4419730 64990)
  Inst tile2 loc=(4410800 4001650)
  Inst tile1 loc=(8829730 3956720)
Net intrnl_io_cached_0_acquire_bits_data[39] nrTerm=2 conLen=4.52e+06 len=(4419730 103870)
  Inst tile2 loc=(4410800 4006130)
  Inst tile1 loc=(8829730 3950000)
Net intrnl_io_cached_0_acquire_bits_data[38] nrTerm=2 conLen=4.46e+06 len=(4426760 36180)
  Inst tile2 loc=(4410800 4010610)
  Inst tile1 loc=(8829730 4010480)
Net intrnl_io_cached_0_acquire_bits_data[37] nrTerm=2 conLen=4.52e+06 len=(4447030 73430)
  Inst tile2 loc=(4383500 3981630)
  Inst tile1 loc=(8829730 4017200)
Net intrnl_io_cached_0_acquire_bits_data[36] nrTerm=2 conLen=4.45e+06 len=(4421720 27220)
  Inst tile2 loc=(4410800 4012850)
  Inst tile1 loc=(8829730 4012720)
Net intrnl_io_cached_0_acquire_bits_data[28] nrTerm=2 conLen=4.46e+06 len=(4423490 35840)
  Inst tile2 loc=(411560 4374610)
  Inst tile1 loc=(4830490 4374480)
Net intrnl_io_cached_0_acquire_bits_data[26] nrTerm=2 conLen=4.54e+06 len=(4456690 84800)
  Inst tile2 loc=(411560 4439570)
  Inst tile1 loc=(4862270 4407940)
Net intrnl_io_cached_0_acquire_bits_data[24] nrTerm=2 conLen=4.51e+06 len=(4419730 93200)
  Inst tile2 loc=(411560 4437330)
  Inst tile1 loc=(4830490 4376720)
Net intrnl_io_cached_0_acquire_bits_data[23] nrTerm=2 conLen=4.49e+06 len=(4438520 47000)
  Inst tile2 loc=(4392460 3981630)
  Inst tile1 loc=(8829730 4006000)
Net intrnl_io_cached_0_acquire_bits_data[22] nrTerm=2 conLen=4.52e+06 len=(4442550 72650)
  Inst tile2 loc=(4387980 3981630)
  Inst tile1 loc=(8829730 3952240)
Net intrnl_io_cached_0_acquire_bits_data[21] nrTerm=2 conLen=4.52e+06 len=(4444510 76400)
  Inst tile2 loc=(4390220 3981630)
  Inst tile1 loc=(8829730 3954480)
Net intrnl_io_cached_0_acquire_bits_data[19] nrTerm=2 conLen=4.50e+06 len=(4425480 70750)
  Inst tile2 loc=(4410800 3999410)
  Inst tile1 loc=(8829730 3958960)
Net intrnl_io_cached_0_acquire_bits_data[17] nrTerm=2 conLen=4.47e+06 len=(4428970 41780)
  Inst tile2 loc=(4410800 4008370)
  Inst tile1 loc=(8829730 4008240)
Net intrnl_io_cached_0_acquire_bits_data[16] nrTerm=2 conLen=4.46e+06 len=(4434720 21230)
  Inst tile2 loc=(4396940 3981630)
  Inst tile1 loc=(8829730 3961200)
Net intrnl_io_cached_0_acquire_bits_data[15] nrTerm=2 conLen=4.47e+06 len=(4419730 49770)
  Inst tile2 loc=(4410800 3992690)
  Inst tile1 loc=(8829730 4001520)
Net intrnl_io_cached_0_acquire_bits_data[13] nrTerm=2 conLen=4.48e+06 len=(4430960 44930)
  Inst tile2 loc=(4401420 3981630)
  Inst tile1 loc=(8829730 3965680)
Net intrnl_io_cached_0_acquire_bits_data[8] nrTerm=2 conLen=4.46e+06 len=(4419730 44450)
  Inst tile2 loc=(4410800 3990450)
  Inst tile1 loc=(8829730 3999280)
Net intrnl_io_cached_0_acquire_bits_data[1] nrTerm=2 conLen=4.46e+06 len=(4431800 30570)
  Inst tile2 loc=(4399180 3981630)
  Inst tile1 loc=(8829730 3963440)
Net intrnl_io_cached_0_acquire_bits_a_type[2] nrTerm=3 conLen=2.22e+06 len=(4419730 10910)
  Inst tile2 loc=(411560 4338210)
  Inst tile2 loc=(411560 4335970)
  Inst tile1 loc=(4830490 4336400)
Net intrnl_io_cached_0_acquire_bits_a_type[0] nrTerm=2 conLen=4.43e+06 len=(4419730 12560)
  Inst tile2 loc=(411560 4235170)
  Inst tile1 loc=(4830490 4235040)

Total number of long connections = 884
Io: nrCon=347
HInst topLevel: nrCon=537


Total length: 8.856e+05um, number of vias: 3365
M1(H) length: 0.000e+00um, number of vias: 0
M2(V) length: 0.000e+00um, number of vias: 0
M3(H) length: 0.000e+00um, number of vias: 0
M4(V) length: 0.000e+00um, number of vias: 0
M5(H) length: 0.000e+00um, number of vias: 0
M6(V) length: 0.000e+00um, number of vias: 1056
M7(H) length: 6.434e+05um, number of vias: 1871
M8(V) length: 2.338e+05um, number of vias: 438
M9(H) length: 8.374e+03um, number of vias: 0
M10(V) length: 0.000e+00um

